
<!DOCTYPE html>
<html>
	<head>
		<!--
			ExtentReports Library 2.41.1 | http://relevantcodes.com/extentreports-for-selenium/ | https://github.com/anshooarora/
			Copyright (c) 2015, Anshoo Arora (Relevant Codes) | Copyrights licensed under the New BSD License | http://opensource.org/licenses/BSD-3-Clause
			Documentation: http://extentreports.relevantcodes.com 
		-->

		<meta charset='UTF-8' /> 
		<meta name='description' content='ExtentReports (by Anshoo Arora) is a reporting library for automation testing for .NET and Java. It creates detailed and beautiful HTML reports for modern browsers. ExtentReports shows test and step summary along with dashboards, system and environment details for quick analysis of your tests.' />
		<meta name='robots' content='noodp, noydir' />
		<meta name='viewport' content='width=device-width, initial-scale=1' />
		<meta name='extentx' id='extentx' content='' />
		
		<title>
				ExtentReports 2.0
		</title>
		
		
		<link href='https://fonts.googleapis.com/css?family=Source+Sans+Pro:400,600' rel='stylesheet' type='text/css'>
		<link href='https://cdn.rawgit.com/anshooarora/extentreports/6032d73243ba4fe4fb8769eb9c315d4fdf16fe68/cdn/extent.css' type='text/css' rel='stylesheet' />
		
		<style>
				
            
                
            
        
		</style>
	</head>
	
	
	<body class='extent default standard hide-overflow'>
		<!-- nav -->
		<nav>
			<div class='logo-container blue darken-2'>
				<a class='logo-content' href='http://extentreports.relevantcodes.com'>
					<span>ExtentReports</span>
				</a>
				<a href='#' data-activates='slide-out' class='button-collapse hide-on-large-only'><i class='mdi-navigation-apps'></i></a>
			</div>
			<ul id='slide-out' class='side-nav fixed hide-on-med-and-down'>
				<li class='analysis waves-effect active'><a href='#!' class='test-view' onclick="_updateCurrentStage(0)"><i class='mdi-action-dashboard'></i>Test Details</a></li>
					<li class='analysis waves-effect'><a href='#!' class='exceptions-view' onclick="_updateCurrentStage(2)"><i class='mdi-action-bug-report'></i>Exceptions</a></li>
				<li class='analysis waves-effect'>
					<a href='#!' onclick="_updateCurrentStage(-1)" class='dashboard-view'><i class='mdi-action-track-changes'></i></i>Analysis</a>
				</li>
			</ul>
			<span class='report-name'>Automation Report</span> <span class='report-headline'></span>
			<ul class='right hide-on-med-and-down nav-right'>
				<li class='theme-selector' alt='Click to toggle dark theme. To enable by default, use js configuration $("body").addClass("dark");' title='Click to toggle dark theme. To enable by default, use js configuration $("body").addClass("dark");'>
					<i class='mdi-hardware-desktop-windows'></i>
				</li>
				<li>
					<span class='suite-started-time'>2018-01-29 12:22:14</span>
				</li>
				<li>
					<span>v2.41.1</span>
				</li>
			</ul>
		</nav>
		<!-- /nav -->
		
		<!-- container -->
		<div class='container'>
			
			<!-- dashboard -->
			<div id='dashboard-view' class='row'>
				<div class='time-totals'>
					<div class='col l2 m4 s6'>
						<div class='card suite-total-tests'> 
							<span class='panel-name'>Total Tests</span> 
							<span class='total-tests'> <span class='panel-lead'></span> </span> 
						</div> 
					</div>
					<div class='col l2 m4 s6'>
						<div class='card suite-total-steps'> 
							<span class='panel-name'>Total Steps</span> 
							<span class='total-steps'> <span class='panel-lead'></span> </span> 
						</div> 
					</div>
					<div class='col l2 m4 s12'>
						<div class='card suite-total-time-current'> 
							<span class='panel-name'>Total Time Taken (Current Run)</span> 
							<span class='suite-total-time-current-value panel-lead'>1h 47m 45s+404ms</span> 
						</div> 
					</div>
					<div class='col l2 m4 s12'>
						<div class='card suite-total-time-overall'> 
							<span class='panel-name'>Total Time Taken (Overall)</span> 
							<span class='suite-total-time-overall-value panel-lead'>-333h -20029m -1201785s+-351ms</span> 
						</div> 
					</div>
					<div class='col l2 m4 s6 suite-start-time'>
						<div class='card accent green-accent'> 
							<span class='panel-name'>Start</span> 
							<span class='panel-lead suite-started-time'>2018-01-29 10:34:29</span> 
						</div> 
					</div>
					<div class='col l2 m4 s6 suite-end-time'>
						<div class='card accent pink-accent'> 
							<span class='panel-name'>End</span> 
							<span class='panel-lead suite-ended-time'>2018-01-29 12:22:14</span> 
						</div> 
					</div>
				</div>
				<div class='charts'>
					<div class='col s12 m6 l4 fh'> 
						<div class='card-panel'> 
							<div>
								<span class='panel-name'>Tests View</span>
							</div> 
							<div class='panel-setting modal-trigger test-count-setting right'>
								<a href='#test-count-setting'><i class='mdi-navigation-more-vert text-md'></i></a>
							</div> 
							<div class='chart-box'>
								<canvas class='text-centered' id='test-analysis'></canvas>
							</div> 
							<div>
								<span class='weight-light'><span class='t-pass-count weight-normal'></span> test(s) passed</span>
							</div> 
							<div>
								<span class='weight-light'><span class='t-fail-count weight-normal'></span> test(s) failed, <span class='t-others-count weight-normal'></span> others</span>
							</div> 
						</div> 
					</div> 
					<div class='col s12 m6 l4 fh'> 
						<div class='card-panel'> 
							<div>
								<span class='panel-name'>Steps View</span>
							</div> 
							<div class='panel-setting modal-trigger step-status-filter right'>
								<a href='#step-status-filter'><i class='mdi-navigation-more-vert text-md'></i></a>
							</div> 
							<div class='chart-box'>
								<canvas class='text-centered' id='step-analysis'></canvas>
							</div> 
							<div>
								<span class='weight-light'><span class='s-pass-count weight-normal'></span> step(s) passed </span>
							</div> 
							<div>
								<span class='weight-light'><span class='s-fail-count weight-normal'></span> step(s) failed, <span class='s-others-count weight-normal'></span> others</span>
							</div> 
						</div> 
					</div>
					<div class='col s12 m12 l4 fh'> 
						<div class='card-panel'> 
							<span class='panel-name'>Pass Percentage</span> 
							<span class='pass-percentage panel-lead'></span> 
							<div class='progress light-blue lighten-3'> 
								<div class='determinate light-blue'></div> 
							</div> 
						</div> 
					</div>
				</div>
				<div class='system-view'>
					<div class='col l4 m12 s12'>
						<div class='card-panel'>
							<span class='label info outline right'>Environment</span>
							<table>
								<thead>
									<tr>
										<th>Param</th>
										<th>Value</th>
									</tr>
								</thead>
								<tbody>
										<tr>
											<td>User Name</td>
											<td>duggi.sandeep</td>
										</tr>
										<tr>
											<td>OS</td>
											<td>Windows 10</td>
										</tr>
										<tr>
											<td>Java Version</td>
											<td>1.8.0_121</td>
										</tr>
										<tr>
											<td>Host Name</td>
											<td>HDC3-D-426QWJF</td>
										</tr>
								</tbody>
							</table>
						</div>
					</div>
				</div>
			</div>
			<!-- /dashboard -->
			
			<!-- tests -->
			<div id='test-view' class='row _addedTable'>
				<div class='col _addedCell1'>
					<div class='contents'>
						<div class='card-panel heading'>
							<h5>Tests</h5>
						</div>
						<div class='card-panel filters'>
							<div>
								<a class='dropdown-button btn-floating btn-small waves-effect waves-light grey tests-toggle' data-activates='tests-toggle' data-constrainwidth='true' data-beloworigin='true' data-hover='true' href='#'>
									<i class='mdi-action-reorder'></i>
								</a>
								<ul id='tests-toggle' class='dropdown-content'>
									<li class='pass'><a href='#!'>Pass</a></li>
									<li class='fail'><a href='#!'>Fail</a></li>
									<li class='skip'><a href='#!'>Skip</a></li>
									<li class='divider'></li>
									<li class='clear'><a href='#!'>Clear Filters</a></li>
								</ul>
							</div>
							<div>
								<a class='btn-floating btn-small waves-effect waves-light grey' id='clear-filters' alt='Clear Filters' title='Clear Filters'>
									<i class='mdi-navigation-close'></i>
								</a>
							</div>
							<div>
								<a class='btn-floating btn-small waves-effect waves-light grey' id='enableDashboard' alt='Enable Dashboard' title='Enable Dashboard'>
									<i class='mdi-action-track-changes'></i>
								</a>
							</div>
							<div>
								<a class='btn-floating btn-small waves-effect waves-light blue enabled' id='refreshCharts' alt='Refresh Charts on Filters' title='Refresh Charts on Filters'>
									<i class='mdi-navigation-refresh'></i>
								</a>
							</div>
							<div class='search' alt='Search Tests' title='Search Tests'>
								<div class='input-field left'>
									<input id='searchTests' type='text' class='validate' placeholder='Search Tests...'>
								</div>
								<a href="#" class='btn-floating btn-small waves-effect waves-light grey'>
									<i class='mdi-action-search'></i>
								</a>
							</div>
						</div>
						<div class='card-panel no-padding-h no-padding-v no-margin-v'>
							<div class='wrapper'>
								<ul id='test-collection' class='test-collection'>
										<li class='collection-item test displayed active pass ' extentid='3540caef-da94-442b-bd94-390d2438ca49'>
											<div class='test-head'>
												<span class='test-name'>LoginLogoutScenario </span>
												<span class='test-status label right outline capitalize pass'>pass</span>
												<span class='category-assigned hide '></span>
											</div>
											<div class='test-body'>
												<div class='test-info'>
													<span title='Test started time' alt='Test started time' class='test-started-time label green lighten-1 text-white'>2018-01-29 10:34:29</span>
													<span title='Test ended time' alt='Test ended time' class='test-ended-time label red lighten-1 text-white'>2018-01-29 10:36:43</span>
													<span title='Time taken to finish' alt='Time taken to finish' class='test-time-taken label blue-grey lighten-3 text-white'>0h 2m 14s+0ms</span>
												</div>
												<div class='test-desc'></div>
												<div class='test-attributes'>
												</div>
												<div class='test-steps'>
													<table class='bordered table-results'>
														<thead>
															<tr>
																<th>Status</th>
																<th>Timestamp</th>
																<th>Details</th>
															</tr>
														</thead>
														<tbody>
																<tr>
																	<td class='status info' title='info' alt='info'><i class='mdi-action-info-outline'></i></td>
																	<td class='timestamp'>10:35:29</td>
																	<td class='step-details'>LoginLogoutScenario_29 Jan 2018, 10.35.27<a href="C:\Automation_28_Dec\wyndham-automation\screenshots\LoginLogoutScenario_29 Jan 2018, 10.35.27.png" data-featherlight="image"><img class="report-img" src="file:///C:\Automation_28_Dec\wyndham-automation\screenshots\LoginLogoutScenario_29 Jan 2018, 10.35.27.png"></a> 1.Enter LoginDetails</td>
																</tr>
																<tr>
																	<td class='status info' title='info' alt='info'><i class='mdi-action-info-outline'></i></td>
																	<td class='timestamp'>10:35:45</td>
																	<td class='step-details'>LoginLogoutScenario_29 Jan 2018, 10.35.44<a href="C:\Automation_28_Dec\wyndham-automation\screenshots\LoginLogoutScenario_29 Jan 2018, 10.35.44.png" data-featherlight="image"><img class="report-img" src="file:///C:\Automation_28_Dec\wyndham-automation\screenshots\LoginLogoutScenario_29 Jan 2018, 10.35.44.png"></a> 2.Enter secQuestion</td>
																</tr>
																<tr>
																	<td class='status info' title='info' alt='info'><i class='mdi-action-info-outline'></i></td>
																	<td class='timestamp'>10:35:56</td>
																	<td class='step-details'>LoginLogoutScenario_29 Jan 2018, 10.35.45<a href="C:\Automation_28_Dec\wyndham-automation\screenshots\LoginLogoutScenario_29 Jan 2018, 10.35.45.png" data-featherlight="image"><img class="report-img" src="file:///C:\Automation_28_Dec\wyndham-automation\screenshots\LoginLogoutScenario_29 Jan 2018, 10.35.45.png"></a> 3.Click LogOut After Login</td>
																</tr>
																<tr>
																	<td class='status info' title='info' alt='info'><i class='mdi-action-info-outline'></i></td>
																	<td class='timestamp'>10:36:14</td>
																	<td class='step-details'>LoginLogoutScenario_29 Jan 2018, 10.36.12<a href="C:\Automation_28_Dec\wyndham-automation\screenshots\LoginLogoutScenario_29 Jan 2018, 10.36.12.png" data-featherlight="image"><img class="report-img" src="file:///C:\Automation_28_Dec\wyndham-automation\screenshots\LoginLogoutScenario_29 Jan 2018, 10.36.12.png"></a> 4.Login Physically</td>
																</tr>
																<tr>
																	<td class='status info' title='info' alt='info'><i class='mdi-action-info-outline'></i></td>
																	<td class='timestamp'>10:36:24</td>
																	<td class='step-details'>LoginLogoutScenario_29 Jan 2018, 10.36.22<a href="C:\Automation_28_Dec\wyndham-automation\screenshots\LoginLogoutScenario_29 Jan 2018, 10.36.22.png" data-featherlight="image"><img class="report-img" src="file:///C:\Automation_28_Dec\wyndham-automation\screenshots\LoginLogoutScenario_29 Jan 2018, 10.36.22.png"></a> 5.Enter secQuestion</td>
																</tr>
																<tr>
																	<td class='status info' title='info' alt='info'><i class='mdi-action-info-outline'></i></td>
																	<td class='timestamp'>10:36:25</td>
																	<td class='step-details'>LoginLogoutScenario_29 Jan 2018, 10.36.24<a href="C:\Automation_28_Dec\wyndham-automation\screenshots\LoginLogoutScenario_29 Jan 2018, 10.36.24.png" data-featherlight="image"><img class="report-img" src="file:///C:\Automation_28_Dec\wyndham-automation\screenshots\LoginLogoutScenario_29 Jan 2018, 10.36.24.png"></a> 6.Click LogOut After Login</td>
																</tr>
																<tr>
																	<td class='status pass' title='pass' alt='pass'><i class='mdi-action-check-circle'></i></td>
																	<td class='timestamp'>10:36:41</td>
																	<td class='step-details'>Test passed</td>
																</tr>
																<tr>
																	<td class='status info' title='info' alt='info'><i class='mdi-action-info-outline'></i></td>
																	<td class='timestamp'>10:36:43</td>
																	<td class='step-details'>LoginLogoutScenario1517202401561<a href="C:\Automation_28_Dec\wyndham-automation\screenshots\LoginLogoutScenario1517202401561.png" data-featherlight="image"><img class="report-img" src="file:///C:\Automation_28_Dec\wyndham-automation\screenshots\LoginLogoutScenario1517202401561.png"></a></td>
																</tr>
														</tbody>
													</table>
													<ul class='collapsible node-list' data-collapsible='accordion'>
													</ul>
												</div>
											</div>
										</li>
										<li class='collection-item test displayed active pass ' extentid='f912b97c-8ec8-43bf-9328-077ea1867625'>
											<div class='test-head'>
												<span class='test-name'>lightEnrollment </span>
												<span class='test-status label right outline capitalize pass'>pass</span>
												<span class='category-assigned hide '></span>
											</div>
											<div class='test-body'>
												<div class='test-info'>
													<span title='Test started time' alt='Test started time' class='test-started-time label green lighten-1 text-white'>2018-01-29 10:37:13</span>
													<span title='Test ended time' alt='Test ended time' class='test-ended-time label red lighten-1 text-white'>2018-01-29 10:37:25</span>
													<span title='Time taken to finish' alt='Time taken to finish' class='test-time-taken label blue-grey lighten-3 text-white'>0h 0m 12s+0ms</span>
												</div>
												<div class='test-desc'></div>
												<div class='test-attributes'>
												</div>
												<div class='test-steps'>
													<table class='bordered table-results'>
														<thead>
															<tr>
																<th>Status</th>
																<th>Timestamp</th>
																<th>Details</th>
															</tr>
														</thead>
														<tbody>
																<tr>
																	<td class='status info' title='info' alt='info'><i class='mdi-action-info-outline'></i></td>
																	<td class='timestamp'>10:37:18</td>
																	<td class='step-details'>LightEnrollmentScenario_29 Jan 2018, 10.37.17<a href="C:\Automation_28_Dec\wyndham-automation\screenshots\LightEnrollmentScenario_29 Jan 2018, 10.37.17.png" data-featherlight="image"><img class="report-img" src="file:///C:\Automation_28_Dec\wyndham-automation\screenshots\LightEnrollmentScenario_29 Jan 2018, 10.37.17.png"></a> 1.Enter Details in EnrollmentPage</td>
																</tr>
																<tr>
																	<td class='status pass' title='pass' alt='pass'><i class='mdi-action-check-circle'></i></td>
																	<td class='timestamp'>10:37:23</td>
																	<td class='step-details'>Test passed</td>
																</tr>
																<tr>
																	<td class='status info' title='info' alt='info'><i class='mdi-action-info-outline'></i></td>
																	<td class='timestamp'>10:37:25</td>
																	<td class='step-details'>LightEnrollmentScenario1517202443479<a href="C:\Automation_28_Dec\wyndham-automation\screenshots\LightEnrollmentScenario1517202443479.png" data-featherlight="image"><img class="report-img" src="file:///C:\Automation_28_Dec\wyndham-automation\screenshots\LightEnrollmentScenario1517202443479.png"></a></td>
																</tr>
														</tbody>
													</table>
													<ul class='collapsible node-list' data-collapsible='accordion'>
													</ul>
												</div>
											</div>
										</li>
										<li class='collection-item test displayed active pass ' extentid='7afcbf04-ac1c-45d5-ae0d-a26714e7a63f'>
											<div class='test-head'>
												<span class='test-name'>LongEnrollmentScenario </span>
												<span class='test-status label right outline capitalize pass'>pass</span>
												<span class='category-assigned hide '></span>
											</div>
											<div class='test-body'>
												<div class='test-info'>
													<span title='Test started time' alt='Test started time' class='test-started-time label green lighten-1 text-white'>2018-01-29 10:37:52</span>
													<span title='Test ended time' alt='Test ended time' class='test-ended-time label red lighten-1 text-white'>2018-01-29 10:38:46</span>
													<span title='Time taken to finish' alt='Time taken to finish' class='test-time-taken label blue-grey lighten-3 text-white'>0h 0m 54s+0ms</span>
												</div>
												<div class='test-desc'></div>
												<div class='test-attributes'>
												</div>
												<div class='test-steps'>
													<table class='bordered table-results'>
														<thead>
															<tr>
																<th>Status</th>
																<th>Timestamp</th>
																<th>Details</th>
															</tr>
														</thead>
														<tbody>
																<tr>
																	<td class='status info' title='info' alt='info'><i class='mdi-action-info-outline'></i></td>
																	<td class='timestamp'>10:37:57</td>
																	<td class='step-details'>LongEnrollmentScenario_29 Jan 2018, 10.37.55<a href="C:\Automation_28_Dec\wyndham-automation\screenshots\LongEnrollmentScenario_29 Jan 2018, 10.37.55.png" data-featherlight="image"><img class="report-img" src="file:///C:\Automation_28_Dec\wyndham-automation\screenshots\LongEnrollmentScenario_29 Jan 2018, 10.37.55.png"></a> 1.Enter Details in EnrollmentPage</td>
																</tr>
																<tr>
																	<td class='status info' title='info' alt='info'><i class='mdi-action-info-outline'></i></td>
																	<td class='timestamp'>10:38:06</td>
																	<td class='step-details'>LongEnrollmentScenario_29 Jan 2018, 10.38.04<a href="C:\Automation_28_Dec\wyndham-automation\screenshots\LongEnrollmentScenario_29 Jan 2018, 10.38.04.png" data-featherlight="image"><img class="report-img" src="file:///C:\Automation_28_Dec\wyndham-automation\screenshots\LongEnrollmentScenario_29 Jan 2018, 10.38.04.png"></a> 2.Enter Username And Password</td>
																</tr>
																<tr>
																	<td class='status info' title='info' alt='info'><i class='mdi-action-info-outline'></i></td>
																	<td class='timestamp'>10:38:14</td>
																	<td class='step-details'>LongEnrollmentScenario_29 Jan 2018, 10.38.12<a href="C:\Automation_28_Dec\wyndham-automation\screenshots\LongEnrollmentScenario_29 Jan 2018, 10.38.12.png" data-featherlight="image"><img class="report-img" src="file:///C:\Automation_28_Dec\wyndham-automation\screenshots\LongEnrollmentScenario_29 Jan 2018, 10.38.12.png"></a> 3.Enter Security Question</td>
																</tr>
																<tr>
																	<td class='status info' title='info' alt='info'><i class='mdi-action-info-outline'></i></td>
																	<td class='timestamp'>10:38:21</td>
																	<td class='step-details'>LongEnrollmentScenario_29 Jan 2018, 10.38.19<a href="C:\Automation_28_Dec\wyndham-automation\screenshots\LongEnrollmentScenario_29 Jan 2018, 10.38.19.png" data-featherlight="image"><img class="report-img" src="file:///C:\Automation_28_Dec\wyndham-automation\screenshots\LongEnrollmentScenario_29 Jan 2018, 10.38.19.png"></a> 4.Enter Address</td>
																</tr>
																<tr>
																	<td class='status info' title='info' alt='info'><i class='mdi-action-info-outline'></i></td>
																	<td class='timestamp'>10:38:42</td>
																	<td class='step-details'>LongEnrollmentScenario1517202520909<a href="C:\Automation_28_Dec\wyndham-automation\screenshots\LongEnrollmentScenario1517202520909.png" data-featherlight="image"><img class="report-img" src="file:///C:\Automation_28_Dec\wyndham-automation\screenshots\LongEnrollmentScenario1517202520909.png"></a></td>
																</tr>
																<tr>
																	<td class='status pass' title='pass' alt='pass'><i class='mdi-action-check-circle'></i></td>
																	<td class='timestamp'>10:38:42</td>
																	<td class='step-details'>Test passed</td>
																</tr>
																<tr>
																	<td class='status info' title='info' alt='info'><i class='mdi-action-info-outline'></i></td>
																	<td class='timestamp'>10:38:46</td>
																	<td class='step-details'>LongEnrollmentScenario1517202522580<a href="C:\Automation_28_Dec\wyndham-automation\screenshots\LongEnrollmentScenario1517202522580.png" data-featherlight="image"><img class="report-img" src="file:///C:\Automation_28_Dec\wyndham-automation\screenshots\LongEnrollmentScenario1517202522580.png"></a></td>
																</tr>
														</tbody>
													</table>
													<ul class='collapsible node-list' data-collapsible='accordion'>
													</ul>
												</div>
											</div>
										</li>
										<li class='collection-item test displayed active pass ' extentid='801507d7-ee7f-4f0c-b3eb-f4149686e0e1'>
											<div class='test-head'>
												<span class='test-name'>forgetPassword </span>
												<span class='test-status label right outline capitalize pass'>pass</span>
												<span class='category-assigned hide '></span>
											</div>
											<div class='test-body'>
												<div class='test-info'>
													<span title='Test started time' alt='Test started time' class='test-started-time label green lighten-1 text-white'>2018-01-29 10:39:11</span>
													<span title='Test ended time' alt='Test ended time' class='test-ended-time label red lighten-1 text-white'>2018-01-29 10:40:33</span>
													<span title='Time taken to finish' alt='Time taken to finish' class='test-time-taken label blue-grey lighten-3 text-white'>0h 1m 22s+0ms</span>
												</div>
												<div class='test-desc'></div>
												<div class='test-attributes'>
												</div>
												<div class='test-steps'>
													<table class='bordered table-results'>
														<thead>
															<tr>
																<th>Status</th>
																<th>Timestamp</th>
																<th>Details</th>
															</tr>
														</thead>
														<tbody>
																<tr>
																	<td class='status info' title='info' alt='info'><i class='mdi-action-info-outline'></i></td>
																	<td class='timestamp'>10:39:16</td>
																	<td class='step-details'>ForgetPasswordScenario_29 Jan 2018, 10.39.14<a href="C:\Automation_28_Dec\wyndham-automation\screenshots\ForgetPasswordScenario_29 Jan 2018, 10.39.14.png" data-featherlight="image"><img class="report-img" src="file:///C:\Automation_28_Dec\wyndham-automation\screenshots\ForgetPasswordScenario_29 Jan 2018, 10.39.14.png"></a> 1.Enter forgetPassword</td>
																</tr>
																<tr>
																	<td class='status info' title='info' alt='info'><i class='mdi-action-info-outline'></i></td>
																	<td class='timestamp'>10:39:23</td>
																	<td class='step-details'>ForgetPasswordScenario_29 Jan 2018, 10.39.21<a href="C:\Automation_28_Dec\wyndham-automation\screenshots\ForgetPasswordScenario_29 Jan 2018, 10.39.21.png" data-featherlight="image"><img class="report-img" src="file:///C:\Automation_28_Dec\wyndham-automation\screenshots\ForgetPasswordScenario_29 Jan 2018, 10.39.21.png"></a> 2.Enter account Details</td>
																</tr>
																<tr>
																	<td class='status info' title='info' alt='info'><i class='mdi-action-info-outline'></i></td>
																	<td class='timestamp'>10:39:31</td>
																	<td class='step-details'>ForgetPasswordScenario_29 Jan 2018, 10.39.29<a href="C:\Automation_28_Dec\wyndham-automation\screenshots\ForgetPasswordScenario_29 Jan 2018, 10.39.29.png" data-featherlight="image"><img class="report-img" src="file:///C:\Automation_28_Dec\wyndham-automation\screenshots\ForgetPasswordScenario_29 Jan 2018, 10.39.29.png"></a> 3.Enter Security Question</td>
																</tr>
																<tr>
																	<td class='status info' title='info' alt='info'><i class='mdi-action-info-outline'></i></td>
																	<td class='timestamp'>10:39:34</td>
																	<td class='step-details'>ForgetPasswordScenario_29 Jan 2018, 10.39.32<a href="C:\Automation_28_Dec\wyndham-automation\screenshots\ForgetPasswordScenario_29 Jan 2018, 10.39.32.png" data-featherlight="image"><img class="report-img" src="file:///C:\Automation_28_Dec\wyndham-automation\screenshots\ForgetPasswordScenario_29 Jan 2018, 10.39.32.png"></a> 4.Change Password</td>
																</tr>
																<tr>
																	<td class='status info' title='info' alt='info'><i class='mdi-action-info-outline'></i></td>
																	<td class='timestamp'>10:40:06</td>
																	<td class='step-details'>ForgetPasswordScenario_29 Jan 2018, 10.40.05<a href="C:\Automation_28_Dec\wyndham-automation\screenshots\ForgetPasswordScenario_29 Jan 2018, 10.40.05.png" data-featherlight="image"><img class="report-img" src="file:///C:\Automation_28_Dec\wyndham-automation\screenshots\ForgetPasswordScenario_29 Jan 2018, 10.40.05.png"></a> 5.Click LogOut After Login</td>
																</tr>
																<tr>
																	<td class='status info' title='info' alt='info'><i class='mdi-action-info-outline'></i></td>
																	<td class='timestamp'>10:40:25</td>
																	<td class='step-details'>ForgetPasswordScenario_29 Jan 2018, 10.40.23<a href="C:\Automation_28_Dec\wyndham-automation\screenshots\ForgetPasswordScenario_29 Jan 2018, 10.40.23.png" data-featherlight="image"><img class="report-img" src="file:///C:\Automation_28_Dec\wyndham-automation\screenshots\ForgetPasswordScenario_29 Jan 2018, 10.40.23.png"></a> 6.Login Physically</td>
																</tr>
																<tr>
																	<td class='status pass' title='pass' alt='pass'><i class='mdi-action-check-circle'></i></td>
																	<td class='timestamp'>10:40:31</td>
																	<td class='step-details'>Test passed</td>
																</tr>
																<tr>
																	<td class='status info' title='info' alt='info'><i class='mdi-action-info-outline'></i></td>
																	<td class='timestamp'>10:40:33</td>
																	<td class='step-details'>ForgetPasswordScenario1517202631877<a href="C:\Automation_28_Dec\wyndham-automation\screenshots\ForgetPasswordScenario1517202631877.png" data-featherlight="image"><img class="report-img" src="file:///C:\Automation_28_Dec\wyndham-automation\screenshots\ForgetPasswordScenario1517202631877.png"></a></td>
																</tr>
														</tbody>
													</table>
													<ul class='collapsible node-list' data-collapsible='accordion'>
													</ul>
												</div>
											</div>
										</li>
										<li class='collection-item test displayed active pass ' extentid='0ae779c0-df99-4697-91a7-9a2cae5c3518'>
											<div class='test-head'>
												<span class='test-name'>firstTimeSignIn </span>
												<span class='test-status label right outline capitalize pass'>pass</span>
												<span class='category-assigned hide '></span>
											</div>
											<div class='test-body'>
												<div class='test-info'>
													<span title='Test started time' alt='Test started time' class='test-started-time label green lighten-1 text-white'>2018-01-29 10:40:47</span>
													<span title='Test ended time' alt='Test ended time' class='test-ended-time label red lighten-1 text-white'>2018-01-29 10:41:50</span>
													<span title='Time taken to finish' alt='Time taken to finish' class='test-time-taken label blue-grey lighten-3 text-white'>0h 1m 3s+0ms</span>
												</div>
												<div class='test-desc'></div>
												<div class='test-attributes'>
												</div>
												<div class='test-steps'>
													<table class='bordered table-results'>
														<thead>
															<tr>
																<th>Status</th>
																<th>Timestamp</th>
																<th>Details</th>
															</tr>
														</thead>
														<tbody>
																<tr>
																	<td class='status info' title='info' alt='info'><i class='mdi-action-info-outline'></i></td>
																	<td class='timestamp'>10:40:52</td>
																	<td class='step-details'>FirstTimeSignInScenario_29 Jan 2018, 10.40.50<a href="C:\Automation_28_Dec\wyndham-automation\screenshots\FirstTimeSignInScenario_29 Jan 2018, 10.40.50.png" data-featherlight="image"><img class="report-img" src="file:///C:\Automation_28_Dec\wyndham-automation\screenshots\FirstTimeSignInScenario_29 Jan 2018, 10.40.50.png"></a> 1.Enter Details in EnrollmentPage</td>
																</tr>
																<tr>
																	<td class='status info' title='info' alt='info'><i class='mdi-action-info-outline'></i></td>
																	<td class='timestamp'>10:40:58</td>
																	<td class='step-details'>FirstTimeSignInScenario_29 Jan 2018, 10.40.56<a href="C:\Automation_28_Dec\wyndham-automation\screenshots\FirstTimeSignInScenario_29 Jan 2018, 10.40.56.png" data-featherlight="image"><img class="report-img" src="file:///C:\Automation_28_Dec\wyndham-automation\screenshots\FirstTimeSignInScenario_29 Jan 2018, 10.40.56.png"></a> 2.Enter click FirstTime SignIn</td>
																</tr>
																<tr>
																	<td class='status info' title='info' alt='info'><i class='mdi-action-info-outline'></i></td>
																	<td class='timestamp'>10:41:11</td>
																	<td class='step-details'>FirstTimeSignInScenario_29 Jan 2018, 10.41.09<a href="C:\Automation_28_Dec\wyndham-automation\screenshots\FirstTimeSignInScenario_29 Jan 2018, 10.41.09.png" data-featherlight="image"><img class="report-img" src="file:///C:\Automation_28_Dec\wyndham-automation\screenshots\FirstTimeSignInScenario_29 Jan 2018, 10.41.09.png"></a> 3.Enter MemeberDetails</td>
																</tr>
																<tr>
																	<td class='status info' title='info' alt='info'><i class='mdi-action-info-outline'></i></td>
																	<td class='timestamp'>10:41:23</td>
																	<td class='step-details'>FirstTimeSignInScenario_29 Jan 2018, 10.41.21<a href="C:\Automation_28_Dec\wyndham-automation\screenshots\FirstTimeSignInScenario_29 Jan 2018, 10.41.21.png" data-featherlight="image"><img class="report-img" src="file:///C:\Automation_28_Dec\wyndham-automation\screenshots\FirstTimeSignInScenario_29 Jan 2018, 10.41.21.png"></a> 4.Enter secrity Questions</td>
																</tr>
																<tr>
																	<td class='status info' title='info' alt='info'><i class='mdi-action-info-outline'></i></td>
																	<td class='timestamp'>10:41:31</td>
																	<td class='step-details'>FirstTimeSignInScenario_29 Jan 2018, 10.41.29<a href="C:\Automation_28_Dec\wyndham-automation\screenshots\FirstTimeSignInScenario_29 Jan 2018, 10.41.29.png" data-featherlight="image"><img class="report-img" src="file:///C:\Automation_28_Dec\wyndham-automation\screenshots\FirstTimeSignInScenario_29 Jan 2018, 10.41.29.png"></a> 5.Account Created</td>
																</tr>
																<tr>
																	<td class='status pass' title='pass' alt='pass'><i class='mdi-action-check-circle'></i></td>
																	<td class='timestamp'>10:41:49</td>
																	<td class='step-details'>Test passed</td>
																</tr>
																<tr>
																	<td class='status info' title='info' alt='info'><i class='mdi-action-info-outline'></i></td>
																	<td class='timestamp'>10:41:50</td>
																	<td class='step-details'>FirstTimeSignInScenario1517202709032<a href="C:\Automation_28_Dec\wyndham-automation\screenshots\FirstTimeSignInScenario1517202709032.png" data-featherlight="image"><img class="report-img" src="file:///C:\Automation_28_Dec\wyndham-automation\screenshots\FirstTimeSignInScenario1517202709032.png"></a></td>
																</tr>
														</tbody>
													</table>
													<ul class='collapsible node-list' data-collapsible='accordion'>
													</ul>
												</div>
											</div>
										</li>
										<li class='collection-item test displayed active fail ' extentid='41bba5d8-c896-4bcd-b973-fec277471329'>
											<div class='test-head'>
												<span class='test-name'>contactUsFormWithLogin </span>
												<span class='test-status label right outline capitalize fail'>fail</span>
												<span class='category-assigned hide '></span>
											</div>
											<div class='test-body'>
												<div class='test-info'>
													<span title='Test started time' alt='Test started time' class='test-started-time label green lighten-1 text-white'>2018-01-29 10:42:06</span>
													<span title='Test ended time' alt='Test ended time' class='test-ended-time label red lighten-1 text-white'>2018-01-29 10:43:51</span>
													<span title='Time taken to finish' alt='Time taken to finish' class='test-time-taken label blue-grey lighten-3 text-white'>0h 1m 45s+0ms</span>
												</div>
												<div class='test-desc'></div>
												<div class='test-attributes'>
												</div>
												<div class='test-steps'>
													<table class='bordered table-results'>
														<thead>
															<tr>
																<th>Status</th>
																<th>Timestamp</th>
																<th>Details</th>
															</tr>
														</thead>
														<tbody>
																<tr>
																	<td class='status info' title='info' alt='info'><i class='mdi-action-info-outline'></i></td>
																	<td class='timestamp'>10:42:10</td>
																	<td class='step-details'>ContactusWithLogin_29 Jan 2018, 10.42.09<a href="C:\Automation_28_Dec\wyndham-automation\screenshots\ContactusWithLogin_29 Jan 2018, 10.42.09.png" data-featherlight="image"><img class="report-img" src="file:///C:\Automation_28_Dec\wyndham-automation\screenshots\ContactusWithLogin_29 Jan 2018, 10.42.09.png"></a> 1.Click SignIn</td>
																</tr>
																<tr>
																	<td class='status info' title='info' alt='info'><i class='mdi-action-info-outline'></i></td>
																	<td class='timestamp'>10:42:21</td>
																	<td class='step-details'>ContactusWithLogin_29 Jan 2018, 10.42.17<a href="C:\Automation_28_Dec\wyndham-automation\screenshots\ContactusWithLogin_29 Jan 2018, 10.42.17.png" data-featherlight="image"><img class="report-img" src="file:///C:\Automation_28_Dec\wyndham-automation\screenshots\ContactusWithLogin_29 Jan 2018, 10.42.17.png"></a> 2.Click ContactUs Form</td>
																</tr>
																<tr>
																	<td class='status info' title='info' alt='info'><i class='mdi-action-info-outline'></i></td>
																	<td class='timestamp'>10:42:46</td>
																	<td class='step-details'>ContactusWithLogin_29 Jan 2018, 10.42.45<a href="C:\Automation_28_Dec\wyndham-automation\screenshots\ContactusWithLogin_29 Jan 2018, 10.42.45.png" data-featherlight="image"><img class="report-img" src="file:///C:\Automation_28_Dec\wyndham-automation\screenshots\ContactusWithLogin_29 Jan 2018, 10.42.45.png"></a> 3.Enter form Details</td>
																</tr>
																<tr>
																	<td class='status fail' title='fail' alt='fail'><i class='mdi-navigation-cancel'></i></td>
																	<td class='timestamp'>10:43:50</td>
																	<td class='step-details'><pre>org.openqa.selenium.NoSuchElementException: Cannot locate element with text: America Inn
For documentation on this error, please visit: http://seleniumhq.org/exceptions/no_such_element.html
Build info: version: '3.5.3', revision: 'a88d25fe6b', time: '2017-08-29T12:42:44.417Z'
System info: host: 'HDC3-D-426QWJF', ip: '10.249.42.29', os.name: 'Windows 10', os.arch: 'amd64', os.version: '10.0', java.version: '1.8.0_121'
Driver info: driver.version: unknown
	at org.openqa.selenium.support.ui.Select.selectByVisibleText(Select.java:147)
	at com.wyn.automation.base.BasePage.selectDropDownText(BasePage.java:70)
	at com.wr.automation.rewards.pages.ContactUsPage.enterDetails(ContactUsPage.java:102)
	at com.wr.automation.rewards.ContactusWithLogin.contactUsFormWithLogin(ContactusWithLogin.java:24)
	at sun.reflect.NativeMethodAccessorImpl.invoke0(Native Method)
	at sun.reflect.NativeMethodAccessorImpl.invoke(NativeMethodAccessorImpl.java:62)
	at sun.reflect.DelegatingMethodAccessorImpl.invoke(DelegatingMethodAccessorImpl.java:43)
	at java.lang.reflect.Method.invoke(Method.java:498)
	at org.testng.internal.MethodInvocationHelper.invokeMethod(MethodInvocationHelper.java:80)
	at org.testng.internal.Invoker.invokeMethod(Invoker.java:714)
	at org.testng.internal.Invoker.invokeTestMethod(Invoker.java:901)
	at org.testng.internal.Invoker.invokeTestMethods(Invoker.java:1231)
	at org.testng.internal.TestMethodWorker.invokeTestMethods(TestMethodWorker.java:127)
	at org.testng.internal.TestMethodWorker.run(TestMethodWorker.java:111)
	at org.testng.TestRunner.privateRun(TestRunner.java:767)
	at org.testng.TestRunner.run(TestRunner.java:617)
	at org.testng.SuiteRunner.runTest(SuiteRunner.java:334)
	at org.testng.SuiteRunner.runSequentially(SuiteRunner.java:329)
	at org.testng.SuiteRunner.privateRun(SuiteRunner.java:291)
	at org.testng.SuiteRunner.run(SuiteRunner.java:240)
	at org.testng.SuiteRunnerWorker.runSuite(SuiteRunnerWorker.java:52)
	at org.testng.SuiteRunnerWorker.run(SuiteRunnerWorker.java:86)
	at org.testng.TestNG.runSuitesSequentially(TestNG.java:1198)
	at org.testng.TestNG.runSuitesLocally(TestNG.java:1123)
	at org.testng.TestNG.run(TestNG.java:1031)
	at org.testng.remote.AbstractRemoteTestNG.run(AbstractRemoteTestNG.java:132)
	at org.testng.remote.RemoteTestNG.initAndRun(RemoteTestNG.java:230)
	at org.testng.remote.RemoteTestNG.main(RemoteTestNG.java:76)
</pre></td>
																</tr>
																<tr>
																	<td class='status info' title='info' alt='info'><i class='mdi-action-info-outline'></i></td>
																	<td class='timestamp'>10:43:51</td>
																	<td class='step-details'>ContactusWithLogin1517202830154<a href="C:\Automation_28_Dec\wyndham-automation\screenshots\ContactusWithLogin1517202830154.png" data-featherlight="image"><img class="report-img" src="file:///C:\Automation_28_Dec\wyndham-automation\screenshots\ContactusWithLogin1517202830154.png"></a></td>
																</tr>
														</tbody>
													</table>
													<ul class='collapsible node-list' data-collapsible='accordion'>
													</ul>
												</div>
											</div>
										</li>
										<li class='collection-item test displayed active pass ' extentid='52038cb1-e87b-4cb9-ab9f-085770bd9d07'>
											<div class='test-head'>
												<span class='test-name'>MyAccount </span>
												<span class='test-status label right outline capitalize pass'>pass</span>
												<span class='category-assigned hide '></span>
											</div>
											<div class='test-body'>
												<div class='test-info'>
													<span title='Test started time' alt='Test started time' class='test-started-time label green lighten-1 text-white'>2018-01-29 10:44:03</span>
													<span title='Test ended time' alt='Test ended time' class='test-ended-time label red lighten-1 text-white'>2018-01-29 10:44:41</span>
													<span title='Time taken to finish' alt='Time taken to finish' class='test-time-taken label blue-grey lighten-3 text-white'>0h 0m 38s+0ms</span>
												</div>
												<div class='test-desc'></div>
												<div class='test-attributes'>
												</div>
												<div class='test-steps'>
													<table class='bordered table-results'>
														<thead>
															<tr>
																<th>Status</th>
																<th>Timestamp</th>
																<th>Details</th>
															</tr>
														</thead>
														<tbody>
																<tr>
																	<td class='status info' title='info' alt='info'><i class='mdi-action-info-outline'></i></td>
																	<td class='timestamp'>10:44:08</td>
																	<td class='step-details'>MyAccountScenario_29 Jan 2018, 10.44.06<a href="C:\Automation_28_Dec\wyndham-automation\screenshots\MyAccountScenario_29 Jan 2018, 10.44.06.png" data-featherlight="image"><img class="report-img" src="file:///C:\Automation_28_Dec\wyndham-automation\screenshots\MyAccountScenario_29 Jan 2018, 10.44.06.png"></a> 1.Click SignIn</td>
																</tr>
																<tr>
																	<td class='status info' title='info' alt='info'><i class='mdi-action-info-outline'></i></td>
																	<td class='timestamp'>10:44:11</td>
																	<td class='step-details'>MyAccountScenario_29 Jan 2018, 10.44.09<a href="C:\Automation_28_Dec\wyndham-automation\screenshots\MyAccountScenario_29 Jan 2018, 10.44.09.png" data-featherlight="image"><img class="report-img" src="file:///C:\Automation_28_Dec\wyndham-automation\screenshots\MyAccountScenario_29 Jan 2018, 10.44.09.png"></a> 2.Enter the Security Question</td>
																</tr>
																<tr>
																	<td class='status info' title='info' alt='info'><i class='mdi-action-info-outline'></i></td>
																	<td class='timestamp'>10:44:19</td>
																	<td class='step-details'>MyAccountScenario_29 Jan 2018, 10.44.14<a href="C:\Automation_28_Dec\wyndham-automation\screenshots\MyAccountScenario_29 Jan 2018, 10.44.14.png" data-featherlight="image"><img class="report-img" src="file:///C:\Automation_28_Dec\wyndham-automation\screenshots\MyAccountScenario_29 Jan 2018, 10.44.14.png"></a> 3.Click MyAccount</td>
																</tr>
																<tr>
																	<td class='status info' title='info' alt='info'><i class='mdi-action-info-outline'></i></td>
																	<td class='timestamp'>10:44:38</td>
																	<td class='step-details'>MyAccountScenario_29 Jan 2018, 10.44.36<a href="C:\Automation_28_Dec\wyndham-automation\screenshots\MyAccountScenario_29 Jan 2018, 10.44.36.png" data-featherlight="image"><img class="report-img" src="file:///C:\Automation_28_Dec\wyndham-automation\screenshots\MyAccountScenario_29 Jan 2018, 10.44.36.png"></a> 4.Verify MyAccount Components</td>
																</tr>
																<tr>
																	<td class='status pass' title='pass' alt='pass'><i class='mdi-action-check-circle'></i></td>
																	<td class='timestamp'>10:44:39</td>
																	<td class='step-details'>Test passed</td>
																</tr>
																<tr>
																	<td class='status info' title='info' alt='info'><i class='mdi-action-info-outline'></i></td>
																	<td class='timestamp'>10:44:41</td>
																	<td class='step-details'>MyAccountScenario1517202879234<a href="C:\Automation_28_Dec\wyndham-automation\screenshots\MyAccountScenario1517202879234.png" data-featherlight="image"><img class="report-img" src="file:///C:\Automation_28_Dec\wyndham-automation\screenshots\MyAccountScenario1517202879234.png"></a></td>
																</tr>
														</tbody>
													</table>
													<ul class='collapsible node-list' data-collapsible='accordion'>
													</ul>
												</div>
											</div>
										</li>
										<li class='collection-item test displayed active fail ' extentid='ac6fdd1a-0ca0-4898-b6ae-9990263a3d54'>
											<div class='test-head'>
												<span class='test-name'>myProfile </span>
												<span class='test-status label right outline capitalize fail'>fail</span>
												<span class='category-assigned hide '></span>
											</div>
											<div class='test-body'>
												<div class='test-info'>
													<span title='Test started time' alt='Test started time' class='test-started-time label green lighten-1 text-white'>2018-01-29 10:44:51</span>
													<span title='Test ended time' alt='Test ended time' class='test-ended-time label red lighten-1 text-white'>2018-01-29 10:46:14</span>
													<span title='Time taken to finish' alt='Time taken to finish' class='test-time-taken label blue-grey lighten-3 text-white'>0h 1m 23s+0ms</span>
												</div>
												<div class='test-desc'></div>
												<div class='test-attributes'>
												</div>
												<div class='test-steps'>
													<table class='bordered table-results'>
														<thead>
															<tr>
																<th>Status</th>
																<th>Timestamp</th>
																<th>Details</th>
															</tr>
														</thead>
														<tbody>
																<tr>
																	<td class='status info' title='info' alt='info'><i class='mdi-action-info-outline'></i></td>
																	<td class='timestamp'>10:44:56</td>
																	<td class='step-details'>MyProfileScenario_29 Jan 2018, 10.44.55<a href="C:\Automation_28_Dec\wyndham-automation\screenshots\MyProfileScenario_29 Jan 2018, 10.44.55.png" data-featherlight="image"><img class="report-img" src="file:///C:\Automation_28_Dec\wyndham-automation\screenshots\MyProfileScenario_29 Jan 2018, 10.44.55.png"></a> 1.Click SignIn</td>
																</tr>
																<tr>
																	<td class='status info' title='info' alt='info'><i class='mdi-action-info-outline'></i></td>
																	<td class='timestamp'>10:45:01</td>
																	<td class='step-details'>MyProfileScenario_29 Jan 2018, 10.44.59<a href="C:\Automation_28_Dec\wyndham-automation\screenshots\MyProfileScenario_29 Jan 2018, 10.44.59.png" data-featherlight="image"><img class="report-img" src="file:///C:\Automation_28_Dec\wyndham-automation\screenshots\MyProfileScenario_29 Jan 2018, 10.44.59.png"></a> 2.Enter the Security Question</td>
																</tr>
																<tr>
																	<td class='status info' title='info' alt='info'><i class='mdi-action-info-outline'></i></td>
																	<td class='timestamp'>10:45:06</td>
																	<td class='step-details'>MyProfileScenario_29 Jan 2018, 10.45.04<a href="C:\Automation_28_Dec\wyndham-automation\screenshots\MyProfileScenario_29 Jan 2018, 10.45.04.png" data-featherlight="image"><img class="report-img" src="file:///C:\Automation_28_Dec\wyndham-automation\screenshots\MyProfileScenario_29 Jan 2018, 10.45.04.png"></a> 3.Click MyProfile</td>
																</tr>
																<tr>
																	<td class='status info' title='info' alt='info'><i class='mdi-action-info-outline'></i></td>
																	<td class='timestamp'>10:45:23</td>
																	<td class='step-details'>MyProfileScenario_29 Jan 2018, 10.45.22<a href="C:\Automation_28_Dec\wyndham-automation\screenshots\MyProfileScenario_29 Jan 2018, 10.45.22.png" data-featherlight="image"><img class="report-img" src="file:///C:\Automation_28_Dec\wyndham-automation\screenshots\MyProfileScenario_29 Jan 2018, 10.45.22.png"></a> 4.Enter adders details</td>
																</tr>
																<tr>
																	<td class='status info' title='info' alt='info'><i class='mdi-action-info-outline'></i></td>
																	<td class='timestamp'>10:45:41</td>
																	<td class='step-details'>MyProfileScenario_29 Jan 2018, 10.45.39<a href="C:\Automation_28_Dec\wyndham-automation\screenshots\MyProfileScenario_29 Jan 2018, 10.45.39.png" data-featherlight="image"><img class="report-img" src="file:///C:\Automation_28_Dec\wyndham-automation\screenshots\MyProfileScenario_29 Jan 2018, 10.45.39.png"></a> 5.Change Password</td>
																</tr>
																<tr>
																	<td class='status fail' title='fail' alt='fail'><i class='mdi-navigation-cancel'></i></td>
																	<td class='timestamp'>10:46:13</td>
																	<td class='step-details'><pre>org.openqa.selenium.NoSuchElementException: no such element: Unable to locate element: {"method":"xpath","selector":"//form[@id='securityUpdateUsernamePassword']/button[2]"}
  (Session info: chrome=63.0.3239.132)
  (Driver info: chromedriver=2.34.522940 (1a76f96f66e3ca7b8e57d503b4dd3bccfba87af1),platform=Windows NT 10.0.10586 x86_64) (WARNING: The server did not provide any stacktrace information)
Command duration or timeout: 0 milliseconds
For documentation on this error, please visit: http://seleniumhq.org/exceptions/no_such_element.html
Build info: version: '3.5.3', revision: 'a88d25fe6b', time: '2017-08-29T12:42:44.417Z'
System info: host: 'HDC3-D-426QWJF', ip: '10.249.42.29', os.name: 'Windows 10', os.arch: 'amd64', os.version: '10.0', java.version: '1.8.0_121'
Driver info: org.openqa.selenium.chrome.ChromeDriver
Capabilities [{mobileEmulationEnabled=false, hasTouchScreen=false, platform=XP, acceptSslCerts=true, webStorageEnabled=true, browserName=chrome, takesScreenshot=true, javascriptEnabled=true, platformName=XP, setWindowRect=true, unexpectedAlertBehaviour=, applicationCacheEnabled=false, rotatable=false, networkConnectionEnabled=false, chrome={chromedriverVersion=2.34.522940 (1a76f96f66e3ca7b8e57d503b4dd3bccfba87af1), userDataDir=C:\Users\DUGGI~2.SAN\AppData\Local\Temp\scoped_dir9456_21419}, takesHeapSnapshot=true, pageLoadStrategy=normal, unhandledPromptBehavior=, databaseEnabled=false, handlesAlerts=true, version=63.0.3239.132, browserConnectionEnabled=false, nativeEvents=true, locationContextEnabled=true, cssSelectorsEnabled=true}]
Session ID: b0e33782b7e7430be6b2a109f13dbad3
*** Element info: {Using=xpath, value=//form[@id='securityUpdateUsernamePassword']/button[2]}
	at sun.reflect.NativeConstructorAccessorImpl.newInstance0(Native Method)
	at sun.reflect.NativeConstructorAccessorImpl.newInstance(NativeConstructorAccessorImpl.java:62)
	at sun.reflect.DelegatingConstructorAccessorImpl.newInstance(DelegatingConstructorAccessorImpl.java:45)
	at java.lang.reflect.Constructor.newInstance(Constructor.java:423)
	at org.openqa.selenium.remote.ErrorHandler.createThrowable(ErrorHandler.java:215)
	at org.openqa.selenium.remote.ErrorHandler.throwIfResponseFailed(ErrorHandler.java:167)
	at org.openqa.selenium.remote.http.JsonHttpResponseCodec.reconstructValue(JsonHttpResponseCodec.java:40)
	at org.openqa.selenium.remote.http.AbstractHttpResponseCodec.decode(AbstractHttpResponseCodec.java:82)
	at org.openqa.selenium.remote.http.AbstractHttpResponseCodec.decode(AbstractHttpResponseCodec.java:45)
	at org.openqa.selenium.remote.HttpCommandExecutor.execute(HttpCommandExecutor.java:164)
	at org.openqa.selenium.remote.service.DriverCommandExecutor.execute(DriverCommandExecutor.java:82)
	at org.openqa.selenium.remote.RemoteWebDriver.execute(RemoteWebDriver.java:646)
	at org.openqa.selenium.remote.RemoteWebDriver.findElement(RemoteWebDriver.java:416)
	at org.openqa.selenium.remote.RemoteWebDriver.findElementByXPath(RemoteWebDriver.java:518)
	at org.openqa.selenium.By$ByXPath.findElement(By.java:361)
	at org.openqa.selenium.remote.RemoteWebDriver.findElement(RemoteWebDriver.java:408)
	at com.wyn.automation.utils.AutomationUtils.scrollToElment(AutomationUtils.java:131)
	at com.wr.automation.rewards.pages.MyProfile.changePassword(MyProfile.java:205)
	at com.wr.automation.rewards.MyProfileScenario.myProfile(MyProfileScenario.java:26)
	at sun.reflect.NativeMethodAccessorImpl.invoke0(Native Method)
	at sun.reflect.NativeMethodAccessorImpl.invoke(NativeMethodAccessorImpl.java:62)
	at sun.reflect.DelegatingMethodAccessorImpl.invoke(DelegatingMethodAccessorImpl.java:43)
	at java.lang.reflect.Method.invoke(Method.java:498)
	at org.testng.internal.MethodInvocationHelper.invokeMethod(MethodInvocationHelper.java:80)
	at org.testng.internal.Invoker.invokeMethod(Invoker.java:714)
	at org.testng.internal.Invoker.invokeTestMethod(Invoker.java:901)
	at org.testng.internal.Invoker.invokeTestMethods(Invoker.java:1231)
	at org.testng.internal.TestMethodWorker.invokeTestMethods(TestMethodWorker.java:127)
	at org.testng.internal.TestMethodWorker.run(TestMethodWorker.java:111)
	at org.testng.TestRunner.privateRun(TestRunner.java:767)
	at org.testng.TestRunner.run(TestRunner.java:617)
	at org.testng.SuiteRunner.runTest(SuiteRunner.java:334)
	at org.testng.SuiteRunner.runSequentially(SuiteRunner.java:329)
	at org.testng.SuiteRunner.privateRun(SuiteRunner.java:291)
	at org.testng.SuiteRunner.run(SuiteRunner.java:240)
	at org.testng.SuiteRunnerWorker.runSuite(SuiteRunnerWorker.java:52)
	at org.testng.SuiteRunnerWorker.run(SuiteRunnerWorker.java:86)
	at org.testng.TestNG.runSuitesSequentially(TestNG.java:1198)
	at org.testng.TestNG.runSuitesLocally(TestNG.java:1123)
	at org.testng.TestNG.run(TestNG.java:1031)
	at org.testng.remote.AbstractRemoteTestNG.run(AbstractRemoteTestNG.java:132)
	at org.testng.remote.RemoteTestNG.initAndRun(RemoteTestNG.java:230)
	at org.testng.remote.RemoteTestNG.main(RemoteTestNG.java:76)
</pre></td>
																</tr>
																<tr>
																	<td class='status info' title='info' alt='info'><i class='mdi-action-info-outline'></i></td>
																	<td class='timestamp'>10:46:14</td>
																	<td class='step-details'>MyProfileScenario1517202973434<a href="C:\Automation_28_Dec\wyndham-automation\screenshots\MyProfileScenario1517202973434.png" data-featherlight="image"><img class="report-img" src="file:///C:\Automation_28_Dec\wyndham-automation\screenshots\MyProfileScenario1517202973434.png"></a></td>
																</tr>
														</tbody>
													</table>
													<ul class='collapsible node-list' data-collapsible='accordion'>
													</ul>
												</div>
											</div>
										</li>
										<li class='collection-item test displayed active pass ' extentid='34f695dc-acf7-4647-b4f8-fc9194897c5a'>
											<div class='test-head'>
												<span class='test-name'>MyReservationCheckPages </span>
												<span class='test-status label right outline capitalize pass'>pass</span>
												<span class='category-assigned hide '></span>
											</div>
											<div class='test-body'>
												<div class='test-info'>
													<span title='Test started time' alt='Test started time' class='test-started-time label green lighten-1 text-white'>2018-01-29 10:46:26</span>
													<span title='Test ended time' alt='Test ended time' class='test-ended-time label red lighten-1 text-white'>2018-01-29 10:48:15</span>
													<span title='Time taken to finish' alt='Time taken to finish' class='test-time-taken label blue-grey lighten-3 text-white'>0h 1m 49s+0ms</span>
												</div>
												<div class='test-desc'></div>
												<div class='test-attributes'>
												</div>
												<div class='test-steps'>
													<table class='bordered table-results'>
														<thead>
															<tr>
																<th>Status</th>
																<th>Timestamp</th>
																<th>Details</th>
															</tr>
														</thead>
														<tbody>
																<tr>
																	<td class='status info' title='info' alt='info'><i class='mdi-action-info-outline'></i></td>
																	<td class='timestamp'>10:46:32</td>
																	<td class='step-details'>MyReservationScenario_29 Jan 2018, 10.46.31<a href="C:\Automation_28_Dec\wyndham-automation\screenshots\MyReservationScenario_29 Jan 2018, 10.46.31.png" data-featherlight="image"><img class="report-img" src="file:///C:\Automation_28_Dec\wyndham-automation\screenshots\MyReservationScenario_29 Jan 2018, 10.46.31.png"></a> 1.Enter LoginDeatils</td>
																</tr>
																<tr>
																	<td class='status info' title='info' alt='info'><i class='mdi-action-info-outline'></i></td>
																	<td class='timestamp'>10:46:37</td>
																	<td class='step-details'>MyReservationScenario_29 Jan 2018, 10.46.36<a href="C:\Automation_28_Dec\wyndham-automation\screenshots\MyReservationScenario_29 Jan 2018, 10.46.36.png" data-featherlight="image"><img class="report-img" src="file:///C:\Automation_28_Dec\wyndham-automation\screenshots\MyReservationScenario_29 Jan 2018, 10.46.36.png"></a> 2.Click MyAccount Link</td>
																</tr>
																<tr>
																	<td class='status info' title='info' alt='info'><i class='mdi-action-info-outline'></i></td>
																	<td class='timestamp'>10:46:55</td>
																	<td class='step-details'>MyReservationScenario_29 Jan 2018, 10.46.53<a href="C:\Automation_28_Dec\wyndham-automation\screenshots\MyReservationScenario_29 Jan 2018, 10.46.53.png" data-featherlight="image"><img class="report-img" src="file:///C:\Automation_28_Dec\wyndham-automation\screenshots\MyReservationScenario_29 Jan 2018, 10.46.53.png"></a> 3.Click MyReservation Link</td>
																</tr>
																<tr>
																	<td class='status info' title='info' alt='info'><i class='mdi-action-info-outline'></i></td>
																	<td class='timestamp'>10:47:19</td>
																	<td class='step-details'>MyReservationScenario_29 Jan 2018, 10.47.17<a href="C:\Automation_28_Dec\wyndham-automation\screenshots\MyReservationScenario_29 Jan 2018, 10.47.17.png" data-featherlight="image"><img class="report-img" src="file:///C:\Automation_28_Dec\wyndham-automation\screenshots\MyReservationScenario_29 Jan 2018, 10.47.17.png"></a> 4.Click viewDetails than check the confirmation page</td>
																</tr>
																<tr>
																	<td class='status info' title='info' alt='info'><i class='mdi-action-info-outline'></i></td>
																	<td class='timestamp'>10:47:29</td>
																	<td class='step-details'>MyReservationScenario_29 Jan 2018, 10.47.28<a href="C:\Automation_28_Dec\wyndham-automation\screenshots\MyReservationScenario_29 Jan 2018, 10.47.28.png" data-featherlight="image"><img class="report-img" src="file:///C:\Automation_28_Dec\wyndham-automation\screenshots\MyReservationScenario_29 Jan 2018, 10.47.28.png"></a> 5.Click Booknow than check the RnR page</td>
																</tr>
																<tr>
																	<td class='status info' title='info' alt='info'><i class='mdi-action-info-outline'></i></td>
																	<td class='timestamp'>10:47:52</td>
																	<td class='step-details'>MyReservationScenario_29 Jan 2018, 10.47.50<a href="C:\Automation_28_Dec\wyndham-automation\screenshots\MyReservationScenario_29 Jan 2018, 10.47.50.png" data-featherlight="image"><img class="report-img" src="file:///C:\Automation_28_Dec\wyndham-automation\screenshots\MyReservationScenario_29 Jan 2018, 10.47.50.png"></a> 6.Click Property than check the Property page</td>
																</tr>
																<tr>
																	<td class='status pass' title='pass' alt='pass'><i class='mdi-action-check-circle'></i></td>
																	<td class='timestamp'>10:48:13</td>
																	<td class='step-details'>Test passed</td>
																</tr>
																<tr>
																	<td class='status info' title='info' alt='info'><i class='mdi-action-info-outline'></i></td>
																	<td class='timestamp'>10:48:15</td>
																	<td class='step-details'>MyReservationScenario1517203093999<a href="C:\Automation_28_Dec\wyndham-automation\screenshots\MyReservationScenario1517203093999.png" data-featherlight="image"><img class="report-img" src="file:///C:\Automation_28_Dec\wyndham-automation\screenshots\MyReservationScenario1517203093999.png"></a></td>
																</tr>
														</tbody>
													</table>
													<ul class='collapsible node-list' data-collapsible='accordion'>
													</ul>
												</div>
											</div>
										</li>
										<li class='collection-item test displayed active fail ' extentid='84a4d82c-59e5-490e-8b20-ef93c6c6cb7f'>
											<div class='test-head'>
												<span class='test-name'>validatingRedeemPage </span>
												<span class='test-status label right outline capitalize fail'>fail</span>
												<span class='category-assigned hide '></span>
											</div>
											<div class='test-body'>
												<div class='test-info'>
													<span title='Test started time' alt='Test started time' class='test-started-time label green lighten-1 text-white'>2018-01-29 10:48:29</span>
													<span title='Test ended time' alt='Test ended time' class='test-ended-time label red lighten-1 text-white'>2018-01-29 10:50:08</span>
													<span title='Time taken to finish' alt='Time taken to finish' class='test-time-taken label blue-grey lighten-3 text-white'>0h 1m 39s+0ms</span>
												</div>
												<div class='test-desc'></div>
												<div class='test-attributes'>
												</div>
												<div class='test-steps'>
													<table class='bordered table-results'>
														<thead>
															<tr>
																<th>Status</th>
																<th>Timestamp</th>
																<th>Details</th>
															</tr>
														</thead>
														<tbody>
																<tr>
																	<td class='status info' title='info' alt='info'><i class='mdi-action-info-outline'></i></td>
																	<td class='timestamp'>10:48:35</td>
																	<td class='step-details'>ValidateRedeem_29 Jan 2018, 10.48.34<a href="C:\Automation_28_Dec\wyndham-automation\screenshots\ValidateRedeem_29 Jan 2018, 10.48.34.png" data-featherlight="image"><img class="report-img" src="file:///C:\Automation_28_Dec\wyndham-automation\screenshots\ValidateRedeem_29 Jan 2018, 10.48.34.png"></a> 1.Enter LoginDeatils</td>
																</tr>
																<tr>
																	<td class='status info' title='info' alt='info'><i class='mdi-action-info-outline'></i></td>
																	<td class='timestamp'>10:48:38</td>
																	<td class='step-details'>ValidateRedeem_29 Jan 2018, 10.48.37<a href="C:\Automation_28_Dec\wyndham-automation\screenshots\ValidateRedeem_29 Jan 2018, 10.48.37.png" data-featherlight="image"><img class="report-img" src="file:///C:\Automation_28_Dec\wyndham-automation\screenshots\ValidateRedeem_29 Jan 2018, 10.48.37.png"></a> 2.Enter SecurityQuestion</td>
																</tr>
																<tr>
																	<td class='status info' title='info' alt='info'><i class='mdi-action-info-outline'></i></td>
																	<td class='timestamp'>10:48:42</td>
																	<td class='step-details'>ValidateRedeem_29 Jan 2018, 10.48.40<a href="C:\Automation_28_Dec\wyndham-automation\screenshots\ValidateRedeem_29 Jan 2018, 10.48.40.png" data-featherlight="image"><img class="report-img" src="file:///C:\Automation_28_Dec\wyndham-automation\screenshots\ValidateRedeem_29 Jan 2018, 10.48.40.png"></a> 3.Click MyRedeem</td>
																</tr>
																<tr>
																	<td class='status info' title='info' alt='info'><i class='mdi-action-info-outline'></i></td>
																	<td class='timestamp'>10:49:06</td>
																	<td class='step-details'>ValidateRedeem_29 Jan 2018, 10.49.03<a href="C:\Automation_28_Dec\wyndham-automation\screenshots\ValidateRedeem_29 Jan 2018, 10.49.03.png" data-featherlight="image"><img class="report-img" src="file:///C:\Automation_28_Dec\wyndham-automation\screenshots\ValidateRedeem_29 Jan 2018, 10.49.03.png"></a> 4.click Destination</td>
																</tr>
																<tr>
																	<td class='status fail' title='fail' alt='fail'><i class='mdi-navigation-cancel'></i></td>
																	<td class='timestamp'>10:50:06</td>
																	<td class='step-details'><pre>org.openqa.selenium.NoSuchElementException: no such element: Unable to locate element: {"method":"xpath","selector":"//button[@class='select-menubutton dropdown-toggle destination-select']"}
  (Session info: chrome=63.0.3239.132)
  (Driver info: chromedriver=2.34.522940 (1a76f96f66e3ca7b8e57d503b4dd3bccfba87af1),platform=Windows NT 10.0.10586 x86_64) (WARNING: The server did not provide any stacktrace information)
Command duration or timeout: 0 milliseconds
For documentation on this error, please visit: http://seleniumhq.org/exceptions/no_such_element.html
Build info: version: '3.5.3', revision: 'a88d25fe6b', time: '2017-08-29T12:42:44.417Z'
System info: host: 'HDC3-D-426QWJF', ip: '10.249.42.29', os.name: 'Windows 10', os.arch: 'amd64', os.version: '10.0', java.version: '1.8.0_121'
Driver info: org.openqa.selenium.chrome.ChromeDriver
Capabilities [{mobileEmulationEnabled=false, hasTouchScreen=false, platform=XP, acceptSslCerts=true, webStorageEnabled=true, browserName=chrome, takesScreenshot=true, javascriptEnabled=true, platformName=XP, setWindowRect=true, unexpectedAlertBehaviour=, applicationCacheEnabled=false, rotatable=false, networkConnectionEnabled=false, chrome={chromedriverVersion=2.34.522940 (1a76f96f66e3ca7b8e57d503b4dd3bccfba87af1), userDataDir=C:\Users\DUGGI~2.SAN\AppData\Local\Temp\scoped_dir9456_21419}, takesHeapSnapshot=true, pageLoadStrategy=normal, unhandledPromptBehavior=, databaseEnabled=false, handlesAlerts=true, version=63.0.3239.132, browserConnectionEnabled=false, nativeEvents=true, locationContextEnabled=true, cssSelectorsEnabled=true}]
Session ID: b0e33782b7e7430be6b2a109f13dbad3
*** Element info: {Using=xpath, value=//button[@class='select-menubutton dropdown-toggle destination-select']}
	at sun.reflect.NativeConstructorAccessorImpl.newInstance0(Native Method)
	at sun.reflect.NativeConstructorAccessorImpl.newInstance(NativeConstructorAccessorImpl.java:62)
	at sun.reflect.DelegatingConstructorAccessorImpl.newInstance(DelegatingConstructorAccessorImpl.java:45)
	at java.lang.reflect.Constructor.newInstance(Constructor.java:423)
	at org.openqa.selenium.remote.ErrorHandler.createThrowable(ErrorHandler.java:215)
	at org.openqa.selenium.remote.ErrorHandler.throwIfResponseFailed(ErrorHandler.java:167)
	at org.openqa.selenium.remote.http.JsonHttpResponseCodec.reconstructValue(JsonHttpResponseCodec.java:40)
	at org.openqa.selenium.remote.http.AbstractHttpResponseCodec.decode(AbstractHttpResponseCodec.java:82)
	at org.openqa.selenium.remote.http.AbstractHttpResponseCodec.decode(AbstractHttpResponseCodec.java:45)
	at org.openqa.selenium.remote.HttpCommandExecutor.execute(HttpCommandExecutor.java:164)
	at org.openqa.selenium.remote.service.DriverCommandExecutor.execute(DriverCommandExecutor.java:82)
	at org.openqa.selenium.remote.RemoteWebDriver.execute(RemoteWebDriver.java:646)
	at org.openqa.selenium.remote.RemoteWebDriver.findElement(RemoteWebDriver.java:416)
	at org.openqa.selenium.remote.RemoteWebDriver.findElementByXPath(RemoteWebDriver.java:518)
	at org.openqa.selenium.By$ByXPath.findElement(By.java:361)
	at org.openqa.selenium.remote.RemoteWebDriver.findElement(RemoteWebDriver.java:408)
	at org.openqa.selenium.support.pagefactory.DefaultElementLocator.findElement(DefaultElementLocator.java:59)
	at org.openqa.selenium.support.pagefactory.internal.LocatingElementHandler.invoke(LocatingElementHandler.java:34)
	at com.sun.proxy.$Proxy10.toString(Unknown Source)
	at java.lang.String.valueOf(String.java:2994)
	at java.lang.StringBuilder.append(StringBuilder.java:131)
	at org.openqa.selenium.support.ui.ExpectedConditions$7.toString(ExpectedConditions.java:218)
	at org.openqa.selenium.support.ui.FluentWait.until(FluentWait.java:223)
	at com.wyn.automation.utils.AutomationUtils.waitVisibilityOf(AutomationUtils.java:113)
	at com.wr.automation.rewards.pages.RedeemPage.changeDestination(RedeemPage.java:74)
	at com.wr.automation.rewards.ValidateRedeem.validatingRedeemPage(ValidateRedeem.java:25)
	at sun.reflect.NativeMethodAccessorImpl.invoke0(Native Method)
	at sun.reflect.NativeMethodAccessorImpl.invoke(NativeMethodAccessorImpl.java:62)
	at sun.reflect.DelegatingMethodAccessorImpl.invoke(DelegatingMethodAccessorImpl.java:43)
	at java.lang.reflect.Method.invoke(Method.java:498)
	at org.testng.internal.MethodInvocationHelper.invokeMethod(MethodInvocationHelper.java:80)
	at org.testng.internal.Invoker.invokeMethod(Invoker.java:714)
	at org.testng.internal.Invoker.invokeTestMethod(Invoker.java:901)
	at org.testng.internal.Invoker.invokeTestMethods(Invoker.java:1231)
	at org.testng.internal.TestMethodWorker.invokeTestMethods(TestMethodWorker.java:127)
	at org.testng.internal.TestMethodWorker.run(TestMethodWorker.java:111)
	at org.testng.TestRunner.privateRun(TestRunner.java:767)
	at org.testng.TestRunner.run(TestRunner.java:617)
	at org.testng.SuiteRunner.runTest(SuiteRunner.java:334)
	at org.testng.SuiteRunner.runSequentially(SuiteRunner.java:329)
	at org.testng.SuiteRunner.privateRun(SuiteRunner.java:291)
	at org.testng.SuiteRunner.run(SuiteRunner.java:240)
	at org.testng.SuiteRunnerWorker.runSuite(SuiteRunnerWorker.java:52)
	at org.testng.SuiteRunnerWorker.run(SuiteRunnerWorker.java:86)
	at org.testng.TestNG.runSuitesSequentially(TestNG.java:1198)
	at org.testng.TestNG.runSuitesLocally(TestNG.java:1123)
	at org.testng.TestNG.run(TestNG.java:1031)
	at org.testng.remote.AbstractRemoteTestNG.run(AbstractRemoteTestNG.java:132)
	at org.testng.remote.RemoteTestNG.initAndRun(RemoteTestNG.java:230)
	at org.testng.remote.RemoteTestNG.main(RemoteTestNG.java:76)
</pre></td>
																</tr>
																<tr>
																	<td class='status info' title='info' alt='info'><i class='mdi-action-info-outline'></i></td>
																	<td class='timestamp'>10:50:08</td>
																	<td class='step-details'>ValidateRedeem1517203206809<a href="C:\Automation_28_Dec\wyndham-automation\screenshots\ValidateRedeem1517203206809.png" data-featherlight="image"><img class="report-img" src="file:///C:\Automation_28_Dec\wyndham-automation\screenshots\ValidateRedeem1517203206809.png"></a></td>
																</tr>
														</tbody>
													</table>
													<ul class='collapsible node-list' data-collapsible='accordion'>
													</ul>
												</div>
											</div>
										</li>
										<li class='collection-item test displayed active fail ' extentid='36b09c78-46ff-4ace-977c-9206750b55c9'>
											<div class='test-head'>
												<span class='test-name'>verifyMyReservation </span>
												<span class='test-status label right outline capitalize fail'>fail</span>
												<span class='category-assigned hide '></span>
											</div>
											<div class='test-body'>
												<div class='test-info'>
													<span title='Test started time' alt='Test started time' class='test-started-time label green lighten-1 text-white'>2018-01-29 10:50:18</span>
													<span title='Test ended time' alt='Test ended time' class='test-ended-time label red lighten-1 text-white'>2018-01-29 10:52:50</span>
													<span title='Time taken to finish' alt='Time taken to finish' class='test-time-taken label blue-grey lighten-3 text-white'>0h 2m 32s+0ms</span>
												</div>
												<div class='test-desc'></div>
												<div class='test-attributes'>
												</div>
												<div class='test-steps'>
													<table class='bordered table-results'>
														<thead>
															<tr>
																<th>Status</th>
																<th>Timestamp</th>
																<th>Details</th>
															</tr>
														</thead>
														<tbody>
																<tr>
																	<td class='status info' title='info' alt='info'><i class='mdi-action-info-outline'></i></td>
																	<td class='timestamp'>10:50:24</td>
																	<td class='step-details'>VerifyMyReservation_29 Jan 2018, 10.50.22<a href="C:\Automation_28_Dec\wyndham-automation\screenshots\VerifyMyReservation_29 Jan 2018, 10.50.22.png" data-featherlight="image"><img class="report-img" src="file:///C:\Automation_28_Dec\wyndham-automation\screenshots\VerifyMyReservation_29 Jan 2018, 10.50.22.png"></a> 1.Enter LoginDeatils</td>
																</tr>
																<tr>
																	<td class='status info' title='info' alt='info'><i class='mdi-action-info-outline'></i></td>
																	<td class='timestamp'>10:50:48</td>
																	<td class='step-details'>VerifyMyReservation_29 Jan 2018, 10.50.46<a href="C:\Automation_28_Dec\wyndham-automation\screenshots\VerifyMyReservation_29 Jan 2018, 10.50.46.png" data-featherlight="image"><img class="report-img" src="file:///C:\Automation_28_Dec\wyndham-automation\screenshots\VerifyMyReservation_29 Jan 2018, 10.50.46.png"></a> 2.Click search button in homepage</td>
																</tr>
																<tr>
																	<td class='status info' title='info' alt='info'><i class='mdi-action-info-outline'></i></td>
																	<td class='timestamp'>10:50:55</td>
																	<td class='step-details'>VerifyMyReservation_29 Jan 2018, 10.50.48<a href="C:\Automation_28_Dec\wyndham-automation\screenshots\VerifyMyReservation_29 Jan 2018, 10.50.48.png" data-featherlight="image"><img class="report-img" src="file:///C:\Automation_28_Dec\wyndham-automation\screenshots\VerifyMyReservation_29 Jan 2018, 10.50.48.png"></a> 3. Click first Availabule property in SearchResults page</td>
																</tr>
																<tr>
																	<td class='status info' title='info' alt='info'><i class='mdi-action-info-outline'></i></td>
																	<td class='timestamp'>10:51:09</td>
																	<td class='step-details'>VerifyMyReservation_29 Jan 2018, 10.51.07<a href="C:\Automation_28_Dec\wyndham-automation\screenshots\VerifyMyReservation_29 Jan 2018, 10.51.07.png" data-featherlight="image"><img class="report-img" src="file:///C:\Automation_28_Dec\wyndham-automation\screenshots\VerifyMyReservation_29 Jan 2018, 10.51.07.png"></a> 4.Click Bar+Bonus button in RnR Page</td>
																</tr>
																<tr>
																	<td class='status info' title='info' alt='info'><i class='mdi-action-info-outline'></i></td>
																	<td class='timestamp'>10:51:31</td>
																	<td class='step-details'>VerifyMyReservation_29 Jan 2018, 10.51.29<a href="C:\Automation_28_Dec\wyndham-automation\screenshots\VerifyMyReservation_29 Jan 2018, 10.51.29.png" data-featherlight="image"><img class="report-img" src="file:///C:\Automation_28_Dec\wyndham-automation\screenshots\VerifyMyReservation_29 Jan 2018, 10.51.29.png"></a> 5.Enter the information in Reservation page</td>
																</tr>
																<tr>
																	<td class='status info' title='info' alt='info'><i class='mdi-action-info-outline'></i></td>
																	<td class='timestamp'>10:52:16</td>
																	<td class='step-details'>VerifyMyReservation_29 Jan 2018, 10.52.14<a href="C:\Automation_28_Dec\wyndham-automation\screenshots\VerifyMyReservation_29 Jan 2018, 10.52.14.png" data-featherlight="image"><img class="report-img" src="file:///C:\Automation_28_Dec\wyndham-automation\screenshots\VerifyMyReservation_29 Jan 2018, 10.52.14.png"></a> 6.Get confirmation Number in ConfirmationPage</td>
																</tr>
																<tr>
																	<td class='status info' title='info' alt='info'><i class='mdi-action-info-outline'></i></td>
																	<td class='timestamp'>10:52:23</td>
																	<td class='step-details'>VerifyMyReservation_29 Jan 2018, 10.52.22<a href="C:\Automation_28_Dec\wyndham-automation\screenshots\VerifyMyReservation_29 Jan 2018, 10.52.22.png" data-featherlight="image"><img class="report-img" src="file:///C:\Automation_28_Dec\wyndham-automation\screenshots\VerifyMyReservation_29 Jan 2018, 10.52.22.png"></a> 7.Click MyAccount Link</td>
																</tr>
																<tr>
																	<td class='status info' title='info' alt='info'><i class='mdi-action-info-outline'></i></td>
																	<td class='timestamp'>10:52:44</td>
																	<td class='step-details'>VerifyMyReservation_29 Jan 2018, 10.52.42<a href="C:\Automation_28_Dec\wyndham-automation\screenshots\VerifyMyReservation_29 Jan 2018, 10.52.42.png" data-featherlight="image"><img class="report-img" src="file:///C:\Automation_28_Dec\wyndham-automation\screenshots\VerifyMyReservation_29 Jan 2018, 10.52.42.png"></a> 8.Click MyReservation Link</td>
																</tr>
																<tr>
																	<td class='status fail' title='fail' alt='fail'><i class='mdi-navigation-cancel'></i></td>
																	<td class='timestamp'>10:52:48</td>
																	<td class='step-details'><pre>java.lang.AssertionError: expected [true] but found [false]
	at org.testng.Assert.fail(Assert.java:94)
	at org.testng.Assert.failNotEquals(Assert.java:494)
	at org.testng.Assert.assertTrue(Assert.java:42)
	at org.testng.Assert.assertTrue(Assert.java:52)
	at com.wr.automation.rewards.pages.MyReservation.checkCinfirmationNumber(MyReservation.java:82)
	at com.wr.automation.rewards.VerifyMyReservation.verifyMyReservation(VerifyMyReservation.java:56)
	at sun.reflect.NativeMethodAccessorImpl.invoke0(Native Method)
	at sun.reflect.NativeMethodAccessorImpl.invoke(NativeMethodAccessorImpl.java:62)
	at sun.reflect.DelegatingMethodAccessorImpl.invoke(DelegatingMethodAccessorImpl.java:43)
	at java.lang.reflect.Method.invoke(Method.java:498)
	at org.testng.internal.MethodInvocationHelper.invokeMethod(MethodInvocationHelper.java:80)
	at org.testng.internal.Invoker.invokeMethod(Invoker.java:714)
	at org.testng.internal.Invoker.invokeTestMethod(Invoker.java:901)
	at org.testng.internal.Invoker.invokeTestMethods(Invoker.java:1231)
	at org.testng.internal.TestMethodWorker.invokeTestMethods(TestMethodWorker.java:127)
	at org.testng.internal.TestMethodWorker.run(TestMethodWorker.java:111)
	at org.testng.TestRunner.privateRun(TestRunner.java:767)
	at org.testng.TestRunner.run(TestRunner.java:617)
	at org.testng.SuiteRunner.runTest(SuiteRunner.java:334)
	at org.testng.SuiteRunner.runSequentially(SuiteRunner.java:329)
	at org.testng.SuiteRunner.privateRun(SuiteRunner.java:291)
	at org.testng.SuiteRunner.run(SuiteRunner.java:240)
	at org.testng.SuiteRunnerWorker.runSuite(SuiteRunnerWorker.java:52)
	at org.testng.SuiteRunnerWorker.run(SuiteRunnerWorker.java:86)
	at org.testng.TestNG.runSuitesSequentially(TestNG.java:1198)
	at org.testng.TestNG.runSuitesLocally(TestNG.java:1123)
	at org.testng.TestNG.run(TestNG.java:1031)
	at org.testng.remote.AbstractRemoteTestNG.run(AbstractRemoteTestNG.java:132)
	at org.testng.remote.RemoteTestNG.initAndRun(RemoteTestNG.java:230)
	at org.testng.remote.RemoteTestNG.main(RemoteTestNG.java:76)
</pre></td>
																</tr>
																<tr>
																	<td class='status info' title='info' alt='info'><i class='mdi-action-info-outline'></i></td>
																	<td class='timestamp'>10:52:50</td>
																	<td class='step-details'>VerifyMyReservation1517203368482<a href="C:\Automation_28_Dec\wyndham-automation\screenshots\VerifyMyReservation1517203368482.png" data-featherlight="image"><img class="report-img" src="file:///C:\Automation_28_Dec\wyndham-automation\screenshots\VerifyMyReservation1517203368482.png"></a></td>
																</tr>
														</tbody>
													</table>
													<ul class='collapsible node-list' data-collapsible='accordion'>
													</ul>
												</div>
											</div>
										</li>
										<li class='collection-item test displayed active pass ' extentid='4f6c9f19-aaa7-4bc6-bc3c-cbdeaa044f45'>
											<div class='test-head'>
												<span class='test-name'>verifyQuickLinks </span>
												<span class='test-status label right outline capitalize pass'>pass</span>
												<span class='category-assigned hide '></span>
											</div>
											<div class='test-body'>
												<div class='test-info'>
													<span title='Test started time' alt='Test started time' class='test-started-time label green lighten-1 text-white'>2018-01-29 10:53:02</span>
													<span title='Test ended time' alt='Test ended time' class='test-ended-time label red lighten-1 text-white'>2018-01-29 10:59:32</span>
													<span title='Time taken to finish' alt='Time taken to finish' class='test-time-taken label blue-grey lighten-3 text-white'>0h 6m 30s+0ms</span>
												</div>
												<div class='test-desc'></div>
												<div class='test-attributes'>
												</div>
												<div class='test-steps'>
													<table class='bordered table-results'>
														<thead>
															<tr>
																<th>Status</th>
																<th>Timestamp</th>
																<th>Details</th>
															</tr>
														</thead>
														<tbody>
																<tr>
																	<td class='status info' title='info' alt='info'><i class='mdi-action-info-outline'></i></td>
																	<td class='timestamp'>10:53:10</td>
																	<td class='step-details'>VerifyQuickLinksScenario_29 Jan 2018, 10.53.06<a href="C:\Automation_28_Dec\wyndham-automation\screenshots\VerifyQuickLinksScenario_29 Jan 2018, 10.53.06.png" data-featherlight="image"><img class="report-img" src="file:///C:\Automation_28_Dec\wyndham-automation\screenshots\VerifyQuickLinksScenario_29 Jan 2018, 10.53.06.png"></a> 1.Click SignIn</td>
																</tr>
																<tr>
																	<td class='status info' title='info' alt='info'><i class='mdi-action-info-outline'></i></td>
																	<td class='timestamp'>10:53:13</td>
																	<td class='step-details'>VerifyQuickLinksScenario_29 Jan 2018, 10.53.11<a href="C:\Automation_28_Dec\wyndham-automation\screenshots\VerifyQuickLinksScenario_29 Jan 2018, 10.53.11.png" data-featherlight="image"><img class="report-img" src="file:///C:\Automation_28_Dec\wyndham-automation\screenshots\VerifyQuickLinksScenario_29 Jan 2018, 10.53.11.png"></a> 2.Enter Security Question</td>
																</tr>
																<tr>
																	<td class='status info' title='info' alt='info'><i class='mdi-action-info-outline'></i></td>
																	<td class='timestamp'>10:53:17</td>
																	<td class='step-details'>VerifyQuickLinksScenario_29 Jan 2018, 10.53.16<a href="C:\Automation_28_Dec\wyndham-automation\screenshots\VerifyQuickLinksScenario_29 Jan 2018, 10.53.16.png" data-featherlight="image"><img class="report-img" src="file:///C:\Automation_28_Dec\wyndham-automation\screenshots\VerifyQuickLinksScenario_29 Jan 2018, 10.53.16.png"></a> 3.Click MyAccount</td>
																</tr>
																<tr>
																	<td class='status info' title='info' alt='info'><i class='mdi-action-info-outline'></i></td>
																	<td class='timestamp'>10:53:35</td>
																	<td class='step-details'>VerifyQuickLinksScenario_29 Jan 2018, 10.53.33<a href="C:\Automation_28_Dec\wyndham-automation\screenshots\VerifyQuickLinksScenario_29 Jan 2018, 10.53.33.png" data-featherlight="image"><img class="report-img" src="file:///C:\Automation_28_Dec\wyndham-automation\screenshots\VerifyQuickLinksScenario_29 Jan 2018, 10.53.33.png"></a> 4.VerifyQuick Links</td>
																</tr>
																<tr>
																	<td class='status pass' title='pass' alt='pass'><i class='mdi-action-check-circle'></i></td>
																	<td class='timestamp'>10:59:30</td>
																	<td class='step-details'>Test passed</td>
																</tr>
																<tr>
																	<td class='status info' title='info' alt='info'><i class='mdi-action-info-outline'></i></td>
																	<td class='timestamp'>10:59:32</td>
																	<td class='step-details'>VerifyQuickLinksScenario1517203770737<a href="C:\Automation_28_Dec\wyndham-automation\screenshots\VerifyQuickLinksScenario1517203770737.png" data-featherlight="image"><img class="report-img" src="file:///C:\Automation_28_Dec\wyndham-automation\screenshots\VerifyQuickLinksScenario1517203770737.png"></a></td>
																</tr>
														</tbody>
													</table>
													<ul class='collapsible node-list' data-collapsible='accordion'>
													</ul>
												</div>
											</div>
										</li>
										<li class='collection-item test displayed active pass ' extentid='ce23ac24-2b1b-4dc7-9144-1f84c923ba1b'>
											<div class='test-head'>
												<span class='test-name'>TC_01 </span>
												<span class='test-status label right outline capitalize pass'>pass</span>
												<span class='category-assigned hide '></span>
											</div>
											<div class='test-body'>
												<div class='test-info'>
													<span title='Test started time' alt='Test started time' class='test-started-time label green lighten-1 text-white'>2018-01-29 10:59:43</span>
													<span title='Test ended time' alt='Test ended time' class='test-ended-time label red lighten-1 text-white'>2018-01-29 11:01:21</span>
													<span title='Time taken to finish' alt='Time taken to finish' class='test-time-taken label blue-grey lighten-3 text-white'>0h 1m 38s+0ms</span>
												</div>
												<div class='test-desc'></div>
												<div class='test-attributes'>
												</div>
												<div class='test-steps'>
													<table class='bordered table-results'>
														<thead>
															<tr>
																<th>Status</th>
																<th>Timestamp</th>
																<th>Details</th>
															</tr>
														</thead>
														<tbody>
																<tr>
																	<td class='status info' title='info' alt='info'><i class='mdi-action-info-outline'></i></td>
																	<td class='timestamp'>10:59:52</td>
																	<td class='step-details'>WrHomePageBooking_29 Jan 2018, 10.59.51<a href="C:\Automation_28_Dec\wyndham-automation\screenshots\WrHomePageBooking_29 Jan 2018, 10.59.51.png" data-featherlight="image"><img class="report-img" src="file:///C:\Automation_28_Dec\wyndham-automation\screenshots\WrHomePageBooking_29 Jan 2018, 10.59.51.png"></a> 1.Click search button in homepage</td>
																</tr>
																<tr>
																	<td class='status info' title='info' alt='info'><i class='mdi-action-info-outline'></i></td>
																	<td class='timestamp'>10:59:58</td>
																	<td class='step-details'>WrHomePageBooking_29 Jan 2018, 10.59.53<a href="C:\Automation_28_Dec\wyndham-automation\screenshots\WrHomePageBooking_29 Jan 2018, 10.59.53.png" data-featherlight="image"><img class="report-img" src="file:///C:\Automation_28_Dec\wyndham-automation\screenshots\WrHomePageBooking_29 Jan 2018, 10.59.53.png"></a> 2. Click first Availabule property in SearchResults page</td>
																</tr>
																<tr>
																	<td class='status info' title='info' alt='info'><i class='mdi-action-info-outline'></i></td>
																	<td class='timestamp'>11:00:12</td>
																	<td class='step-details'>WrHomePageBooking_29 Jan 2018, 11.00.11<a href="C:\Automation_28_Dec\wyndham-automation\screenshots\WrHomePageBooking_29 Jan 2018, 11.00.11.png" data-featherlight="image"><img class="report-img" src="file:///C:\Automation_28_Dec\wyndham-automation\screenshots\WrHomePageBooking_29 Jan 2018, 11.00.11.png"></a> 3.Click Bar+Bonus button in RnR Page</td>
																</tr>
																<tr>
																	<td class='status info' title='info' alt='info'><i class='mdi-action-info-outline'></i></td>
																	<td class='timestamp'>11:00:34</td>
																	<td class='step-details'>WrHomePageBooking_29 Jan 2018, 11.00.32<a href="C:\Automation_28_Dec\wyndham-automation\screenshots\WrHomePageBooking_29 Jan 2018, 11.00.32.png" data-featherlight="image"><img class="report-img" src="file:///C:\Automation_28_Dec\wyndham-automation\screenshots\WrHomePageBooking_29 Jan 2018, 11.00.32.png"></a> 4.Enter the information in Reservation page</td>
																</tr>
																<tr>
																	<td class='status pass' title='pass' alt='pass'><i class='mdi-action-check-circle'></i></td>
																	<td class='timestamp'>11:01:20</td>
																	<td class='step-details'>Test passed</td>
																</tr>
																<tr>
																	<td class='status info' title='info' alt='info'><i class='mdi-action-info-outline'></i></td>
																	<td class='timestamp'>11:01:21</td>
																	<td class='step-details'>WrHomePageBooking1517203880370<a href="C:\Automation_28_Dec\wyndham-automation\screenshots\WrHomePageBooking1517203880370.png" data-featherlight="image"><img class="report-img" src="file:///C:\Automation_28_Dec\wyndham-automation\screenshots\WrHomePageBooking1517203880370.png"></a></td>
																</tr>
														</tbody>
													</table>
													<ul class='collapsible node-list' data-collapsible='accordion'>
													</ul>
												</div>
											</div>
										</li>
										<li class='collection-item test displayed active pass ' extentid='7b7fe26a-056d-43f9-bae3-8e8a1ada988e'>
											<div class='test-head'>
												<span class='test-name'>TC_01 </span>
												<span class='test-status label right outline capitalize pass'>pass</span>
												<span class='category-assigned hide '></span>
											</div>
											<div class='test-body'>
												<div class='test-info'>
													<span title='Test started time' alt='Test started time' class='test-started-time label green lighten-1 text-white'>2018-01-29 11:01:31</span>
													<span title='Test ended time' alt='Test ended time' class='test-ended-time label red lighten-1 text-white'>2018-01-29 11:03:12</span>
													<span title='Time taken to finish' alt='Time taken to finish' class='test-time-taken label blue-grey lighten-3 text-white'>0h 1m 41s+0ms</span>
												</div>
												<div class='test-desc'></div>
												<div class='test-attributes'>
												</div>
												<div class='test-steps'>
													<table class='bordered table-results'>
														<thead>
															<tr>
																<th>Status</th>
																<th>Timestamp</th>
																<th>Details</th>
															</tr>
														</thead>
														<tbody>
																<tr>
																	<td class='status info' title='info' alt='info'><i class='mdi-action-info-outline'></i></td>
																	<td class='timestamp'>11:01:44</td>
																	<td class='step-details'>BookingWorkflow_29 Jan 2018, 11.01.42<a href="C:\Automation_28_Dec\wyndham-automation\screenshots\BookingWorkflow_29 Jan 2018, 11.01.42.png" data-featherlight="image"><img class="report-img" src="file:///C:\Automation_28_Dec\wyndham-automation\screenshots\BookingWorkflow_29 Jan 2018, 11.01.42.png"></a> 1.Click search button in homepage</td>
																</tr>
																<tr>
																	<td class='status info' title='info' alt='info'><i class='mdi-action-info-outline'></i></td>
																	<td class='timestamp'>11:01:50</td>
																	<td class='step-details'>BookingWorkflow_29 Jan 2018, 11.01.45<a href="C:\Automation_28_Dec\wyndham-automation\screenshots\BookingWorkflow_29 Jan 2018, 11.01.45.png" data-featherlight="image"><img class="report-img" src="file:///C:\Automation_28_Dec\wyndham-automation\screenshots\BookingWorkflow_29 Jan 2018, 11.01.45.png"></a> 2. Click first Availabule property in SearchResults page</td>
																</tr>
																<tr>
																	<td class='status info' title='info' alt='info'><i class='mdi-action-info-outline'></i></td>
																	<td class='timestamp'>11:02:03</td>
																	<td class='step-details'>BookingWorkflow_29 Jan 2018, 11.02.01<a href="C:\Automation_28_Dec\wyndham-automation\screenshots\BookingWorkflow_29 Jan 2018, 11.02.01.png" data-featherlight="image"><img class="report-img" src="file:///C:\Automation_28_Dec\wyndham-automation\screenshots\BookingWorkflow_29 Jan 2018, 11.02.01.png"></a> 3.Click Bar+Bonus button in RnR Page</td>
																</tr>
																<tr>
																	<td class='status info' title='info' alt='info'><i class='mdi-action-info-outline'></i></td>
																	<td class='timestamp'>11:02:21</td>
																	<td class='step-details'>BookingWorkflow_29 Jan 2018, 11.02.19<a href="C:\Automation_28_Dec\wyndham-automation\screenshots\BookingWorkflow_29 Jan 2018, 11.02.19.png" data-featherlight="image"><img class="report-img" src="file:///C:\Automation_28_Dec\wyndham-automation\screenshots\BookingWorkflow_29 Jan 2018, 11.02.19.png"></a> 4.Enter the information in Reservation page</td>
																</tr>
																<tr>
																	<td class='status info' title='info' alt='info'><i class='mdi-action-info-outline'></i></td>
																	<td class='timestamp'>11:03:01</td>
																	<td class='step-details'>BookingWorkflow_29 Jan 2018, 11.02.59<a href="C:\Automation_28_Dec\wyndham-automation\screenshots\BookingWorkflow_29 Jan 2018, 11.02.59.png" data-featherlight="image"><img class="report-img" src="file:///C:\Automation_28_Dec\wyndham-automation\screenshots\BookingWorkflow_29 Jan 2018, 11.02.59.png"></a> 5.Completed the reservation in Confirmation page</td>
																</tr>
																<tr>
																	<td class='status info' title='info' alt='info'><i class='mdi-action-info-outline'></i></td>
																	<td class='timestamp'>11:03:05</td>
																	<td class='step-details'>BookingWorkflow_29 Jan 2018, 11.03.03<a href="C:\Automation_28_Dec\wyndham-automation\screenshots\BookingWorkflow_29 Jan 2018, 11.03.03.png" data-featherlight="image"><img class="report-img" src="file:///C:\Automation_28_Dec\wyndham-automation\screenshots\BookingWorkflow_29 Jan 2018, 11.03.03.png"></a> 6.Cancelled the reservation in Cancellation page</td>
																</tr>
																<tr>
																	<td class='status pass' title='pass' alt='pass'><i class='mdi-action-check-circle'></i></td>
																	<td class='timestamp'>11:03:10</td>
																	<td class='step-details'>Test passed</td>
																</tr>
																<tr>
																	<td class='status info' title='info' alt='info'><i class='mdi-action-info-outline'></i></td>
																	<td class='timestamp'>11:03:12</td>
																	<td class='step-details'>BookingWorkflow1517203990517<a href="C:\Automation_28_Dec\wyndham-automation\screenshots\BookingWorkflow1517203990517.png" data-featherlight="image"><img class="report-img" src="file:///C:\Automation_28_Dec\wyndham-automation\screenshots\BookingWorkflow1517203990517.png"></a></td>
																</tr>
														</tbody>
													</table>
													<ul class='collapsible node-list' data-collapsible='accordion'>
													</ul>
												</div>
											</div>
										</li>
										<li class='collection-item test displayed active pass ' extentid='ab521a3c-5346-4bf7-8941-f7a370efae55'>
											<div class='test-head'>
												<span class='test-name'>TC_02 </span>
												<span class='test-status label right outline capitalize pass'>pass</span>
												<span class='category-assigned hide '></span>
											</div>
											<div class='test-body'>
												<div class='test-info'>
													<span title='Test started time' alt='Test started time' class='test-started-time label green lighten-1 text-white'>2018-01-29 11:03:40</span>
													<span title='Test ended time' alt='Test ended time' class='test-ended-time label red lighten-1 text-white'>2018-01-29 11:05:49</span>
													<span title='Time taken to finish' alt='Time taken to finish' class='test-time-taken label blue-grey lighten-3 text-white'>0h 2m 9s+0ms</span>
												</div>
												<div class='test-desc'></div>
												<div class='test-attributes'>
												</div>
												<div class='test-steps'>
													<table class='bordered table-results'>
														<thead>
															<tr>
																<th>Status</th>
																<th>Timestamp</th>
																<th>Details</th>
															</tr>
														</thead>
														<tbody>
																<tr>
																	<td class='status info' title='info' alt='info'><i class='mdi-action-info-outline'></i></td>
																	<td class='timestamp'>11:03:53</td>
																	<td class='step-details'>RetrieveReservation_29 Jan 2018, 11.03.51<a href="C:\Automation_28_Dec\wyndham-automation\screenshots\RetrieveReservation_29 Jan 2018, 11.03.51.png" data-featherlight="image"><img class="report-img" src="file:///C:\Automation_28_Dec\wyndham-automation\screenshots\RetrieveReservation_29 Jan 2018, 11.03.51.png"></a> 2. Click first Availabule property in SearchResults page</td>
																</tr>
																<tr>
																	<td class='status info' title='info' alt='info'><i class='mdi-action-info-outline'></i></td>
																	<td class='timestamp'>11:03:59</td>
																	<td class='step-details'>RetrieveReservation_29 Jan 2018, 11.03.57<a href="C:\Automation_28_Dec\wyndham-automation\screenshots\RetrieveReservation_29 Jan 2018, 11.03.57.png" data-featherlight="image"><img class="report-img" src="file:///C:\Automation_28_Dec\wyndham-automation\screenshots\RetrieveReservation_29 Jan 2018, 11.03.57.png"></a> 2.Click first available button in Search Resultspage</td>
																</tr>
																<tr>
																	<td class='status info' title='info' alt='info'><i class='mdi-action-info-outline'></i></td>
																	<td class='timestamp'>11:04:06</td>
																	<td class='step-details'>RetrieveReservation_29 Jan 2018, 11.04.05<a href="C:\Automation_28_Dec\wyndham-automation\screenshots\RetrieveReservation_29 Jan 2018, 11.04.05.png" data-featherlight="image"><img class="report-img" src="file:///C:\Automation_28_Dec\wyndham-automation\screenshots\RetrieveReservation_29 Jan 2018, 11.04.05.png"></a> 3.Click Bar+Bonus button in RnR page</td>
																</tr>
																<tr>
																	<td class='status info' title='info' alt='info'><i class='mdi-action-info-outline'></i></td>
																	<td class='timestamp'>11:04:29</td>
																	<td class='step-details'>RetrieveReservation_29 Jan 2018, 11.04.27<a href="C:\Automation_28_Dec\wyndham-automation\screenshots\RetrieveReservation_29 Jan 2018, 11.04.27.png" data-featherlight="image"><img class="report-img" src="file:///C:\Automation_28_Dec\wyndham-automation\screenshots\RetrieveReservation_29 Jan 2018, 11.04.27.png"></a> 4.Enter the reservation details in Reservation page</td>
																</tr>
																<tr>
																	<td class='status info' title='info' alt='info'><i class='mdi-action-info-outline'></i></td>
																	<td class='timestamp'>11:05:12</td>
																	<td class='step-details'>RetrieveReservation_29 Jan 2018, 11.05.11<a href="C:\Automation_28_Dec\wyndham-automation\screenshots\RetrieveReservation_29 Jan 2018, 11.05.11.png" data-featherlight="image"><img class="report-img" src="file:///C:\Automation_28_Dec\wyndham-automation\screenshots\RetrieveReservation_29 Jan 2018, 11.05.11.png"></a> 5.Complete the booking</td>
																</tr>
																<tr>
																	<td class='status info' title='info' alt='info'><i class='mdi-action-info-outline'></i></td>
																	<td class='timestamp'>11:05:27</td>
																	<td class='step-details'>RetrieveReservation_29 Jan 2018, 11.05.25<a href="C:\Automation_28_Dec\wyndham-automation\screenshots\RetrieveReservation_29 Jan 2018, 11.05.25.png" data-featherlight="image"><img class="report-img" src="file:///C:\Automation_28_Dec\wyndham-automation\screenshots\RetrieveReservation_29 Jan 2018, 11.05.25.png"></a> 6.Booking Cancelled in find Reservation page</td>
																</tr>
																<tr>
																	<td class='status info' title='info' alt='info'><i class='mdi-action-info-outline'></i></td>
																	<td class='timestamp'>11:05:33</td>
																	<td class='step-details'>RetrieveReservation1517204132108<a href="C:\Automation_28_Dec\wyndham-automation\screenshots\RetrieveReservation1517204132108.png" data-featherlight="image"><img class="report-img" src="file:///C:\Automation_28_Dec\wyndham-automation\screenshots\RetrieveReservation1517204132108.png"></a></td>
																</tr>
																<tr>
																	<td class='status info' title='info' alt='info'><i class='mdi-action-info-outline'></i></td>
																	<td class='timestamp'>11:05:35</td>
																	<td class='step-details'>RetrieveReservation_29 Jan 2018, 11.05.33<a href="C:\Automation_28_Dec\wyndham-automation\screenshots\RetrieveReservation_29 Jan 2018, 11.05.33.png" data-featherlight="image"><img class="report-img" src="file:///C:\Automation_28_Dec\wyndham-automation\screenshots\RetrieveReservation_29 Jan 2018, 11.05.33.png"></a> 7.Cancelled the reservation in Cancellation page</td>
																</tr>
																<tr>
																	<td class='status pass' title='pass' alt='pass'><i class='mdi-action-check-circle'></i></td>
																	<td class='timestamp'>11:05:48</td>
																	<td class='step-details'>Test passed</td>
																</tr>
																<tr>
																	<td class='status info' title='info' alt='info'><i class='mdi-action-info-outline'></i></td>
																	<td class='timestamp'>11:05:49</td>
																	<td class='step-details'>RetrieveReservation1517204148168<a href="C:\Automation_28_Dec\wyndham-automation\screenshots\RetrieveReservation1517204148168.png" data-featherlight="image"><img class="report-img" src="file:///C:\Automation_28_Dec\wyndham-automation\screenshots\RetrieveReservation1517204148168.png"></a></td>
																</tr>
														</tbody>
													</table>
													<ul class='collapsible node-list' data-collapsible='accordion'>
													</ul>
												</div>
											</div>
										</li>
										<li class='collection-item test displayed active pass ' extentid='65b53d11-95e7-4487-9493-953ff9b495a8'>
											<div class='test-head'>
												<span class='test-name'>ContactUs </span>
												<span class='test-status label right outline capitalize pass'>pass</span>
												<span class='category-assigned hide '></span>
											</div>
											<div class='test-body'>
												<div class='test-info'>
													<span title='Test started time' alt='Test started time' class='test-started-time label green lighten-1 text-white'>2018-01-29 11:06:10</span>
													<span title='Test ended time' alt='Test ended time' class='test-ended-time label red lighten-1 text-white'>2018-01-29 11:08:09</span>
													<span title='Time taken to finish' alt='Time taken to finish' class='test-time-taken label blue-grey lighten-3 text-white'>0h 1m 59s+0ms</span>
												</div>
												<div class='test-desc'></div>
												<div class='test-attributes'>
												</div>
												<div class='test-steps'>
													<table class='bordered table-results'>
														<thead>
															<tr>
																<th>Status</th>
																<th>Timestamp</th>
																<th>Details</th>
															</tr>
														</thead>
														<tbody>
																<tr>
																	<td class='status info' title='info' alt='info'><i class='mdi-action-info-outline'></i></td>
																	<td class='timestamp'>11:06:16</td>
																	<td class='step-details'>ContactUsForm_29 Jan 2018, 11.06.14<a href="C:\Automation_28_Dec\wyndham-automation\screenshots\ContactUsForm_29 Jan 2018, 11.06.14.png" data-featherlight="image"><img class="report-img" src="file:///C:\Automation_28_Dec\wyndham-automation\screenshots\ContactUsForm_29 Jan 2018, 11.06.14.png"></a> 1.Click contactUsForm</td>
																</tr>
																<tr>
																	<td class='status info' title='info' alt='info'><i class='mdi-action-info-outline'></i></td>
																	<td class='timestamp'>11:06:27</td>
																	<td class='step-details'>ContactUsForm_29 Jan 2018, 11.06.25<a href="C:\Automation_28_Dec\wyndham-automation\screenshots\ContactUsForm_29 Jan 2018, 11.06.25.png" data-featherlight="image"><img class="report-img" src="file:///C:\Automation_28_Dec\wyndham-automation\screenshots\ContactUsForm_29 Jan 2018, 11.06.25.png"></a> 2.Enter General form details</td>
																</tr>
																<tr>
																	<td class='status info' title='info' alt='info'><i class='mdi-action-info-outline'></i></td>
																	<td class='timestamp'>11:06:55</td>
																	<td class='step-details'>ContactUsForm_29 Jan 2018, 11.06.54<a href="C:\Automation_28_Dec\wyndham-automation\screenshots\ContactUsForm_29 Jan 2018, 11.06.54.png" data-featherlight="image"><img class="report-img" src="file:///C:\Automation_28_Dec\wyndham-automation\screenshots\ContactUsForm_29 Jan 2018, 11.06.54.png"></a> 3.Enter Best Rate Claim form details</td>
																</tr>
																<tr>
																	<td class='status info' title='info' alt='info'><i class='mdi-action-info-outline'></i></td>
																	<td class='timestamp'>11:07:31</td>
																	<td class='step-details'>ContactUsForm_29 Jan 2018, 11.07.30<a href="C:\Automation_28_Dec\wyndham-automation\screenshots\ContactUsForm_29 Jan 2018, 11.07.30.png" data-featherlight="image"><img class="report-img" src="file:///C:\Automation_28_Dec\wyndham-automation\screenshots\ContactUsForm_29 Jan 2018, 11.07.30.png"></a> 4.Enter CorporateAccount Request form details</td>
																</tr>
																<tr>
																	<td class='status pass' title='pass' alt='pass'><i class='mdi-action-check-circle'></i></td>
																	<td class='timestamp'>11:08:08</td>
																	<td class='step-details'>Test passed</td>
																</tr>
																<tr>
																	<td class='status info' title='info' alt='info'><i class='mdi-action-info-outline'></i></td>
																	<td class='timestamp'>11:08:09</td>
																	<td class='step-details'>ContactUsForm1517204288009<a href="C:\Automation_28_Dec\wyndham-automation\screenshots\ContactUsForm1517204288009.png" data-featherlight="image"><img class="report-img" src="file:///C:\Automation_28_Dec\wyndham-automation\screenshots\ContactUsForm1517204288009.png"></a></td>
																</tr>
														</tbody>
													</table>
													<ul class='collapsible node-list' data-collapsible='accordion'>
													</ul>
												</div>
											</div>
										</li>
										<li class='collection-item test displayed active pass ' extentid='2c7fa874-9d20-4c9c-bee1-c268d4cec8ca'>
											<div class='test-head'>
												<span class='test-name'>LoginTest </span>
												<span class='test-status label right outline capitalize pass'>pass</span>
												<span class='category-assigned hide '></span>
											</div>
											<div class='test-body'>
												<div class='test-info'>
													<span title='Test started time' alt='Test started time' class='test-started-time label green lighten-1 text-white'>2018-01-29 12:21:27</span>
													<span title='Test ended time' alt='Test ended time' class='test-ended-time label red lighten-1 text-white'>2018-01-29 12:22:11</span>
													<span title='Time taken to finish' alt='Time taken to finish' class='test-time-taken label blue-grey lighten-3 text-white'>0h 0m 43s+811ms</span>
												</div>
												<div class='test-desc'></div>
												<div class='test-attributes'>
												</div>
												<div class='test-steps'>
													<table class='bordered table-results'>
														<thead>
															<tr>
																<th>Status</th>
																<th>Timestamp</th>
																<th>Details</th>
															</tr>
														</thead>
														<tbody>
																<tr>
																	<td class='status info' title='info' alt='info'><i class='mdi-action-info-outline'></i></td>
																	<td class='timestamp'>12:21:43</td>
																	<td class='step-details'>LoginFunctionality_29 Jan 2018, 12.21.41<a href='C:\Automation_28_Dec\wyndham-automation\screenshots\LoginFunctionality_29 Jan 2018, 12.21.41.png' data-featherlight='image'><img class='report-img' src='file:///C:\Automation_28_Dec\wyndham-automation\screenshots\LoginFunctionality_29 Jan 2018, 12.21.41.png' /></a> 1.Login with valid credentails in HomePage</td>
																</tr>
																<tr>
																	<td class='status pass' title='pass' alt='pass'><i class='mdi-action-check-circle'></i></td>
																	<td class='timestamp'>12:22:09</td>
																	<td class='step-details'>Test passed</td>
																</tr>
																<tr>
																	<td class='status info' title='info' alt='info'><i class='mdi-action-info-outline'></i></td>
																	<td class='timestamp'>12:22:11</td>
																	<td class='step-details'>LoginFunctionality1517208729185<a href='C:\Automation_28_Dec\wyndham-automation\screenshots\LoginFunctionality1517208729185.png' data-featherlight='image'><img class='report-img' src='file:///C:\Automation_28_Dec\wyndham-automation\screenshots\LoginFunctionality1517208729185.png' /></a></td>
																</tr>
														</tbody>
													</table>
													<ul class='collapsible node-list' data-collapsible='accordion'>
													</ul>
												</div>
											</div>
										</li>
								</ul>
							</div>
						</div>
					</div>
				</div>
				<div id='test-details-wrapper' class='col _addedCell2'>
					<div class='contents'>
						<div class='card-panel details-view'>
							<h5 class='details-name'></h5>
							<div class='step-filters right'>
								<span class='btn-floating btn-small waves-effect waves-light blue' status='info' alt='info' title='info'><i class='mdi-action-info-outline'></i></span>
								<span class='btn-floating btn-small waves-effect waves-light green' status='pass' alt='pass' title='pass'><i class='mdi-action-check-circle'></i></span>
								<span class='btn-floating btn-small waves-effect waves-light red' status='fail' alt='fail' title='fail'><i class='mdi-navigation-cancel'></i></span>
								<span class='btn-floating btn-small waves-effect waves-light red darken-4' status='fatal' alt='fatal' title='fatal'><i class='mdi-navigation-cancel'></i></span>
								<span class='btn-floating btn-small waves-effect waves-light red lighten-2' status='error' alt='error' title='error'><i class='mdi-alert-error'></i></span>
								<span class='btn-floating btn-small waves-effect waves-light orange' alt='warning' status='warning' title='warning'><i class='mdi-alert-warning'></i></span>
								<span class='btn-floating btn-small waves-effect waves-light cyan' status='skip' alt='skip' title='skip'><i class='mdi-content-redo'></i></span>
								<span class='btn-floating btn-small waves-effect waves-light grey darken-2' status='clear-step-filter' alt='Clear filters' title='Clear filters'><i class='mdi-content-clear'></i></span>
							</div>
							<div class='details-container'>
							</div>
						</div>
					</div>
				</div>
			</div>
			<!-- /tests -->
			
			<!-- categories -->
			<!-- /categories -->
			
			<!-- exceptions -->
				<div id='exceptions-view' class='row _addedTable hide'>
					<div class='col _addedCell1'>
						<div class='contents'>
							<div class='card-panel heading'>
								<h5>Defects</h5>
							</div>
							<div class='card-panel filters'>
								<div class='search' alt='Search tests' title='Search tests'>
									<div class='input-field left'>
										<input id='searchTests' type='text' class='validate' placeholder='Search tests...'>
									</div>
									<a href="#" class='btn-floating btn-small waves-effect waves-light blue lighten-1'>
										<i class='mdi-action-search'></i>
									</a>
								</div>
							</div>
							<div class='card-panel no-padding-h no-padding-v'>
								<div class='wrapper'>
									<ul id='exception-collection' class='exception-collection'>
											<li class='exception-item displayed'>
												<div class='exception-head'>
													<span class='exception-name'>java.lang.AssertionError</span>
												</div>
												<div class='exception-test-count'>
													<span class='fail label'>1</span>
												</div>
												<div class='exception-body'>
													<div class='exception-tests'>
														<table class='bordered'>
															<thead>
																<tr>
																	<th>RunDate</th>
																	<th>Test Name</th>
																	<th>Exception</th>
																</tr>
															</thead>
															<tbody>
                                                                   <tr class='fail'>
                                                                       <td>2018-01-29 10:50:18</td>
                                                                       <td><span class='exception-link linked' extentid='36b09c78-46ff-4ace-977c-9206750b55c9'>verifyMyReservation</span></td>
                                                                       <td><pre class='exception-message'>java.lang.AssertionError: expected [true] but found [false]
	at org.testng.Assert.fail(Assert.java:94)
	at org.testng.Assert.failNotEquals(Assert.java:494)
	at org.testng.Assert.assertTrue(Assert.java:42)
	at org.testng.Assert.assertTrue(Assert.java:52)
	at com.wr.automation.rewards.pages.MyReservation.checkCinfirmationNumber(MyReservation.java:82)
	at com.wr.automation.rewards.VerifyMyReservation.verifyMyReservation(VerifyMyReservation.java:56)
	at sun.reflect.NativeMethodAccessorImpl.invoke0(Native Method)
	at sun.reflect.NativeMethodAccessorImpl.invoke(NativeMethodAccessorImpl.java:62)
	at sun.reflect.DelegatingMethodAccessorImpl.invoke(DelegatingMethodAccessorImpl.java:43)
	at java.lang.reflect.Method.invoke(Method.java:498)
	at org.testng.internal.MethodInvocationHelper.invokeMethod(MethodInvocationHelper.java:80)
	at org.testng.internal.Invoker.invokeMethod(Invoker.java:714)
	at org.testng.internal.Invoker.invokeTestMethod(Invoker.java:901)
	at org.testng.internal.Invoker.invokeTestMethods(Invoker.java:1231)
	at org.testng.internal.TestMethodWorker.invokeTestMethods(TestMethodWorker.java:127)
	at org.testng.internal.TestMethodWorker.run(TestMethodWorker.java:111)
	at org.testng.TestRunner.privateRun(TestRunner.java:767)
	at org.testng.TestRunner.run(TestRunner.java:617)
	at org.testng.SuiteRunner.runTest(SuiteRunner.java:334)
	at org.testng.SuiteRunner.runSequentially(SuiteRunner.java:329)
	at org.testng.SuiteRunner.privateRun(SuiteRunner.java:291)
	at org.testng.SuiteRunner.run(SuiteRunner.java:240)
	at org.testng.SuiteRunnerWorker.runSuite(SuiteRunnerWorker.java:52)
	at org.testng.SuiteRunnerWorker.run(SuiteRunnerWorker.java:86)
	at org.testng.TestNG.runSuitesSequentially(TestNG.java:1198)
	at org.testng.TestNG.runSuitesLocally(TestNG.java:1123)
	at org.testng.TestNG.run(TestNG.java:1031)
	at org.testng.remote.AbstractRemoteTestNG.run(AbstractRemoteTestNG.java:132)
	at org.testng.remote.RemoteTestNG.initAndRun(RemoteTestNG.java:230)
	at org.testng.remote.RemoteTestNG.main(RemoteTestNG.java:76)</pre></td>
                                                                   </tr>
                                                            </tbody>
														</table>
													</div>
												</div> 
											</li>
											<li class='exception-item displayed'>
												<div class='exception-head'>
													<span class='exception-name'>org.openqa.selenium.NoSuchElementException</span>
												</div>
												<div class='exception-test-count'>
													<span class='fail label'>3</span>
												</div>
												<div class='exception-body'>
													<div class='exception-tests'>
														<table class='bordered'>
															<thead>
																<tr>
																	<th>RunDate</th>
																	<th>Test Name</th>
																	<th>Exception</th>
																</tr>
															</thead>
															<tbody>
                                                                   <tr class='fail'>
                                                                       <td>2018-01-29 10:42:06</td>
                                                                       <td><span class='exception-link linked' extentid='41bba5d8-c896-4bcd-b973-fec277471329'>contactUsFormWithLogin</span></td>
                                                                       <td><pre class='exception-message'>org.openqa.selenium.NoSuchElementException: Cannot locate element with text: America Inn
For documentation on this error, please visit: http://seleniumhq.org/exceptions/no_such_element.html
Build info: version: '3.5.3', revision: 'a88d25fe6b', time: '2017-08-29T12:42:44.417Z'
System info: host: 'HDC3-D-426QWJF', ip: '10.249.42.29', os.name: 'Windows 10', os.arch: 'amd64', os.version: '10.0', java.version: '1.8.0_121'
Driver info: driver.version: unknown
	at org.openqa.selenium.support.ui.Select.selectByVisibleText(Select.java:147)
	at com.wyn.automation.base.BasePage.selectDropDownText(BasePage.java:70)
	at com.wr.automation.rewards.pages.ContactUsPage.enterDetails(ContactUsPage.java:102)
	at com.wr.automation.rewards.ContactusWithLogin.contactUsFormWithLogin(ContactusWithLogin.java:24)
	at sun.reflect.NativeMethodAccessorImpl.invoke0(Native Method)
	at sun.reflect.NativeMethodAccessorImpl.invoke(NativeMethodAccessorImpl.java:62)
	at sun.reflect.DelegatingMethodAccessorImpl.invoke(DelegatingMethodAccessorImpl.java:43)
	at java.lang.reflect.Method.invoke(Method.java:498)
	at org.testng.internal.MethodInvocationHelper.invokeMethod(MethodInvocationHelper.java:80)
	at org.testng.internal.Invoker.invokeMethod(Invoker.java:714)
	at org.testng.internal.Invoker.invokeTestMethod(Invoker.java:901)
	at org.testng.internal.Invoker.invokeTestMethods(Invoker.java:1231)
	at org.testng.internal.TestMethodWorker.invokeTestMethods(TestMethodWorker.java:127)
	at org.testng.internal.TestMethodWorker.run(TestMethodWorker.java:111)
	at org.testng.TestRunner.privateRun(TestRunner.java:767)
	at org.testng.TestRunner.run(TestRunner.java:617)
	at org.testng.SuiteRunner.runTest(SuiteRunner.java:334)
	at org.testng.SuiteRunner.runSequentially(SuiteRunner.java:329)
	at org.testng.SuiteRunner.privateRun(SuiteRunner.java:291)
	at org.testng.SuiteRunner.run(SuiteRunner.java:240)
	at org.testng.SuiteRunnerWorker.runSuite(SuiteRunnerWorker.java:52)
	at org.testng.SuiteRunnerWorker.run(SuiteRunnerWorker.java:86)
	at org.testng.TestNG.runSuitesSequentially(TestNG.java:1198)
	at org.testng.TestNG.runSuitesLocally(TestNG.java:1123)
	at org.testng.TestNG.run(TestNG.java:1031)
	at org.testng.remote.AbstractRemoteTestNG.run(AbstractRemoteTestNG.java:132)
	at org.testng.remote.RemoteTestNG.initAndRun(RemoteTestNG.java:230)
	at org.testng.remote.RemoteTestNG.main(RemoteTestNG.java:76)</pre></td>
                                                                   </tr>
                                                                   <tr class='fail'>
                                                                       <td>2018-01-29 10:44:51</td>
                                                                       <td><span class='exception-link linked' extentid='ac6fdd1a-0ca0-4898-b6ae-9990263a3d54'>myProfile</span></td>
                                                                       <td><pre class='exception-message'>org.openqa.selenium.NoSuchElementException: no such element: Unable to locate element: {"method":"xpath","selector":"//form[@id='securityUpdateUsernamePassword']/button[2]"}
  (Session info: chrome=63.0.3239.132)
  (Driver info: chromedriver=2.34.522940 (1a76f96f66e3ca7b8e57d503b4dd3bccfba87af1),platform=Windows NT 10.0.10586 x86_64) (WARNING: The server did not provide any stacktrace information)
Command duration or timeout: 0 milliseconds
For documentation on this error, please visit: http://seleniumhq.org/exceptions/no_such_element.html
Build info: version: '3.5.3', revision: 'a88d25fe6b', time: '2017-08-29T12:42:44.417Z'
System info: host: 'HDC3-D-426QWJF', ip: '10.249.42.29', os.name: 'Windows 10', os.arch: 'amd64', os.version: '10.0', java.version: '1.8.0_121'
Driver info: org.openqa.selenium.chrome.ChromeDriver
Capabilities [{mobileEmulationEnabled=false, hasTouchScreen=false, platform=XP, acceptSslCerts=true, webStorageEnabled=true, browserName=chrome, takesScreenshot=true, javascriptEnabled=true, platformName=XP, setWindowRect=true, unexpectedAlertBehaviour=, applicationCacheEnabled=false, rotatable=false, networkConnectionEnabled=false, chrome={chromedriverVersion=2.34.522940 (1a76f96f66e3ca7b8e57d503b4dd3bccfba87af1), userDataDir=C:\Users\DUGGI~2.SAN\AppData\Local\Temp\scoped_dir9456_21419}, takesHeapSnapshot=true, pageLoadStrategy=normal, unhandledPromptBehavior=, databaseEnabled=false, handlesAlerts=true, version=63.0.3239.132, browserConnectionEnabled=false, nativeEvents=true, locationContextEnabled=true, cssSelectorsEnabled=true}]
Session ID: b0e33782b7e7430be6b2a109f13dbad3
*** Element info: {Using=xpath, value=//form[@id='securityUpdateUsernamePassword']/button[2]}
	at sun.reflect.NativeConstructorAccessorImpl.newInstance0(Native Method)
	at sun.reflect.NativeConstructorAccessorImpl.newInstance(NativeConstructorAccessorImpl.java:62)
	at sun.reflect.DelegatingConstructorAccessorImpl.newInstance(DelegatingConstructorAccessorImpl.java:45)
	at java.lang.reflect.Constructor.newInstance(Constructor.java:423)
	at org.openqa.selenium.remote.ErrorHandler.createThrowable(ErrorHandler.java:215)
	at org.openqa.selenium.remote.ErrorHandler.throwIfResponseFailed(ErrorHandler.java:167)
	at org.openqa.selenium.remote.http.JsonHttpResponseCodec.reconstructValue(JsonHttpResponseCodec.java:40)
	at org.openqa.selenium.remote.http.AbstractHttpResponseCodec.decode(AbstractHttpResponseCodec.java:82)
	at org.openqa.selenium.remote.http.AbstractHttpResponseCodec.decode(AbstractHttpResponseCodec.java:45)
	at org.openqa.selenium.remote.HttpCommandExecutor.execute(HttpCommandExecutor.java:164)
	at org.openqa.selenium.remote.service.DriverCommandExecutor.execute(DriverCommandExecutor.java:82)
	at org.openqa.selenium.remote.RemoteWebDriver.execute(RemoteWebDriver.java:646)
	at org.openqa.selenium.remote.RemoteWebDriver.findElement(RemoteWebDriver.java:416)
	at org.openqa.selenium.remote.RemoteWebDriver.findElementByXPath(RemoteWebDriver.java:518)
	at org.openqa.selenium.By$ByXPath.findElement(By.java:361)
	at org.openqa.selenium.remote.RemoteWebDriver.findElement(RemoteWebDriver.java:408)
	at com.wyn.automation.utils.AutomationUtils.scrollToElment(AutomationUtils.java:131)
	at com.wr.automation.rewards.pages.MyProfile.changePassword(MyProfile.java:205)
	at com.wr.automation.rewards.MyProfileScenario.myProfile(MyProfileScenario.java:26)
	at sun.reflect.NativeMethodAccessorImpl.invoke0(Native Method)
	at sun.reflect.NativeMethodAccessorImpl.invoke(NativeMethodAccessorImpl.java:62)
	at sun.reflect.DelegatingMethodAccessorImpl.invoke(DelegatingMethodAccessorImpl.java:43)
	at java.lang.reflect.Method.invoke(Method.java:498)
	at org.testng.internal.MethodInvocationHelper.invokeMethod(MethodInvocationHelper.java:80)
	at org.testng.internal.Invoker.invokeMethod(Invoker.java:714)
	at org.testng.internal.Invoker.invokeTestMethod(Invoker.java:901)
	at org.testng.internal.Invoker.invokeTestMethods(Invoker.java:1231)
	at org.testng.internal.TestMethodWorker.invokeTestMethods(TestMethodWorker.java:127)
	at org.testng.internal.TestMethodWorker.run(TestMethodWorker.java:111)
	at org.testng.TestRunner.privateRun(TestRunner.java:767)
	at org.testng.TestRunner.run(TestRunner.java:617)
	at org.testng.SuiteRunner.runTest(SuiteRunner.java:334)
	at org.testng.SuiteRunner.runSequentially(SuiteRunner.java:329)
	at org.testng.SuiteRunner.privateRun(SuiteRunner.java:291)
	at org.testng.SuiteRunner.run(SuiteRunner.java:240)
	at org.testng.SuiteRunnerWorker.runSuite(SuiteRunnerWorker.java:52)
	at org.testng.SuiteRunnerWorker.run(SuiteRunnerWorker.java:86)
	at org.testng.TestNG.runSuitesSequentially(TestNG.java:1198)
	at org.testng.TestNG.runSuitesLocally(TestNG.java:1123)
	at org.testng.TestNG.run(TestNG.java:1031)
	at org.testng.remote.AbstractRemoteTestNG.run(AbstractRemoteTestNG.java:132)
	at org.testng.remote.RemoteTestNG.initAndRun(RemoteTestNG.java:230)
	at org.testng.remote.RemoteTestNG.main(RemoteTestNG.java:76)</pre></td>
                                                                   </tr>
                                                                   <tr class='fail'>
                                                                       <td>2018-01-29 10:48:29</td>
                                                                       <td><span class='exception-link linked' extentid='84a4d82c-59e5-490e-8b20-ef93c6c6cb7f'>validatingRedeemPage</span></td>
                                                                       <td><pre class='exception-message'>org.openqa.selenium.NoSuchElementException: no such element: Unable to locate element: {"method":"xpath","selector":"//button[@class='select-menubutton dropdown-toggle destination-select']"}
  (Session info: chrome=63.0.3239.132)
  (Driver info: chromedriver=2.34.522940 (1a76f96f66e3ca7b8e57d503b4dd3bccfba87af1),platform=Windows NT 10.0.10586 x86_64) (WARNING: The server did not provide any stacktrace information)
Command duration or timeout: 0 milliseconds
For documentation on this error, please visit: http://seleniumhq.org/exceptions/no_such_element.html
Build info: version: '3.5.3', revision: 'a88d25fe6b', time: '2017-08-29T12:42:44.417Z'
System info: host: 'HDC3-D-426QWJF', ip: '10.249.42.29', os.name: 'Windows 10', os.arch: 'amd64', os.version: '10.0', java.version: '1.8.0_121'
Driver info: org.openqa.selenium.chrome.ChromeDriver
Capabilities [{mobileEmulationEnabled=false, hasTouchScreen=false, platform=XP, acceptSslCerts=true, webStorageEnabled=true, browserName=chrome, takesScreenshot=true, javascriptEnabled=true, platformName=XP, setWindowRect=true, unexpectedAlertBehaviour=, applicationCacheEnabled=false, rotatable=false, networkConnectionEnabled=false, chrome={chromedriverVersion=2.34.522940 (1a76f96f66e3ca7b8e57d503b4dd3bccfba87af1), userDataDir=C:\Users\DUGGI~2.SAN\AppData\Local\Temp\scoped_dir9456_21419}, takesHeapSnapshot=true, pageLoadStrategy=normal, unhandledPromptBehavior=, databaseEnabled=false, handlesAlerts=true, version=63.0.3239.132, browserConnectionEnabled=false, nativeEvents=true, locationContextEnabled=true, cssSelectorsEnabled=true}]
Session ID: b0e33782b7e7430be6b2a109f13dbad3
*** Element info: {Using=xpath, value=//button[@class='select-menubutton dropdown-toggle destination-select']}
	at sun.reflect.NativeConstructorAccessorImpl.newInstance0(Native Method)
	at sun.reflect.NativeConstructorAccessorImpl.newInstance(NativeConstructorAccessorImpl.java:62)
	at sun.reflect.DelegatingConstructorAccessorImpl.newInstance(DelegatingConstructorAccessorImpl.java:45)
	at java.lang.reflect.Constructor.newInstance(Constructor.java:423)
	at org.openqa.selenium.remote.ErrorHandler.createThrowable(ErrorHandler.java:215)
	at org.openqa.selenium.remote.ErrorHandler.throwIfResponseFailed(ErrorHandler.java:167)
	at org.openqa.selenium.remote.http.JsonHttpResponseCodec.reconstructValue(JsonHttpResponseCodec.java:40)
	at org.openqa.selenium.remote.http.AbstractHttpResponseCodec.decode(AbstractHttpResponseCodec.java:82)
	at org.openqa.selenium.remote.http.AbstractHttpResponseCodec.decode(AbstractHttpResponseCodec.java:45)
	at org.openqa.selenium.remote.HttpCommandExecutor.execute(HttpCommandExecutor.java:164)
	at org.openqa.selenium.remote.service.DriverCommandExecutor.execute(DriverCommandExecutor.java:82)
	at org.openqa.selenium.remote.RemoteWebDriver.execute(RemoteWebDriver.java:646)
	at org.openqa.selenium.remote.RemoteWebDriver.findElement(RemoteWebDriver.java:416)
	at org.openqa.selenium.remote.RemoteWebDriver.findElementByXPath(RemoteWebDriver.java:518)
	at org.openqa.selenium.By$ByXPath.findElement(By.java:361)
	at org.openqa.selenium.remote.RemoteWebDriver.findElement(RemoteWebDriver.java:408)
	at org.openqa.selenium.support.pagefactory.DefaultElementLocator.findElement(DefaultElementLocator.java:59)
	at org.openqa.selenium.support.pagefactory.internal.LocatingElementHandler.invoke(LocatingElementHandler.java:34)
	at com.sun.proxy.$Proxy10.toString(Unknown Source)
	at java.lang.String.valueOf(String.java:2994)
	at java.lang.StringBuilder.append(StringBuilder.java:131)
	at org.openqa.selenium.support.ui.ExpectedConditions$7.toString(ExpectedConditions.java:218)
	at org.openqa.selenium.support.ui.FluentWait.until(FluentWait.java:223)
	at com.wyn.automation.utils.AutomationUtils.waitVisibilityOf(AutomationUtils.java:113)
	at com.wr.automation.rewards.pages.RedeemPage.changeDestination(RedeemPage.java:74)
	at com.wr.automation.rewards.ValidateRedeem.validatingRedeemPage(ValidateRedeem.java:25)
	at sun.reflect.NativeMethodAccessorImpl.invoke0(Native Method)
	at sun.reflect.NativeMethodAccessorImpl.invoke(NativeMethodAccessorImpl.java:62)
	at sun.reflect.DelegatingMethodAccessorImpl.invoke(DelegatingMethodAccessorImpl.java:43)
	at java.lang.reflect.Method.invoke(Method.java:498)
	at org.testng.internal.MethodInvocationHelper.invokeMethod(MethodInvocationHelper.java:80)
	at org.testng.internal.Invoker.invokeMethod(Invoker.java:714)
	at org.testng.internal.Invoker.invokeTestMethod(Invoker.java:901)
	at org.testng.internal.Invoker.invokeTestMethods(Invoker.java:1231)
	at org.testng.internal.TestMethodWorker.invokeTestMethods(TestMethodWorker.java:127)
	at org.testng.internal.TestMethodWorker.run(TestMethodWorker.java:111)
	at org.testng.TestRunner.privateRun(TestRunner.java:767)
	at org.testng.TestRunner.run(TestRunner.java:617)
	at org.testng.SuiteRunner.runTest(SuiteRunner.java:334)
	at org.testng.SuiteRunner.runSequentially(SuiteRunner.java:329)
	at org.testng.SuiteRunner.privateRun(SuiteRunner.java:291)
	at org.testng.SuiteRunner.run(SuiteRunner.java:240)
	at org.testng.SuiteRunnerWorker.runSuite(SuiteRunnerWorker.java:52)
	at org.testng.SuiteRunnerWorker.run(SuiteRunnerWorker.java:86)
	at org.testng.TestNG.runSuitesSequentially(TestNG.java:1198)
	at org.testng.TestNG.runSuitesLocally(TestNG.java:1123)
	at org.testng.TestNG.run(TestNG.java:1031)
	at org.testng.remote.AbstractRemoteTestNG.run(AbstractRemoteTestNG.java:132)
	at org.testng.remote.RemoteTestNG.initAndRun(RemoteTestNG.java:230)
	at org.testng.remote.RemoteTestNG.main(RemoteTestNG.java:76)</pre></td>
                                                                   </tr>
                                                            </tbody>
														</table>
													</div>
												</div> 
											</li>
									</ul>
								</div>
							</div>
						</div>
					</div>
					<div id='exception-details-wrapper' class='col _addedCell2'>
						<div class='contents'>
							<div class='card-panel details-view'>
								<h5 class='exception-name'></h5>
								<div class='exception-container'>
								</div>
							</div>
						</div>
					</div>
				</div>
			<!-- /exceptions -->
			
			<!-- testrunner logs -->
			<!-- /testrunner logs -->
			
		</div>
		<!-- /container -->
		
		<!-- test dashboard counts setting -->
		<div id='test-count-setting' class='modal bottom-sheet'> 
			<div class='modal-content'> 
				<h5>Configure Tests Count Setting</h5> 
				<input name='test-count-setting' type='radio' id='parentWithoutNodes' class='with-gap'> 
				<label for='parentWithoutNodes'>Parent Tests Only (Does not include child nodes in counts)</label> 
				<br> 
				<input name='test-count-setting' type='radio' id='parentWithoutNodesAndNodes' class='with-gap'> 
				<label for='parentWithoutNodesAndNodes'>Parent Tests Without Child Tests + Child Tests</label> 
				<br> 
				<input name='test-count-setting' type='radio' id='childNodes' class='with-gap'> 
				<label for='childNodes'>Child Tests Only</label> 
			</div> 
			<div class='modal-footer'> 
				<a href='#!' class='modal-action modal-close waves-effect waves-green btn'>Save</a> 
			</div> 
		</div>
		<!-- /test dashboard counts setting -->
		
		<!-- filter for step status -->
		<div id='step-status-filter' class='modal bottom-sheet'> 
			<div class='modal-content'> 
				<h5>Select status</h5> 
				<input checked class='filled-in' type='checkbox' id='step-dashboard-filter-pass'> 
				<label for='step-dashboard-filter-pass'>Pass</label> 
				<br> 
				<input checked class='filled-in' type='checkbox' id='step-dashboard-filter-fail'> 
				<label for='step-dashboard-filter-fail'>Fail</label> 
				<br> 
				<input checked class='filled-in' type='checkbox' id='step-dashboard-filter-fatal'> 
				<label for='step-dashboard-filter-fatal'>Fatal</label> 
				<br> 
				<input checked class='filled-in' type='checkbox' id='step-dashboard-filter-error'> 
				<label for='step-dashboard-filter-error'>Error</label> 
				<br> 
				<input checked class='filled-in' type='checkbox' id='step-dashboard-filter-warning'> 
				<label for='step-dashboard-filter-warning'>Warning</label> 
				<br> 
				<input checked class='filled-in' type='checkbox' id='step-dashboard-filter-skip'> 
				<label for='step-dashboard-filter-skip'>Skipped</label> 
				<br> 
				<input checked class='filled-in' type='checkbox' id='step-dashboard-filter-info'> 
				<label for='step-dashboard-filter-info'>Info</label> 
				<br> 
				<input checked class='filled-in' type='checkbox' id='step-dashboard-filter-unknown'> 
				<label for='step-dashboard-filter-unknown'>Unknown</label> 
			</div>
			<div class='modal-footer'> 
				<a href='#!' class='modal-action modal-close waves-effect waves-green btn'>Save</a> 
			</div> 
		</div>
		<!-- /filter for step status -->
		
		<script src='https://cdn.rawgit.com/anshooarora/extentreports/6032d73243ba4fe4fb8769eb9c315d4fdf16fe68/cdn/extent.js' type='text/javascript'></script>

		<script>$(document).ready(function() { $('.logo span').html('ExtentReports'); });</script>
		<script>
				
            
                $(document).ready(function() {
                    
                });
            
        
		</script>
	</body>
</html>
