
<!DOCTYPE html>
<html>
	<head>
		<!--
			ExtentReports Library 2.41.1 | http://relevantcodes.com/extentreports-for-selenium/ | https://github.com/anshooarora/
			Copyright (c) 2015, Anshoo Arora (Relevant Codes) | Copyrights licensed under the New BSD License | http://opensource.org/licenses/BSD-3-Clause
			Documentation: http://extentreports.relevantcodes.com 
		-->

		<meta charset='UTF-8' /> 
		<meta name='description' content='ExtentReports (by Anshoo Arora) is a reporting library for automation testing for .NET and Java. It creates detailed and beautiful HTML reports for modern browsers. ExtentReports shows test and step summary along with dashboards, system and environment details for quick analysis of your tests.' />
		<meta name='robots' content='noodp, noydir' />
		<meta name='viewport' content='width=device-width, initial-scale=1' />
		<meta name='extentx' id='extentx' content='' />
		
		<title>
				ExtentReports 2.0
		</title>
		
		
		<link href='https://fonts.googleapis.com/css?family=Source+Sans+Pro:400,600' rel='stylesheet' type='text/css'>
		<link href='https://cdn.rawgit.com/anshooarora/extentreports/6032d73243ba4fe4fb8769eb9c315d4fdf16fe68/cdn/extent.css' type='text/css' rel='stylesheet' />
		
		<style>
				
            
                
            
        
		</style>
	</head>
	
	
	<body class='extent default standard hide-overflow'>
		<!-- nav -->
		<nav>
			<div class='logo-container blue darken-2'>
				<a class='logo-content' href='http://extentreports.relevantcodes.com'>
					<span>ExtentReports</span>
				</a>
				<a href='#' data-activates='slide-out' class='button-collapse hide-on-large-only'><i class='mdi-navigation-apps'></i></a>
			</div>
			<ul id='slide-out' class='side-nav fixed hide-on-med-and-down'>
				<li class='analysis waves-effect active'><a href='#!' class='test-view' onclick="_updateCurrentStage(0)"><i class='mdi-action-dashboard'></i>Test Details</a></li>
					<li class='analysis waves-effect'><a href='#!' class='exceptions-view' onclick="_updateCurrentStage(2)"><i class='mdi-action-bug-report'></i>Exceptions</a></li>
				<li class='analysis waves-effect'>
					<a href='#!' onclick="_updateCurrentStage(-1)" class='dashboard-view'><i class='mdi-action-track-changes'></i></i>Analysis</a>
				</li>
			</ul>
			<span class='report-name'>Automation Report</span> <span class='report-headline'></span>
			<ul class='right hide-on-med-and-down nav-right'>
				<li class='theme-selector' alt='Click to toggle dark theme. To enable by default, use js configuration $("body").addClass("dark");' title='Click to toggle dark theme. To enable by default, use js configuration $("body").addClass("dark");'>
					<i class='mdi-hardware-desktop-windows'></i>
				</li>
				<li>
					<span class='suite-started-time'>2018-01-30 11:51:16</span>
				</li>
				<li>
					<span>v2.41.1</span>
				</li>
			</ul>
		</nav>
		<!-- /nav -->
		
		<!-- container -->
		<div class='container'>
			
			<!-- dashboard -->
			<div id='dashboard-view' class='row'>
				<div class='time-totals'>
					<div class='col l2 m4 s6'>
						<div class='card suite-total-tests'> 
							<span class='panel-name'>Total Tests</span> 
							<span class='total-tests'> <span class='panel-lead'></span> </span> 
						</div> 
					</div>
					<div class='col l2 m4 s6'>
						<div class='card suite-total-steps'> 
							<span class='panel-name'>Total Steps</span> 
							<span class='total-steps'> <span class='panel-lead'></span> </span> 
						</div> 
					</div>
					<div class='col l2 m4 s12'>
						<div class='card suite-total-time-current'> 
							<span class='panel-name'>Total Time Taken (Current Run)</span> 
							<span class='suite-total-time-current-value panel-lead'>0h 46m 51s+483ms</span> 
						</div> 
					</div>
					<div class='col l2 m4 s12'>
						<div class='card suite-total-time-overall'> 
							<span class='panel-name'>Total Time Taken (Overall)</span> 
							<span class='suite-total-time-overall-value panel-lead'>181h 10881m 652885s+916ms</span> 
						</div> 
					</div>
					<div class='col l2 m4 s6 suite-start-time'>
						<div class='card accent green-accent'> 
							<span class='panel-name'>Start</span> 
							<span class='panel-lead suite-started-time'>2018-01-30 11:04:25</span> 
						</div> 
					</div>
					<div class='col l2 m4 s6 suite-end-time'>
						<div class='card accent pink-accent'> 
							<span class='panel-name'>End</span> 
							<span class='panel-lead suite-ended-time'>2018-01-30 11:51:16</span> 
						</div> 
					</div>
				</div>
				<div class='charts'>
					<div class='col s12 m6 l4 fh'> 
						<div class='card-panel'> 
							<div>
								<span class='panel-name'>Tests View</span>
							</div> 
							<div class='panel-setting modal-trigger test-count-setting right'>
								<a href='#test-count-setting'><i class='mdi-navigation-more-vert text-md'></i></a>
							</div> 
							<div class='chart-box'>
								<canvas class='text-centered' id='test-analysis'></canvas>
							</div> 
							<div>
								<span class='weight-light'><span class='t-pass-count weight-normal'></span> test(s) passed</span>
							</div> 
							<div>
								<span class='weight-light'><span class='t-fail-count weight-normal'></span> test(s) failed, <span class='t-others-count weight-normal'></span> others</span>
							</div> 
						</div> 
					</div> 
					<div class='col s12 m6 l4 fh'> 
						<div class='card-panel'> 
							<div>
								<span class='panel-name'>Steps View</span>
							</div> 
							<div class='panel-setting modal-trigger step-status-filter right'>
								<a href='#step-status-filter'><i class='mdi-navigation-more-vert text-md'></i></a>
							</div> 
							<div class='chart-box'>
								<canvas class='text-centered' id='step-analysis'></canvas>
							</div> 
							<div>
								<span class='weight-light'><span class='s-pass-count weight-normal'></span> step(s) passed </span>
							</div> 
							<div>
								<span class='weight-light'><span class='s-fail-count weight-normal'></span> step(s) failed, <span class='s-others-count weight-normal'></span> others</span>
							</div> 
						</div> 
					</div>
					<div class='col s12 m12 l4 fh'> 
						<div class='card-panel'> 
							<span class='panel-name'>Pass Percentage</span> 
							<span class='pass-percentage panel-lead'></span> 
							<div class='progress light-blue lighten-3'> 
								<div class='determinate light-blue'></div> 
							</div> 
						</div> 
					</div>
				</div>
				<div class='system-view'>
					<div class='col l4 m12 s12'>
						<div class='card-panel'>
							<span class='label info outline right'>Environment</span>
							<table>
								<thead>
									<tr>
										<th>Param</th>
										<th>Value</th>
									</tr>
								</thead>
								<tbody>
										<tr>
											<td>User Name</td>
											<td>duggi.sandeep</td>
										</tr>
										<tr>
											<td>OS</td>
											<td>Windows 10</td>
										</tr>
										<tr>
											<td>Java Version</td>
											<td>1.8.0_121</td>
										</tr>
										<tr>
											<td>Host Name</td>
											<td>HDC3-D-426QWJF</td>
										</tr>
								</tbody>
							</table>
						</div>
					</div>
				</div>
			</div>
			<!-- /dashboard -->
			
			<!-- tests -->
			<div id='test-view' class='row _addedTable'>
				<div class='col _addedCell1'>
					<div class='contents'>
						<div class='card-panel heading'>
							<h5>Tests</h5>
						</div>
						<div class='card-panel filters'>
							<div>
								<a class='dropdown-button btn-floating btn-small waves-effect waves-light grey tests-toggle' data-activates='tests-toggle' data-constrainwidth='true' data-beloworigin='true' data-hover='true' href='#'>
									<i class='mdi-action-reorder'></i>
								</a>
								<ul id='tests-toggle' class='dropdown-content'>
									<li class='pass'><a href='#!'>Pass</a></li>
									<li class='fail'><a href='#!'>Fail</a></li>
									<li class='skip'><a href='#!'>Skip</a></li>
									<li class='divider'></li>
									<li class='clear'><a href='#!'>Clear Filters</a></li>
								</ul>
							</div>
							<div>
								<a class='btn-floating btn-small waves-effect waves-light grey' id='clear-filters' alt='Clear Filters' title='Clear Filters'>
									<i class='mdi-navigation-close'></i>
								</a>
							</div>
							<div>
								<a class='btn-floating btn-small waves-effect waves-light grey' id='enableDashboard' alt='Enable Dashboard' title='Enable Dashboard'>
									<i class='mdi-action-track-changes'></i>
								</a>
							</div>
							<div>
								<a class='btn-floating btn-small waves-effect waves-light blue enabled' id='refreshCharts' alt='Refresh Charts on Filters' title='Refresh Charts on Filters'>
									<i class='mdi-navigation-refresh'></i>
								</a>
							</div>
							<div class='search' alt='Search Tests' title='Search Tests'>
								<div class='input-field left'>
									<input id='searchTests' type='text' class='validate' placeholder='Search Tests...'>
								</div>
								<a href="#" class='btn-floating btn-small waves-effect waves-light grey'>
									<i class='mdi-action-search'></i>
								</a>
							</div>
						</div>
						<div class='card-panel no-padding-h no-padding-v no-margin-v'>
							<div class='wrapper'>
								<ul id='test-collection' class='test-collection'>
										<li class='collection-item test displayed active fail ' extentid='7a594f9e-9d32-4e82-bcc9-3e47fa9631c1'>
											<div class='test-head'>
												<span class='test-name'>LoginLogoutScenario </span>
												<span class='test-status label right outline capitalize fail'>fail</span>
												<span class='category-assigned hide '></span>
											</div>
											<div class='test-body'>
												<div class='test-info'>
													<span title='Test started time' alt='Test started time' class='test-started-time label green lighten-1 text-white'>2018-01-30 11:04:25</span>
													<span title='Test ended time' alt='Test ended time' class='test-ended-time label red lighten-1 text-white'>2018-01-30 11:25:04</span>
													<span title='Time taken to finish' alt='Time taken to finish' class='test-time-taken label blue-grey lighten-3 text-white'>0h 20m 39s+0ms</span>
												</div>
												<div class='test-desc'></div>
												<div class='test-attributes'>
												</div>
												<div class='test-steps'>
													<table class='bordered table-results'>
														<thead>
															<tr>
																<th>Status</th>
																<th>Timestamp</th>
																<th>Details</th>
															</tr>
														</thead>
														<tbody>
																<tr>
																	<td class='status fail' title='fail' alt='fail'><i class='mdi-navigation-cancel'></i></td>
																	<td class='timestamp'>11:04:38</td>
																	<td class='step-details'><pre>org.openqa.selenium.NoSuchWindowException: no such window: target window already closed
from unknown error: web view not found
  (Session info: chrome=63.0.3239.132)
  (Driver info: chromedriver=2.34.522940 (1a76f96f66e3ca7b8e57d503b4dd3bccfba87af1),platform=Windows NT 10.0.10586 x86_64) (WARNING: The server did not provide any stacktrace information)
Command duration or timeout: 0 milliseconds
Build info: version: '3.5.3', revision: 'a88d25fe6b', time: '2017-08-29T12:42:44.417Z'
System info: host: 'HDC3-D-426QWJF', ip: '10.233.144.118', os.name: 'Windows 10', os.arch: 'amd64', os.version: '10.0', java.version: '1.8.0_121'
Driver info: org.openqa.selenium.chrome.ChromeDriver
Capabilities [{mobileEmulationEnabled=false, hasTouchScreen=false, platform=XP, acceptSslCerts=true, webStorageEnabled=true, browserName=chrome, takesScreenshot=true, javascriptEnabled=true, platformName=XP, setWindowRect=true, unexpectedAlertBehaviour=, applicationCacheEnabled=false, rotatable=false, networkConnectionEnabled=false, chrome={chromedriverVersion=2.34.522940 (1a76f96f66e3ca7b8e57d503b4dd3bccfba87af1), userDataDir=C:\Users\DUGGI~2.SAN\AppData\Local\Temp\scoped_dir16828_1122}, takesHeapSnapshot=true, pageLoadStrategy=normal, unhandledPromptBehavior=, databaseEnabled=false, handlesAlerts=true, version=63.0.3239.132, browserConnectionEnabled=false, nativeEvents=true, locationContextEnabled=true, cssSelectorsEnabled=true}]
Session ID: 62f62e08c65164a7e53ae6afd1332ffe
	at sun.reflect.NativeConstructorAccessorImpl.newInstance0(Native Method)
	at sun.reflect.NativeConstructorAccessorImpl.newInstance(NativeConstructorAccessorImpl.java:62)
	at sun.reflect.DelegatingConstructorAccessorImpl.newInstance(DelegatingConstructorAccessorImpl.java:45)
	at java.lang.reflect.Constructor.newInstance(Constructor.java:423)
	at org.openqa.selenium.remote.ErrorHandler.createThrowable(ErrorHandler.java:215)
	at org.openqa.selenium.remote.ErrorHandler.throwIfResponseFailed(ErrorHandler.java:167)
	at org.openqa.selenium.remote.http.JsonHttpResponseCodec.reconstructValue(JsonHttpResponseCodec.java:40)
	at org.openqa.selenium.remote.http.AbstractHttpResponseCodec.decode(AbstractHttpResponseCodec.java:82)
	at org.openqa.selenium.remote.http.AbstractHttpResponseCodec.decode(AbstractHttpResponseCodec.java:45)
	at org.openqa.selenium.remote.HttpCommandExecutor.execute(HttpCommandExecutor.java:164)
	at org.openqa.selenium.remote.service.DriverCommandExecutor.execute(DriverCommandExecutor.java:82)
	at org.openqa.selenium.remote.RemoteWebDriver.execute(RemoteWebDriver.java:646)
	at org.openqa.selenium.remote.RemoteWebDriver.execute(RemoteWebDriver.java:703)
	at org.openqa.selenium.remote.RemoteWebDriver.getScreenshotAs(RemoteWebDriver.java:388)
	at com.wyn.automation.utils.AutomationUtils.captureScreenShot(AutomationUtils.java:140)
	at com.wyn.automation.base.BasePageTest.captureScreenShot(BasePageTest.java:101)
	at com.wr.automation.rewards.LoginLogoutScenario.login(LoginLogoutScenario.java:17)
	at sun.reflect.NativeMethodAccessorImpl.invoke0(Native Method)
	at sun.reflect.NativeMethodAccessorImpl.invoke(NativeMethodAccessorImpl.java:62)
	at sun.reflect.DelegatingMethodAccessorImpl.invoke(DelegatingMethodAccessorImpl.java:43)
	at java.lang.reflect.Method.invoke(Method.java:498)
	at org.testng.internal.MethodInvocationHelper.invokeMethod(MethodInvocationHelper.java:80)
	at org.testng.internal.Invoker.invokeMethod(Invoker.java:714)
	at org.testng.internal.Invoker.invokeTestMethod(Invoker.java:901)
	at org.testng.internal.Invoker.invokeTestMethods(Invoker.java:1231)
	at org.testng.internal.TestMethodWorker.invokeTestMethods(TestMethodWorker.java:127)
	at org.testng.internal.TestMethodWorker.run(TestMethodWorker.java:111)
	at org.testng.TestRunner.privateRun(TestRunner.java:767)
	at org.testng.TestRunner.run(TestRunner.java:617)
	at org.testng.SuiteRunner.runTest(SuiteRunner.java:334)
	at org.testng.SuiteRunner.runSequentially(SuiteRunner.java:329)
	at org.testng.SuiteRunner.privateRun(SuiteRunner.java:291)
	at org.testng.SuiteRunner.run(SuiteRunner.java:240)
	at org.testng.SuiteRunnerWorker.runSuite(SuiteRunnerWorker.java:52)
	at org.testng.SuiteRunnerWorker.run(SuiteRunnerWorker.java:86)
	at org.testng.TestNG.runSuitesSequentially(TestNG.java:1198)
	at org.testng.TestNG.runSuitesLocally(TestNG.java:1123)
	at org.testng.TestNG.run(TestNG.java:1031)
	at org.testng.remote.AbstractRemoteTestNG.run(AbstractRemoteTestNG.java:132)
	at org.testng.remote.RemoteTestNG.initAndRun(RemoteTestNG.java:230)
	at org.testng.remote.RemoteTestNG.main(RemoteTestNG.java:76)
</pre></td>
																</tr>
														</tbody>
													</table>
													<ul class='collapsible node-list' data-collapsible='accordion'>
													</ul>
												</div>
											</div>
										</li>
										<li class='collection-item test displayed active pass ' extentid='2d46a7c7-0ac7-417f-ad0d-b967947af2ff'>
											<div class='test-head'>
												<span class='test-name'>LoginLogoutScenario </span>
												<span class='test-status label right outline capitalize pass'>pass</span>
												<span class='category-assigned hide '></span>
											</div>
											<div class='test-body'>
												<div class='test-info'>
													<span title='Test started time' alt='Test started time' class='test-started-time label green lighten-1 text-white'>2018-01-30 11:25:04</span>
													<span title='Test ended time' alt='Test ended time' class='test-ended-time label red lighten-1 text-white'>2018-01-30 11:26:19</span>
													<span title='Time taken to finish' alt='Time taken to finish' class='test-time-taken label blue-grey lighten-3 text-white'>0h 1m 15s+0ms</span>
												</div>
												<div class='test-desc'></div>
												<div class='test-attributes'>
												</div>
												<div class='test-steps'>
													<table class='bordered table-results'>
														<thead>
															<tr>
																<th>Status</th>
																<th>Timestamp</th>
																<th>Details</th>
															</tr>
														</thead>
														<tbody>
																<tr>
																	<td class='status info' title='info' alt='info'><i class='mdi-action-info-outline'></i></td>
																	<td class='timestamp'>11:25:21</td>
																	<td class='step-details'>LoginLogoutScenario_30 Jan 2018, 11.25.20<a href="C:\Automation_28_Dec\wyndham-automation\screenshots\LoginLogoutScenario_30 Jan 2018, 11.25.20.png" data-featherlight="image"><img class="report-img" src="file:///C:\Automation_28_Dec\wyndham-automation\screenshots\LoginLogoutScenario_30 Jan 2018, 11.25.20.png"></a> 1.Enter LoginDetails</td>
																</tr>
																<tr>
																	<td class='status info' title='info' alt='info'><i class='mdi-action-info-outline'></i></td>
																	<td class='timestamp'>11:25:29</td>
																	<td class='step-details'>LoginLogoutScenario_30 Jan 2018, 11.25.28<a href="C:\Automation_28_Dec\wyndham-automation\screenshots\LoginLogoutScenario_30 Jan 2018, 11.25.28.png" data-featherlight="image"><img class="report-img" src="file:///C:\Automation_28_Dec\wyndham-automation\screenshots\LoginLogoutScenario_30 Jan 2018, 11.25.28.png"></a> 2.Enter secQuestion</td>
																</tr>
																<tr>
																	<td class='status info' title='info' alt='info'><i class='mdi-action-info-outline'></i></td>
																	<td class='timestamp'>11:25:36</td>
																	<td class='step-details'>LoginLogoutScenario_30 Jan 2018, 11.25.29<a href="C:\Automation_28_Dec\wyndham-automation\screenshots\LoginLogoutScenario_30 Jan 2018, 11.25.29.png" data-featherlight="image"><img class="report-img" src="file:///C:\Automation_28_Dec\wyndham-automation\screenshots\LoginLogoutScenario_30 Jan 2018, 11.25.29.png"></a> 3.Click LogOut After Login</td>
																</tr>
																<tr>
																	<td class='status info' title='info' alt='info'><i class='mdi-action-info-outline'></i></td>
																	<td class='timestamp'>11:25:53</td>
																	<td class='step-details'>LoginLogoutScenario_30 Jan 2018, 11.25.51<a href="C:\Automation_28_Dec\wyndham-automation\screenshots\LoginLogoutScenario_30 Jan 2018, 11.25.51.png" data-featherlight="image"><img class="report-img" src="file:///C:\Automation_28_Dec\wyndham-automation\screenshots\LoginLogoutScenario_30 Jan 2018, 11.25.51.png"></a> 4.Login Physically</td>
																</tr>
																<tr>
																	<td class='status info' title='info' alt='info'><i class='mdi-action-info-outline'></i></td>
																	<td class='timestamp'>11:25:59</td>
																	<td class='step-details'>LoginLogoutScenario_30 Jan 2018, 11.25.57<a href="C:\Automation_28_Dec\wyndham-automation\screenshots\LoginLogoutScenario_30 Jan 2018, 11.25.57.png" data-featherlight="image"><img class="report-img" src="file:///C:\Automation_28_Dec\wyndham-automation\screenshots\LoginLogoutScenario_30 Jan 2018, 11.25.57.png"></a> 5.Enter secQuestion</td>
																</tr>
																<tr>
																	<td class='status info' title='info' alt='info'><i class='mdi-action-info-outline'></i></td>
																	<td class='timestamp'>11:26:04</td>
																	<td class='step-details'>LoginLogoutScenario_30 Jan 2018, 11.25.59<a href="C:\Automation_28_Dec\wyndham-automation\screenshots\LoginLogoutScenario_30 Jan 2018, 11.25.59.png" data-featherlight="image"><img class="report-img" src="file:///C:\Automation_28_Dec\wyndham-automation\screenshots\LoginLogoutScenario_30 Jan 2018, 11.25.59.png"></a> 6.Click LogOut After Login</td>
																</tr>
																<tr>
																	<td class='status pass' title='pass' alt='pass'><i class='mdi-action-check-circle'></i></td>
																	<td class='timestamp'>11:26:17</td>
																	<td class='step-details'>Test passed</td>
																</tr>
																<tr>
																	<td class='status info' title='info' alt='info'><i class='mdi-action-info-outline'></i></td>
																	<td class='timestamp'>11:26:19</td>
																	<td class='step-details'>LoginLogoutScenario1517291777593<a href="C:\Automation_28_Dec\wyndham-automation\screenshots\LoginLogoutScenario1517291777593.png" data-featherlight="image"><img class="report-img" src="file:///C:\Automation_28_Dec\wyndham-automation\screenshots\LoginLogoutScenario1517291777593.png"></a></td>
																</tr>
														</tbody>
													</table>
													<ul class='collapsible node-list' data-collapsible='accordion'>
													</ul>
												</div>
											</div>
										</li>
										<li class='collection-item test displayed active pass ' extentid='7edc6985-ae7d-48d3-ac56-8d507de833ce'>
											<div class='test-head'>
												<span class='test-name'>lightEnrollment </span>
												<span class='test-status label right outline capitalize pass'>pass</span>
												<span class='category-assigned hide '></span>
											</div>
											<div class='test-body'>
												<div class='test-info'>
													<span title='Test started time' alt='Test started time' class='test-started-time label green lighten-1 text-white'>2018-01-30 11:26:29</span>
													<span title='Test ended time' alt='Test ended time' class='test-ended-time label red lighten-1 text-white'>2018-01-30 11:26:42</span>
													<span title='Time taken to finish' alt='Time taken to finish' class='test-time-taken label blue-grey lighten-3 text-white'>0h 0m 13s+0ms</span>
												</div>
												<div class='test-desc'></div>
												<div class='test-attributes'>
												</div>
												<div class='test-steps'>
													<table class='bordered table-results'>
														<thead>
															<tr>
																<th>Status</th>
																<th>Timestamp</th>
																<th>Details</th>
															</tr>
														</thead>
														<tbody>
																<tr>
																	<td class='status info' title='info' alt='info'><i class='mdi-action-info-outline'></i></td>
																	<td class='timestamp'>11:26:37</td>
																	<td class='step-details'>LightEnrollmentScenario_30 Jan 2018, 11.26.36<a href="C:\Automation_28_Dec\wyndham-automation\screenshots\LightEnrollmentScenario_30 Jan 2018, 11.26.36.png" data-featherlight="image"><img class="report-img" src="file:///C:\Automation_28_Dec\wyndham-automation\screenshots\LightEnrollmentScenario_30 Jan 2018, 11.26.36.png"></a> 1.Enter Details in EnrollmentPage</td>
																</tr>
																<tr>
																	<td class='status pass' title='pass' alt='pass'><i class='mdi-action-check-circle'></i></td>
																	<td class='timestamp'>11:26:41</td>
																	<td class='step-details'>Test passed</td>
																</tr>
																<tr>
																	<td class='status info' title='info' alt='info'><i class='mdi-action-info-outline'></i></td>
																	<td class='timestamp'>11:26:42</td>
																	<td class='step-details'>LightEnrollmentScenario1517291801062<a href="C:\Automation_28_Dec\wyndham-automation\screenshots\LightEnrollmentScenario1517291801062.png" data-featherlight="image"><img class="report-img" src="file:///C:\Automation_28_Dec\wyndham-automation\screenshots\LightEnrollmentScenario1517291801062.png"></a></td>
																</tr>
														</tbody>
													</table>
													<ul class='collapsible node-list' data-collapsible='accordion'>
													</ul>
												</div>
											</div>
										</li>
										<li class='collection-item test displayed active pass ' extentid='f5226668-0760-46a1-ab55-f5eed0be852d'>
											<div class='test-head'>
												<span class='test-name'>LongEnrollmentScenario </span>
												<span class='test-status label right outline capitalize pass'>pass</span>
												<span class='category-assigned hide '></span>
											</div>
											<div class='test-body'>
												<div class='test-info'>
													<span title='Test started time' alt='Test started time' class='test-started-time label green lighten-1 text-white'>2018-01-30 11:26:48</span>
													<span title='Test ended time' alt='Test ended time' class='test-ended-time label red lighten-1 text-white'>2018-01-30 11:27:33</span>
													<span title='Time taken to finish' alt='Time taken to finish' class='test-time-taken label blue-grey lighten-3 text-white'>0h 0m 45s+0ms</span>
												</div>
												<div class='test-desc'></div>
												<div class='test-attributes'>
												</div>
												<div class='test-steps'>
													<table class='bordered table-results'>
														<thead>
															<tr>
																<th>Status</th>
																<th>Timestamp</th>
																<th>Details</th>
															</tr>
														</thead>
														<tbody>
																<tr>
																	<td class='status info' title='info' alt='info'><i class='mdi-action-info-outline'></i></td>
																	<td class='timestamp'>11:26:53</td>
																	<td class='step-details'>LongEnrollmentScenario_30 Jan 2018, 11.26.51<a href="C:\Automation_28_Dec\wyndham-automation\screenshots\LongEnrollmentScenario_30 Jan 2018, 11.26.51.png" data-featherlight="image"><img class="report-img" src="file:///C:\Automation_28_Dec\wyndham-automation\screenshots\LongEnrollmentScenario_30 Jan 2018, 11.26.51.png"></a> 1.Enter Details in EnrollmentPage</td>
																</tr>
																<tr>
																	<td class='status info' title='info' alt='info'><i class='mdi-action-info-outline'></i></td>
																	<td class='timestamp'>11:26:58</td>
																	<td class='step-details'>LongEnrollmentScenario_30 Jan 2018, 11.26.56<a href="C:\Automation_28_Dec\wyndham-automation\screenshots\LongEnrollmentScenario_30 Jan 2018, 11.26.56.png" data-featherlight="image"><img class="report-img" src="file:///C:\Automation_28_Dec\wyndham-automation\screenshots\LongEnrollmentScenario_30 Jan 2018, 11.26.56.png"></a> 2.Enter Username And Password</td>
																</tr>
																<tr>
																	<td class='status info' title='info' alt='info'><i class='mdi-action-info-outline'></i></td>
																	<td class='timestamp'>11:27:04</td>
																	<td class='step-details'>LongEnrollmentScenario_30 Jan 2018, 11.27.03<a href="C:\Automation_28_Dec\wyndham-automation\screenshots\LongEnrollmentScenario_30 Jan 2018, 11.27.03.png" data-featherlight="image"><img class="report-img" src="file:///C:\Automation_28_Dec\wyndham-automation\screenshots\LongEnrollmentScenario_30 Jan 2018, 11.27.03.png"></a> 3.Enter Security Question</td>
																</tr>
																<tr>
																	<td class='status info' title='info' alt='info'><i class='mdi-action-info-outline'></i></td>
																	<td class='timestamp'>11:27:11</td>
																	<td class='step-details'>LongEnrollmentScenario_30 Jan 2018, 11.27.10<a href="C:\Automation_28_Dec\wyndham-automation\screenshots\LongEnrollmentScenario_30 Jan 2018, 11.27.10.png" data-featherlight="image"><img class="report-img" src="file:///C:\Automation_28_Dec\wyndham-automation\screenshots\LongEnrollmentScenario_30 Jan 2018, 11.27.10.png"></a> 4.Enter Address</td>
																</tr>
																<tr>
																	<td class='status info' title='info' alt='info'><i class='mdi-action-info-outline'></i></td>
																	<td class='timestamp'>11:27:31</td>
																	<td class='step-details'>LongEnrollmentScenario1517291850220<a href="C:\Automation_28_Dec\wyndham-automation\screenshots\LongEnrollmentScenario1517291850220.png" data-featherlight="image"><img class="report-img" src="file:///C:\Automation_28_Dec\wyndham-automation\screenshots\LongEnrollmentScenario1517291850220.png"></a></td>
																</tr>
																<tr>
																	<td class='status pass' title='pass' alt='pass'><i class='mdi-action-check-circle'></i></td>
																	<td class='timestamp'>11:27:31</td>
																	<td class='step-details'>Test passed</td>
																</tr>
																<tr>
																	<td class='status info' title='info' alt='info'><i class='mdi-action-info-outline'></i></td>
																	<td class='timestamp'>11:27:33</td>
																	<td class='step-details'>LongEnrollmentScenario1517291851811<a href="C:\Automation_28_Dec\wyndham-automation\screenshots\LongEnrollmentScenario1517291851811.png" data-featherlight="image"><img class="report-img" src="file:///C:\Automation_28_Dec\wyndham-automation\screenshots\LongEnrollmentScenario1517291851811.png"></a></td>
																</tr>
														</tbody>
													</table>
													<ul class='collapsible node-list' data-collapsible='accordion'>
													</ul>
												</div>
											</div>
										</li>
										<li class='collection-item test displayed active pass ' extentid='3a58b8a7-042f-495f-b544-55ca966a8191'>
											<div class='test-head'>
												<span class='test-name'>forgetPassword </span>
												<span class='test-status label right outline capitalize pass'>pass</span>
												<span class='category-assigned hide '></span>
											</div>
											<div class='test-body'>
												<div class='test-info'>
													<span title='Test started time' alt='Test started time' class='test-started-time label green lighten-1 text-white'>2018-01-30 11:27:38</span>
													<span title='Test ended time' alt='Test ended time' class='test-ended-time label red lighten-1 text-white'>2018-01-30 11:28:56</span>
													<span title='Time taken to finish' alt='Time taken to finish' class='test-time-taken label blue-grey lighten-3 text-white'>0h 1m 18s+0ms</span>
												</div>
												<div class='test-desc'></div>
												<div class='test-attributes'>
												</div>
												<div class='test-steps'>
													<table class='bordered table-results'>
														<thead>
															<tr>
																<th>Status</th>
																<th>Timestamp</th>
																<th>Details</th>
															</tr>
														</thead>
														<tbody>
																<tr>
																	<td class='status info' title='info' alt='info'><i class='mdi-action-info-outline'></i></td>
																	<td class='timestamp'>11:27:42</td>
																	<td class='step-details'>ForgetPasswordScenario_30 Jan 2018, 11.27.41<a href="C:\Automation_28_Dec\wyndham-automation\screenshots\ForgetPasswordScenario_30 Jan 2018, 11.27.41.png" data-featherlight="image"><img class="report-img" src="file:///C:\Automation_28_Dec\wyndham-automation\screenshots\ForgetPasswordScenario_30 Jan 2018, 11.27.41.png"></a> 1.Enter forgetPassword</td>
																</tr>
																<tr>
																	<td class='status info' title='info' alt='info'><i class='mdi-action-info-outline'></i></td>
																	<td class='timestamp'>11:27:50</td>
																	<td class='step-details'>ForgetPasswordScenario_30 Jan 2018, 11.27.49<a href="C:\Automation_28_Dec\wyndham-automation\screenshots\ForgetPasswordScenario_30 Jan 2018, 11.27.49.png" data-featherlight="image"><img class="report-img" src="file:///C:\Automation_28_Dec\wyndham-automation\screenshots\ForgetPasswordScenario_30 Jan 2018, 11.27.49.png"></a> 2.Enter account Details</td>
																</tr>
																<tr>
																	<td class='status info' title='info' alt='info'><i class='mdi-action-info-outline'></i></td>
																	<td class='timestamp'>11:27:56</td>
																	<td class='step-details'>ForgetPasswordScenario_30 Jan 2018, 11.27.54<a href="C:\Automation_28_Dec\wyndham-automation\screenshots\ForgetPasswordScenario_30 Jan 2018, 11.27.54.png" data-featherlight="image"><img class="report-img" src="file:///C:\Automation_28_Dec\wyndham-automation\screenshots\ForgetPasswordScenario_30 Jan 2018, 11.27.54.png"></a> 3.Enter Security Question</td>
																</tr>
																<tr>
																	<td class='status info' title='info' alt='info'><i class='mdi-action-info-outline'></i></td>
																	<td class='timestamp'>11:27:58</td>
																	<td class='step-details'>ForgetPasswordScenario_30 Jan 2018, 11.27.57<a href="C:\Automation_28_Dec\wyndham-automation\screenshots\ForgetPasswordScenario_30 Jan 2018, 11.27.57.png" data-featherlight="image"><img class="report-img" src="file:///C:\Automation_28_Dec\wyndham-automation\screenshots\ForgetPasswordScenario_30 Jan 2018, 11.27.57.png"></a> 4.Change Password</td>
																</tr>
																<tr>
																	<td class='status info' title='info' alt='info'><i class='mdi-action-info-outline'></i></td>
																	<td class='timestamp'>11:28:30</td>
																	<td class='step-details'>ForgetPasswordScenario_30 Jan 2018, 11.28.29<a href="C:\Automation_28_Dec\wyndham-automation\screenshots\ForgetPasswordScenario_30 Jan 2018, 11.28.29.png" data-featherlight="image"><img class="report-img" src="file:///C:\Automation_28_Dec\wyndham-automation\screenshots\ForgetPasswordScenario_30 Jan 2018, 11.28.29.png"></a> 5.Click LogOut After Login</td>
																</tr>
																<tr>
																	<td class='status info' title='info' alt='info'><i class='mdi-action-info-outline'></i></td>
																	<td class='timestamp'>11:28:49</td>
																	<td class='step-details'>ForgetPasswordScenario_30 Jan 2018, 11.28.48<a href="C:\Automation_28_Dec\wyndham-automation\screenshots\ForgetPasswordScenario_30 Jan 2018, 11.28.48.png" data-featherlight="image"><img class="report-img" src="file:///C:\Automation_28_Dec\wyndham-automation\screenshots\ForgetPasswordScenario_30 Jan 2018, 11.28.48.png"></a> 6.Login Physically</td>
																</tr>
																<tr>
																	<td class='status pass' title='pass' alt='pass'><i class='mdi-action-check-circle'></i></td>
																	<td class='timestamp'>11:28:55</td>
																	<td class='step-details'>Test passed</td>
																</tr>
																<tr>
																	<td class='status info' title='info' alt='info'><i class='mdi-action-info-outline'></i></td>
																	<td class='timestamp'>11:28:56</td>
																	<td class='step-details'>ForgetPasswordScenario1517291935357<a href="C:\Automation_28_Dec\wyndham-automation\screenshots\ForgetPasswordScenario1517291935357.png" data-featherlight="image"><img class="report-img" src="file:///C:\Automation_28_Dec\wyndham-automation\screenshots\ForgetPasswordScenario1517291935357.png"></a></td>
																</tr>
														</tbody>
													</table>
													<ul class='collapsible node-list' data-collapsible='accordion'>
													</ul>
												</div>
											</div>
										</li>
										<li class='collection-item test displayed active pass ' extentid='4a69013a-dc99-420f-9fac-0f7d9f1a0896'>
											<div class='test-head'>
												<span class='test-name'>firstTimeSignIn </span>
												<span class='test-status label right outline capitalize pass'>pass</span>
												<span class='category-assigned hide '></span>
											</div>
											<div class='test-body'>
												<div class='test-info'>
													<span title='Test started time' alt='Test started time' class='test-started-time label green lighten-1 text-white'>2018-01-30 11:29:04</span>
													<span title='Test ended time' alt='Test ended time' class='test-ended-time label red lighten-1 text-white'>2018-01-30 11:29:53</span>
													<span title='Time taken to finish' alt='Time taken to finish' class='test-time-taken label blue-grey lighten-3 text-white'>0h 0m 49s+0ms</span>
												</div>
												<div class='test-desc'></div>
												<div class='test-attributes'>
												</div>
												<div class='test-steps'>
													<table class='bordered table-results'>
														<thead>
															<tr>
																<th>Status</th>
																<th>Timestamp</th>
																<th>Details</th>
															</tr>
														</thead>
														<tbody>
																<tr>
																	<td class='status info' title='info' alt='info'><i class='mdi-action-info-outline'></i></td>
																	<td class='timestamp'>11:29:08</td>
																	<td class='step-details'>FirstTimeSignInScenario_30 Jan 2018, 11.29.07<a href="C:\Automation_28_Dec\wyndham-automation\screenshots\FirstTimeSignInScenario_30 Jan 2018, 11.29.07.png" data-featherlight="image"><img class="report-img" src="file:///C:\Automation_28_Dec\wyndham-automation\screenshots\FirstTimeSignInScenario_30 Jan 2018, 11.29.07.png"></a> 1.Enter Details in EnrollmentPage</td>
																</tr>
																<tr>
																	<td class='status info' title='info' alt='info'><i class='mdi-action-info-outline'></i></td>
																	<td class='timestamp'>11:29:13</td>
																	<td class='step-details'>FirstTimeSignInScenario_30 Jan 2018, 11.29.12<a href="C:\Automation_28_Dec\wyndham-automation\screenshots\FirstTimeSignInScenario_30 Jan 2018, 11.29.12.png" data-featherlight="image"><img class="report-img" src="file:///C:\Automation_28_Dec\wyndham-automation\screenshots\FirstTimeSignInScenario_30 Jan 2018, 11.29.12.png"></a> 2.Enter click FirstTime SignIn</td>
																</tr>
																<tr>
																	<td class='status info' title='info' alt='info'><i class='mdi-action-info-outline'></i></td>
																	<td class='timestamp'>11:29:20</td>
																	<td class='step-details'>FirstTimeSignInScenario_30 Jan 2018, 11.29.18<a href="C:\Automation_28_Dec\wyndham-automation\screenshots\FirstTimeSignInScenario_30 Jan 2018, 11.29.18.png" data-featherlight="image"><img class="report-img" src="file:///C:\Automation_28_Dec\wyndham-automation\screenshots\FirstTimeSignInScenario_30 Jan 2018, 11.29.18.png"></a> 3.Enter MemeberDetails</td>
																</tr>
																<tr>
																	<td class='status info' title='info' alt='info'><i class='mdi-action-info-outline'></i></td>
																	<td class='timestamp'>11:29:27</td>
																	<td class='step-details'>FirstTimeSignInScenario_30 Jan 2018, 11.29.26<a href="C:\Automation_28_Dec\wyndham-automation\screenshots\FirstTimeSignInScenario_30 Jan 2018, 11.29.26.png" data-featherlight="image"><img class="report-img" src="file:///C:\Automation_28_Dec\wyndham-automation\screenshots\FirstTimeSignInScenario_30 Jan 2018, 11.29.26.png"></a> 4.Enter secrity Questions</td>
																</tr>
																<tr>
																	<td class='status info' title='info' alt='info'><i class='mdi-action-info-outline'></i></td>
																	<td class='timestamp'>11:29:33</td>
																	<td class='step-details'>FirstTimeSignInScenario_30 Jan 2018, 11.29.32<a href="C:\Automation_28_Dec\wyndham-automation\screenshots\FirstTimeSignInScenario_30 Jan 2018, 11.29.32.png" data-featherlight="image"><img class="report-img" src="file:///C:\Automation_28_Dec\wyndham-automation\screenshots\FirstTimeSignInScenario_30 Jan 2018, 11.29.32.png"></a> 5.Account Created</td>
																</tr>
																<tr>
																	<td class='status pass' title='pass' alt='pass'><i class='mdi-action-check-circle'></i></td>
																	<td class='timestamp'>11:29:51</td>
																	<td class='step-details'>Test passed</td>
																</tr>
																<tr>
																	<td class='status info' title='info' alt='info'><i class='mdi-action-info-outline'></i></td>
																	<td class='timestamp'>11:29:53</td>
																	<td class='step-details'>FirstTimeSignInScenario1517291991264<a href="C:\Automation_28_Dec\wyndham-automation\screenshots\FirstTimeSignInScenario1517291991264.png" data-featherlight="image"><img class="report-img" src="file:///C:\Automation_28_Dec\wyndham-automation\screenshots\FirstTimeSignInScenario1517291991264.png"></a></td>
																</tr>
														</tbody>
													</table>
													<ul class='collapsible node-list' data-collapsible='accordion'>
													</ul>
												</div>
											</div>
										</li>
										<li class='collection-item test displayed active fail ' extentid='1c4bc933-dfe3-425c-bae3-7c82693a685d'>
											<div class='test-head'>
												<span class='test-name'>contactUsFormWithLogin </span>
												<span class='test-status label right outline capitalize fail'>fail</span>
												<span class='category-assigned hide '></span>
											</div>
											<div class='test-body'>
												<div class='test-info'>
													<span title='Test started time' alt='Test started time' class='test-started-time label green lighten-1 text-white'>2018-01-30 11:30:00</span>
													<span title='Test ended time' alt='Test ended time' class='test-ended-time label red lighten-1 text-white'>2018-01-30 11:31:09</span>
													<span title='Time taken to finish' alt='Time taken to finish' class='test-time-taken label blue-grey lighten-3 text-white'>0h 1m 9s+0ms</span>
												</div>
												<div class='test-desc'></div>
												<div class='test-attributes'>
												</div>
												<div class='test-steps'>
													<table class='bordered table-results'>
														<thead>
															<tr>
																<th>Status</th>
																<th>Timestamp</th>
																<th>Details</th>
															</tr>
														</thead>
														<tbody>
																<tr>
																	<td class='status info' title='info' alt='info'><i class='mdi-action-info-outline'></i></td>
																	<td class='timestamp'>11:30:05</td>
																	<td class='step-details'>ContactusWithLogin_30 Jan 2018, 11.30.04<a href="C:\Automation_28_Dec\wyndham-automation\screenshots\ContactusWithLogin_30 Jan 2018, 11.30.04.png" data-featherlight="image"><img class="report-img" src="file:///C:\Automation_28_Dec\wyndham-automation\screenshots\ContactusWithLogin_30 Jan 2018, 11.30.04.png"></a> 1.Click SignIn</td>
																</tr>
																<tr>
																	<td class='status info' title='info' alt='info'><i class='mdi-action-info-outline'></i></td>
																	<td class='timestamp'>11:30:12</td>
																	<td class='step-details'>ContactusWithLogin_30 Jan 2018, 11.30.11<a href="C:\Automation_28_Dec\wyndham-automation\screenshots\ContactusWithLogin_30 Jan 2018, 11.30.11.png" data-featherlight="image"><img class="report-img" src="file:///C:\Automation_28_Dec\wyndham-automation\screenshots\ContactusWithLogin_30 Jan 2018, 11.30.11.png"></a> 2.Click ContactUs Form</td>
																</tr>
																<tr>
																	<td class='status info' title='info' alt='info'><i class='mdi-action-info-outline'></i></td>
																	<td class='timestamp'>11:30:36</td>
																	<td class='step-details'>ContactusWithLogin_30 Jan 2018, 11.30.35<a href="C:\Automation_28_Dec\wyndham-automation\screenshots\ContactusWithLogin_30 Jan 2018, 11.30.35.png" data-featherlight="image"><img class="report-img" src="file:///C:\Automation_28_Dec\wyndham-automation\screenshots\ContactusWithLogin_30 Jan 2018, 11.30.35.png"></a> 3.Enter form Details</td>
																</tr>
																<tr>
																	<td class='status fail' title='fail' alt='fail'><i class='mdi-navigation-cancel'></i></td>
																	<td class='timestamp'>11:31:07</td>
																	<td class='step-details'><pre>org.openqa.selenium.NoSuchElementException: Cannot locate element with text: February
For documentation on this error, please visit: http://seleniumhq.org/exceptions/no_such_element.html
Build info: version: '3.5.3', revision: 'a88d25fe6b', time: '2017-08-29T12:42:44.417Z'
System info: host: 'HDC3-D-426QWJF', ip: '10.249.42.29', os.name: 'Windows 10', os.arch: 'amd64', os.version: '10.0', java.version: '1.8.0_121'
Driver info: driver.version: unknown
	at org.openqa.selenium.support.ui.Select.selectByVisibleText(Select.java:147)
	at com.wyn.automation.base.BasePage.selectDropDownText(BasePage.java:70)
	at com.wr.automation.rewards.pages.ContactUsPage.enterDetails(ContactUsPage.java:94)
	at com.wr.automation.rewards.ContactusWithLogin.contactUsFormWithLogin(ContactusWithLogin.java:24)
	at sun.reflect.NativeMethodAccessorImpl.invoke0(Native Method)
	at sun.reflect.NativeMethodAccessorImpl.invoke(NativeMethodAccessorImpl.java:62)
	at sun.reflect.DelegatingMethodAccessorImpl.invoke(DelegatingMethodAccessorImpl.java:43)
	at java.lang.reflect.Method.invoke(Method.java:498)
	at org.testng.internal.MethodInvocationHelper.invokeMethod(MethodInvocationHelper.java:80)
	at org.testng.internal.Invoker.invokeMethod(Invoker.java:714)
	at org.testng.internal.Invoker.invokeTestMethod(Invoker.java:901)
	at org.testng.internal.Invoker.invokeTestMethods(Invoker.java:1231)
	at org.testng.internal.TestMethodWorker.invokeTestMethods(TestMethodWorker.java:127)
	at org.testng.internal.TestMethodWorker.run(TestMethodWorker.java:111)
	at org.testng.TestRunner.privateRun(TestRunner.java:767)
	at org.testng.TestRunner.run(TestRunner.java:617)
	at org.testng.SuiteRunner.runTest(SuiteRunner.java:334)
	at org.testng.SuiteRunner.runSequentially(SuiteRunner.java:329)
	at org.testng.SuiteRunner.privateRun(SuiteRunner.java:291)
	at org.testng.SuiteRunner.run(SuiteRunner.java:240)
	at org.testng.SuiteRunnerWorker.runSuite(SuiteRunnerWorker.java:52)
	at org.testng.SuiteRunnerWorker.run(SuiteRunnerWorker.java:86)
	at org.testng.TestNG.runSuitesSequentially(TestNG.java:1198)
	at org.testng.TestNG.runSuitesLocally(TestNG.java:1123)
	at org.testng.TestNG.run(TestNG.java:1031)
	at org.testng.remote.AbstractRemoteTestNG.run(AbstractRemoteTestNG.java:132)
	at org.testng.remote.RemoteTestNG.initAndRun(RemoteTestNG.java:230)
	at org.testng.remote.RemoteTestNG.main(RemoteTestNG.java:76)
</pre></td>
																</tr>
																<tr>
																	<td class='status info' title='info' alt='info'><i class='mdi-action-info-outline'></i></td>
																	<td class='timestamp'>11:31:09</td>
																	<td class='step-details'>ContactusWithLogin1517292067286<a href="C:\Automation_28_Dec\wyndham-automation\screenshots\ContactusWithLogin1517292067286.png" data-featherlight="image"><img class="report-img" src="file:///C:\Automation_28_Dec\wyndham-automation\screenshots\ContactusWithLogin1517292067286.png"></a></td>
																</tr>
														</tbody>
													</table>
													<ul class='collapsible node-list' data-collapsible='accordion'>
													</ul>
												</div>
											</div>
										</li>
										<li class='collection-item test displayed active pass ' extentid='3dbe5562-6cec-45fd-82a7-901db40f5fce'>
											<div class='test-head'>
												<span class='test-name'>MyAccount </span>
												<span class='test-status label right outline capitalize pass'>pass</span>
												<span class='category-assigned hide '></span>
											</div>
											<div class='test-body'>
												<div class='test-info'>
													<span title='Test started time' alt='Test started time' class='test-started-time label green lighten-1 text-white'>2018-01-30 11:31:14</span>
													<span title='Test ended time' alt='Test ended time' class='test-ended-time label red lighten-1 text-white'>2018-01-30 11:31:47</span>
													<span title='Time taken to finish' alt='Time taken to finish' class='test-time-taken label blue-grey lighten-3 text-white'>0h 0m 33s+0ms</span>
												</div>
												<div class='test-desc'></div>
												<div class='test-attributes'>
												</div>
												<div class='test-steps'>
													<table class='bordered table-results'>
														<thead>
															<tr>
																<th>Status</th>
																<th>Timestamp</th>
																<th>Details</th>
															</tr>
														</thead>
														<tbody>
																<tr>
																	<td class='status info' title='info' alt='info'><i class='mdi-action-info-outline'></i></td>
																	<td class='timestamp'>11:31:19</td>
																	<td class='step-details'>MyAccountScenario_30 Jan 2018, 11.31.17<a href="C:\Automation_28_Dec\wyndham-automation\screenshots\MyAccountScenario_30 Jan 2018, 11.31.17.png" data-featherlight="image"><img class="report-img" src="file:///C:\Automation_28_Dec\wyndham-automation\screenshots\MyAccountScenario_30 Jan 2018, 11.31.17.png"></a> 1.Click SignIn</td>
																</tr>
																<tr>
																	<td class='status info' title='info' alt='info'><i class='mdi-action-info-outline'></i></td>
																	<td class='timestamp'>11:31:22</td>
																	<td class='step-details'>MyAccountScenario_30 Jan 2018, 11.31.20<a href="C:\Automation_28_Dec\wyndham-automation\screenshots\MyAccountScenario_30 Jan 2018, 11.31.20.png" data-featherlight="image"><img class="report-img" src="file:///C:\Automation_28_Dec\wyndham-automation\screenshots\MyAccountScenario_30 Jan 2018, 11.31.20.png"></a> 2.Enter the Security Question</td>
																</tr>
																<tr>
																	<td class='status info' title='info' alt='info'><i class='mdi-action-info-outline'></i></td>
																	<td class='timestamp'>11:31:26</td>
																	<td class='step-details'>MyAccountScenario_30 Jan 2018, 11.31.25<a href="C:\Automation_28_Dec\wyndham-automation\screenshots\MyAccountScenario_30 Jan 2018, 11.31.25.png" data-featherlight="image"><img class="report-img" src="file:///C:\Automation_28_Dec\wyndham-automation\screenshots\MyAccountScenario_30 Jan 2018, 11.31.25.png"></a> 3.Click MyAccount</td>
																</tr>
																<tr>
																	<td class='status info' title='info' alt='info'><i class='mdi-action-info-outline'></i></td>
																	<td class='timestamp'>11:31:44</td>
																	<td class='step-details'>MyAccountScenario_30 Jan 2018, 11.31.43<a href="C:\Automation_28_Dec\wyndham-automation\screenshots\MyAccountScenario_30 Jan 2018, 11.31.43.png" data-featherlight="image"><img class="report-img" src="file:///C:\Automation_28_Dec\wyndham-automation\screenshots\MyAccountScenario_30 Jan 2018, 11.31.43.png"></a> 4.Verify MyAccount Components</td>
																</tr>
																<tr>
																	<td class='status pass' title='pass' alt='pass'><i class='mdi-action-check-circle'></i></td>
																	<td class='timestamp'>11:31:45</td>
																	<td class='step-details'>Test passed</td>
																</tr>
																<tr>
																	<td class='status info' title='info' alt='info'><i class='mdi-action-info-outline'></i></td>
																	<td class='timestamp'>11:31:47</td>
																	<td class='step-details'>MyAccountScenario1517292105683<a href="C:\Automation_28_Dec\wyndham-automation\screenshots\MyAccountScenario1517292105683.png" data-featherlight="image"><img class="report-img" src="file:///C:\Automation_28_Dec\wyndham-automation\screenshots\MyAccountScenario1517292105683.png"></a></td>
																</tr>
														</tbody>
													</table>
													<ul class='collapsible node-list' data-collapsible='accordion'>
													</ul>
												</div>
											</div>
										</li>
										<li class='collection-item test displayed active fail ' extentid='5f5df09d-bc24-4fd1-9de8-34e033adbfe6'>
											<div class='test-head'>
												<span class='test-name'>myProfile </span>
												<span class='test-status label right outline capitalize fail'>fail</span>
												<span class='category-assigned hide '></span>
											</div>
											<div class='test-body'>
												<div class='test-info'>
													<span title='Test started time' alt='Test started time' class='test-started-time label green lighten-1 text-white'>2018-01-30 11:31:53</span>
													<span title='Test ended time' alt='Test ended time' class='test-ended-time label red lighten-1 text-white'>2018-01-30 11:34:30</span>
													<span title='Time taken to finish' alt='Time taken to finish' class='test-time-taken label blue-grey lighten-3 text-white'>0h 2m 37s+0ms</span>
												</div>
												<div class='test-desc'></div>
												<div class='test-attributes'>
												</div>
												<div class='test-steps'>
													<table class='bordered table-results'>
														<thead>
															<tr>
																<th>Status</th>
																<th>Timestamp</th>
																<th>Details</th>
															</tr>
														</thead>
														<tbody>
																<tr>
																	<td class='status info' title='info' alt='info'><i class='mdi-action-info-outline'></i></td>
																	<td class='timestamp'>11:31:58</td>
																	<td class='step-details'>MyProfileScenario_30 Jan 2018, 11.31.57<a href="C:\Automation_28_Dec\wyndham-automation\screenshots\MyProfileScenario_30 Jan 2018, 11.31.57.png" data-featherlight="image"><img class="report-img" src="file:///C:\Automation_28_Dec\wyndham-automation\screenshots\MyProfileScenario_30 Jan 2018, 11.31.57.png"></a> 1.Click SignIn</td>
																</tr>
																<tr>
																	<td class='status info' title='info' alt='info'><i class='mdi-action-info-outline'></i></td>
																	<td class='timestamp'>11:32:01</td>
																	<td class='step-details'>MyProfileScenario_30 Jan 2018, 11.32.00<a href="C:\Automation_28_Dec\wyndham-automation\screenshots\MyProfileScenario_30 Jan 2018, 11.32.00.png" data-featherlight="image"><img class="report-img" src="file:///C:\Automation_28_Dec\wyndham-automation\screenshots\MyProfileScenario_30 Jan 2018, 11.32.00.png"></a> 2.Enter the Security Question</td>
																</tr>
																<tr>
																	<td class='status info' title='info' alt='info'><i class='mdi-action-info-outline'></i></td>
																	<td class='timestamp'>11:32:07</td>
																	<td class='step-details'>MyProfileScenario_30 Jan 2018, 11.32.06<a href="C:\Automation_28_Dec\wyndham-automation\screenshots\MyProfileScenario_30 Jan 2018, 11.32.06.png" data-featherlight="image"><img class="report-img" src="file:///C:\Automation_28_Dec\wyndham-automation\screenshots\MyProfileScenario_30 Jan 2018, 11.32.06.png"></a> 3.Click MyProfile</td>
																</tr>
																<tr>
																	<td class='status info' title='info' alt='info'><i class='mdi-action-info-outline'></i></td>
																	<td class='timestamp'>11:32:27</td>
																	<td class='step-details'>MyProfileScenario_30 Jan 2018, 11.32.25<a href="C:\Automation_28_Dec\wyndham-automation\screenshots\MyProfileScenario_30 Jan 2018, 11.32.25.png" data-featherlight="image"><img class="report-img" src="file:///C:\Automation_28_Dec\wyndham-automation\screenshots\MyProfileScenario_30 Jan 2018, 11.32.25.png"></a> 4.Enter adders details</td>
																</tr>
																<tr>
																	<td class='status info' title='info' alt='info'><i class='mdi-action-info-outline'></i></td>
																	<td class='timestamp'>11:32:45</td>
																	<td class='step-details'>MyProfileScenario_30 Jan 2018, 11.32.44<a href="C:\Automation_28_Dec\wyndham-automation\screenshots\MyProfileScenario_30 Jan 2018, 11.32.44.png" data-featherlight="image"><img class="report-img" src="file:///C:\Automation_28_Dec\wyndham-automation\screenshots\MyProfileScenario_30 Jan 2018, 11.32.44.png"></a> 5.Change Password</td>
																</tr>
																<tr>
																	<td class='status info' title='info' alt='info'><i class='mdi-action-info-outline'></i></td>
																	<td class='timestamp'>11:32:53</td>
																	<td class='step-details'>MyProfileScenario_30 Jan 2018, 11.32.52<a href="C:\Automation_28_Dec\wyndham-automation\screenshots\MyProfileScenario_30 Jan 2018, 11.32.52.png" data-featherlight="image"><img class="report-img" src="file:///C:\Automation_28_Dec\wyndham-automation\screenshots\MyProfileScenario_30 Jan 2018, 11.32.52.png"></a> 6.Change security Question</td>
																</tr>
																<tr>
																	<td class='status info' title='info' alt='info'><i class='mdi-action-info-outline'></i></td>
																	<td class='timestamp'>11:33:01</td>
																	<td class='step-details'>MyProfileScenario_30 Jan 2018, 11.33.00<a href="C:\Automation_28_Dec\wyndham-automation\screenshots\MyProfileScenario_30 Jan 2018, 11.33.00.png" data-featherlight="image"><img class="report-img" src="file:///C:\Automation_28_Dec\wyndham-automation\screenshots\MyProfileScenario_30 Jan 2018, 11.33.00.png"></a> 7.Enter Preferences</td>
																</tr>
																<tr>
																	<td class='status info' title='info' alt='info'><i class='mdi-action-info-outline'></i></td>
																	<td class='timestamp'>11:33:06</td>
																	<td class='step-details'>MyProfileScenario_30 Jan 2018, 11.33.05<a href="C:\Automation_28_Dec\wyndham-automation\screenshots\MyProfileScenario_30 Jan 2018, 11.33.05.png" data-featherlight="image"><img class="report-img" src="file:///C:\Automation_28_Dec\wyndham-automation\screenshots\MyProfileScenario_30 Jan 2018, 11.33.05.png"></a> 8.Click LogOut After Login</td>
																</tr>
																<tr>
																	<td class='status info' title='info' alt='info'><i class='mdi-action-info-outline'></i></td>
																	<td class='timestamp'>11:33:25</td>
																	<td class='step-details'>MyProfileScenario_30 Jan 2018, 11.33.23<a href="C:\Automation_28_Dec\wyndham-automation\screenshots\MyProfileScenario_30 Jan 2018, 11.33.23.png" data-featherlight="image"><img class="report-img" src="file:///C:\Automation_28_Dec\wyndham-automation\screenshots\MyProfileScenario_30 Jan 2018, 11.33.23.png"></a> 9.Click SignIn</td>
																</tr>
																<tr>
																	<td class='status info' title='info' alt='info'><i class='mdi-action-info-outline'></i></td>
																	<td class='timestamp'>11:33:28</td>
																	<td class='step-details'>MyProfileScenario_30 Jan 2018, 11.33.26<a href="C:\Automation_28_Dec\wyndham-automation\screenshots\MyProfileScenario_30 Jan 2018, 11.33.26.png" data-featherlight="image"><img class="report-img" src="file:///C:\Automation_28_Dec\wyndham-automation\screenshots\MyProfileScenario_30 Jan 2018, 11.33.26.png"></a> 10.Enter the Security Question</td>
																</tr>
																<tr>
																	<td class='status fail' title='fail' alt='fail'><i class='mdi-navigation-cancel'></i></td>
																	<td class='timestamp'>11:34:28</td>
																	<td class='step-details'><pre>org.openqa.selenium.NoSuchElementException: no such element: Unable to locate element: {"method":"class name","selector":"question"}
  (Session info: chrome=64.0.3282.119)
  (Driver info: chromedriver=2.34.522940 (1a76f96f66e3ca7b8e57d503b4dd3bccfba87af1),platform=Windows NT 10.0.10586 x86_64) (WARNING: The server did not provide any stacktrace information)
Command duration or timeout: 0 milliseconds
For documentation on this error, please visit: http://seleniumhq.org/exceptions/no_such_element.html
Build info: version: '3.5.3', revision: 'a88d25fe6b', time: '2017-08-29T12:42:44.417Z'
System info: host: 'HDC3-D-426QWJF', ip: '10.249.42.29', os.name: 'Windows 10', os.arch: 'amd64', os.version: '10.0', java.version: '1.8.0_121'
Driver info: org.openqa.selenium.chrome.ChromeDriver
Capabilities [{mobileEmulationEnabled=false, hasTouchScreen=false, platform=XP, acceptSslCerts=true, webStorageEnabled=true, browserName=chrome, takesScreenshot=true, javascriptEnabled=true, platformName=XP, setWindowRect=true, unexpectedAlertBehaviour=, applicationCacheEnabled=false, rotatable=false, networkConnectionEnabled=false, chrome={chromedriverVersion=2.34.522940 (1a76f96f66e3ca7b8e57d503b4dd3bccfba87af1), userDataDir=C:\Users\DUGGI~2.SAN\AppData\Local\Temp\scoped_dir4652_10726}, takesHeapSnapshot=true, pageLoadStrategy=normal, unhandledPromptBehavior=, databaseEnabled=false, handlesAlerts=true, version=64.0.3282.119, browserConnectionEnabled=false, nativeEvents=true, locationContextEnabled=true, cssSelectorsEnabled=true}]
Session ID: b85f12c7d5571758fe6f77abb342ba14
*** Element info: {Using=class name, value=question}
	at sun.reflect.NativeConstructorAccessorImpl.newInstance0(Native Method)
	at sun.reflect.NativeConstructorAccessorImpl.newInstance(NativeConstructorAccessorImpl.java:62)
	at sun.reflect.DelegatingConstructorAccessorImpl.newInstance(DelegatingConstructorAccessorImpl.java:45)
	at java.lang.reflect.Constructor.newInstance(Constructor.java:423)
	at org.openqa.selenium.remote.ErrorHandler.createThrowable(ErrorHandler.java:215)
	at org.openqa.selenium.remote.ErrorHandler.throwIfResponseFailed(ErrorHandler.java:167)
	at org.openqa.selenium.remote.http.JsonHttpResponseCodec.reconstructValue(JsonHttpResponseCodec.java:40)
	at org.openqa.selenium.remote.http.AbstractHttpResponseCodec.decode(AbstractHttpResponseCodec.java:82)
	at org.openqa.selenium.remote.http.AbstractHttpResponseCodec.decode(AbstractHttpResponseCodec.java:45)
	at org.openqa.selenium.remote.HttpCommandExecutor.execute(HttpCommandExecutor.java:164)
	at org.openqa.selenium.remote.service.DriverCommandExecutor.execute(DriverCommandExecutor.java:82)
	at org.openqa.selenium.remote.RemoteWebDriver.execute(RemoteWebDriver.java:646)
	at org.openqa.selenium.remote.RemoteWebDriver.findElement(RemoteWebDriver.java:416)
	at org.openqa.selenium.remote.RemoteWebDriver.findElementByClassName(RemoteWebDriver.java:502)
	at org.openqa.selenium.By$ByClassName.findElement(By.java:391)
	at org.openqa.selenium.remote.RemoteWebDriver.findElement(RemoteWebDriver.java:408)
	at org.openqa.selenium.support.pagefactory.DefaultElementLocator.findElement(DefaultElementLocator.java:59)
	at org.openqa.selenium.support.pagefactory.internal.LocatingElementHandler.invoke(LocatingElementHandler.java:34)
	at com.sun.proxy.$Proxy10.toString(Unknown Source)
	at java.lang.String.valueOf(String.java:2994)
	at java.lang.StringBuilder.append(StringBuilder.java:131)
	at org.openqa.selenium.support.ui.ExpectedConditions$7.toString(ExpectedConditions.java:218)
	at org.openqa.selenium.support.ui.FluentWait.until(FluentWait.java:223)
	at com.wyn.automation.utils.AutomationUtils.waitVisibilityOf(AutomationUtils.java:113)
	at com.wr.automation.rewards.pages.LoginPage.myProfileValidateSecurityQuestion(LoginPage.java:135)
	at com.wr.automation.rewards.MyProfileScenario.myProfile(MyProfileScenario.java:39)
	at sun.reflect.NativeMethodAccessorImpl.invoke0(Native Method)
	at sun.reflect.NativeMethodAccessorImpl.invoke(NativeMethodAccessorImpl.java:62)
	at sun.reflect.DelegatingMethodAccessorImpl.invoke(DelegatingMethodAccessorImpl.java:43)
	at java.lang.reflect.Method.invoke(Method.java:498)
	at org.testng.internal.MethodInvocationHelper.invokeMethod(MethodInvocationHelper.java:80)
	at org.testng.internal.Invoker.invokeMethod(Invoker.java:714)
	at org.testng.internal.Invoker.invokeTestMethod(Invoker.java:901)
	at org.testng.internal.Invoker.invokeTestMethods(Invoker.java:1231)
	at org.testng.internal.TestMethodWorker.invokeTestMethods(TestMethodWorker.java:127)
	at org.testng.internal.TestMethodWorker.run(TestMethodWorker.java:111)
	at org.testng.TestRunner.privateRun(TestRunner.java:767)
	at org.testng.TestRunner.run(TestRunner.java:617)
	at org.testng.SuiteRunner.runTest(SuiteRunner.java:334)
	at org.testng.SuiteRunner.runSequentially(SuiteRunner.java:329)
	at org.testng.SuiteRunner.privateRun(SuiteRunner.java:291)
	at org.testng.SuiteRunner.run(SuiteRunner.java:240)
	at org.testng.SuiteRunnerWorker.runSuite(SuiteRunnerWorker.java:52)
	at org.testng.SuiteRunnerWorker.run(SuiteRunnerWorker.java:86)
	at org.testng.TestNG.runSuitesSequentially(TestNG.java:1198)
	at org.testng.TestNG.runSuitesLocally(TestNG.java:1123)
	at org.testng.TestNG.run(TestNG.java:1031)
	at org.testng.remote.AbstractRemoteTestNG.run(AbstractRemoteTestNG.java:132)
	at org.testng.remote.RemoteTestNG.initAndRun(RemoteTestNG.java:230)
	at org.testng.remote.RemoteTestNG.main(RemoteTestNG.java:76)
</pre></td>
																</tr>
																<tr>
																	<td class='status info' title='info' alt='info'><i class='mdi-action-info-outline'></i></td>
																	<td class='timestamp'>11:34:30</td>
																	<td class='step-details'>MyProfileScenario1517292268633<a href="C:\Automation_28_Dec\wyndham-automation\screenshots\MyProfileScenario1517292268633.png" data-featherlight="image"><img class="report-img" src="file:///C:\Automation_28_Dec\wyndham-automation\screenshots\MyProfileScenario1517292268633.png"></a></td>
																</tr>
														</tbody>
													</table>
													<ul class='collapsible node-list' data-collapsible='accordion'>
													</ul>
												</div>
											</div>
										</li>
										<li class='collection-item test displayed active pass ' extentid='62d3f284-0273-41a4-91e0-c27998790c81'>
											<div class='test-head'>
												<span class='test-name'>MyReservationCheckPages </span>
												<span class='test-status label right outline capitalize pass'>pass</span>
												<span class='category-assigned hide '></span>
											</div>
											<div class='test-body'>
												<div class='test-info'>
													<span title='Test started time' alt='Test started time' class='test-started-time label green lighten-1 text-white'>2018-01-30 11:34:37</span>
													<span title='Test ended time' alt='Test ended time' class='test-ended-time label red lighten-1 text-white'>2018-01-30 11:36:11</span>
													<span title='Time taken to finish' alt='Time taken to finish' class='test-time-taken label blue-grey lighten-3 text-white'>0h 1m 34s+0ms</span>
												</div>
												<div class='test-desc'></div>
												<div class='test-attributes'>
												</div>
												<div class='test-steps'>
													<table class='bordered table-results'>
														<thead>
															<tr>
																<th>Status</th>
																<th>Timestamp</th>
																<th>Details</th>
															</tr>
														</thead>
														<tbody>
																<tr>
																	<td class='status info' title='info' alt='info'><i class='mdi-action-info-outline'></i></td>
																	<td class='timestamp'>11:34:43</td>
																	<td class='step-details'>MyReservationScenario_30 Jan 2018, 11.34.42<a href="C:\Automation_28_Dec\wyndham-automation\screenshots\MyReservationScenario_30 Jan 2018, 11.34.42.png" data-featherlight="image"><img class="report-img" src="file:///C:\Automation_28_Dec\wyndham-automation\screenshots\MyReservationScenario_30 Jan 2018, 11.34.42.png"></a> 1.Enter LoginDeatils</td>
																</tr>
																<tr>
																	<td class='status info' title='info' alt='info'><i class='mdi-action-info-outline'></i></td>
																	<td class='timestamp'>11:34:47</td>
																	<td class='step-details'>MyReservationScenario_30 Jan 2018, 11.34.45<a href="C:\Automation_28_Dec\wyndham-automation\screenshots\MyReservationScenario_30 Jan 2018, 11.34.45.png" data-featherlight="image"><img class="report-img" src="file:///C:\Automation_28_Dec\wyndham-automation\screenshots\MyReservationScenario_30 Jan 2018, 11.34.45.png"></a> 2.Click MyAccount Link</td>
																</tr>
																<tr>
																	<td class='status info' title='info' alt='info'><i class='mdi-action-info-outline'></i></td>
																	<td class='timestamp'>11:35:04</td>
																	<td class='step-details'>MyReservationScenario_30 Jan 2018, 11.35.02<a href="C:\Automation_28_Dec\wyndham-automation\screenshots\MyReservationScenario_30 Jan 2018, 11.35.02.png" data-featherlight="image"><img class="report-img" src="file:///C:\Automation_28_Dec\wyndham-automation\screenshots\MyReservationScenario_30 Jan 2018, 11.35.02.png"></a> 3.Click MyReservation Link</td>
																</tr>
																<tr>
																	<td class='status info' title='info' alt='info'><i class='mdi-action-info-outline'></i></td>
																	<td class='timestamp'>11:35:19</td>
																	<td class='step-details'>MyReservationScenario_30 Jan 2018, 11.35.17<a href="C:\Automation_28_Dec\wyndham-automation\screenshots\MyReservationScenario_30 Jan 2018, 11.35.17.png" data-featherlight="image"><img class="report-img" src="file:///C:\Automation_28_Dec\wyndham-automation\screenshots\MyReservationScenario_30 Jan 2018, 11.35.17.png"></a> 4.Click viewDetails than check the confirmation page</td>
																</tr>
																<tr>
																	<td class='status info' title='info' alt='info'><i class='mdi-action-info-outline'></i></td>
																	<td class='timestamp'>11:35:29</td>
																	<td class='step-details'>MyReservationScenario_30 Jan 2018, 11.35.27<a href="C:\Automation_28_Dec\wyndham-automation\screenshots\MyReservationScenario_30 Jan 2018, 11.35.27.png" data-featherlight="image"><img class="report-img" src="file:///C:\Automation_28_Dec\wyndham-automation\screenshots\MyReservationScenario_30 Jan 2018, 11.35.27.png"></a> 5.Click Booknow than check the RnR page</td>
																</tr>
																<tr>
																	<td class='status info' title='info' alt='info'><i class='mdi-action-info-outline'></i></td>
																	<td class='timestamp'>11:35:45</td>
																	<td class='step-details'>MyReservationScenario_30 Jan 2018, 11.35.43<a href="C:\Automation_28_Dec\wyndham-automation\screenshots\MyReservationScenario_30 Jan 2018, 11.35.43.png" data-featherlight="image"><img class="report-img" src="file:///C:\Automation_28_Dec\wyndham-automation\screenshots\MyReservationScenario_30 Jan 2018, 11.35.43.png"></a> 6.Click Property than check the Property page</td>
																</tr>
																<tr>
																	<td class='status pass' title='pass' alt='pass'><i class='mdi-action-check-circle'></i></td>
																	<td class='timestamp'>11:36:06</td>
																	<td class='step-details'>Test passed</td>
																</tr>
																<tr>
																	<td class='status info' title='info' alt='info'><i class='mdi-action-info-outline'></i></td>
																	<td class='timestamp'>11:36:11</td>
																	<td class='step-details'>MyReservationScenario1517292366556<a href="C:\Automation_28_Dec\wyndham-automation\screenshots\MyReservationScenario1517292366556.png" data-featherlight="image"><img class="report-img" src="file:///C:\Automation_28_Dec\wyndham-automation\screenshots\MyReservationScenario1517292366556.png"></a></td>
																</tr>
														</tbody>
													</table>
													<ul class='collapsible node-list' data-collapsible='accordion'>
													</ul>
												</div>
											</div>
										</li>
										<li class='collection-item test displayed active pass ' extentid='c6e02902-fc05-4602-852c-b6cc062030dc'>
											<div class='test-head'>
												<span class='test-name'>validatingRedeemPage </span>
												<span class='test-status label right outline capitalize pass'>pass</span>
												<span class='category-assigned hide '></span>
											</div>
											<div class='test-body'>
												<div class='test-info'>
													<span title='Test started time' alt='Test started time' class='test-started-time label green lighten-1 text-white'>2018-01-30 11:36:18</span>
													<span title='Test ended time' alt='Test ended time' class='test-ended-time label red lighten-1 text-white'>2018-01-30 11:38:07</span>
													<span title='Time taken to finish' alt='Time taken to finish' class='test-time-taken label blue-grey lighten-3 text-white'>0h 1m 49s+0ms</span>
												</div>
												<div class='test-desc'></div>
												<div class='test-attributes'>
												</div>
												<div class='test-steps'>
													<table class='bordered table-results'>
														<thead>
															<tr>
																<th>Status</th>
																<th>Timestamp</th>
																<th>Details</th>
															</tr>
														</thead>
														<tbody>
																<tr>
																	<td class='status info' title='info' alt='info'><i class='mdi-action-info-outline'></i></td>
																	<td class='timestamp'>11:36:23</td>
																	<td class='step-details'>ValidateRedeem_30 Jan 2018, 11.36.21<a href="C:\Automation_28_Dec\wyndham-automation\screenshots\ValidateRedeem_30 Jan 2018, 11.36.21.png" data-featherlight="image"><img class="report-img" src="file:///C:\Automation_28_Dec\wyndham-automation\screenshots\ValidateRedeem_30 Jan 2018, 11.36.21.png"></a> 1.Enter LoginDeatils</td>
																</tr>
																<tr>
																	<td class='status info' title='info' alt='info'><i class='mdi-action-info-outline'></i></td>
																	<td class='timestamp'>11:36:25</td>
																	<td class='step-details'>ValidateRedeem_30 Jan 2018, 11.36.24<a href="C:\Automation_28_Dec\wyndham-automation\screenshots\ValidateRedeem_30 Jan 2018, 11.36.24.png" data-featherlight="image"><img class="report-img" src="file:///C:\Automation_28_Dec\wyndham-automation\screenshots\ValidateRedeem_30 Jan 2018, 11.36.24.png"></a> 2.Enter SecurityQuestion</td>
																</tr>
																<tr>
																	<td class='status info' title='info' alt='info'><i class='mdi-action-info-outline'></i></td>
																	<td class='timestamp'>11:36:29</td>
																	<td class='step-details'>ValidateRedeem_30 Jan 2018, 11.36.28<a href="C:\Automation_28_Dec\wyndham-automation\screenshots\ValidateRedeem_30 Jan 2018, 11.36.28.png" data-featherlight="image"><img class="report-img" src="file:///C:\Automation_28_Dec\wyndham-automation\screenshots\ValidateRedeem_30 Jan 2018, 11.36.28.png"></a> 3.Click MyRedeem</td>
																</tr>
																<tr>
																	<td class='status info' title='info' alt='info'><i class='mdi-action-info-outline'></i></td>
																	<td class='timestamp'>11:36:51</td>
																	<td class='step-details'>ValidateRedeem_30 Jan 2018, 11.36.50<a href="C:\Automation_28_Dec\wyndham-automation\screenshots\ValidateRedeem_30 Jan 2018, 11.36.50.png" data-featherlight="image"><img class="report-img" src="file:///C:\Automation_28_Dec\wyndham-automation\screenshots\ValidateRedeem_30 Jan 2018, 11.36.50.png"></a> 4.click Destination</td>
																</tr>
																<tr>
																	<td class='status info' title='info' alt='info'><i class='mdi-action-info-outline'></i></td>
																	<td class='timestamp'>11:36:56</td>
																	<td class='step-details'>ValidateRedeem_30 Jan 2018, 11.36.54<a href="C:\Automation_28_Dec\wyndham-automation\screenshots\ValidateRedeem_30 Jan 2018, 11.36.54.png" data-featherlight="image"><img class="report-img" src="file:///C:\Automation_28_Dec\wyndham-automation\screenshots\ValidateRedeem_30 Jan 2018, 11.36.54.png"></a> 5.Validateing Destination Filter</td>
																</tr>
																<tr>
																	<td class='status info' title='info' alt='info'><i class='mdi-action-info-outline'></i></td>
																	<td class='timestamp'>11:36:58</td>
																	<td class='step-details'>ValidateRedeem_30 Jan 2018, 11.36.56<a href="C:\Automation_28_Dec\wyndham-automation\screenshots\ValidateRedeem_30 Jan 2018, 11.36.56.png" data-featherlight="image"><img class="report-img" src="file:///C:\Automation_28_Dec\wyndham-automation\screenshots\ValidateRedeem_30 Jan 2018, 11.36.56.png"></a> 6.Validateing SearchBy Activity</td>
																</tr>
																<tr>
																	<td class='status info' title='info' alt='info'><i class='mdi-action-info-outline'></i></td>
																	<td class='timestamp'>11:37:03</td>
																	<td class='step-details'>ValidateRedeem_30 Jan 2018, 11.37.01<a href="C:\Automation_28_Dec\wyndham-automation\screenshots\ValidateRedeem_30 Jan 2018, 11.37.01.png" data-featherlight="image"><img class="report-img" src="file:///C:\Automation_28_Dec\wyndham-automation\screenshots\ValidateRedeem_30 Jan 2018, 11.37.01.png"></a> 7.Validating FilterBy</td>
																</tr>
																<tr>
																	<td class='status info' title='info' alt='info'><i class='mdi-action-info-outline'></i></td>
																	<td class='timestamp'>11:37:17</td>
																	<td class='step-details'>ValidateRedeem_30 Jan 2018, 11.37.15<a href="C:\Automation_28_Dec\wyndham-automation\screenshots\ValidateRedeem_30 Jan 2018, 11.37.15.png" data-featherlight="image"><img class="report-img" src="file:///C:\Automation_28_Dec\wyndham-automation\screenshots\ValidateRedeem_30 Jan 2018, 11.37.15.png"></a> 9.Validating ResetFilter</td>
																</tr>
																<tr>
																	<td class='status info' title='info' alt='info'><i class='mdi-action-info-outline'></i></td>
																	<td class='timestamp'>11:37:20</td>
																	<td class='step-details'>ValidateRedeem_30 Jan 2018, 11.37.18<a href="C:\Automation_28_Dec\wyndham-automation\screenshots\ValidateRedeem_30 Jan 2018, 11.37.18.png" data-featherlight="image"><img class="report-img" src="file:///C:\Automation_28_Dec\wyndham-automation\screenshots\ValidateRedeem_30 Jan 2018, 11.37.18.png"></a> 10.Click Booking Options</td>
																</tr>
																<tr>
																	<td class='status info' title='info' alt='info'><i class='mdi-action-info-outline'></i></td>
																	<td class='timestamp'>11:37:26</td>
																	<td class='step-details'>ValidateRedeem_30 Jan 2018, 11.37.25<a href="C:\Automation_28_Dec\wyndham-automation\screenshots\ValidateRedeem_30 Jan 2018, 11.37.25.png" data-featherlight="image"><img class="report-img" src="file:///C:\Automation_28_Dec\wyndham-automation\screenshots\ValidateRedeem_30 Jan 2018, 11.37.25.png"></a> 11.Validating Booking Options Tab</td>
																</tr>
																<tr>
																	<td class='status info' title='info' alt='info'><i class='mdi-action-info-outline'></i></td>
																	<td class='timestamp'>11:37:31</td>
																	<td class='step-details'>ValidateRedeem_30 Jan 2018, 11.37.29<a href="C:\Automation_28_Dec\wyndham-automation\screenshots\ValidateRedeem_30 Jan 2018, 11.37.29.png" data-featherlight="image"><img class="report-img" src="file:///C:\Automation_28_Dec\wyndham-automation\screenshots\ValidateRedeem_30 Jan 2018, 11.37.29.png"></a> 12.Click Pointcatalog</td>
																</tr>
																<tr>
																	<td class='status info' title='info' alt='info'><i class='mdi-action-info-outline'></i></td>
																	<td class='timestamp'>11:37:36</td>
																	<td class='step-details'>ValidateRedeem_30 Jan 2018, 11.37.35<a href="C:\Automation_28_Dec\wyndham-automation\screenshots\ValidateRedeem_30 Jan 2018, 11.37.35.png" data-featherlight="image"><img class="report-img" src="file:///C:\Automation_28_Dec\wyndham-automation\screenshots\ValidateRedeem_30 Jan 2018, 11.37.35.png"></a> 13.Validating PointCatalog</td>
																</tr>
																<tr>
																	<td class='status info' title='info' alt='info'><i class='mdi-action-info-outline'></i></td>
																	<td class='timestamp'>11:37:59</td>
																	<td class='step-details'>ValidateRedeem_30 Jan 2018, 11.37.58<a href="C:\Automation_28_Dec\wyndham-automation\screenshots\ValidateRedeem_30 Jan 2018, 11.37.58.png" data-featherlight="image"><img class="report-img" src="file:///C:\Automation_28_Dec\wyndham-automation\screenshots\ValidateRedeem_30 Jan 2018, 11.37.58.png"></a> 14.Click Auctions tab</td>
																</tr>
																<tr>
																	<td class='status info' title='info' alt='info'><i class='mdi-action-info-outline'></i></td>
																	<td class='timestamp'>11:38:05</td>
																	<td class='step-details'>ValidateRedeem_30 Jan 2018, 11.38.03<a href="C:\Automation_28_Dec\wyndham-automation\screenshots\ValidateRedeem_30 Jan 2018, 11.38.03.png" data-featherlight="image"><img class="report-img" src="file:///C:\Automation_28_Dec\wyndham-automation\screenshots\ValidateRedeem_30 Jan 2018, 11.38.03.png"></a> 15.Validating Auctions tab</td>
																</tr>
																<tr>
																	<td class='status pass' title='pass' alt='pass'><i class='mdi-action-check-circle'></i></td>
																	<td class='timestamp'>11:38:05</td>
																	<td class='step-details'>Test passed</td>
																</tr>
																<tr>
																	<td class='status info' title='info' alt='info'><i class='mdi-action-info-outline'></i></td>
																	<td class='timestamp'>11:38:07</td>
																	<td class='step-details'>ValidateRedeem1517292485683<a href="C:\Automation_28_Dec\wyndham-automation\screenshots\ValidateRedeem1517292485683.png" data-featherlight="image"><img class="report-img" src="file:///C:\Automation_28_Dec\wyndham-automation\screenshots\ValidateRedeem1517292485683.png"></a></td>
																</tr>
														</tbody>
													</table>
													<ul class='collapsible node-list' data-collapsible='accordion'>
													</ul>
												</div>
											</div>
										</li>
										<li class='collection-item test displayed active fail ' extentid='3e3f9504-d4fa-4dc8-846b-9f2f522a5180'>
											<div class='test-head'>
												<span class='test-name'>verifyMyReservation </span>
												<span class='test-status label right outline capitalize fail'>fail</span>
												<span class='category-assigned hide '></span>
											</div>
											<div class='test-body'>
												<div class='test-info'>
													<span title='Test started time' alt='Test started time' class='test-started-time label green lighten-1 text-white'>2018-01-30 11:38:13</span>
													<span title='Test ended time' alt='Test ended time' class='test-ended-time label red lighten-1 text-white'>2018-01-30 11:40:26</span>
													<span title='Time taken to finish' alt='Time taken to finish' class='test-time-taken label blue-grey lighten-3 text-white'>0h 2m 13s+0ms</span>
												</div>
												<div class='test-desc'></div>
												<div class='test-attributes'>
												</div>
												<div class='test-steps'>
													<table class='bordered table-results'>
														<thead>
															<tr>
																<th>Status</th>
																<th>Timestamp</th>
																<th>Details</th>
															</tr>
														</thead>
														<tbody>
																<tr>
																	<td class='status info' title='info' alt='info'><i class='mdi-action-info-outline'></i></td>
																	<td class='timestamp'>11:38:20</td>
																	<td class='step-details'>VerifyMyReservation_30 Jan 2018, 11.38.18<a href="C:\Automation_28_Dec\wyndham-automation\screenshots\VerifyMyReservation_30 Jan 2018, 11.38.18.png" data-featherlight="image"><img class="report-img" src="file:///C:\Automation_28_Dec\wyndham-automation\screenshots\VerifyMyReservation_30 Jan 2018, 11.38.18.png"></a> 1.Enter LoginDeatils</td>
																</tr>
																<tr>
																	<td class='status info' title='info' alt='info'><i class='mdi-action-info-outline'></i></td>
																	<td class='timestamp'>11:38:40</td>
																	<td class='step-details'>VerifyMyReservation_30 Jan 2018, 11.38.38<a href="C:\Automation_28_Dec\wyndham-automation\screenshots\VerifyMyReservation_30 Jan 2018, 11.38.38.png" data-featherlight="image"><img class="report-img" src="file:///C:\Automation_28_Dec\wyndham-automation\screenshots\VerifyMyReservation_30 Jan 2018, 11.38.38.png"></a> 2.Click search button in homepage</td>
																</tr>
																<tr>
																	<td class='status info' title='info' alt='info'><i class='mdi-action-info-outline'></i></td>
																	<td class='timestamp'>11:38:45</td>
																	<td class='step-details'>VerifyMyReservation_30 Jan 2018, 11.38.40<a href="C:\Automation_28_Dec\wyndham-automation\screenshots\VerifyMyReservation_30 Jan 2018, 11.38.40.png" data-featherlight="image"><img class="report-img" src="file:///C:\Automation_28_Dec\wyndham-automation\screenshots\VerifyMyReservation_30 Jan 2018, 11.38.40.png"></a> 3. Click first Availabule property in SearchResults page</td>
																</tr>
																<tr>
																	<td class='status info' title='info' alt='info'><i class='mdi-action-info-outline'></i></td>
																	<td class='timestamp'>11:38:55</td>
																	<td class='step-details'>VerifyMyReservation_30 Jan 2018, 11.38.53<a href="C:\Automation_28_Dec\wyndham-automation\screenshots\VerifyMyReservation_30 Jan 2018, 11.38.53.png" data-featherlight="image"><img class="report-img" src="file:///C:\Automation_28_Dec\wyndham-automation\screenshots\VerifyMyReservation_30 Jan 2018, 11.38.53.png"></a> 4.Click Bar+Bonus button in RnR Page</td>
																</tr>
																<tr>
																	<td class='status info' title='info' alt='info'><i class='mdi-action-info-outline'></i></td>
																	<td class='timestamp'>11:39:13</td>
																	<td class='step-details'>VerifyMyReservation_30 Jan 2018, 11.39.11<a href="C:\Automation_28_Dec\wyndham-automation\screenshots\VerifyMyReservation_30 Jan 2018, 11.39.11.png" data-featherlight="image"><img class="report-img" src="file:///C:\Automation_28_Dec\wyndham-automation\screenshots\VerifyMyReservation_30 Jan 2018, 11.39.11.png"></a> 5.Enter the information in Reservation page</td>
																</tr>
																<tr>
																	<td class='status info' title='info' alt='info'><i class='mdi-action-info-outline'></i></td>
																	<td class='timestamp'>11:39:51</td>
																	<td class='step-details'>VerifyMyReservation_30 Jan 2018, 11.39.49<a href="C:\Automation_28_Dec\wyndham-automation\screenshots\VerifyMyReservation_30 Jan 2018, 11.39.49.png" data-featherlight="image"><img class="report-img" src="file:///C:\Automation_28_Dec\wyndham-automation\screenshots\VerifyMyReservation_30 Jan 2018, 11.39.49.png"></a> 6.Get confirmation Number in ConfirmationPage</td>
																</tr>
																<tr>
																	<td class='status info' title='info' alt='info'><i class='mdi-action-info-outline'></i></td>
																	<td class='timestamp'>11:39:57</td>
																	<td class='step-details'>VerifyMyReservation_30 Jan 2018, 11.39.56<a href="C:\Automation_28_Dec\wyndham-automation\screenshots\VerifyMyReservation_30 Jan 2018, 11.39.56.png" data-featherlight="image"><img class="report-img" src="file:///C:\Automation_28_Dec\wyndham-automation\screenshots\VerifyMyReservation_30 Jan 2018, 11.39.56.png"></a> 7.Click MyAccount Link</td>
																</tr>
																<tr>
																	<td class='status info' title='info' alt='info'><i class='mdi-action-info-outline'></i></td>
																	<td class='timestamp'>11:40:19</td>
																	<td class='step-details'>VerifyMyReservation_30 Jan 2018, 11.40.17<a href="C:\Automation_28_Dec\wyndham-automation\screenshots\VerifyMyReservation_30 Jan 2018, 11.40.17.png" data-featherlight="image"><img class="report-img" src="file:///C:\Automation_28_Dec\wyndham-automation\screenshots\VerifyMyReservation_30 Jan 2018, 11.40.17.png"></a> 8.Click MyReservation Link</td>
																</tr>
																<tr>
																	<td class='status fail' title='fail' alt='fail'><i class='mdi-navigation-cancel'></i></td>
																	<td class='timestamp'>11:40:24</td>
																	<td class='step-details'><pre>java.lang.AssertionError: expected [true] but found [false]
	at org.testng.Assert.fail(Assert.java:94)
	at org.testng.Assert.failNotEquals(Assert.java:494)
	at org.testng.Assert.assertTrue(Assert.java:42)
	at org.testng.Assert.assertTrue(Assert.java:52)
	at com.wr.automation.rewards.pages.MyReservation.checkCinfirmationNumber(MyReservation.java:82)
	at com.wr.automation.rewards.VerifyMyReservation.verifyMyReservation(VerifyMyReservation.java:56)
	at sun.reflect.NativeMethodAccessorImpl.invoke0(Native Method)
	at sun.reflect.NativeMethodAccessorImpl.invoke(NativeMethodAccessorImpl.java:62)
	at sun.reflect.DelegatingMethodAccessorImpl.invoke(DelegatingMethodAccessorImpl.java:43)
	at java.lang.reflect.Method.invoke(Method.java:498)
	at org.testng.internal.MethodInvocationHelper.invokeMethod(MethodInvocationHelper.java:80)
	at org.testng.internal.Invoker.invokeMethod(Invoker.java:714)
	at org.testng.internal.Invoker.invokeTestMethod(Invoker.java:901)
	at org.testng.internal.Invoker.invokeTestMethods(Invoker.java:1231)
	at org.testng.internal.TestMethodWorker.invokeTestMethods(TestMethodWorker.java:127)
	at org.testng.internal.TestMethodWorker.run(TestMethodWorker.java:111)
	at org.testng.TestRunner.privateRun(TestRunner.java:767)
	at org.testng.TestRunner.run(TestRunner.java:617)
	at org.testng.SuiteRunner.runTest(SuiteRunner.java:334)
	at org.testng.SuiteRunner.runSequentially(SuiteRunner.java:329)
	at org.testng.SuiteRunner.privateRun(SuiteRunner.java:291)
	at org.testng.SuiteRunner.run(SuiteRunner.java:240)
	at org.testng.SuiteRunnerWorker.runSuite(SuiteRunnerWorker.java:52)
	at org.testng.SuiteRunnerWorker.run(SuiteRunnerWorker.java:86)
	at org.testng.TestNG.runSuitesSequentially(TestNG.java:1198)
	at org.testng.TestNG.runSuitesLocally(TestNG.java:1123)
	at org.testng.TestNG.run(TestNG.java:1031)
	at org.testng.remote.AbstractRemoteTestNG.run(AbstractRemoteTestNG.java:132)
	at org.testng.remote.RemoteTestNG.initAndRun(RemoteTestNG.java:230)
	at org.testng.remote.RemoteTestNG.main(RemoteTestNG.java:76)
</pre></td>
																</tr>
																<tr>
																	<td class='status info' title='info' alt='info'><i class='mdi-action-info-outline'></i></td>
																	<td class='timestamp'>11:40:26</td>
																	<td class='step-details'>VerifyMyReservation1517292624611<a href="C:\Automation_28_Dec\wyndham-automation\screenshots\VerifyMyReservation1517292624611.png" data-featherlight="image"><img class="report-img" src="file:///C:\Automation_28_Dec\wyndham-automation\screenshots\VerifyMyReservation1517292624611.png"></a></td>
																</tr>
														</tbody>
													</table>
													<ul class='collapsible node-list' data-collapsible='accordion'>
													</ul>
												</div>
											</div>
										</li>
										<li class='collection-item test displayed active pass ' extentid='ed71857b-150f-4ef2-a527-6ebd5d91df6f'>
											<div class='test-head'>
												<span class='test-name'>verifyQuickLinks </span>
												<span class='test-status label right outline capitalize pass'>pass</span>
												<span class='category-assigned hide '></span>
											</div>
											<div class='test-body'>
												<div class='test-info'>
													<span title='Test started time' alt='Test started time' class='test-started-time label green lighten-1 text-white'>2018-01-30 11:40:32</span>
													<span title='Test ended time' alt='Test ended time' class='test-ended-time label red lighten-1 text-white'>2018-01-30 11:46:38</span>
													<span title='Time taken to finish' alt='Time taken to finish' class='test-time-taken label blue-grey lighten-3 text-white'>0h 6m 6s+0ms</span>
												</div>
												<div class='test-desc'></div>
												<div class='test-attributes'>
												</div>
												<div class='test-steps'>
													<table class='bordered table-results'>
														<thead>
															<tr>
																<th>Status</th>
																<th>Timestamp</th>
																<th>Details</th>
															</tr>
														</thead>
														<tbody>
																<tr>
																	<td class='status info' title='info' alt='info'><i class='mdi-action-info-outline'></i></td>
																	<td class='timestamp'>11:40:36</td>
																	<td class='step-details'>VerifyQuickLinksScenario_30 Jan 2018, 11.40.34<a href="C:\Automation_28_Dec\wyndham-automation\screenshots\VerifyQuickLinksScenario_30 Jan 2018, 11.40.34.png" data-featherlight="image"><img class="report-img" src="file:///C:\Automation_28_Dec\wyndham-automation\screenshots\VerifyQuickLinksScenario_30 Jan 2018, 11.40.34.png"></a> 1.Click SignIn</td>
																</tr>
																<tr>
																	<td class='status info' title='info' alt='info'><i class='mdi-action-info-outline'></i></td>
																	<td class='timestamp'>11:40:38</td>
																	<td class='step-details'>VerifyQuickLinksScenario_30 Jan 2018, 11.40.36<a href="C:\Automation_28_Dec\wyndham-automation\screenshots\VerifyQuickLinksScenario_30 Jan 2018, 11.40.36.png" data-featherlight="image"><img class="report-img" src="file:///C:\Automation_28_Dec\wyndham-automation\screenshots\VerifyQuickLinksScenario_30 Jan 2018, 11.40.36.png"></a> 2.Enter Security Question</td>
																</tr>
																<tr>
																	<td class='status info' title='info' alt='info'><i class='mdi-action-info-outline'></i></td>
																	<td class='timestamp'>11:40:42</td>
																	<td class='step-details'>VerifyQuickLinksScenario_30 Jan 2018, 11.40.40<a href="C:\Automation_28_Dec\wyndham-automation\screenshots\VerifyQuickLinksScenario_30 Jan 2018, 11.40.40.png" data-featherlight="image"><img class="report-img" src="file:///C:\Automation_28_Dec\wyndham-automation\screenshots\VerifyQuickLinksScenario_30 Jan 2018, 11.40.40.png"></a> 3.Click MyAccount</td>
																</tr>
																<tr>
																	<td class='status info' title='info' alt='info'><i class='mdi-action-info-outline'></i></td>
																	<td class='timestamp'>11:40:59</td>
																	<td class='step-details'>VerifyQuickLinksScenario_30 Jan 2018, 11.40.57<a href="C:\Automation_28_Dec\wyndham-automation\screenshots\VerifyQuickLinksScenario_30 Jan 2018, 11.40.57.png" data-featherlight="image"><img class="report-img" src="file:///C:\Automation_28_Dec\wyndham-automation\screenshots\VerifyQuickLinksScenario_30 Jan 2018, 11.40.57.png"></a> 4.VerifyQuick Links</td>
																</tr>
																<tr>
																	<td class='status pass' title='pass' alt='pass'><i class='mdi-action-check-circle'></i></td>
																	<td class='timestamp'>11:46:37</td>
																	<td class='step-details'>Test passed</td>
																</tr>
																<tr>
																	<td class='status info' title='info' alt='info'><i class='mdi-action-info-outline'></i></td>
																	<td class='timestamp'>11:46:38</td>
																	<td class='step-details'>VerifyQuickLinksScenario1517292997062<a href="C:\Automation_28_Dec\wyndham-automation\screenshots\VerifyQuickLinksScenario1517292997062.png" data-featherlight="image"><img class="report-img" src="file:///C:\Automation_28_Dec\wyndham-automation\screenshots\VerifyQuickLinksScenario1517292997062.png"></a></td>
																</tr>
														</tbody>
													</table>
													<ul class='collapsible node-list' data-collapsible='accordion'>
													</ul>
												</div>
											</div>
										</li>
										<li class='collection-item test displayed active fail ' extentid='702742ff-57d7-450a-af49-32210a50a692'>
											<div class='test-head'>
												<span class='test-name'>TC_01 </span>
												<span class='test-status label right outline capitalize fail'>fail</span>
												<span class='category-assigned hide '></span>
											</div>
											<div class='test-body'>
												<div class='test-info'>
													<span title='Test started time' alt='Test started time' class='test-started-time label green lighten-1 text-white'>2018-01-30 11:46:42</span>
													<span title='Test ended time' alt='Test ended time' class='test-ended-time label red lighten-1 text-white'>2018-01-30 11:49:12</span>
													<span title='Time taken to finish' alt='Time taken to finish' class='test-time-taken label blue-grey lighten-3 text-white'>0h 2m 30s+0ms</span>
												</div>
												<div class='test-desc'></div>
												<div class='test-attributes'>
												</div>
												<div class='test-steps'>
													<table class='bordered table-results'>
														<thead>
															<tr>
																<th>Status</th>
																<th>Timestamp</th>
																<th>Details</th>
															</tr>
														</thead>
														<tbody>
																<tr>
																	<td class='status info' title='info' alt='info'><i class='mdi-action-info-outline'></i></td>
																	<td class='timestamp'>11:48:21</td>
																	<td class='step-details'>WrHomePageBooking_30 Jan 2018, 11.48.19<a href="C:\Automation_28_Dec\wyndham-automation\screenshots\WrHomePageBooking_30 Jan 2018, 11.48.19.png" data-featherlight="image"><img class="report-img" src="file:///C:\Automation_28_Dec\wyndham-automation\screenshots\WrHomePageBooking_30 Jan 2018, 11.48.19.png"></a> 1.Click search button in homepage</td>
																</tr>
																<tr>
																	<td class='status info' title='info' alt='info'><i class='mdi-action-info-outline'></i></td>
																	<td class='timestamp'>11:48:22</td>
																	<td class='step-details'>WrHomePageBooking_30 Jan 2018, 11.48.21<a href="C:\Automation_28_Dec\wyndham-automation\screenshots\WrHomePageBooking_30 Jan 2018, 11.48.21.png" data-featherlight="image"><img class="report-img" src="file:///C:\Automation_28_Dec\wyndham-automation\screenshots\WrHomePageBooking_30 Jan 2018, 11.48.21.png"></a> 2. Click first Availabule property in SearchResults page</td>
																</tr>
																<tr>
																	<td class='status info' title='info' alt='info'><i class='mdi-action-info-outline'></i></td>
																	<td class='timestamp'>11:49:00</td>
																	<td class='step-details'>WrHomePageBooking_30 Jan 2018, 11.48.58<a href="C:\Automation_28_Dec\wyndham-automation\screenshots\WrHomePageBooking_30 Jan 2018, 11.48.58.png" data-featherlight="image"><img class="report-img" src="file:///C:\Automation_28_Dec\wyndham-automation\screenshots\WrHomePageBooking_30 Jan 2018, 11.48.58.png"></a> 3.Click Bar+Bonus button in RnR Page</td>
																</tr>
																<tr>
																	<td class='status fail' title='fail' alt='fail'><i class='mdi-navigation-cancel'></i></td>
																	<td class='timestamp'>11:49:11</td>
																	<td class='step-details'><textarea>org.openqa.selenium.WebDriverException: unknown error: Element &lt;a class="see-more-text" href="#" data-more="..." data-less="See Less Rates"&gt;See More Rates&lt;/a&gt; is not clickable at point (478, 229). Other element would receive the click: &lt;div class="outer-wrapper page rooms-rates-page collapsed loading"&gt;...&lt;/div&gt;
  (Session info: chrome=64.0.3282.119)
  (Driver info: chromedriver=2.34.522940 (1a76f96f66e3ca7b8e57d503b4dd3bccfba87af1),platform=Windows NT 10.0.10586 x86_64) (WARNING: The server did not provide any stacktrace information)
Command duration or timeout: 0 milliseconds
Build info: version: '3.5.3', revision: 'a88d25fe6b', time: '2017-08-29T12:42:44.417Z'
System info: host: 'HDC3-D-426QWJF', ip: '10.249.42.29', os.name: 'Windows 10', os.arch: 'amd64', os.version: '10.0', java.version: '1.8.0_121'
Driver info: org.openqa.selenium.chrome.ChromeDriver
Capabilities [{mobileEmulationEnabled=false, hasTouchScreen=false, platform=XP, acceptSslCerts=true, webStorageEnabled=true, browserName=chrome, takesScreenshot=true, javascriptEnabled=true, platformName=XP, setWindowRect=true, unexpectedAlertBehaviour=, applicationCacheEnabled=false, rotatable=false, networkConnectionEnabled=false, chrome={chromedriverVersion=2.34.522940 (1a76f96f66e3ca7b8e57d503b4dd3bccfba87af1), userDataDir=C:\Users\DUGGI~2.SAN\AppData\Local\Temp\scoped_dir4652_10726}, takesHeapSnapshot=true, pageLoadStrategy=normal, unhandledPromptBehavior=, databaseEnabled=false, handlesAlerts=true, version=64.0.3282.119, browserConnectionEnabled=false, nativeEvents=true, locationContextEnabled=true, cssSelectorsEnabled=true}]
Session ID: b85f12c7d5571758fe6f77abb342ba14
	at sun.reflect.NativeConstructorAccessorImpl.newInstance0(Native Method)
	at sun.reflect.NativeConstructorAccessorImpl.newInstance(NativeConstructorAccessorImpl.java:62)
	at sun.reflect.DelegatingConstructorAccessorImpl.newInstance(DelegatingConstructorAccessorImpl.java:45)
	at java.lang.reflect.Constructor.newInstance(Constructor.java:423)
	at org.openqa.selenium.remote.ErrorHandler.createThrowable(ErrorHandler.java:215)
	at org.openqa.selenium.remote.ErrorHandler.throwIfResponseFailed(ErrorHandler.java:167)
	at org.openqa.selenium.remote.http.JsonHttpResponseCodec.reconstructValue(JsonHttpResponseCodec.java:40)
	at org.openqa.selenium.remote.http.AbstractHttpResponseCodec.decode(AbstractHttpResponseCodec.java:82)
	at org.openqa.selenium.remote.http.AbstractHttpResponseCodec.decode(AbstractHttpResponseCodec.java:45)
	at org.openqa.selenium.remote.HttpCommandExecutor.execute(HttpCommandExecutor.java:164)
	at org.openqa.selenium.remote.service.DriverCommandExecutor.execute(DriverCommandExecutor.java:82)
	at org.openqa.selenium.remote.RemoteWebDriver.execute(RemoteWebDriver.java:646)
	at org.openqa.selenium.remote.RemoteWebElement.execute(RemoteWebElement.java:275)
	at org.openqa.selenium.remote.RemoteWebElement.click(RemoteWebElement.java:82)
	at com.wr.automation.rewards.pages.WrRnRPage.ratebuttonClick(WrRnRPage.java:122)
	at com.wr.automation.rewards.pages.WrRnRPage.clickBarPlusButton(WrRnRPage.java:74)
	at com.wr.automation.rewards.WrHomePageBooking.homePageBooking(WrHomePageBooking.java:29)
	at sun.reflect.NativeMethodAccessorImpl.invoke0(Native Method)
	at sun.reflect.NativeMethodAccessorImpl.invoke(NativeMethodAccessorImpl.java:62)
	at sun.reflect.DelegatingMethodAccessorImpl.invoke(DelegatingMethodAccessorImpl.java:43)
	at java.lang.reflect.Method.invoke(Method.java:498)
	at org.testng.internal.MethodInvocationHelper.invokeMethod(MethodInvocationHelper.java:80)
	at org.testng.internal.Invoker.invokeMethod(Invoker.java:714)
	at org.testng.internal.Invoker.invokeTestMethod(Invoker.java:901)
	at org.testng.internal.Invoker.invokeTestMethods(Invoker.java:1231)
	at org.testng.internal.TestMethodWorker.invokeTestMethods(TestMethodWorker.java:127)
	at org.testng.internal.TestMethodWorker.run(TestMethodWorker.java:111)
	at org.testng.TestRunner.privateRun(TestRunner.java:767)
	at org.testng.TestRunner.run(TestRunner.java:617)
	at org.testng.SuiteRunner.runTest(SuiteRunner.java:334)
	at org.testng.SuiteRunner.runSequentially(SuiteRunner.java:329)
	at org.testng.SuiteRunner.privateRun(SuiteRunner.java:291)
	at org.testng.SuiteRunner.run(SuiteRunner.java:240)
	at org.testng.SuiteRunnerWorker.runSuite(SuiteRunnerWorker.java:52)
	at org.testng.SuiteRunnerWorker.run(SuiteRunnerWorker.java:86)
	at org.testng.TestNG.runSuitesSequentially(TestNG.java:1198)
	at org.testng.TestNG.runSuitesLocally(TestNG.java:1123)
	at org.testng.TestNG.run(TestNG.java:1031)
	at org.testng.remote.AbstractRemoteTestNG.run(AbstractRemoteTestNG.java:132)
	at org.testng.remote.RemoteTestNG.initAndRun(RemoteTestNG.java:230)
	at org.testng.remote.RemoteTestNG.main(RemoteTestNG.java:76)
</textarea></td>
																</tr>
																<tr>
																	<td class='status info' title='info' alt='info'><i class='mdi-action-info-outline'></i></td>
																	<td class='timestamp'>11:49:12</td>
																	<td class='step-details'>WrHomePageBooking1517293151421<a href="C:\Automation_28_Dec\wyndham-automation\screenshots\WrHomePageBooking1517293151421.png" data-featherlight="image"><img class="report-img" src="file:///C:\Automation_28_Dec\wyndham-automation\screenshots\WrHomePageBooking1517293151421.png"></a></td>
																</tr>
														</tbody>
													</table>
													<ul class='collapsible node-list' data-collapsible='accordion'>
													</ul>
												</div>
											</div>
										</li>
										<li class='collection-item test displayed active pass ' extentid='f30267fc-5dcb-4758-b8e5-06d8d313427c'>
											<div class='test-head'>
												<span class='test-name'>TC_01 </span>
												<span class='test-status label right outline capitalize pass'>pass</span>
												<span class='category-assigned hide '></span>
											</div>
											<div class='test-body'>
												<div class='test-info'>
													<span title='Test started time' alt='Test started time' class='test-started-time label green lighten-1 text-white'>2018-01-30 11:49:19</span>
													<span title='Test ended time' alt='Test ended time' class='test-ended-time label red lighten-1 text-white'>2018-01-30 11:51:10</span>
													<span title='Time taken to finish' alt='Time taken to finish' class='test-time-taken label blue-grey lighten-3 text-white'>0h 1m 51s+0ms</span>
												</div>
												<div class='test-desc'></div>
												<div class='test-attributes'>
												</div>
												<div class='test-steps'>
													<table class='bordered table-results'>
														<thead>
															<tr>
																<th>Status</th>
																<th>Timestamp</th>
																<th>Details</th>
															</tr>
														</thead>
														<tbody>
																<tr>
																	<td class='status info' title='info' alt='info'><i class='mdi-action-info-outline'></i></td>
																	<td class='timestamp'>11:49:30</td>
																	<td class='step-details'>BookingWorkflow_30 Jan 2018, 11.49.28<a href="C:\Automation_28_Dec\wyndham-automation\screenshots\BookingWorkflow_30 Jan 2018, 11.49.28.png" data-featherlight="image"><img class="report-img" src="file:///C:\Automation_28_Dec\wyndham-automation\screenshots\BookingWorkflow_30 Jan 2018, 11.49.28.png"></a> 1.Click search button in homepage</td>
																</tr>
																<tr>
																	<td class='status info' title='info' alt='info'><i class='mdi-action-info-outline'></i></td>
																	<td class='timestamp'>11:49:36</td>
																	<td class='step-details'>BookingWorkflow_30 Jan 2018, 11.49.31<a href="C:\Automation_28_Dec\wyndham-automation\screenshots\BookingWorkflow_30 Jan 2018, 11.49.31.png" data-featherlight="image"><img class="report-img" src="file:///C:\Automation_28_Dec\wyndham-automation\screenshots\BookingWorkflow_30 Jan 2018, 11.49.31.png"></a> 2. Click first Availabule property in SearchResults page</td>
																</tr>
																<tr>
																	<td class='status info' title='info' alt='info'><i class='mdi-action-info-outline'></i></td>
																	<td class='timestamp'>11:49:45</td>
																	<td class='step-details'>BookingWorkflow_30 Jan 2018, 11.49.44<a href="C:\Automation_28_Dec\wyndham-automation\screenshots\BookingWorkflow_30 Jan 2018, 11.49.44.png" data-featherlight="image"><img class="report-img" src="file:///C:\Automation_28_Dec\wyndham-automation\screenshots\BookingWorkflow_30 Jan 2018, 11.49.44.png"></a> 3.Click Bar+Bonus button in RnR Page</td>
																</tr>
																<tr>
																	<td class='status info' title='info' alt='info'><i class='mdi-action-info-outline'></i></td>
																	<td class='timestamp'>11:50:19</td>
																	<td class='step-details'>BookingWorkflow_30 Jan 2018, 11.50.18<a href="C:\Automation_28_Dec\wyndham-automation\screenshots\BookingWorkflow_30 Jan 2018, 11.50.18.png" data-featherlight="image"><img class="report-img" src="file:///C:\Automation_28_Dec\wyndham-automation\screenshots\BookingWorkflow_30 Jan 2018, 11.50.18.png"></a> 4.Enter the information in Reservation page</td>
																</tr>
																<tr>
																	<td class='status info' title='info' alt='info'><i class='mdi-action-info-outline'></i></td>
																	<td class='timestamp'>11:51:00</td>
																	<td class='step-details'>BookingWorkflow_30 Jan 2018, 11.50.59<a href="C:\Automation_28_Dec\wyndham-automation\screenshots\BookingWorkflow_30 Jan 2018, 11.50.59.png" data-featherlight="image"><img class="report-img" src="file:///C:\Automation_28_Dec\wyndham-automation\screenshots\BookingWorkflow_30 Jan 2018, 11.50.59.png"></a> 5.Completed the reservation in Confirmation page</td>
																</tr>
																<tr>
																	<td class='status info' title='info' alt='info'><i class='mdi-action-info-outline'></i></td>
																	<td class='timestamp'>11:51:03</td>
																	<td class='step-details'>BookingWorkflow_30 Jan 2018, 11.51.02<a href="C:\Automation_28_Dec\wyndham-automation\screenshots\BookingWorkflow_30 Jan 2018, 11.51.02.png" data-featherlight="image"><img class="report-img" src="file:///C:\Automation_28_Dec\wyndham-automation\screenshots\BookingWorkflow_30 Jan 2018, 11.51.02.png"></a> 6.Cancelled the reservation in Cancellation page</td>
																</tr>
																<tr>
																	<td class='status pass' title='pass' alt='pass'><i class='mdi-action-check-circle'></i></td>
																	<td class='timestamp'>11:51:09</td>
																	<td class='step-details'>Test passed</td>
																</tr>
																<tr>
																	<td class='status info' title='info' alt='info'><i class='mdi-action-info-outline'></i></td>
																	<td class='timestamp'>11:51:10</td>
																	<td class='step-details'>BookingWorkflow1517293269053<a href="C:\Automation_28_Dec\wyndham-automation\screenshots\BookingWorkflow1517293269053.png" data-featherlight="image"><img class="report-img" src="file:///C:\Automation_28_Dec\wyndham-automation\screenshots\BookingWorkflow1517293269053.png"></a></td>
																</tr>
														</tbody>
													</table>
													<ul class='collapsible node-list' data-collapsible='accordion'>
													</ul>
												</div>
											</div>
										</li>
										<li class='collection-item test displayed active fail ' extentid='3effd17a-fbad-45b2-b3a3-dba6be7bf4f1'>
											<div class='test-head'>
												<span class='test-name'>TC_02 </span>
												<span class='test-status label right outline capitalize fail'>fail</span>
												<span class='category-assigned hide '></span>
											</div>
											<div class='test-body'>
												<div class='test-info'>
													<span title='Test started time' alt='Test started time' class='test-started-time label green lighten-1 text-white'>2018-01-30 11:51:13</span>
													<span title='Test ended time' alt='Test ended time' class='test-ended-time label red lighten-1 text-white'>2018-01-30 11:51:15</span>
													<span title='Time taken to finish' alt='Time taken to finish' class='test-time-taken label blue-grey lighten-3 text-white'>0h 0m 2s+27ms</span>
												</div>
												<div class='test-desc'></div>
												<div class='test-attributes'>
												</div>
												<div class='test-steps'>
													<table class='bordered table-results'>
														<thead>
															<tr>
																<th>Status</th>
																<th>Timestamp</th>
																<th>Details</th>
															</tr>
														</thead>
														<tbody>
																<tr>
																	<td class='status fail' title='fail' alt='fail'><i class='mdi-navigation-cancel'></i></td>
																	<td class='timestamp'>11:51:13</td>
																	<td class='step-details'><pre>org.openqa.selenium.UnhandledAlertException: unexpected alert open: {Alert text : Unable to cancel your reservation}
  (Session info: chrome=64.0.3282.119)
  (Driver info: chromedriver=2.34.522940 (1a76f96f66e3ca7b8e57d503b4dd3bccfba87af1),platform=Windows NT 10.0.10586 x86_64) (WARNING: The server did not provide any stacktrace information)
Command duration or timeout: 0 milliseconds: null
Build info: version: '3.5.3', revision: 'a88d25fe6b', time: '2017-08-29T12:42:44.417Z'
System info: host: 'HDC3-D-426QWJF', ip: '10.249.42.29', os.name: 'Windows 10', os.arch: 'amd64', os.version: '10.0', java.version: '1.8.0_121'
Driver info: org.openqa.selenium.chrome.ChromeDriver
Capabilities [{mobileEmulationEnabled=false, hasTouchScreen=false, platform=XP, acceptSslCerts=true, webStorageEnabled=true, browserName=chrome, takesScreenshot=true, javascriptEnabled=true, platformName=XP, setWindowRect=true, unexpectedAlertBehaviour=, applicationCacheEnabled=false, rotatable=false, networkConnectionEnabled=false, chrome={chromedriverVersion=2.34.522940 (1a76f96f66e3ca7b8e57d503b4dd3bccfba87af1), userDataDir=C:\Users\DUGGI~2.SAN\AppData\Local\Temp\scoped_dir4652_10726}, takesHeapSnapshot=true, pageLoadStrategy=normal, unhandledPromptBehavior=, databaseEnabled=false, handlesAlerts=true, version=64.0.3282.119, browserConnectionEnabled=false, nativeEvents=true, locationContextEnabled=true, cssSelectorsEnabled=true}]
Session ID: b85f12c7d5571758fe6f77abb342ba14
	at sun.reflect.NativeConstructorAccessorImpl.newInstance0(Native Method)
	at sun.reflect.NativeConstructorAccessorImpl.newInstance(NativeConstructorAccessorImpl.java:62)
	at sun.reflect.DelegatingConstructorAccessorImpl.newInstance(DelegatingConstructorAccessorImpl.java:45)
	at java.lang.reflect.Constructor.newInstance(Constructor.java:423)
	at org.openqa.selenium.remote.ErrorHandler.createThrowable(ErrorHandler.java:215)
	at org.openqa.selenium.remote.ErrorHandler.throwIfResponseFailed(ErrorHandler.java:173)
	at org.openqa.selenium.remote.http.JsonHttpResponseCodec.reconstructValue(JsonHttpResponseCodec.java:40)
	at org.openqa.selenium.remote.http.AbstractHttpResponseCodec.decode(AbstractHttpResponseCodec.java:82)
	at org.openqa.selenium.remote.http.AbstractHttpResponseCodec.decode(AbstractHttpResponseCodec.java:45)
	at org.openqa.selenium.remote.HttpCommandExecutor.execute(HttpCommandExecutor.java:164)
	at org.openqa.selenium.remote.service.DriverCommandExecutor.execute(DriverCommandExecutor.java:82)
	at org.openqa.selenium.remote.RemoteWebDriver.execute(RemoteWebDriver.java:646)
	at org.openqa.selenium.remote.RemoteWebDriver.execute(RemoteWebDriver.java:703)
	at org.openqa.selenium.remote.RemoteWebDriver.getCurrentUrl(RemoteWebDriver.java:380)
	at com.wyn.automation.base.BasePage.openPage(BasePage.java:39)
	at com.wyn.automaton.workflows.RetrieveReservation.retrieveReservation(RetrieveReservation.java:19)
	at sun.reflect.NativeMethodAccessorImpl.invoke0(Native Method)
	at sun.reflect.NativeMethodAccessorImpl.invoke(NativeMethodAccessorImpl.java:62)
	at sun.reflect.DelegatingMethodAccessorImpl.invoke(DelegatingMethodAccessorImpl.java:43)
	at java.lang.reflect.Method.invoke(Method.java:498)
	at org.testng.internal.MethodInvocationHelper.invokeMethod(MethodInvocationHelper.java:80)
	at org.testng.internal.Invoker.invokeMethod(Invoker.java:714)
	at org.testng.internal.Invoker.invokeTestMethod(Invoker.java:901)
	at org.testng.internal.Invoker.invokeTestMethods(Invoker.java:1231)
	at org.testng.internal.TestMethodWorker.invokeTestMethods(TestMethodWorker.java:127)
	at org.testng.internal.TestMethodWorker.run(TestMethodWorker.java:111)
	at org.testng.TestRunner.privateRun(TestRunner.java:767)
	at org.testng.TestRunner.run(TestRunner.java:617)
	at org.testng.SuiteRunner.runTest(SuiteRunner.java:334)
	at org.testng.SuiteRunner.runSequentially(SuiteRunner.java:329)
	at org.testng.SuiteRunner.privateRun(SuiteRunner.java:291)
	at org.testng.SuiteRunner.run(SuiteRunner.java:240)
	at org.testng.SuiteRunnerWorker.runSuite(SuiteRunnerWorker.java:52)
	at org.testng.SuiteRunnerWorker.run(SuiteRunnerWorker.java:86)
	at org.testng.TestNG.runSuitesSequentially(TestNG.java:1198)
	at org.testng.TestNG.runSuitesLocally(TestNG.java:1123)
	at org.testng.TestNG.run(TestNG.java:1031)
	at org.testng.remote.AbstractRemoteTestNG.run(AbstractRemoteTestNG.java:132)
	at org.testng.remote.RemoteTestNG.initAndRun(RemoteTestNG.java:230)
	at org.testng.remote.RemoteTestNG.main(RemoteTestNG.java:76)
</pre></td>
																</tr>
														</tbody>
													</table>
													<ul class='collapsible node-list' data-collapsible='accordion'>
													</ul>
												</div>
											</div>
										</li>
										<li class='collection-item test displayed active fail ' extentid='bc26848a-aa3f-4234-96e0-ae8128422654'>
											<div class='test-head'>
												<span class='test-name'>ContactUs </span>
												<span class='test-status label right outline capitalize fail'>fail</span>
												<span class='category-assigned hide '></span>
											</div>
											<div class='test-body'>
												<div class='test-info'>
													<span title='Test started time' alt='Test started time' class='test-started-time label green lighten-1 text-white'>2018-01-30 11:51:15</span>
													<span title='Test ended time' alt='Test ended time' class='test-ended-time label red lighten-1 text-white'></span>
													<span title='Time taken to finish' alt='Time taken to finish' class='test-time-taken label blue-grey lighten-3 text-white'></span>
												</div>
												<div class='test-desc'></div>
												<div class='test-attributes'>
												</div>
												<div class='test-steps'>
													<table class='bordered table-results'>
														<thead>
															<tr>
																<th>Status</th>
																<th>Timestamp</th>
																<th>Details</th>
															</tr>
														</thead>
														<tbody>
																<tr>
																	<td class='status fail' title='fail' alt='fail'><i class='mdi-navigation-cancel'></i></td>
																	<td class='timestamp'>11:51:15</td>
																	<td class='step-details'><pre>org.openqa.selenium.UnhandledAlertException: unexpected alert open: {Alert text : Unable to cancel your reservation}
  (Session info: chrome=64.0.3282.119)
  (Driver info: chromedriver=2.34.522940 (1a76f96f66e3ca7b8e57d503b4dd3bccfba87af1),platform=Windows NT 10.0.10586 x86_64) (WARNING: The server did not provide any stacktrace information)
Command duration or timeout: 0 milliseconds: null
Build info: version: '3.5.3', revision: 'a88d25fe6b', time: '2017-08-29T12:42:44.417Z'
System info: host: 'HDC3-D-426QWJF', ip: '10.249.42.29', os.name: 'Windows 10', os.arch: 'amd64', os.version: '10.0', java.version: '1.8.0_121'
Driver info: org.openqa.selenium.chrome.ChromeDriver
Capabilities [{mobileEmulationEnabled=false, hasTouchScreen=false, platform=XP, acceptSslCerts=true, webStorageEnabled=true, browserName=chrome, takesScreenshot=true, javascriptEnabled=true, platformName=XP, setWindowRect=true, unexpectedAlertBehaviour=, applicationCacheEnabled=false, rotatable=false, networkConnectionEnabled=false, chrome={chromedriverVersion=2.34.522940 (1a76f96f66e3ca7b8e57d503b4dd3bccfba87af1), userDataDir=C:\Users\DUGGI~2.SAN\AppData\Local\Temp\scoped_dir4652_10726}, takesHeapSnapshot=true, pageLoadStrategy=normal, unhandledPromptBehavior=, databaseEnabled=false, handlesAlerts=true, version=64.0.3282.119, browserConnectionEnabled=false, nativeEvents=true, locationContextEnabled=true, cssSelectorsEnabled=true}]
Session ID: b85f12c7d5571758fe6f77abb342ba14
	at sun.reflect.NativeConstructorAccessorImpl.newInstance0(Native Method)
	at sun.reflect.NativeConstructorAccessorImpl.newInstance(NativeConstructorAccessorImpl.java:62)
	at sun.reflect.DelegatingConstructorAccessorImpl.newInstance(DelegatingConstructorAccessorImpl.java:45)
	at java.lang.reflect.Constructor.newInstance(Constructor.java:423)
	at org.openqa.selenium.remote.ErrorHandler.createThrowable(ErrorHandler.java:215)
	at org.openqa.selenium.remote.ErrorHandler.throwIfResponseFailed(ErrorHandler.java:173)
	at org.openqa.selenium.remote.http.JsonHttpResponseCodec.reconstructValue(JsonHttpResponseCodec.java:40)
	at org.openqa.selenium.remote.http.AbstractHttpResponseCodec.decode(AbstractHttpResponseCodec.java:82)
	at org.openqa.selenium.remote.http.AbstractHttpResponseCodec.decode(AbstractHttpResponseCodec.java:45)
	at org.openqa.selenium.remote.HttpCommandExecutor.execute(HttpCommandExecutor.java:164)
	at org.openqa.selenium.remote.service.DriverCommandExecutor.execute(DriverCommandExecutor.java:82)
	at org.openqa.selenium.remote.RemoteWebDriver.execute(RemoteWebDriver.java:646)
	at org.openqa.selenium.remote.RemoteWebDriver.execute(RemoteWebDriver.java:703)
	at org.openqa.selenium.remote.RemoteWebDriver.getCurrentUrl(RemoteWebDriver.java:380)
	at com.wyn.automation.base.BasePage.openPage(BasePage.java:39)
	at com.wyn.automaton.workflows.ContactUsForm.ContactUs(ContactUsForm.java:15)
	at sun.reflect.NativeMethodAccessorImpl.invoke0(Native Method)
	at sun.reflect.NativeMethodAccessorImpl.invoke(NativeMethodAccessorImpl.java:62)
	at sun.reflect.DelegatingMethodAccessorImpl.invoke(DelegatingMethodAccessorImpl.java:43)
	at java.lang.reflect.Method.invoke(Method.java:498)
	at org.testng.internal.MethodInvocationHelper.invokeMethod(MethodInvocationHelper.java:80)
	at org.testng.internal.Invoker.invokeMethod(Invoker.java:714)
	at org.testng.internal.Invoker.invokeTestMethod(Invoker.java:901)
	at org.testng.internal.Invoker.invokeTestMethods(Invoker.java:1231)
	at org.testng.internal.TestMethodWorker.invokeTestMethods(TestMethodWorker.java:127)
	at org.testng.internal.TestMethodWorker.run(TestMethodWorker.java:111)
	at org.testng.TestRunner.privateRun(TestRunner.java:767)
	at org.testng.TestRunner.run(TestRunner.java:617)
	at org.testng.SuiteRunner.runTest(SuiteRunner.java:334)
	at org.testng.SuiteRunner.runSequentially(SuiteRunner.java:329)
	at org.testng.SuiteRunner.privateRun(SuiteRunner.java:291)
	at org.testng.SuiteRunner.run(SuiteRunner.java:240)
	at org.testng.SuiteRunnerWorker.runSuite(SuiteRunnerWorker.java:52)
	at org.testng.SuiteRunnerWorker.run(SuiteRunnerWorker.java:86)
	at org.testng.TestNG.runSuitesSequentially(TestNG.java:1198)
	at org.testng.TestNG.runSuitesLocally(TestNG.java:1123)
	at org.testng.TestNG.run(TestNG.java:1031)
	at org.testng.remote.AbstractRemoteTestNG.run(AbstractRemoteTestNG.java:132)
	at org.testng.remote.RemoteTestNG.initAndRun(RemoteTestNG.java:230)
	at org.testng.remote.RemoteTestNG.main(RemoteTestNG.java:76)
</pre></td>
																</tr>
														</tbody>
													</table>
													<ul class='collapsible node-list' data-collapsible='accordion'>
													</ul>
												</div>
											</div>
										</li>
								</ul>
							</div>
						</div>
					</div>
				</div>
				<div id='test-details-wrapper' class='col _addedCell2'>
					<div class='contents'>
						<div class='card-panel details-view'>
							<h5 class='details-name'></h5>
							<div class='step-filters right'>
								<span class='btn-floating btn-small waves-effect waves-light blue' status='info' alt='info' title='info'><i class='mdi-action-info-outline'></i></span>
								<span class='btn-floating btn-small waves-effect waves-light green' status='pass' alt='pass' title='pass'><i class='mdi-action-check-circle'></i></span>
								<span class='btn-floating btn-small waves-effect waves-light red' status='fail' alt='fail' title='fail'><i class='mdi-navigation-cancel'></i></span>
								<span class='btn-floating btn-small waves-effect waves-light red darken-4' status='fatal' alt='fatal' title='fatal'><i class='mdi-navigation-cancel'></i></span>
								<span class='btn-floating btn-small waves-effect waves-light red lighten-2' status='error' alt='error' title='error'><i class='mdi-alert-error'></i></span>
								<span class='btn-floating btn-small waves-effect waves-light orange' alt='warning' status='warning' title='warning'><i class='mdi-alert-warning'></i></span>
								<span class='btn-floating btn-small waves-effect waves-light cyan' status='skip' alt='skip' title='skip'><i class='mdi-content-redo'></i></span>
								<span class='btn-floating btn-small waves-effect waves-light grey darken-2' status='clear-step-filter' alt='Clear filters' title='Clear filters'><i class='mdi-content-clear'></i></span>
							</div>
							<div class='details-container'>
							</div>
						</div>
					</div>
				</div>
			</div>
			<!-- /tests -->
			
			<!-- categories -->
			<!-- /categories -->
			
			<!-- exceptions -->
				<div id='exceptions-view' class='row _addedTable hide'>
					<div class='col _addedCell1'>
						<div class='contents'>
							<div class='card-panel heading'>
								<h5>Defects</h5>
							</div>
							<div class='card-panel filters'>
								<div class='search' alt='Search tests' title='Search tests'>
									<div class='input-field left'>
										<input id='searchTests' type='text' class='validate' placeholder='Search tests...'>
									</div>
									<a href="#" class='btn-floating btn-small waves-effect waves-light blue lighten-1'>
										<i class='mdi-action-search'></i>
									</a>
								</div>
							</div>
							<div class='card-panel no-padding-h no-padding-v'>
								<div class='wrapper'>
									<ul id='exception-collection' class='exception-collection'>
											<li class='exception-item displayed'>
												<div class='exception-head'>
													<span class='exception-name'>java.lang.AssertionError</span>
												</div>
												<div class='exception-test-count'>
													<span class='fail label'>1</span>
												</div>
												<div class='exception-body'>
													<div class='exception-tests'>
														<table class='bordered'>
															<thead>
																<tr>
																	<th>RunDate</th>
																	<th>Test Name</th>
																	<th>Exception</th>
																</tr>
															</thead>
															<tbody>
                                                                   <tr class='fail'>
                                                                       <td>2018-01-30 11:38:13</td>
                                                                       <td><span class='exception-link linked' extentid='3e3f9504-d4fa-4dc8-846b-9f2f522a5180'>verifyMyReservation</span></td>
                                                                       <td><pre class='exception-message'>java.lang.AssertionError: expected [true] but found [false]
	at org.testng.Assert.fail(Assert.java:94)
	at org.testng.Assert.failNotEquals(Assert.java:494)
	at org.testng.Assert.assertTrue(Assert.java:42)
	at org.testng.Assert.assertTrue(Assert.java:52)
	at com.wr.automation.rewards.pages.MyReservation.checkCinfirmationNumber(MyReservation.java:82)
	at com.wr.automation.rewards.VerifyMyReservation.verifyMyReservation(VerifyMyReservation.java:56)
	at sun.reflect.NativeMethodAccessorImpl.invoke0(Native Method)
	at sun.reflect.NativeMethodAccessorImpl.invoke(NativeMethodAccessorImpl.java:62)
	at sun.reflect.DelegatingMethodAccessorImpl.invoke(DelegatingMethodAccessorImpl.java:43)
	at java.lang.reflect.Method.invoke(Method.java:498)
	at org.testng.internal.MethodInvocationHelper.invokeMethod(MethodInvocationHelper.java:80)
	at org.testng.internal.Invoker.invokeMethod(Invoker.java:714)
	at org.testng.internal.Invoker.invokeTestMethod(Invoker.java:901)
	at org.testng.internal.Invoker.invokeTestMethods(Invoker.java:1231)
	at org.testng.internal.TestMethodWorker.invokeTestMethods(TestMethodWorker.java:127)
	at org.testng.internal.TestMethodWorker.run(TestMethodWorker.java:111)
	at org.testng.TestRunner.privateRun(TestRunner.java:767)
	at org.testng.TestRunner.run(TestRunner.java:617)
	at org.testng.SuiteRunner.runTest(SuiteRunner.java:334)
	at org.testng.SuiteRunner.runSequentially(SuiteRunner.java:329)
	at org.testng.SuiteRunner.privateRun(SuiteRunner.java:291)
	at org.testng.SuiteRunner.run(SuiteRunner.java:240)
	at org.testng.SuiteRunnerWorker.runSuite(SuiteRunnerWorker.java:52)
	at org.testng.SuiteRunnerWorker.run(SuiteRunnerWorker.java:86)
	at org.testng.TestNG.runSuitesSequentially(TestNG.java:1198)
	at org.testng.TestNG.runSuitesLocally(TestNG.java:1123)
	at org.testng.TestNG.run(TestNG.java:1031)
	at org.testng.remote.AbstractRemoteTestNG.run(AbstractRemoteTestNG.java:132)
	at org.testng.remote.RemoteTestNG.initAndRun(RemoteTestNG.java:230)
	at org.testng.remote.RemoteTestNG.main(RemoteTestNG.java:76)</pre></td>
                                                                   </tr>
                                                            </tbody>
														</table>
													</div>
												</div> 
											</li>
											<li class='exception-item displayed'>
												<div class='exception-head'>
													<span class='exception-name'>org.openqa.selenium.NoSuchElementException</span>
												</div>
												<div class='exception-test-count'>
													<span class='fail label'>2</span>
												</div>
												<div class='exception-body'>
													<div class='exception-tests'>
														<table class='bordered'>
															<thead>
																<tr>
																	<th>RunDate</th>
																	<th>Test Name</th>
																	<th>Exception</th>
																</tr>
															</thead>
															<tbody>
                                                                   <tr class='fail'>
                                                                       <td>2018-01-30 11:30:00</td>
                                                                       <td><span class='exception-link linked' extentid='1c4bc933-dfe3-425c-bae3-7c82693a685d'>contactUsFormWithLogin</span></td>
                                                                       <td><pre class='exception-message'>org.openqa.selenium.NoSuchElementException: Cannot locate element with text: February
For documentation on this error, please visit: http://seleniumhq.org/exceptions/no_such_element.html
Build info: version: '3.5.3', revision: 'a88d25fe6b', time: '2017-08-29T12:42:44.417Z'
System info: host: 'HDC3-D-426QWJF', ip: '10.249.42.29', os.name: 'Windows 10', os.arch: 'amd64', os.version: '10.0', java.version: '1.8.0_121'
Driver info: driver.version: unknown
	at org.openqa.selenium.support.ui.Select.selectByVisibleText(Select.java:147)
	at com.wyn.automation.base.BasePage.selectDropDownText(BasePage.java:70)
	at com.wr.automation.rewards.pages.ContactUsPage.enterDetails(ContactUsPage.java:94)
	at com.wr.automation.rewards.ContactusWithLogin.contactUsFormWithLogin(ContactusWithLogin.java:24)
	at sun.reflect.NativeMethodAccessorImpl.invoke0(Native Method)
	at sun.reflect.NativeMethodAccessorImpl.invoke(NativeMethodAccessorImpl.java:62)
	at sun.reflect.DelegatingMethodAccessorImpl.invoke(DelegatingMethodAccessorImpl.java:43)
	at java.lang.reflect.Method.invoke(Method.java:498)
	at org.testng.internal.MethodInvocationHelper.invokeMethod(MethodInvocationHelper.java:80)
	at org.testng.internal.Invoker.invokeMethod(Invoker.java:714)
	at org.testng.internal.Invoker.invokeTestMethod(Invoker.java:901)
	at org.testng.internal.Invoker.invokeTestMethods(Invoker.java:1231)
	at org.testng.internal.TestMethodWorker.invokeTestMethods(TestMethodWorker.java:127)
	at org.testng.internal.TestMethodWorker.run(TestMethodWorker.java:111)
	at org.testng.TestRunner.privateRun(TestRunner.java:767)
	at org.testng.TestRunner.run(TestRunner.java:617)
	at org.testng.SuiteRunner.runTest(SuiteRunner.java:334)
	at org.testng.SuiteRunner.runSequentially(SuiteRunner.java:329)
	at org.testng.SuiteRunner.privateRun(SuiteRunner.java:291)
	at org.testng.SuiteRunner.run(SuiteRunner.java:240)
	at org.testng.SuiteRunnerWorker.runSuite(SuiteRunnerWorker.java:52)
	at org.testng.SuiteRunnerWorker.run(SuiteRunnerWorker.java:86)
	at org.testng.TestNG.runSuitesSequentially(TestNG.java:1198)
	at org.testng.TestNG.runSuitesLocally(TestNG.java:1123)
	at org.testng.TestNG.run(TestNG.java:1031)
	at org.testng.remote.AbstractRemoteTestNG.run(AbstractRemoteTestNG.java:132)
	at org.testng.remote.RemoteTestNG.initAndRun(RemoteTestNG.java:230)
	at org.testng.remote.RemoteTestNG.main(RemoteTestNG.java:76)</pre></td>
                                                                   </tr>
                                                                   <tr class='fail'>
                                                                       <td>2018-01-30 11:31:53</td>
                                                                       <td><span class='exception-link linked' extentid='5f5df09d-bc24-4fd1-9de8-34e033adbfe6'>myProfile</span></td>
                                                                       <td><pre class='exception-message'>org.openqa.selenium.NoSuchElementException: no such element: Unable to locate element: {"method":"class name","selector":"question"}
  (Session info: chrome=64.0.3282.119)
  (Driver info: chromedriver=2.34.522940 (1a76f96f66e3ca7b8e57d503b4dd3bccfba87af1),platform=Windows NT 10.0.10586 x86_64) (WARNING: The server did not provide any stacktrace information)
Command duration or timeout: 0 milliseconds
For documentation on this error, please visit: http://seleniumhq.org/exceptions/no_such_element.html
Build info: version: '3.5.3', revision: 'a88d25fe6b', time: '2017-08-29T12:42:44.417Z'
System info: host: 'HDC3-D-426QWJF', ip: '10.249.42.29', os.name: 'Windows 10', os.arch: 'amd64', os.version: '10.0', java.version: '1.8.0_121'
Driver info: org.openqa.selenium.chrome.ChromeDriver
Capabilities [{mobileEmulationEnabled=false, hasTouchScreen=false, platform=XP, acceptSslCerts=true, webStorageEnabled=true, browserName=chrome, takesScreenshot=true, javascriptEnabled=true, platformName=XP, setWindowRect=true, unexpectedAlertBehaviour=, applicationCacheEnabled=false, rotatable=false, networkConnectionEnabled=false, chrome={chromedriverVersion=2.34.522940 (1a76f96f66e3ca7b8e57d503b4dd3bccfba87af1), userDataDir=C:\Users\DUGGI~2.SAN\AppData\Local\Temp\scoped_dir4652_10726}, takesHeapSnapshot=true, pageLoadStrategy=normal, unhandledPromptBehavior=, databaseEnabled=false, handlesAlerts=true, version=64.0.3282.119, browserConnectionEnabled=false, nativeEvents=true, locationContextEnabled=true, cssSelectorsEnabled=true}]
Session ID: b85f12c7d5571758fe6f77abb342ba14
*** Element info: {Using=class name, value=question}
	at sun.reflect.NativeConstructorAccessorImpl.newInstance0(Native Method)
	at sun.reflect.NativeConstructorAccessorImpl.newInstance(NativeConstructorAccessorImpl.java:62)
	at sun.reflect.DelegatingConstructorAccessorImpl.newInstance(DelegatingConstructorAccessorImpl.java:45)
	at java.lang.reflect.Constructor.newInstance(Constructor.java:423)
	at org.openqa.selenium.remote.ErrorHandler.createThrowable(ErrorHandler.java:215)
	at org.openqa.selenium.remote.ErrorHandler.throwIfResponseFailed(ErrorHandler.java:167)
	at org.openqa.selenium.remote.http.JsonHttpResponseCodec.reconstructValue(JsonHttpResponseCodec.java:40)
	at org.openqa.selenium.remote.http.AbstractHttpResponseCodec.decode(AbstractHttpResponseCodec.java:82)
	at org.openqa.selenium.remote.http.AbstractHttpResponseCodec.decode(AbstractHttpResponseCodec.java:45)
	at org.openqa.selenium.remote.HttpCommandExecutor.execute(HttpCommandExecutor.java:164)
	at org.openqa.selenium.remote.service.DriverCommandExecutor.execute(DriverCommandExecutor.java:82)
	at org.openqa.selenium.remote.RemoteWebDriver.execute(RemoteWebDriver.java:646)
	at org.openqa.selenium.remote.RemoteWebDriver.findElement(RemoteWebDriver.java:416)
	at org.openqa.selenium.remote.RemoteWebDriver.findElementByClassName(RemoteWebDriver.java:502)
	at org.openqa.selenium.By$ByClassName.findElement(By.java:391)
	at org.openqa.selenium.remote.RemoteWebDriver.findElement(RemoteWebDriver.java:408)
	at org.openqa.selenium.support.pagefactory.DefaultElementLocator.findElement(DefaultElementLocator.java:59)
	at org.openqa.selenium.support.pagefactory.internal.LocatingElementHandler.invoke(LocatingElementHandler.java:34)
	at com.sun.proxy.$Proxy10.toString(Unknown Source)
	at java.lang.String.valueOf(String.java:2994)
	at java.lang.StringBuilder.append(StringBuilder.java:131)
	at org.openqa.selenium.support.ui.ExpectedConditions$7.toString(ExpectedConditions.java:218)
	at org.openqa.selenium.support.ui.FluentWait.until(FluentWait.java:223)
	at com.wyn.automation.utils.AutomationUtils.waitVisibilityOf(AutomationUtils.java:113)
	at com.wr.automation.rewards.pages.LoginPage.myProfileValidateSecurityQuestion(LoginPage.java:135)
	at com.wr.automation.rewards.MyProfileScenario.myProfile(MyProfileScenario.java:39)
	at sun.reflect.NativeMethodAccessorImpl.invoke0(Native Method)
	at sun.reflect.NativeMethodAccessorImpl.invoke(NativeMethodAccessorImpl.java:62)
	at sun.reflect.DelegatingMethodAccessorImpl.invoke(DelegatingMethodAccessorImpl.java:43)
	at java.lang.reflect.Method.invoke(Method.java:498)
	at org.testng.internal.MethodInvocationHelper.invokeMethod(MethodInvocationHelper.java:80)
	at org.testng.internal.Invoker.invokeMethod(Invoker.java:714)
	at org.testng.internal.Invoker.invokeTestMethod(Invoker.java:901)
	at org.testng.internal.Invoker.invokeTestMethods(Invoker.java:1231)
	at org.testng.internal.TestMethodWorker.invokeTestMethods(TestMethodWorker.java:127)
	at org.testng.internal.TestMethodWorker.run(TestMethodWorker.java:111)
	at org.testng.TestRunner.privateRun(TestRunner.java:767)
	at org.testng.TestRunner.run(TestRunner.java:617)
	at org.testng.SuiteRunner.runTest(SuiteRunner.java:334)
	at org.testng.SuiteRunner.runSequentially(SuiteRunner.java:329)
	at org.testng.SuiteRunner.privateRun(SuiteRunner.java:291)
	at org.testng.SuiteRunner.run(SuiteRunner.java:240)
	at org.testng.SuiteRunnerWorker.runSuite(SuiteRunnerWorker.java:52)
	at org.testng.SuiteRunnerWorker.run(SuiteRunnerWorker.java:86)
	at org.testng.TestNG.runSuitesSequentially(TestNG.java:1198)
	at org.testng.TestNG.runSuitesLocally(TestNG.java:1123)
	at org.testng.TestNG.run(TestNG.java:1031)
	at org.testng.remote.AbstractRemoteTestNG.run(AbstractRemoteTestNG.java:132)
	at org.testng.remote.RemoteTestNG.initAndRun(RemoteTestNG.java:230)
	at org.testng.remote.RemoteTestNG.main(RemoteTestNG.java:76)</pre></td>
                                                                   </tr>
                                                            </tbody>
														</table>
													</div>
												</div> 
											</li>
											<li class='exception-item displayed'>
												<div class='exception-head'>
													<span class='exception-name'>org.openqa.selenium.WebDriverException</span>
												</div>
												<div class='exception-test-count'>
													<span class='fail label'>1</span>
												</div>
												<div class='exception-body'>
													<div class='exception-tests'>
														<table class='bordered'>
															<thead>
																<tr>
																	<th>RunDate</th>
																	<th>Test Name</th>
																	<th>Exception</th>
																</tr>
															</thead>
															<tbody>
                                                                   <tr class='fail'>
                                                                       <td>2018-01-30 11:46:42</td>
                                                                       <td><span class='exception-link linked' extentid='702742ff-57d7-450a-af49-32210a50a692'>TC_01</span></td>
                                                                       <td><pre class='exception-message'>org.openqa.selenium.WebDriverException: unknown error: Element See More Rates is not clickable at point (478, 229). Other element would receive the click: ...
  (Session info: chrome=64.0.3282.119)
  (Driver info: chromedriver=2.34.522940 (1a76f96f66e3ca7b8e57d503b4dd3bccfba87af1),platform=Windows NT 10.0.10586 x86_64) (WARNING: The server did not provide any stacktrace information)
Command duration or timeout: 0 milliseconds
Build info: version: '3.5.3', revision: 'a88d25fe6b', time: '2017-08-29T12:42:44.417Z'
System info: host: 'HDC3-D-426QWJF', ip: '10.249.42.29', os.name: 'Windows 10', os.arch: 'amd64', os.version: '10.0', java.version: '1.8.0_121'
Driver info: org.openqa.selenium.chrome.ChromeDriver
Capabilities [{mobileEmulationEnabled=false, hasTouchScreen=false, platform=XP, acceptSslCerts=true, webStorageEnabled=true, browserName=chrome, takesScreenshot=true, javascriptEnabled=true, platformName=XP, setWindowRect=true, unexpectedAlertBehaviour=, applicationCacheEnabled=false, rotatable=false, networkConnectionEnabled=false, chrome={chromedriverVersion=2.34.522940 (1a76f96f66e3ca7b8e57d503b4dd3bccfba87af1), userDataDir=C:\Users\DUGGI~2.SAN\AppData\Local\Temp\scoped_dir4652_10726}, takesHeapSnapshot=true, pageLoadStrategy=normal, unhandledPromptBehavior=, databaseEnabled=false, handlesAlerts=true, version=64.0.3282.119, browserConnectionEnabled=false, nativeEvents=true, locationContextEnabled=true, cssSelectorsEnabled=true}]
Session ID: b85f12c7d5571758fe6f77abb342ba14
	at sun.reflect.NativeConstructorAccessorImpl.newInstance0(Native Method)
	at sun.reflect.NativeConstructorAccessorImpl.newInstance(NativeConstructorAccessorImpl.java:62)
	at sun.reflect.DelegatingConstructorAccessorImpl.newInstance(DelegatingConstructorAccessorImpl.java:45)
	at java.lang.reflect.Constructor.newInstance(Constructor.java:423)
	at org.openqa.selenium.remote.ErrorHandler.createThrowable(ErrorHandler.java:215)
	at org.openqa.selenium.remote.ErrorHandler.throwIfResponseFailed(ErrorHandler.java:167)
	at org.openqa.selenium.remote.http.JsonHttpResponseCodec.reconstructValue(JsonHttpResponseCodec.java:40)
	at org.openqa.selenium.remote.http.AbstractHttpResponseCodec.decode(AbstractHttpResponseCodec.java:82)
	at org.openqa.selenium.remote.http.AbstractHttpResponseCodec.decode(AbstractHttpResponseCodec.java:45)
	at org.openqa.selenium.remote.HttpCommandExecutor.execute(HttpCommandExecutor.java:164)
	at org.openqa.selenium.remote.service.DriverCommandExecutor.execute(DriverCommandExecutor.java:82)
	at org.openqa.selenium.remote.RemoteWebDriver.execute(RemoteWebDriver.java:646)
	at org.openqa.selenium.remote.RemoteWebElement.execute(RemoteWebElement.java:275)
	at org.openqa.selenium.remote.RemoteWebElement.click(RemoteWebElement.java:82)
	at com.wr.automation.rewards.pages.WrRnRPage.ratebuttonClick(WrRnRPage.java:122)
	at com.wr.automation.rewards.pages.WrRnRPage.clickBarPlusButton(WrRnRPage.java:74)
	at com.wr.automation.rewards.WrHomePageBooking.homePageBooking(WrHomePageBooking.java:29)
	at sun.reflect.NativeMethodAccessorImpl.invoke0(Native Method)
	at sun.reflect.NativeMethodAccessorImpl.invoke(NativeMethodAccessorImpl.java:62)
	at sun.reflect.DelegatingMethodAccessorImpl.invoke(DelegatingMethodAccessorImpl.java:43)
	at java.lang.reflect.Method.invoke(Method.java:498)
	at org.testng.internal.MethodInvocationHelper.invokeMethod(MethodInvocationHelper.java:80)
	at org.testng.internal.Invoker.invokeMethod(Invoker.java:714)
	at org.testng.internal.Invoker.invokeTestMethod(Invoker.java:901)
	at org.testng.internal.Invoker.invokeTestMethods(Invoker.java:1231)
	at org.testng.internal.TestMethodWorker.invokeTestMethods(TestMethodWorker.java:127)
	at org.testng.internal.TestMethodWorker.run(TestMethodWorker.java:111)
	at org.testng.TestRunner.privateRun(TestRunner.java:767)
	at org.testng.TestRunner.run(TestRunner.java:617)
	at org.testng.SuiteRunner.runTest(SuiteRunner.java:334)
	at org.testng.SuiteRunner.runSequentially(SuiteRunner.java:329)
	at org.testng.SuiteRunner.privateRun(SuiteRunner.java:291)
	at org.testng.SuiteRunner.run(SuiteRunner.java:240)
	at org.testng.SuiteRunnerWorker.runSuite(SuiteRunnerWorker.java:52)
	at org.testng.SuiteRunnerWorker.run(SuiteRunnerWorker.java:86)
	at org.testng.TestNG.runSuitesSequentially(TestNG.java:1198)
	at org.testng.TestNG.runSuitesLocally(TestNG.java:1123)
	at org.testng.TestNG.run(TestNG.java:1031)
	at org.testng.remote.AbstractRemoteTestNG.run(AbstractRemoteTestNG.java:132)
	at org.testng.remote.RemoteTestNG.initAndRun(RemoteTestNG.java:230)
	at org.testng.remote.RemoteTestNG.main(RemoteTestNG.java:76)</pre></td>
                                                                   </tr>
                                                            </tbody>
														</table>
													</div>
												</div> 
											</li>
									</ul>
								</div>
							</div>
						</div>
					</div>
					<div id='exception-details-wrapper' class='col _addedCell2'>
						<div class='contents'>
							<div class='card-panel details-view'>
								<h5 class='exception-name'></h5>
								<div class='exception-container'>
								</div>
							</div>
						</div>
					</div>
				</div>
			<!-- /exceptions -->
			
			<!-- testrunner logs -->
			<!-- /testrunner logs -->
			
		</div>
		<!-- /container -->
		
		<!-- test dashboard counts setting -->
		<div id='test-count-setting' class='modal bottom-sheet'> 
			<div class='modal-content'> 
				<h5>Configure Tests Count Setting</h5> 
				<input name='test-count-setting' type='radio' id='parentWithoutNodes' class='with-gap'> 
				<label for='parentWithoutNodes'>Parent Tests Only (Does not include child nodes in counts)</label> 
				<br> 
				<input name='test-count-setting' type='radio' id='parentWithoutNodesAndNodes' class='with-gap'> 
				<label for='parentWithoutNodesAndNodes'>Parent Tests Without Child Tests + Child Tests</label> 
				<br> 
				<input name='test-count-setting' type='radio' id='childNodes' class='with-gap'> 
				<label for='childNodes'>Child Tests Only</label> 
			</div> 
			<div class='modal-footer'> 
				<a href='#!' class='modal-action modal-close waves-effect waves-green btn'>Save</a> 
			</div> 
		</div>
		<!-- /test dashboard counts setting -->
		
		<!-- filter for step status -->
		<div id='step-status-filter' class='modal bottom-sheet'> 
			<div class='modal-content'> 
				<h5>Select status</h5> 
				<input checked class='filled-in' type='checkbox' id='step-dashboard-filter-pass'> 
				<label for='step-dashboard-filter-pass'>Pass</label> 
				<br> 
				<input checked class='filled-in' type='checkbox' id='step-dashboard-filter-fail'> 
				<label for='step-dashboard-filter-fail'>Fail</label> 
				<br> 
				<input checked class='filled-in' type='checkbox' id='step-dashboard-filter-fatal'> 
				<label for='step-dashboard-filter-fatal'>Fatal</label> 
				<br> 
				<input checked class='filled-in' type='checkbox' id='step-dashboard-filter-error'> 
				<label for='step-dashboard-filter-error'>Error</label> 
				<br> 
				<input checked class='filled-in' type='checkbox' id='step-dashboard-filter-warning'> 
				<label for='step-dashboard-filter-warning'>Warning</label> 
				<br> 
				<input checked class='filled-in' type='checkbox' id='step-dashboard-filter-skip'> 
				<label for='step-dashboard-filter-skip'>Skipped</label> 
				<br> 
				<input checked class='filled-in' type='checkbox' id='step-dashboard-filter-info'> 
				<label for='step-dashboard-filter-info'>Info</label> 
				<br> 
				<input checked class='filled-in' type='checkbox' id='step-dashboard-filter-unknown'> 
				<label for='step-dashboard-filter-unknown'>Unknown</label> 
			</div>
			<div class='modal-footer'> 
				<a href='#!' class='modal-action modal-close waves-effect waves-green btn'>Save</a> 
			</div> 
		</div>
		<!-- /filter for step status -->
		
		<script src='https://cdn.rawgit.com/anshooarora/extentreports/6032d73243ba4fe4fb8769eb9c315d4fdf16fe68/cdn/extent.js' type='text/javascript'></script>

		<script>$(document).ready(function() { $('.logo span').html('ExtentReports'); });</script>
		<script>
				
            
                $(document).ready(function() {
                    
                });
            
        
		</script>
	</body>
</html>
