
<!DOCTYPE html>
<html>
	<head>
		<!--
			ExtentReports Library 2.41.1 | http://relevantcodes.com/extentreports-for-selenium/ | https://github.com/anshooarora/
			Copyright (c) 2015, Anshoo Arora (Relevant Codes) | Copyrights licensed under the New BSD License | http://opensource.org/licenses/BSD-3-Clause
			Documentation: http://extentreports.relevantcodes.com 
		-->

		<meta charset='UTF-8' /> 
		<meta name='description' content='ExtentReports (by Anshoo Arora) is a reporting library for automation testing for .NET and Java. It creates detailed and beautiful HTML reports for modern browsers. ExtentReports shows test and step summary along with dashboards, system and environment details for quick analysis of your tests.' />
		<meta name='robots' content='noodp, noydir' />
		<meta name='viewport' content='width=device-width, initial-scale=1' />
		<meta name='extentx' id='extentx' content='' />
		
		<title>
				ExtentReports 2.0
		</title>
		
		
		<link href='https://fonts.googleapis.com/css?family=Source+Sans+Pro:400,600' rel='stylesheet' type='text/css'>
		<link href='https://cdn.rawgit.com/anshooarora/extentreports/6032d73243ba4fe4fb8769eb9c315d4fdf16fe68/cdn/extent.css' type='text/css' rel='stylesheet' />
		
		<style>
				
            
                
            
        
		</style>
	</head>
	
	
	<body class='extent default standard hide-overflow'>
		<!-- nav -->
		<nav>
			<div class='logo-container blue darken-2'>
				<a class='logo-content' href='http://extentreports.relevantcodes.com'>
					<span>ExtentReports</span>
				</a>
				<a href='#' data-activates='slide-out' class='button-collapse hide-on-large-only'><i class='mdi-navigation-apps'></i></a>
			</div>
			<ul id='slide-out' class='side-nav fixed hide-on-med-and-down'>
				<li class='analysis waves-effect active'><a href='#!' class='test-view' onclick="_updateCurrentStage(0)"><i class='mdi-action-dashboard'></i>Test Details</a></li>
					<li class='analysis waves-effect'><a href='#!' class='exceptions-view' onclick="_updateCurrentStage(2)"><i class='mdi-action-bug-report'></i>Exceptions</a></li>
				<li class='analysis waves-effect'>
					<a href='#!' onclick="_updateCurrentStage(-1)" class='dashboard-view'><i class='mdi-action-track-changes'></i></i>Analysis</a>
				</li>
			</ul>
			<span class='report-name'>Automation Report</span> <span class='report-headline'></span>
			<ul class='right hide-on-med-and-down nav-right'>
				<li class='theme-selector' alt='Click to toggle dark theme. To enable by default, use js configuration $("body").addClass("dark");' title='Click to toggle dark theme. To enable by default, use js configuration $("body").addClass("dark");'>
					<i class='mdi-hardware-desktop-windows'></i>
				</li>
				<li>
					<span class='suite-started-time'>2018-01-23 20:19:55</span>
				</li>
				<li>
					<span>v2.41.1</span>
				</li>
			</ul>
		</nav>
		<!-- /nav -->
		
		<!-- container -->
		<div class='container'>
			
			<!-- dashboard -->
			<div id='dashboard-view' class='row'>
				<div class='time-totals'>
					<div class='col l2 m4 s6'>
						<div class='card suite-total-tests'> 
							<span class='panel-name'>Total Tests</span> 
							<span class='total-tests'> <span class='panel-lead'></span> </span> 
						</div> 
					</div>
					<div class='col l2 m4 s6'>
						<div class='card suite-total-steps'> 
							<span class='panel-name'>Total Steps</span> 
							<span class='total-steps'> <span class='panel-lead'></span> </span> 
						</div> 
					</div>
					<div class='col l2 m4 s12'>
						<div class='card suite-total-time-current'> 
							<span class='panel-name'>Total Time Taken (Current Run)</span> 
							<span class='suite-total-time-current-value panel-lead'>0h 21m 31s+981ms</span> 
						</div> 
					</div>
					<div class='col l2 m4 s12'>
						<div class='card suite-total-time-overall'> 
							<span class='panel-name'>Total Time Taken (Overall)</span> 
							<span class='suite-total-time-overall-value panel-lead'>246h 14761m 885707s+165ms</span> 
						</div> 
					</div>
					<div class='col l2 m4 s6 suite-start-time'>
						<div class='card accent green-accent'> 
							<span class='panel-name'>Start</span> 
							<span class='panel-lead suite-started-time'>2018-01-23 19:58:24</span> 
						</div> 
					</div>
					<div class='col l2 m4 s6 suite-end-time'>
						<div class='card accent pink-accent'> 
							<span class='panel-name'>End</span> 
							<span class='panel-lead suite-ended-time'>2018-01-23 20:19:55</span> 
						</div> 
					</div>
				</div>
				<div class='charts'>
					<div class='col s12 m6 l4 fh'> 
						<div class='card-panel'> 
							<div>
								<span class='panel-name'>Tests View</span>
							</div> 
							<div class='panel-setting modal-trigger test-count-setting right'>
								<a href='#test-count-setting'><i class='mdi-navigation-more-vert text-md'></i></a>
							</div> 
							<div class='chart-box'>
								<canvas class='text-centered' id='test-analysis'></canvas>
							</div> 
							<div>
								<span class='weight-light'><span class='t-pass-count weight-normal'></span> test(s) passed</span>
							</div> 
							<div>
								<span class='weight-light'><span class='t-fail-count weight-normal'></span> test(s) failed, <span class='t-others-count weight-normal'></span> others</span>
							</div> 
						</div> 
					</div> 
					<div class='col s12 m6 l4 fh'> 
						<div class='card-panel'> 
							<div>
								<span class='panel-name'>Steps View</span>
							</div> 
							<div class='panel-setting modal-trigger step-status-filter right'>
								<a href='#step-status-filter'><i class='mdi-navigation-more-vert text-md'></i></a>
							</div> 
							<div class='chart-box'>
								<canvas class='text-centered' id='step-analysis'></canvas>
							</div> 
							<div>
								<span class='weight-light'><span class='s-pass-count weight-normal'></span> step(s) passed </span>
							</div> 
							<div>
								<span class='weight-light'><span class='s-fail-count weight-normal'></span> step(s) failed, <span class='s-others-count weight-normal'></span> others</span>
							</div> 
						</div> 
					</div>
					<div class='col s12 m12 l4 fh'> 
						<div class='card-panel'> 
							<span class='panel-name'>Pass Percentage</span> 
							<span class='pass-percentage panel-lead'></span> 
							<div class='progress light-blue lighten-3'> 
								<div class='determinate light-blue'></div> 
							</div> 
						</div> 
					</div>
				</div>
				<div class='system-view'>
					<div class='col l4 m12 s12'>
						<div class='card-panel'>
							<span class='label info outline right'>Environment</span>
							<table>
								<thead>
									<tr>
										<th>Param</th>
										<th>Value</th>
									</tr>
								</thead>
								<tbody>
										<tr>
											<td>User Name</td>
											<td>duggi.sandeep</td>
										</tr>
										<tr>
											<td>OS</td>
											<td>Windows 10</td>
										</tr>
										<tr>
											<td>Java Version</td>
											<td>1.8.0_121</td>
										</tr>
										<tr>
											<td>Host Name</td>
											<td>HDC3-D-426QWJF</td>
										</tr>
								</tbody>
							</table>
						</div>
					</div>
				</div>
			</div>
			<!-- /dashboard -->
			
			<!-- tests -->
			<div id='test-view' class='row _addedTable'>
				<div class='col _addedCell1'>
					<div class='contents'>
						<div class='card-panel heading'>
							<h5>Tests</h5>
						</div>
						<div class='card-panel filters'>
							<div>
								<a class='dropdown-button btn-floating btn-small waves-effect waves-light grey tests-toggle' data-activates='tests-toggle' data-constrainwidth='true' data-beloworigin='true' data-hover='true' href='#'>
									<i class='mdi-action-reorder'></i>
								</a>
								<ul id='tests-toggle' class='dropdown-content'>
									<li class='pass'><a href='#!'>Pass</a></li>
									<li class='fail'><a href='#!'>Fail</a></li>
									<li class='skip'><a href='#!'>Skip</a></li>
									<li class='divider'></li>
									<li class='clear'><a href='#!'>Clear Filters</a></li>
								</ul>
							</div>
							<div>
								<a class='btn-floating btn-small waves-effect waves-light grey' id='clear-filters' alt='Clear Filters' title='Clear Filters'>
									<i class='mdi-navigation-close'></i>
								</a>
							</div>
							<div>
								<a class='btn-floating btn-small waves-effect waves-light grey' id='enableDashboard' alt='Enable Dashboard' title='Enable Dashboard'>
									<i class='mdi-action-track-changes'></i>
								</a>
							</div>
							<div>
								<a class='btn-floating btn-small waves-effect waves-light blue enabled' id='refreshCharts' alt='Refresh Charts on Filters' title='Refresh Charts on Filters'>
									<i class='mdi-navigation-refresh'></i>
								</a>
							</div>
							<div class='search' alt='Search Tests' title='Search Tests'>
								<div class='input-field left'>
									<input id='searchTests' type='text' class='validate' placeholder='Search Tests...'>
								</div>
								<a href="#" class='btn-floating btn-small waves-effect waves-light grey'>
									<i class='mdi-action-search'></i>
								</a>
							</div>
						</div>
						<div class='card-panel no-padding-h no-padding-v no-margin-v'>
							<div class='wrapper'>
								<ul id='test-collection' class='test-collection'>
										<li class='collection-item test displayed active pass ' extentid='3542b263-f476-4513-9a64-2a8ce0864daa'>
											<div class='test-head'>
												<span class='test-name'>LoginLogoutScenario </span>
												<span class='test-status label right outline capitalize pass'>pass</span>
												<span class='category-assigned hide '></span>
											</div>
											<div class='test-body'>
												<div class='test-info'>
													<span title='Test started time' alt='Test started time' class='test-started-time label green lighten-1 text-white'>2018-01-23 19:58:24</span>
													<span title='Test ended time' alt='Test ended time' class='test-ended-time label red lighten-1 text-white'>2018-01-23 19:59:07</span>
													<span title='Time taken to finish' alt='Time taken to finish' class='test-time-taken label blue-grey lighten-3 text-white'>0h 0m 43s+0ms</span>
												</div>
												<div class='test-desc'></div>
												<div class='test-attributes'>
												</div>
												<div class='test-steps'>
													<table class='bordered table-results'>
														<thead>
															<tr>
																<th>Status</th>
																<th>Timestamp</th>
																<th>Details</th>
															</tr>
														</thead>
														<tbody>
																<tr>
																	<td class='status info' title='info' alt='info'><i class='mdi-action-info-outline'></i></td>
																	<td class='timestamp'>19:58:37</td>
																	<td class='step-details'>LoginLogoutScenario_23 Jan 2018, 19.58.35<a href="C:\Automation_28_Dec\wyndham-automation\screenshots\LoginLogoutScenario_23 Jan 2018, 19.58.35.png" data-featherlight="image"><img class="report-img" src="file:///C:\Automation_28_Dec\wyndham-automation\screenshots\LoginLogoutScenario_23 Jan 2018, 19.58.35.png"></a> 1.Enter LoginDetails</td>
																</tr>
																<tr>
																	<td class='status info' title='info' alt='info'><i class='mdi-action-info-outline'></i></td>
																	<td class='timestamp'>19:58:47</td>
																	<td class='step-details'>LoginLogoutScenario_23 Jan 2018, 19.58.46<a href="C:\Automation_28_Dec\wyndham-automation\screenshots\LoginLogoutScenario_23 Jan 2018, 19.58.46.png" data-featherlight="image"><img class="report-img" src="file:///C:\Automation_28_Dec\wyndham-automation\screenshots\LoginLogoutScenario_23 Jan 2018, 19.58.46.png"></a> 2.Enter secQuestion</td>
																</tr>
																<tr>
																	<td class='status info' title='info' alt='info'><i class='mdi-action-info-outline'></i></td>
																	<td class='timestamp'>19:58:53</td>
																	<td class='step-details'>LoginLogoutScenario_23 Jan 2018, 19.58.47<a href="C:\Automation_28_Dec\wyndham-automation\screenshots\LoginLogoutScenario_23 Jan 2018, 19.58.47.png" data-featherlight="image"><img class="report-img" src="file:///C:\Automation_28_Dec\wyndham-automation\screenshots\LoginLogoutScenario_23 Jan 2018, 19.58.47.png"></a> 1.Click LogOut After Login</td>
																</tr>
																<tr>
																	<td class='status pass' title='pass' alt='pass'><i class='mdi-action-check-circle'></i></td>
																	<td class='timestamp'>19:59:05</td>
																	<td class='step-details'>Test passed</td>
																</tr>
																<tr>
																	<td class='status info' title='info' alt='info'><i class='mdi-action-info-outline'></i></td>
																	<td class='timestamp'>19:59:07</td>
																	<td class='step-details'>LoginLogoutScenario1516717745595<a href="C:\Automation_28_Dec\wyndham-automation\screenshots\LoginLogoutScenario1516717745595.png" data-featherlight="image"><img class="report-img" src="file:///C:\Automation_28_Dec\wyndham-automation\screenshots\LoginLogoutScenario1516717745595.png"></a></td>
																</tr>
														</tbody>
													</table>
													<ul class='collapsible node-list' data-collapsible='accordion'>
													</ul>
												</div>
											</div>
										</li>
										<li class='collection-item test displayed active pass ' extentid='da3758b4-1600-42fc-b3d5-3d8c7b90769c'>
											<div class='test-head'>
												<span class='test-name'>lightEnrollment </span>
												<span class='test-status label right outline capitalize pass'>pass</span>
												<span class='category-assigned hide '></span>
											</div>
											<div class='test-body'>
												<div class='test-info'>
													<span title='Test started time' alt='Test started time' class='test-started-time label green lighten-1 text-white'>2018-01-23 19:59:16</span>
													<span title='Test ended time' alt='Test ended time' class='test-ended-time label red lighten-1 text-white'>2018-01-23 19:59:25</span>
													<span title='Time taken to finish' alt='Time taken to finish' class='test-time-taken label blue-grey lighten-3 text-white'>0h 0m 9s+0ms</span>
												</div>
												<div class='test-desc'></div>
												<div class='test-attributes'>
												</div>
												<div class='test-steps'>
													<table class='bordered table-results'>
														<thead>
															<tr>
																<th>Status</th>
																<th>Timestamp</th>
																<th>Details</th>
															</tr>
														</thead>
														<tbody>
																<tr>
																	<td class='status info' title='info' alt='info'><i class='mdi-action-info-outline'></i></td>
																	<td class='timestamp'>19:59:20</td>
																	<td class='step-details'>LightEnrollmentScenario_23 Jan 2018, 19.59.19<a href="C:\Automation_28_Dec\wyndham-automation\screenshots\LightEnrollmentScenario_23 Jan 2018, 19.59.19.png" data-featherlight="image"><img class="report-img" src="file:///C:\Automation_28_Dec\wyndham-automation\screenshots\LightEnrollmentScenario_23 Jan 2018, 19.59.19.png"></a> 1.Enter Details in EnrollmentPage</td>
																</tr>
																<tr>
																	<td class='status pass' title='pass' alt='pass'><i class='mdi-action-check-circle'></i></td>
																	<td class='timestamp'>19:59:23</td>
																	<td class='step-details'>Test passed</td>
																</tr>
																<tr>
																	<td class='status info' title='info' alt='info'><i class='mdi-action-info-outline'></i></td>
																	<td class='timestamp'>19:59:25</td>
																	<td class='step-details'>LightEnrollmentScenario1516717763955<a href="C:\Automation_28_Dec\wyndham-automation\screenshots\LightEnrollmentScenario1516717763955.png" data-featherlight="image"><img class="report-img" src="file:///C:\Automation_28_Dec\wyndham-automation\screenshots\LightEnrollmentScenario1516717763955.png"></a></td>
																</tr>
														</tbody>
													</table>
													<ul class='collapsible node-list' data-collapsible='accordion'>
													</ul>
												</div>
											</div>
										</li>
										<li class='collection-item test displayed active pass ' extentid='7252d4e0-00ad-4796-a5d4-34f13e7accec'>
											<div class='test-head'>
												<span class='test-name'>enrollmentScreenOne </span>
												<span class='test-status label right outline capitalize pass'>pass</span>
												<span class='category-assigned hide '></span>
											</div>
											<div class='test-body'>
												<div class='test-info'>
													<span title='Test started time' alt='Test started time' class='test-started-time label green lighten-1 text-white'>2018-01-23 19:59:31</span>
													<span title='Test ended time' alt='Test ended time' class='test-ended-time label red lighten-1 text-white'>2018-01-23 20:00:11</span>
													<span title='Time taken to finish' alt='Time taken to finish' class='test-time-taken label blue-grey lighten-3 text-white'>0h 0m 40s+0ms</span>
												</div>
												<div class='test-desc'></div>
												<div class='test-attributes'>
												</div>
												<div class='test-steps'>
													<table class='bordered table-results'>
														<thead>
															<tr>
																<th>Status</th>
																<th>Timestamp</th>
																<th>Details</th>
															</tr>
														</thead>
														<tbody>
																<tr>
																	<td class='status info' title='info' alt='info'><i class='mdi-action-info-outline'></i></td>
																	<td class='timestamp'>19:59:36</td>
																	<td class='step-details'>LongEnrollmentScenario_23 Jan 2018, 19.59.35<a href="C:\Automation_28_Dec\wyndham-automation\screenshots\LongEnrollmentScenario_23 Jan 2018, 19.59.35.png" data-featherlight="image"><img class="report-img" src="file:///C:\Automation_28_Dec\wyndham-automation\screenshots\LongEnrollmentScenario_23 Jan 2018, 19.59.35.png"></a> 1.Enter Details in EnrollmentPage</td>
																</tr>
																<tr>
																	<td class='status info' title='info' alt='info'><i class='mdi-action-info-outline'></i></td>
																	<td class='timestamp'>19:59:41</td>
																	<td class='step-details'>LongEnrollmentScenario_23 Jan 2018, 19.59.40<a href="C:\Automation_28_Dec\wyndham-automation\screenshots\LongEnrollmentScenario_23 Jan 2018, 19.59.40.png" data-featherlight="image"><img class="report-img" src="file:///C:\Automation_28_Dec\wyndham-automation\screenshots\LongEnrollmentScenario_23 Jan 2018, 19.59.40.png"></a> 2.Enter Username And Password</td>
																</tr>
																<tr>
																	<td class='status info' title='info' alt='info'><i class='mdi-action-info-outline'></i></td>
																	<td class='timestamp'>19:59:50</td>
																	<td class='step-details'>LongEnrollmentScenario_23 Jan 2018, 19.59.48<a href="C:\Automation_28_Dec\wyndham-automation\screenshots\LongEnrollmentScenario_23 Jan 2018, 19.59.48.png" data-featherlight="image"><img class="report-img" src="file:///C:\Automation_28_Dec\wyndham-automation\screenshots\LongEnrollmentScenario_23 Jan 2018, 19.59.48.png"></a> 3.Enter Security Question</td>
																</tr>
																<tr>
																	<td class='status info' title='info' alt='info'><i class='mdi-action-info-outline'></i></td>
																	<td class='timestamp'>19:59:56</td>
																	<td class='step-details'>LongEnrollmentScenario_23 Jan 2018, 19.59.55<a href="C:\Automation_28_Dec\wyndham-automation\screenshots\LongEnrollmentScenario_23 Jan 2018, 19.59.55.png" data-featherlight="image"><img class="report-img" src="file:///C:\Automation_28_Dec\wyndham-automation\screenshots\LongEnrollmentScenario_23 Jan 2018, 19.59.55.png"></a> 4.Enter Address</td>
																</tr>
																<tr>
																	<td class='status info' title='info' alt='info'><i class='mdi-action-info-outline'></i></td>
																	<td class='timestamp'>20:00:09</td>
																	<td class='step-details'>LongEnrollmentScenario1516717807945<a href="C:\Automation_28_Dec\wyndham-automation\screenshots\LongEnrollmentScenario1516717807945.png" data-featherlight="image"><img class="report-img" src="file:///C:\Automation_28_Dec\wyndham-automation\screenshots\LongEnrollmentScenario1516717807945.png"></a></td>
																</tr>
																<tr>
																	<td class='status pass' title='pass' alt='pass'><i class='mdi-action-check-circle'></i></td>
																	<td class='timestamp'>20:00:09</td>
																	<td class='step-details'>Test passed</td>
																</tr>
																<tr>
																	<td class='status info' title='info' alt='info'><i class='mdi-action-info-outline'></i></td>
																	<td class='timestamp'>20:00:11</td>
																	<td class='step-details'>LongEnrollmentScenario1516717809517<a href="C:\Automation_28_Dec\wyndham-automation\screenshots\LongEnrollmentScenario1516717809517.png" data-featherlight="image"><img class="report-img" src="file:///C:\Automation_28_Dec\wyndham-automation\screenshots\LongEnrollmentScenario1516717809517.png"></a></td>
																</tr>
														</tbody>
													</table>
													<ul class='collapsible node-list' data-collapsible='accordion'>
													</ul>
												</div>
											</div>
										</li>
										<li class='collection-item test displayed active pass ' extentid='6d9b140d-8ee4-4509-8c33-883888afddd4'>
											<div class='test-head'>
												<span class='test-name'>forgetPassword </span>
												<span class='test-status label right outline capitalize pass'>pass</span>
												<span class='category-assigned hide '></span>
											</div>
											<div class='test-body'>
												<div class='test-info'>
													<span title='Test started time' alt='Test started time' class='test-started-time label green lighten-1 text-white'>2018-01-23 20:00:16</span>
													<span title='Test ended time' alt='Test ended time' class='test-ended-time label red lighten-1 text-white'>2018-01-23 20:01:04</span>
													<span title='Time taken to finish' alt='Time taken to finish' class='test-time-taken label blue-grey lighten-3 text-white'>0h 0m 48s+0ms</span>
												</div>
												<div class='test-desc'></div>
												<div class='test-attributes'>
												</div>
												<div class='test-steps'>
													<table class='bordered table-results'>
														<thead>
															<tr>
																<th>Status</th>
																<th>Timestamp</th>
																<th>Details</th>
															</tr>
														</thead>
														<tbody>
																<tr>
																	<td class='status info' title='info' alt='info'><i class='mdi-action-info-outline'></i></td>
																	<td class='timestamp'>20:00:20</td>
																	<td class='step-details'>ForgetPasswordScenario_23 Jan 2018, 20.00.18<a href="C:\Automation_28_Dec\wyndham-automation\screenshots\ForgetPasswordScenario_23 Jan 2018, 20.00.18.png" data-featherlight="image"><img class="report-img" src="file:///C:\Automation_28_Dec\wyndham-automation\screenshots\ForgetPasswordScenario_23 Jan 2018, 20.00.18.png"></a> 1.Enter forgetPassword</td>
																</tr>
																<tr>
																	<td class='status info' title='info' alt='info'><i class='mdi-action-info-outline'></i></td>
																	<td class='timestamp'>20:00:24</td>
																	<td class='step-details'>ForgetPasswordScenario_23 Jan 2018, 20.00.23<a href="C:\Automation_28_Dec\wyndham-automation\screenshots\ForgetPasswordScenario_23 Jan 2018, 20.00.23.png" data-featherlight="image"><img class="report-img" src="file:///C:\Automation_28_Dec\wyndham-automation\screenshots\ForgetPasswordScenario_23 Jan 2018, 20.00.23.png"></a> 1.Enter account Details</td>
																</tr>
																<tr>
																	<td class='status info' title='info' alt='info'><i class='mdi-action-info-outline'></i></td>
																	<td class='timestamp'>20:00:30</td>
																	<td class='step-details'>ForgetPasswordScenario_23 Jan 2018, 20.00.28<a href="C:\Automation_28_Dec\wyndham-automation\screenshots\ForgetPasswordScenario_23 Jan 2018, 20.00.28.png" data-featherlight="image"><img class="report-img" src="file:///C:\Automation_28_Dec\wyndham-automation\screenshots\ForgetPasswordScenario_23 Jan 2018, 20.00.28.png"></a> 1.Enter Security Question</td>
																</tr>
																<tr>
																	<td class='status info' title='info' alt='info'><i class='mdi-action-info-outline'></i></td>
																	<td class='timestamp'>20:00:32</td>
																	<td class='step-details'>ForgetPasswordScenario_23 Jan 2018, 20.00.31<a href="C:\Automation_28_Dec\wyndham-automation\screenshots\ForgetPasswordScenario_23 Jan 2018, 20.00.31.png" data-featherlight="image"><img class="report-img" src="file:///C:\Automation_28_Dec\wyndham-automation\screenshots\ForgetPasswordScenario_23 Jan 2018, 20.00.31.png"></a> 1.Change Password</td>
																</tr>
																<tr>
																	<td class='status pass' title='pass' alt='pass'><i class='mdi-action-check-circle'></i></td>
																	<td class='timestamp'>20:01:03</td>
																	<td class='step-details'>Test passed</td>
																</tr>
																<tr>
																	<td class='status info' title='info' alt='info'><i class='mdi-action-info-outline'></i></td>
																	<td class='timestamp'>20:01:04</td>
																	<td class='step-details'>ForgetPasswordScenario1516717863315<a href="C:\Automation_28_Dec\wyndham-automation\screenshots\ForgetPasswordScenario1516717863315.png" data-featherlight="image"><img class="report-img" src="file:///C:\Automation_28_Dec\wyndham-automation\screenshots\ForgetPasswordScenario1516717863315.png"></a></td>
																</tr>
														</tbody>
													</table>
													<ul class='collapsible node-list' data-collapsible='accordion'>
													</ul>
												</div>
											</div>
										</li>
										<li class='collection-item test displayed active fail ' extentid='064b49e8-a897-46fa-a6ef-74e64d80fe11'>
											<div class='test-head'>
												<span class='test-name'>firstTimeSignIn </span>
												<span class='test-status label right outline capitalize fail'>fail</span>
												<span class='category-assigned hide '></span>
											</div>
											<div class='test-body'>
												<div class='test-info'>
													<span title='Test started time' alt='Test started time' class='test-started-time label green lighten-1 text-white'>2018-01-23 20:01:10</span>
													<span title='Test ended time' alt='Test ended time' class='test-ended-time label red lighten-1 text-white'>2018-01-23 20:01:48</span>
													<span title='Time taken to finish' alt='Time taken to finish' class='test-time-taken label blue-grey lighten-3 text-white'>0h 0m 38s+0ms</span>
												</div>
												<div class='test-desc'></div>
												<div class='test-attributes'>
												</div>
												<div class='test-steps'>
													<table class='bordered table-results'>
														<thead>
															<tr>
																<th>Status</th>
																<th>Timestamp</th>
																<th>Details</th>
															</tr>
														</thead>
														<tbody>
																<tr>
																	<td class='status info' title='info' alt='info'><i class='mdi-action-info-outline'></i></td>
																	<td class='timestamp'>20:01:16</td>
																	<td class='step-details'>FirstTimeSignInScenario_23 Jan 2018, 20.01.14<a href="C:\Automation_28_Dec\wyndham-automation\screenshots\FirstTimeSignInScenario_23 Jan 2018, 20.01.14.png" data-featherlight="image"><img class="report-img" src="file:///C:\Automation_28_Dec\wyndham-automation\screenshots\FirstTimeSignInScenario_23 Jan 2018, 20.01.14.png"></a> 1.Enter Details in EnrollmentPage</td>
																</tr>
																<tr>
																	<td class='status fail' title='fail' alt='fail'><i class='mdi-navigation-cancel'></i></td>
																	<td class='timestamp'>20:01:46</td>
																	<td class='step-details'><pre>org.openqa.selenium.NoSuchElementException: no such element: Unable to locate element: {"method":"id","selector":"firstName"}
  (Session info: chrome=63.0.3239.132)
  (Driver info: chromedriver=2.34.522940 (1a76f96f66e3ca7b8e57d503b4dd3bccfba87af1),platform=Windows NT 10.0.10586 x86_64) (WARNING: The server did not provide any stacktrace information)
Command duration or timeout: 0 milliseconds
For documentation on this error, please visit: http://seleniumhq.org/exceptions/no_such_element.html
Build info: version: '3.5.3', revision: 'a88d25fe6b', time: '2017-08-29T12:42:44.417Z'
System info: host: 'HDC3-D-426QWJF', ip: '10.249.42.29', os.name: 'Windows 10', os.arch: 'amd64', os.version: '10.0', java.version: '1.8.0_121'
Driver info: org.openqa.selenium.chrome.ChromeDriver
Capabilities [{mobileEmulationEnabled=false, hasTouchScreen=false, platform=XP, acceptSslCerts=true, webStorageEnabled=true, browserName=chrome, takesScreenshot=true, javascriptEnabled=true, platformName=XP, setWindowRect=true, unexpectedAlertBehaviour=, applicationCacheEnabled=false, rotatable=false, networkConnectionEnabled=false, chrome={chromedriverVersion=2.34.522940 (1a76f96f66e3ca7b8e57d503b4dd3bccfba87af1), userDataDir=C:\Users\DUGGI~2.SAN\AppData\Local\Temp\scoped_dir17764_17513}, takesHeapSnapshot=true, pageLoadStrategy=normal, unhandledPromptBehavior=, databaseEnabled=false, handlesAlerts=true, version=63.0.3239.132, browserConnectionEnabled=false, nativeEvents=true, locationContextEnabled=true, cssSelectorsEnabled=true}]
Session ID: 217b30a9e9cabc85786fa02f0e2355b2
*** Element info: {Using=id, value=firstName}
	at sun.reflect.NativeConstructorAccessorImpl.newInstance0(Native Method)
	at sun.reflect.NativeConstructorAccessorImpl.newInstance(NativeConstructorAccessorImpl.java:62)
	at sun.reflect.DelegatingConstructorAccessorImpl.newInstance(DelegatingConstructorAccessorImpl.java:45)
	at java.lang.reflect.Constructor.newInstance(Constructor.java:423)
	at org.openqa.selenium.remote.ErrorHandler.createThrowable(ErrorHandler.java:215)
	at org.openqa.selenium.remote.ErrorHandler.throwIfResponseFailed(ErrorHandler.java:167)
	at org.openqa.selenium.remote.http.JsonHttpResponseCodec.reconstructValue(JsonHttpResponseCodec.java:40)
	at org.openqa.selenium.remote.http.AbstractHttpResponseCodec.decode(AbstractHttpResponseCodec.java:82)
	at org.openqa.selenium.remote.http.AbstractHttpResponseCodec.decode(AbstractHttpResponseCodec.java:45)
	at org.openqa.selenium.remote.HttpCommandExecutor.execute(HttpCommandExecutor.java:164)
	at org.openqa.selenium.remote.service.DriverCommandExecutor.execute(DriverCommandExecutor.java:82)
	at org.openqa.selenium.remote.RemoteWebDriver.execute(RemoteWebDriver.java:646)
	at org.openqa.selenium.remote.RemoteWebDriver.findElement(RemoteWebDriver.java:416)
	at org.openqa.selenium.remote.RemoteWebDriver.findElementById(RemoteWebDriver.java:462)
	at org.openqa.selenium.By$ById.findElement(By.java:218)
	at org.openqa.selenium.remote.RemoteWebDriver.findElement(RemoteWebDriver.java:408)
	at org.openqa.selenium.support.pagefactory.DefaultElementLocator.findElement(DefaultElementLocator.java:59)
	at org.openqa.selenium.support.pagefactory.internal.LocatingElementHandler.invoke(LocatingElementHandler.java:34)
	at com.sun.proxy.$Proxy10.getTagName(Unknown Source)
	at com.wyn.automation.base.BasePage.sendKeys(BasePage.java:63)
	at com.wr.automation.rewards.pages.EnrollPage.popuateData(EnrollPage.java:148)
	at com.wr.automation.rewards.pages.EnrollPage.submitRecord(EnrollPage.java:141)
	at com.wr.automation.rewards.FirstTimeSignInScenario.firstTimeSignIn(FirstTimeSignInScenario.java:20)
	at sun.reflect.NativeMethodAccessorImpl.invoke0(Native Method)
	at sun.reflect.NativeMethodAccessorImpl.invoke(NativeMethodAccessorImpl.java:62)
	at sun.reflect.DelegatingMethodAccessorImpl.invoke(DelegatingMethodAccessorImpl.java:43)
	at java.lang.reflect.Method.invoke(Method.java:498)
	at org.testng.internal.MethodInvocationHelper.invokeMethod(MethodInvocationHelper.java:80)
	at org.testng.internal.Invoker.invokeMethod(Invoker.java:714)
	at org.testng.internal.Invoker.invokeTestMethod(Invoker.java:901)
	at org.testng.internal.Invoker.invokeTestMethods(Invoker.java:1231)
	at org.testng.internal.TestMethodWorker.invokeTestMethods(TestMethodWorker.java:127)
	at org.testng.internal.TestMethodWorker.run(TestMethodWorker.java:111)
	at org.testng.TestRunner.privateRun(TestRunner.java:767)
	at org.testng.TestRunner.run(TestRunner.java:617)
	at org.testng.SuiteRunner.runTest(SuiteRunner.java:334)
	at org.testng.SuiteRunner.runSequentially(SuiteRunner.java:329)
	at org.testng.SuiteRunner.privateRun(SuiteRunner.java:291)
	at org.testng.SuiteRunner.run(SuiteRunner.java:240)
	at org.testng.SuiteRunnerWorker.runSuite(SuiteRunnerWorker.java:52)
	at org.testng.SuiteRunnerWorker.run(SuiteRunnerWorker.java:86)
	at org.testng.TestNG.runSuitesSequentially(TestNG.java:1198)
	at org.testng.TestNG.runSuitesLocally(TestNG.java:1123)
	at org.testng.TestNG.run(TestNG.java:1031)
	at org.testng.remote.AbstractRemoteTestNG.run(AbstractRemoteTestNG.java:132)
	at org.testng.remote.RemoteTestNG.initAndRun(RemoteTestNG.java:230)
	at org.testng.remote.RemoteTestNG.main(RemoteTestNG.java:76)
</pre></td>
																</tr>
																<tr>
																	<td class='status info' title='info' alt='info'><i class='mdi-action-info-outline'></i></td>
																	<td class='timestamp'>20:01:48</td>
																	<td class='step-details'>FirstTimeSignInScenario1516717906747<a href="C:\Automation_28_Dec\wyndham-automation\screenshots\FirstTimeSignInScenario1516717906747.png" data-featherlight="image"><img class="report-img" src="file:///C:\Automation_28_Dec\wyndham-automation\screenshots\FirstTimeSignInScenario1516717906747.png"></a></td>
																</tr>
														</tbody>
													</table>
													<ul class='collapsible node-list' data-collapsible='accordion'>
													</ul>
												</div>
											</div>
										</li>
										<li class='collection-item test displayed active pass ' extentid='5dcdc478-9c72-46bf-a42a-b1fc9aea2ee1'>
											<div class='test-head'>
												<span class='test-name'>contactUsFormWithLogin </span>
												<span class='test-status label right outline capitalize pass'>pass</span>
												<span class='category-assigned hide '></span>
											</div>
											<div class='test-body'>
												<div class='test-info'>
													<span title='Test started time' alt='Test started time' class='test-started-time label green lighten-1 text-white'>2018-01-23 20:01:58</span>
													<span title='Test ended time' alt='Test ended time' class='test-ended-time label red lighten-1 text-white'>2018-01-23 20:02:43</span>
													<span title='Time taken to finish' alt='Time taken to finish' class='test-time-taken label blue-grey lighten-3 text-white'>0h 0m 45s+0ms</span>
												</div>
												<div class='test-desc'></div>
												<div class='test-attributes'>
												</div>
												<div class='test-steps'>
													<table class='bordered table-results'>
														<thead>
															<tr>
																<th>Status</th>
																<th>Timestamp</th>
																<th>Details</th>
															</tr>
														</thead>
														<tbody>
																<tr>
																	<td class='status info' title='info' alt='info'><i class='mdi-action-info-outline'></i></td>
																	<td class='timestamp'>20:02:03</td>
																	<td class='step-details'>ContactusWithLogin_23 Jan 2018, 20.02.01<a href="C:\Automation_28_Dec\wyndham-automation\screenshots\ContactusWithLogin_23 Jan 2018, 20.02.01.png" data-featherlight="image"><img class="report-img" src="file:///C:\Automation_28_Dec\wyndham-automation\screenshots\ContactusWithLogin_23 Jan 2018, 20.02.01.png"></a> 1.Click SignIn</td>
																</tr>
																<tr>
																	<td class='status info' title='info' alt='info'><i class='mdi-action-info-outline'></i></td>
																	<td class='timestamp'>20:02:14</td>
																	<td class='step-details'>ContactusWithLogin_23 Jan 2018, 20.02.10<a href="C:\Automation_28_Dec\wyndham-automation\screenshots\ContactusWithLogin_23 Jan 2018, 20.02.10.png" data-featherlight="image"><img class="report-img" src="file:///C:\Automation_28_Dec\wyndham-automation\screenshots\ContactusWithLogin_23 Jan 2018, 20.02.10.png"></a> 2.Click ContactUs Form</td>
																</tr>
																<tr>
																	<td class='status info' title='info' alt='info'><i class='mdi-action-info-outline'></i></td>
																	<td class='timestamp'>20:02:33</td>
																	<td class='step-details'>ContactusWithLogin_23 Jan 2018, 20.02.32<a href="C:\Automation_28_Dec\wyndham-automation\screenshots\ContactusWithLogin_23 Jan 2018, 20.02.32.png" data-featherlight="image"><img class="report-img" src="file:///C:\Automation_28_Dec\wyndham-automation\screenshots\ContactusWithLogin_23 Jan 2018, 20.02.32.png"></a> 3.Enter form Details</td>
																</tr>
																<tr>
																	<td class='status info' title='info' alt='info'><i class='mdi-action-info-outline'></i></td>
																	<td class='timestamp'>20:02:39</td>
																	<td class='step-details'>ContactusWithLogin_23 Jan 2018, 20.02.37<a href="C:\Automation_28_Dec\wyndham-automation\screenshots\ContactusWithLogin_23 Jan 2018, 20.02.37.png" data-featherlight="image"><img class="report-img" src="file:///C:\Automation_28_Dec\wyndham-automation\screenshots\ContactusWithLogin_23 Jan 2018, 20.02.37.png"></a> 4.Click Submit Button</td>
																</tr>
																<tr>
																	<td class='status pass' title='pass' alt='pass'><i class='mdi-action-check-circle'></i></td>
																	<td class='timestamp'>20:02:42</td>
																	<td class='step-details'>Test passed</td>
																</tr>
																<tr>
																	<td class='status info' title='info' alt='info'><i class='mdi-action-info-outline'></i></td>
																	<td class='timestamp'>20:02:43</td>
																	<td class='step-details'>ContactusWithLogin1516717962202<a href="C:\Automation_28_Dec\wyndham-automation\screenshots\ContactusWithLogin1516717962202.png" data-featherlight="image"><img class="report-img" src="file:///C:\Automation_28_Dec\wyndham-automation\screenshots\ContactusWithLogin1516717962202.png"></a></td>
																</tr>
														</tbody>
													</table>
													<ul class='collapsible node-list' data-collapsible='accordion'>
													</ul>
												</div>
											</div>
										</li>
										<li class='collection-item test displayed active pass ' extentid='da5c16cf-5e68-4ebb-82ba-ef02e991213c'>
											<div class='test-head'>
												<span class='test-name'>MyAccount </span>
												<span class='test-status label right outline capitalize pass'>pass</span>
												<span class='category-assigned hide '></span>
											</div>
											<div class='test-body'>
												<div class='test-info'>
													<span title='Test started time' alt='Test started time' class='test-started-time label green lighten-1 text-white'>2018-01-23 20:02:49</span>
													<span title='Test ended time' alt='Test ended time' class='test-ended-time label red lighten-1 text-white'>2018-01-23 20:03:22</span>
													<span title='Time taken to finish' alt='Time taken to finish' class='test-time-taken label blue-grey lighten-3 text-white'>0h 0m 33s+0ms</span>
												</div>
												<div class='test-desc'></div>
												<div class='test-attributes'>
												</div>
												<div class='test-steps'>
													<table class='bordered table-results'>
														<thead>
															<tr>
																<th>Status</th>
																<th>Timestamp</th>
																<th>Details</th>
															</tr>
														</thead>
														<tbody>
																<tr>
																	<td class='status info' title='info' alt='info'><i class='mdi-action-info-outline'></i></td>
																	<td class='timestamp'>20:02:54</td>
																	<td class='step-details'>MyAccountScenario_23 Jan 2018, 20.02.52<a href="C:\Automation_28_Dec\wyndham-automation\screenshots\MyAccountScenario_23 Jan 2018, 20.02.52.png" data-featherlight="image"><img class="report-img" src="file:///C:\Automation_28_Dec\wyndham-automation\screenshots\MyAccountScenario_23 Jan 2018, 20.02.52.png"></a> 1.Click SignIn</td>
																</tr>
																<tr>
																	<td class='status info' title='info' alt='info'><i class='mdi-action-info-outline'></i></td>
																	<td class='timestamp'>20:02:56</td>
																	<td class='step-details'>MyAccountScenario_23 Jan 2018, 20.02.55<a href="C:\Automation_28_Dec\wyndham-automation\screenshots\MyAccountScenario_23 Jan 2018, 20.02.55.png" data-featherlight="image"><img class="report-img" src="file:///C:\Automation_28_Dec\wyndham-automation\screenshots\MyAccountScenario_23 Jan 2018, 20.02.55.png"></a> 2.Enter the Security Question</td>
																</tr>
																<tr>
																	<td class='status info' title='info' alt='info'><i class='mdi-action-info-outline'></i></td>
																	<td class='timestamp'>20:03:03</td>
																	<td class='step-details'>MyAccountScenario_23 Jan 2018, 20.02.59<a href="C:\Automation_28_Dec\wyndham-automation\screenshots\MyAccountScenario_23 Jan 2018, 20.02.59.png" data-featherlight="image"><img class="report-img" src="file:///C:\Automation_28_Dec\wyndham-automation\screenshots\MyAccountScenario_23 Jan 2018, 20.02.59.png"></a> 3.Click MyAccount</td>
																</tr>
																<tr>
																	<td class='status info' title='info' alt='info'><i class='mdi-action-info-outline'></i></td>
																	<td class='timestamp'>20:03:20</td>
																	<td class='step-details'>MyAccountScenario_23 Jan 2018, 20.03.18<a href="C:\Automation_28_Dec\wyndham-automation\screenshots\MyAccountScenario_23 Jan 2018, 20.03.18.png" data-featherlight="image"><img class="report-img" src="file:///C:\Automation_28_Dec\wyndham-automation\screenshots\MyAccountScenario_23 Jan 2018, 20.03.18.png"></a> 4.Verify MyAccount Components</td>
																</tr>
																<tr>
																	<td class='status pass' title='pass' alt='pass'><i class='mdi-action-check-circle'></i></td>
																	<td class='timestamp'>20:03:20</td>
																	<td class='step-details'>Test passed</td>
																</tr>
																<tr>
																	<td class='status info' title='info' alt='info'><i class='mdi-action-info-outline'></i></td>
																	<td class='timestamp'>20:03:22</td>
																	<td class='step-details'>MyAccountScenario1516718000892<a href="C:\Automation_28_Dec\wyndham-automation\screenshots\MyAccountScenario1516718000892.png" data-featherlight="image"><img class="report-img" src="file:///C:\Automation_28_Dec\wyndham-automation\screenshots\MyAccountScenario1516718000892.png"></a></td>
																</tr>
														</tbody>
													</table>
													<ul class='collapsible node-list' data-collapsible='accordion'>
													</ul>
												</div>
											</div>
										</li>
										<li class='collection-item test displayed active fail ' extentid='1f63ea26-db44-4169-97d9-59317e326512'>
											<div class='test-head'>
												<span class='test-name'>myProfile </span>
												<span class='test-status label right outline capitalize fail'>fail</span>
												<span class='category-assigned hide '></span>
											</div>
											<div class='test-body'>
												<div class='test-info'>
													<span title='Test started time' alt='Test started time' class='test-started-time label green lighten-1 text-white'>2018-01-23 20:03:28</span>
													<span title='Test ended time' alt='Test ended time' class='test-ended-time label red lighten-1 text-white'>2018-01-23 20:04:35</span>
													<span title='Time taken to finish' alt='Time taken to finish' class='test-time-taken label blue-grey lighten-3 text-white'>0h 1m 7s+0ms</span>
												</div>
												<div class='test-desc'></div>
												<div class='test-attributes'>
												</div>
												<div class='test-steps'>
													<table class='bordered table-results'>
														<thead>
															<tr>
																<th>Status</th>
																<th>Timestamp</th>
																<th>Details</th>
															</tr>
														</thead>
														<tbody>
																<tr>
																	<td class='status info' title='info' alt='info'><i class='mdi-action-info-outline'></i></td>
																	<td class='timestamp'>20:03:31</td>
																	<td class='step-details'>MyProfileScenario_23 Jan 2018, 20.03.30<a href="C:\Automation_28_Dec\wyndham-automation\screenshots\MyProfileScenario_23 Jan 2018, 20.03.30.png" data-featherlight="image"><img class="report-img" src="file:///C:\Automation_28_Dec\wyndham-automation\screenshots\MyProfileScenario_23 Jan 2018, 20.03.30.png"></a> 1.Click SignIn</td>
																</tr>
																<tr>
																	<td class='status info' title='info' alt='info'><i class='mdi-action-info-outline'></i></td>
																	<td class='timestamp'>20:03:34</td>
																	<td class='step-details'>MyProfileScenario_23 Jan 2018, 20.03.32<a href="C:\Automation_28_Dec\wyndham-automation\screenshots\MyProfileScenario_23 Jan 2018, 20.03.32.png" data-featherlight="image"><img class="report-img" src="file:///C:\Automation_28_Dec\wyndham-automation\screenshots\MyProfileScenario_23 Jan 2018, 20.03.32.png"></a> 2.Enter the Security Question</td>
																</tr>
																<tr>
																	<td class='status fail' title='fail' alt='fail'><i class='mdi-navigation-cancel'></i></td>
																	<td class='timestamp'>20:04:34</td>
																	<td class='step-details'><pre>org.openqa.selenium.NoSuchElementException: no such element: Unable to locate element: {"method":"class name","selector":"question"}
  (Session info: chrome=63.0.3239.132)
  (Driver info: chromedriver=2.34.522940 (1a76f96f66e3ca7b8e57d503b4dd3bccfba87af1),platform=Windows NT 10.0.10586 x86_64) (WARNING: The server did not provide any stacktrace information)
Command duration or timeout: 0 milliseconds
For documentation on this error, please visit: http://seleniumhq.org/exceptions/no_such_element.html
Build info: version: '3.5.3', revision: 'a88d25fe6b', time: '2017-08-29T12:42:44.417Z'
System info: host: 'HDC3-D-426QWJF', ip: '10.249.42.29', os.name: 'Windows 10', os.arch: 'amd64', os.version: '10.0', java.version: '1.8.0_121'
Driver info: org.openqa.selenium.chrome.ChromeDriver
Capabilities [{mobileEmulationEnabled=false, hasTouchScreen=false, platform=XP, acceptSslCerts=true, webStorageEnabled=true, browserName=chrome, takesScreenshot=true, javascriptEnabled=true, platformName=XP, setWindowRect=true, unexpectedAlertBehaviour=, applicationCacheEnabled=false, rotatable=false, networkConnectionEnabled=false, chrome={chromedriverVersion=2.34.522940 (1a76f96f66e3ca7b8e57d503b4dd3bccfba87af1), userDataDir=C:\Users\DUGGI~2.SAN\AppData\Local\Temp\scoped_dir17764_17513}, takesHeapSnapshot=true, pageLoadStrategy=normal, unhandledPromptBehavior=, databaseEnabled=false, handlesAlerts=true, version=63.0.3239.132, browserConnectionEnabled=false, nativeEvents=true, locationContextEnabled=true, cssSelectorsEnabled=true}]
Session ID: 217b30a9e9cabc85786fa02f0e2355b2
*** Element info: {Using=class name, value=question}
	at sun.reflect.NativeConstructorAccessorImpl.newInstance0(Native Method)
	at sun.reflect.NativeConstructorAccessorImpl.newInstance(NativeConstructorAccessorImpl.java:62)
	at sun.reflect.DelegatingConstructorAccessorImpl.newInstance(DelegatingConstructorAccessorImpl.java:45)
	at java.lang.reflect.Constructor.newInstance(Constructor.java:423)
	at org.openqa.selenium.remote.ErrorHandler.createThrowable(ErrorHandler.java:215)
	at org.openqa.selenium.remote.ErrorHandler.throwIfResponseFailed(ErrorHandler.java:167)
	at org.openqa.selenium.remote.http.JsonHttpResponseCodec.reconstructValue(JsonHttpResponseCodec.java:40)
	at org.openqa.selenium.remote.http.AbstractHttpResponseCodec.decode(AbstractHttpResponseCodec.java:82)
	at org.openqa.selenium.remote.http.AbstractHttpResponseCodec.decode(AbstractHttpResponseCodec.java:45)
	at org.openqa.selenium.remote.HttpCommandExecutor.execute(HttpCommandExecutor.java:164)
	at org.openqa.selenium.remote.service.DriverCommandExecutor.execute(DriverCommandExecutor.java:82)
	at org.openqa.selenium.remote.RemoteWebDriver.execute(RemoteWebDriver.java:646)
	at org.openqa.selenium.remote.RemoteWebDriver.findElement(RemoteWebDriver.java:416)
	at org.openqa.selenium.remote.RemoteWebDriver.findElementByClassName(RemoteWebDriver.java:502)
	at org.openqa.selenium.By$ByClassName.findElement(By.java:391)
	at org.openqa.selenium.remote.RemoteWebDriver.findElement(RemoteWebDriver.java:408)
	at org.openqa.selenium.support.pagefactory.DefaultElementLocator.findElement(DefaultElementLocator.java:59)
	at org.openqa.selenium.support.pagefactory.internal.LocatingElementHandler.invoke(LocatingElementHandler.java:34)
	at com.sun.proxy.$Proxy10.toString(Unknown Source)
	at java.lang.String.valueOf(String.java:2994)
	at java.lang.StringBuilder.append(StringBuilder.java:131)
	at org.openqa.selenium.support.ui.ExpectedConditions$7.toString(ExpectedConditions.java:218)
	at org.openqa.selenium.support.ui.FluentWait.until(FluentWait.java:223)
	at com.wyn.automation.utils.AutomationUtils.waitVisibilityOf(AutomationUtils.java:113)
	at com.wr.automation.rewards.pages.LoginPage.validateSecurityQuestion(LoginPage.java:85)
	at com.wr.automation.rewards.MyProfileScenario.myProfile(MyProfileScenario.java:18)
	at sun.reflect.NativeMethodAccessorImpl.invoke0(Native Method)
	at sun.reflect.NativeMethodAccessorImpl.invoke(NativeMethodAccessorImpl.java:62)
	at sun.reflect.DelegatingMethodAccessorImpl.invoke(DelegatingMethodAccessorImpl.java:43)
	at java.lang.reflect.Method.invoke(Method.java:498)
	at org.testng.internal.MethodInvocationHelper.invokeMethod(MethodInvocationHelper.java:80)
	at org.testng.internal.Invoker.invokeMethod(Invoker.java:714)
	at org.testng.internal.Invoker.invokeTestMethod(Invoker.java:901)
	at org.testng.internal.Invoker.invokeTestMethods(Invoker.java:1231)
	at org.testng.internal.TestMethodWorker.invokeTestMethods(TestMethodWorker.java:127)
	at org.testng.internal.TestMethodWorker.run(TestMethodWorker.java:111)
	at org.testng.TestRunner.privateRun(TestRunner.java:767)
	at org.testng.TestRunner.run(TestRunner.java:617)
	at org.testng.SuiteRunner.runTest(SuiteRunner.java:334)
	at org.testng.SuiteRunner.runSequentially(SuiteRunner.java:329)
	at org.testng.SuiteRunner.privateRun(SuiteRunner.java:291)
	at org.testng.SuiteRunner.run(SuiteRunner.java:240)
	at org.testng.SuiteRunnerWorker.runSuite(SuiteRunnerWorker.java:52)
	at org.testng.SuiteRunnerWorker.run(SuiteRunnerWorker.java:86)
	at org.testng.TestNG.runSuitesSequentially(TestNG.java:1198)
	at org.testng.TestNG.runSuitesLocally(TestNG.java:1123)
	at org.testng.TestNG.run(TestNG.java:1031)
	at org.testng.remote.AbstractRemoteTestNG.run(AbstractRemoteTestNG.java:132)
	at org.testng.remote.RemoteTestNG.initAndRun(RemoteTestNG.java:230)
	at org.testng.remote.RemoteTestNG.main(RemoteTestNG.java:76)
</pre></td>
																</tr>
																<tr>
																	<td class='status info' title='info' alt='info'><i class='mdi-action-info-outline'></i></td>
																	<td class='timestamp'>20:04:35</td>
																	<td class='step-details'>MyProfileScenario1516718074374<a href="C:\Automation_28_Dec\wyndham-automation\screenshots\MyProfileScenario1516718074374.png" data-featherlight="image"><img class="report-img" src="file:///C:\Automation_28_Dec\wyndham-automation\screenshots\MyProfileScenario1516718074374.png"></a></td>
																</tr>
														</tbody>
													</table>
													<ul class='collapsible node-list' data-collapsible='accordion'>
													</ul>
												</div>
											</div>
										</li>
										<li class='collection-item test displayed active pass ' extentid='26e6cf41-13ea-4b9f-a70e-78e038c44afe'>
											<div class='test-head'>
												<span class='test-name'>MyReservationCheckPages </span>
												<span class='test-status label right outline capitalize pass'>pass</span>
												<span class='category-assigned hide '></span>
											</div>
											<div class='test-body'>
												<div class='test-info'>
													<span title='Test started time' alt='Test started time' class='test-started-time label green lighten-1 text-white'>2018-01-23 20:04:41</span>
													<span title='Test ended time' alt='Test ended time' class='test-ended-time label red lighten-1 text-white'>2018-01-23 20:07:36</span>
													<span title='Time taken to finish' alt='Time taken to finish' class='test-time-taken label blue-grey lighten-3 text-white'>0h 2m 55s+0ms</span>
												</div>
												<div class='test-desc'></div>
												<div class='test-attributes'>
												</div>
												<div class='test-steps'>
													<table class='bordered table-results'>
														<thead>
															<tr>
																<th>Status</th>
																<th>Timestamp</th>
																<th>Details</th>
															</tr>
														</thead>
														<tbody>
																<tr>
																	<td class='status info' title='info' alt='info'><i class='mdi-action-info-outline'></i></td>
																	<td class='timestamp'>20:04:47</td>
																	<td class='step-details'>MyReservationScenario_23 Jan 2018, 20.04.45<a href="C:\Automation_28_Dec\wyndham-automation\screenshots\MyReservationScenario_23 Jan 2018, 20.04.45.png" data-featherlight="image"><img class="report-img" src="file:///C:\Automation_28_Dec\wyndham-automation\screenshots\MyReservationScenario_23 Jan 2018, 20.04.45.png"></a> 1.Enter LoginDeatils</td>
																</tr>
																<tr>
																	<td class='status info' title='info' alt='info'><i class='mdi-action-info-outline'></i></td>
																	<td class='timestamp'>20:04:55</td>
																	<td class='step-details'>MyReservationScenario_23 Jan 2018, 20.04.51<a href="C:\Automation_28_Dec\wyndham-automation\screenshots\MyReservationScenario_23 Jan 2018, 20.04.51.png" data-featherlight="image"><img class="report-img" src="file:///C:\Automation_28_Dec\wyndham-automation\screenshots\MyReservationScenario_23 Jan 2018, 20.04.51.png"></a> 2.Click MyAccount Link</td>
																</tr>
																<tr>
																	<td class='status info' title='info' alt='info'><i class='mdi-action-info-outline'></i></td>
																	<td class='timestamp'>20:05:12</td>
																	<td class='step-details'>MyReservationScenario_23 Jan 2018, 20.05.10<a href="C:\Automation_28_Dec\wyndham-automation\screenshots\MyReservationScenario_23 Jan 2018, 20.05.10.png" data-featherlight="image"><img class="report-img" src="file:///C:\Automation_28_Dec\wyndham-automation\screenshots\MyReservationScenario_23 Jan 2018, 20.05.10.png"></a> 3.Click MyReservation Link</td>
																</tr>
																<tr>
																	<td class='status info' title='info' alt='info'><i class='mdi-action-info-outline'></i></td>
																	<td class='timestamp'>20:05:40</td>
																	<td class='step-details'>MyReservationScenario_23 Jan 2018, 20.05.39<a href="C:\Automation_28_Dec\wyndham-automation\screenshots\MyReservationScenario_23 Jan 2018, 20.05.39.png" data-featherlight="image"><img class="report-img" src="file:///C:\Automation_28_Dec\wyndham-automation\screenshots\MyReservationScenario_23 Jan 2018, 20.05.39.png"></a> 4.Click viewDetails than check the confirmation page</td>
																</tr>
																<tr>
																	<td class='status info' title='info' alt='info'><i class='mdi-action-info-outline'></i></td>
																	<td class='timestamp'>20:07:01</td>
																	<td class='step-details'>MyReservationScenario_23 Jan 2018, 20.07.00<a href="C:\Automation_28_Dec\wyndham-automation\screenshots\MyReservationScenario_23 Jan 2018, 20.07.00.png" data-featherlight="image"><img class="report-img" src="file:///C:\Automation_28_Dec\wyndham-automation\screenshots\MyReservationScenario_23 Jan 2018, 20.07.00.png"></a> 5.Click Booknow than check the RnR page</td>
																</tr>
																<tr>
																	<td class='status info' title='info' alt='info'><i class='mdi-action-info-outline'></i></td>
																	<td class='timestamp'>20:07:14</td>
																	<td class='step-details'>MyReservationScenario_23 Jan 2018, 20.07.12<a href="C:\Automation_28_Dec\wyndham-automation\screenshots\MyReservationScenario_23 Jan 2018, 20.07.12.png" data-featherlight="image"><img class="report-img" src="file:///C:\Automation_28_Dec\wyndham-automation\screenshots\MyReservationScenario_23 Jan 2018, 20.07.12.png"></a> 6.Click Property than check the Property page</td>
																</tr>
																<tr>
																	<td class='status pass' title='pass' alt='pass'><i class='mdi-action-check-circle'></i></td>
																	<td class='timestamp'>20:07:34</td>
																	<td class='step-details'>Test passed</td>
																</tr>
																<tr>
																	<td class='status info' title='info' alt='info'><i class='mdi-action-info-outline'></i></td>
																	<td class='timestamp'>20:07:36</td>
																	<td class='step-details'>MyReservationScenario1516718254912<a href="C:\Automation_28_Dec\wyndham-automation\screenshots\MyReservationScenario1516718254912.png" data-featherlight="image"><img class="report-img" src="file:///C:\Automation_28_Dec\wyndham-automation\screenshots\MyReservationScenario1516718254912.png"></a></td>
																</tr>
														</tbody>
													</table>
													<ul class='collapsible node-list' data-collapsible='accordion'>
													</ul>
												</div>
											</div>
										</li>
										<li class='collection-item test displayed active pass ' extentid='033a7318-aa94-42e2-94ec-613553273fcf'>
											<div class='test-head'>
												<span class='test-name'>validatingRedeemPage </span>
												<span class='test-status label right outline capitalize pass'>pass</span>
												<span class='category-assigned hide '></span>
											</div>
											<div class='test-body'>
												<div class='test-info'>
													<span title='Test started time' alt='Test started time' class='test-started-time label green lighten-1 text-white'>2018-01-23 20:07:44</span>
													<span title='Test ended time' alt='Test ended time' class='test-ended-time label red lighten-1 text-white'>2018-01-23 20:09:41</span>
													<span title='Time taken to finish' alt='Time taken to finish' class='test-time-taken label blue-grey lighten-3 text-white'>0h 1m 57s+0ms</span>
												</div>
												<div class='test-desc'></div>
												<div class='test-attributes'>
												</div>
												<div class='test-steps'>
													<table class='bordered table-results'>
														<thead>
															<tr>
																<th>Status</th>
																<th>Timestamp</th>
																<th>Details</th>
															</tr>
														</thead>
														<tbody>
																<tr>
																	<td class='status info' title='info' alt='info'><i class='mdi-action-info-outline'></i></td>
																	<td class='timestamp'>20:07:50</td>
																	<td class='step-details'>ValidateRedeem_23 Jan 2018, 20.07.49<a href="C:\Automation_28_Dec\wyndham-automation\screenshots\ValidateRedeem_23 Jan 2018, 20.07.49.png" data-featherlight="image"><img class="report-img" src="file:///C:\Automation_28_Dec\wyndham-automation\screenshots\ValidateRedeem_23 Jan 2018, 20.07.49.png"></a> 1.Enter LoginDeatils</td>
																</tr>
																<tr>
																	<td class='status info' title='info' alt='info'><i class='mdi-action-info-outline'></i></td>
																	<td class='timestamp'>20:07:53</td>
																	<td class='step-details'>ValidateRedeem_23 Jan 2018, 20.07.51<a href="C:\Automation_28_Dec\wyndham-automation\screenshots\ValidateRedeem_23 Jan 2018, 20.07.51.png" data-featherlight="image"><img class="report-img" src="file:///C:\Automation_28_Dec\wyndham-automation\screenshots\ValidateRedeem_23 Jan 2018, 20.07.51.png"></a> 2.Enter SecurityQuestion</td>
																</tr>
																<tr>
																	<td class='status info' title='info' alt='info'><i class='mdi-action-info-outline'></i></td>
																	<td class='timestamp'>20:08:00</td>
																	<td class='step-details'>ValidateRedeem_23 Jan 2018, 20.07.56<a href="C:\Automation_28_Dec\wyndham-automation\screenshots\ValidateRedeem_23 Jan 2018, 20.07.56.png" data-featherlight="image"><img class="report-img" src="file:///C:\Automation_28_Dec\wyndham-automation\screenshots\ValidateRedeem_23 Jan 2018, 20.07.56.png"></a> 3.Click MyRedeem</td>
																</tr>
																<tr>
																	<td class='status info' title='info' alt='info'><i class='mdi-action-info-outline'></i></td>
																	<td class='timestamp'>20:08:22</td>
																	<td class='step-details'>ValidateRedeem_23 Jan 2018, 20.08.20<a href="C:\Automation_28_Dec\wyndham-automation\screenshots\ValidateRedeem_23 Jan 2018, 20.08.20.png" data-featherlight="image"><img class="report-img" src="file:///C:\Automation_28_Dec\wyndham-automation\screenshots\ValidateRedeem_23 Jan 2018, 20.08.20.png"></a> 4.click Destination</td>
																</tr>
																<tr>
																	<td class='status info' title='info' alt='info'><i class='mdi-action-info-outline'></i></td>
																	<td class='timestamp'>20:08:27</td>
																	<td class='step-details'>ValidateRedeem_23 Jan 2018, 20.08.25<a href="C:\Automation_28_Dec\wyndham-automation\screenshots\ValidateRedeem_23 Jan 2018, 20.08.25.png" data-featherlight="image"><img class="report-img" src="file:///C:\Automation_28_Dec\wyndham-automation\screenshots\ValidateRedeem_23 Jan 2018, 20.08.25.png"></a> 5.Validateing Destination Filter</td>
																</tr>
																<tr>
																	<td class='status info' title='info' alt='info'><i class='mdi-action-info-outline'></i></td>
																	<td class='timestamp'>20:08:29</td>
																	<td class='step-details'>ValidateRedeem_23 Jan 2018, 20.08.27<a href="C:\Automation_28_Dec\wyndham-automation\screenshots\ValidateRedeem_23 Jan 2018, 20.08.27.png" data-featherlight="image"><img class="report-img" src="file:///C:\Automation_28_Dec\wyndham-automation\screenshots\ValidateRedeem_23 Jan 2018, 20.08.27.png"></a> 6.Validateing SearchBy Activity</td>
																</tr>
																<tr>
																	<td class='status info' title='info' alt='info'><i class='mdi-action-info-outline'></i></td>
																	<td class='timestamp'>20:08:34</td>
																	<td class='step-details'>ValidateRedeem_23 Jan 2018, 20.08.33<a href="C:\Automation_28_Dec\wyndham-automation\screenshots\ValidateRedeem_23 Jan 2018, 20.08.33.png" data-featherlight="image"><img class="report-img" src="file:///C:\Automation_28_Dec\wyndham-automation\screenshots\ValidateRedeem_23 Jan 2018, 20.08.33.png"></a> 7.Validating FilterBy</td>
																</tr>
																<tr>
																	<td class='status info' title='info' alt='info'><i class='mdi-action-info-outline'></i></td>
																	<td class='timestamp'>20:08:44</td>
																	<td class='step-details'>ValidateRedeem_23 Jan 2018, 20.08.42<a href="C:\Automation_28_Dec\wyndham-automation\screenshots\ValidateRedeem_23 Jan 2018, 20.08.42.png" data-featherlight="image"><img class="report-img" src="file:///C:\Automation_28_Dec\wyndham-automation\screenshots\ValidateRedeem_23 Jan 2018, 20.08.42.png"></a> 8.Validating ResetFilter</td>
																</tr>
																<tr>
																	<td class='status info' title='info' alt='info'><i class='mdi-action-info-outline'></i></td>
																	<td class='timestamp'>20:08:46</td>
																	<td class='step-details'>ValidateRedeem_23 Jan 2018, 20.08.45<a href="C:\Automation_28_Dec\wyndham-automation\screenshots\ValidateRedeem_23 Jan 2018, 20.08.45.png" data-featherlight="image"><img class="report-img" src="file:///C:\Automation_28_Dec\wyndham-automation\screenshots\ValidateRedeem_23 Jan 2018, 20.08.45.png"></a> 8.Click Booking Options</td>
																</tr>
																<tr>
																	<td class='status info' title='info' alt='info'><i class='mdi-action-info-outline'></i></td>
																	<td class='timestamp'>20:08:53</td>
																	<td class='step-details'>ValidateRedeem_23 Jan 2018, 20.08.51<a href="C:\Automation_28_Dec\wyndham-automation\screenshots\ValidateRedeem_23 Jan 2018, 20.08.51.png" data-featherlight="image"><img class="report-img" src="file:///C:\Automation_28_Dec\wyndham-automation\screenshots\ValidateRedeem_23 Jan 2018, 20.08.51.png"></a> 8.Validating Booking Options Tab</td>
																</tr>
																<tr>
																	<td class='status info' title='info' alt='info'><i class='mdi-action-info-outline'></i></td>
																	<td class='timestamp'>20:08:58</td>
																	<td class='step-details'>ValidateRedeem_23 Jan 2018, 20.08.56<a href="C:\Automation_28_Dec\wyndham-automation\screenshots\ValidateRedeem_23 Jan 2018, 20.08.56.png" data-featherlight="image"><img class="report-img" src="file:///C:\Automation_28_Dec\wyndham-automation\screenshots\ValidateRedeem_23 Jan 2018, 20.08.56.png"></a> 8.Click Pointcatalog</td>
																</tr>
																<tr>
																	<td class='status info' title='info' alt='info'><i class='mdi-action-info-outline'></i></td>
																	<td class='timestamp'>20:09:04</td>
																	<td class='step-details'>ValidateRedeem_23 Jan 2018, 20.09.02<a href="C:\Automation_28_Dec\wyndham-automation\screenshots\ValidateRedeem_23 Jan 2018, 20.09.02.png" data-featherlight="image"><img class="report-img" src="file:///C:\Automation_28_Dec\wyndham-automation\screenshots\ValidateRedeem_23 Jan 2018, 20.09.02.png"></a> 8.Validating PointCatalog</td>
																</tr>
																<tr>
																	<td class='status info' title='info' alt='info'><i class='mdi-action-info-outline'></i></td>
																	<td class='timestamp'>20:09:33</td>
																	<td class='step-details'>ValidateRedeem_23 Jan 2018, 20.09.31<a href="C:\Automation_28_Dec\wyndham-automation\screenshots\ValidateRedeem_23 Jan 2018, 20.09.31.png" data-featherlight="image"><img class="report-img" src="file:///C:\Automation_28_Dec\wyndham-automation\screenshots\ValidateRedeem_23 Jan 2018, 20.09.31.png"></a> 8.Click Auctions tab</td>
																</tr>
																<tr>
																	<td class='status info' title='info' alt='info'><i class='mdi-action-info-outline'></i></td>
																	<td class='timestamp'>20:09:40</td>
																	<td class='step-details'>ValidateRedeem_23 Jan 2018, 20.09.38<a href="C:\Automation_28_Dec\wyndham-automation\screenshots\ValidateRedeem_23 Jan 2018, 20.09.38.png" data-featherlight="image"><img class="report-img" src="file:///C:\Automation_28_Dec\wyndham-automation\screenshots\ValidateRedeem_23 Jan 2018, 20.09.38.png"></a> 8.Validating Auctions tab</td>
																</tr>
																<tr>
																	<td class='status pass' title='pass' alt='pass'><i class='mdi-action-check-circle'></i></td>
																	<td class='timestamp'>20:09:40</td>
																	<td class='step-details'>Test passed</td>
																</tr>
																<tr>
																	<td class='status info' title='info' alt='info'><i class='mdi-action-info-outline'></i></td>
																	<td class='timestamp'>20:09:41</td>
																	<td class='step-details'>ValidateRedeem1516718380282<a href="C:\Automation_28_Dec\wyndham-automation\screenshots\ValidateRedeem1516718380282.png" data-featherlight="image"><img class="report-img" src="file:///C:\Automation_28_Dec\wyndham-automation\screenshots\ValidateRedeem1516718380282.png"></a></td>
																</tr>
														</tbody>
													</table>
													<ul class='collapsible node-list' data-collapsible='accordion'>
													</ul>
												</div>
											</div>
										</li>
										<li class='collection-item test displayed active fail ' extentid='ebff5a70-5c8d-471b-a5c6-0fef15034993'>
											<div class='test-head'>
												<span class='test-name'>verifyMyReservation </span>
												<span class='test-status label right outline capitalize fail'>fail</span>
												<span class='category-assigned hide '></span>
											</div>
											<div class='test-body'>
												<div class='test-info'>
													<span title='Test started time' alt='Test started time' class='test-started-time label green lighten-1 text-white'>2018-01-23 20:09:49</span>
													<span title='Test ended time' alt='Test ended time' class='test-ended-time label red lighten-1 text-white'>2018-01-23 20:12:08</span>
													<span title='Time taken to finish' alt='Time taken to finish' class='test-time-taken label blue-grey lighten-3 text-white'>0h 2m 19s+0ms</span>
												</div>
												<div class='test-desc'></div>
												<div class='test-attributes'>
												</div>
												<div class='test-steps'>
													<table class='bordered table-results'>
														<thead>
															<tr>
																<th>Status</th>
																<th>Timestamp</th>
																<th>Details</th>
															</tr>
														</thead>
														<tbody>
																<tr>
																	<td class='status info' title='info' alt='info'><i class='mdi-action-info-outline'></i></td>
																	<td class='timestamp'>20:09:56</td>
																	<td class='step-details'>VerifyMyReservation_23 Jan 2018, 20.09.54<a href="C:\Automation_28_Dec\wyndham-automation\screenshots\VerifyMyReservation_23 Jan 2018, 20.09.54.png" data-featherlight="image"><img class="report-img" src="file:///C:\Automation_28_Dec\wyndham-automation\screenshots\VerifyMyReservation_23 Jan 2018, 20.09.54.png"></a> 1.Enter LoginDeatils</td>
																</tr>
																<tr>
																	<td class='status info' title='info' alt='info'><i class='mdi-action-info-outline'></i></td>
																	<td class='timestamp'>20:10:17</td>
																	<td class='step-details'>VerifyMyReservation_23 Jan 2018, 20.10.16<a href="C:\Automation_28_Dec\wyndham-automation\screenshots\VerifyMyReservation_23 Jan 2018, 20.10.16.png" data-featherlight="image"><img class="report-img" src="file:///C:\Automation_28_Dec\wyndham-automation\screenshots\VerifyMyReservation_23 Jan 2018, 20.10.16.png"></a> 2.Click search button in homepage</td>
																</tr>
																<tr>
																	<td class='status info' title='info' alt='info'><i class='mdi-action-info-outline'></i></td>
																	<td class='timestamp'>20:10:23</td>
																	<td class='step-details'>VerifyMyReservation_23 Jan 2018, 20.10.17<a href="C:\Automation_28_Dec\wyndham-automation\screenshots\VerifyMyReservation_23 Jan 2018, 20.10.17.png" data-featherlight="image"><img class="report-img" src="file:///C:\Automation_28_Dec\wyndham-automation\screenshots\VerifyMyReservation_23 Jan 2018, 20.10.17.png"></a> 3. Click first Availabule property in SearchResults page</td>
																</tr>
																<tr>
																	<td class='status info' title='info' alt='info'><i class='mdi-action-info-outline'></i></td>
																	<td class='timestamp'>20:10:36</td>
																	<td class='step-details'>VerifyMyReservation_23 Jan 2018, 20.10.35<a href="C:\Automation_28_Dec\wyndham-automation\screenshots\VerifyMyReservation_23 Jan 2018, 20.10.35.png" data-featherlight="image"><img class="report-img" src="file:///C:\Automation_28_Dec\wyndham-automation\screenshots\VerifyMyReservation_23 Jan 2018, 20.10.35.png"></a> 4.Click Bar+Bonus button in RnR Page</td>
																</tr>
																<tr>
																	<td class='status info' title='info' alt='info'><i class='mdi-action-info-outline'></i></td>
																	<td class='timestamp'>20:10:55</td>
																	<td class='step-details'>VerifyMyReservation_23 Jan 2018, 20.10.53<a href="C:\Automation_28_Dec\wyndham-automation\screenshots\VerifyMyReservation_23 Jan 2018, 20.10.53.png" data-featherlight="image"><img class="report-img" src="file:///C:\Automation_28_Dec\wyndham-automation\screenshots\VerifyMyReservation_23 Jan 2018, 20.10.53.png"></a> 5.Enter the information in Reservation page</td>
																</tr>
																<tr>
																	<td class='status info' title='info' alt='info'><i class='mdi-action-info-outline'></i></td>
																	<td class='timestamp'>20:11:33</td>
																	<td class='step-details'>VerifyMyReservation_23 Jan 2018, 20.11.31<a href="C:\Automation_28_Dec\wyndham-automation\screenshots\VerifyMyReservation_23 Jan 2018, 20.11.31.png" data-featherlight="image"><img class="report-img" src="file:///C:\Automation_28_Dec\wyndham-automation\screenshots\VerifyMyReservation_23 Jan 2018, 20.11.31.png"></a> 6.Get confirmation Number in ConfirmationPage</td>
																</tr>
																<tr>
																	<td class='status info' title='info' alt='info'><i class='mdi-action-info-outline'></i></td>
																	<td class='timestamp'>20:11:39</td>
																	<td class='step-details'>VerifyMyReservation_23 Jan 2018, 20.11.38<a href="C:\Automation_28_Dec\wyndham-automation\screenshots\VerifyMyReservation_23 Jan 2018, 20.11.38.png" data-featherlight="image"><img class="report-img" src="file:///C:\Automation_28_Dec\wyndham-automation\screenshots\VerifyMyReservation_23 Jan 2018, 20.11.38.png"></a> 7.Click MyAccount Link</td>
																</tr>
																<tr>
																	<td class='status info' title='info' alt='info'><i class='mdi-action-info-outline'></i></td>
																	<td class='timestamp'>20:12:02</td>
																	<td class='step-details'>VerifyMyReservation_23 Jan 2018, 20.12.01<a href="C:\Automation_28_Dec\wyndham-automation\screenshots\VerifyMyReservation_23 Jan 2018, 20.12.01.png" data-featherlight="image"><img class="report-img" src="file:///C:\Automation_28_Dec\wyndham-automation\screenshots\VerifyMyReservation_23 Jan 2018, 20.12.01.png"></a> 8.Click MyReservation Link</td>
																</tr>
																<tr>
																	<td class='status fail' title='fail' alt='fail'><i class='mdi-navigation-cancel'></i></td>
																	<td class='timestamp'>20:12:07</td>
																	<td class='step-details'><pre>java.lang.AssertionError: expected [true] but found [false]
	at org.testng.Assert.fail(Assert.java:94)
	at org.testng.Assert.failNotEquals(Assert.java:494)
	at org.testng.Assert.assertTrue(Assert.java:42)
	at org.testng.Assert.assertTrue(Assert.java:52)
	at com.wr.automation.rewards.pages.MyReservation.checkCinfirmationNumber(MyReservation.java:82)
	at com.wr.automation.rewards.VerifyMyReservation.verifyMyReservation(VerifyMyReservation.java:56)
	at sun.reflect.NativeMethodAccessorImpl.invoke0(Native Method)
	at sun.reflect.NativeMethodAccessorImpl.invoke(NativeMethodAccessorImpl.java:62)
	at sun.reflect.DelegatingMethodAccessorImpl.invoke(DelegatingMethodAccessorImpl.java:43)
	at java.lang.reflect.Method.invoke(Method.java:498)
	at org.testng.internal.MethodInvocationHelper.invokeMethod(MethodInvocationHelper.java:80)
	at org.testng.internal.Invoker.invokeMethod(Invoker.java:714)
	at org.testng.internal.Invoker.invokeTestMethod(Invoker.java:901)
	at org.testng.internal.Invoker.invokeTestMethods(Invoker.java:1231)
	at org.testng.internal.TestMethodWorker.invokeTestMethods(TestMethodWorker.java:127)
	at org.testng.internal.TestMethodWorker.run(TestMethodWorker.java:111)
	at org.testng.TestRunner.privateRun(TestRunner.java:767)
	at org.testng.TestRunner.run(TestRunner.java:617)
	at org.testng.SuiteRunner.runTest(SuiteRunner.java:334)
	at org.testng.SuiteRunner.runSequentially(SuiteRunner.java:329)
	at org.testng.SuiteRunner.privateRun(SuiteRunner.java:291)
	at org.testng.SuiteRunner.run(SuiteRunner.java:240)
	at org.testng.SuiteRunnerWorker.runSuite(SuiteRunnerWorker.java:52)
	at org.testng.SuiteRunnerWorker.run(SuiteRunnerWorker.java:86)
	at org.testng.TestNG.runSuitesSequentially(TestNG.java:1198)
	at org.testng.TestNG.runSuitesLocally(TestNG.java:1123)
	at org.testng.TestNG.run(TestNG.java:1031)
	at org.testng.remote.AbstractRemoteTestNG.run(AbstractRemoteTestNG.java:132)
	at org.testng.remote.RemoteTestNG.initAndRun(RemoteTestNG.java:230)
	at org.testng.remote.RemoteTestNG.main(RemoteTestNG.java:76)
</pre></td>
																</tr>
																<tr>
																	<td class='status info' title='info' alt='info'><i class='mdi-action-info-outline'></i></td>
																	<td class='timestamp'>20:12:08</td>
																	<td class='step-details'>VerifyMyReservation1516718527152<a href="C:\Automation_28_Dec\wyndham-automation\screenshots\VerifyMyReservation1516718527152.png" data-featherlight="image"><img class="report-img" src="file:///C:\Automation_28_Dec\wyndham-automation\screenshots\VerifyMyReservation1516718527152.png"></a></td>
																</tr>
														</tbody>
													</table>
													<ul class='collapsible node-list' data-collapsible='accordion'>
													</ul>
												</div>
											</div>
										</li>
										<li class='collection-item test displayed active pass ' extentid='fbfbcafc-db3b-4ad1-94b1-d5f17e1b951a'>
											<div class='test-head'>
												<span class='test-name'>verifyQuickLinks </span>
												<span class='test-status label right outline capitalize pass'>pass</span>
												<span class='category-assigned hide '></span>
											</div>
											<div class='test-body'>
												<div class='test-info'>
													<span title='Test started time' alt='Test started time' class='test-started-time label green lighten-1 text-white'>2018-01-23 20:12:14</span>
													<span title='Test ended time' alt='Test ended time' class='test-ended-time label red lighten-1 text-white'>2018-01-23 20:18:21</span>
													<span title='Time taken to finish' alt='Time taken to finish' class='test-time-taken label blue-grey lighten-3 text-white'>0h 6m 7s+0ms</span>
												</div>
												<div class='test-desc'></div>
												<div class='test-attributes'>
												</div>
												<div class='test-steps'>
													<table class='bordered table-results'>
														<thead>
															<tr>
																<th>Status</th>
																<th>Timestamp</th>
																<th>Details</th>
															</tr>
														</thead>
														<tbody>
																<tr>
																	<td class='status info' title='info' alt='info'><i class='mdi-action-info-outline'></i></td>
																	<td class='timestamp'>20:12:19</td>
																	<td class='step-details'>VerifyQuickLinksScenario_23 Jan 2018, 20.12.17<a href="C:\Automation_28_Dec\wyndham-automation\screenshots\VerifyQuickLinksScenario_23 Jan 2018, 20.12.17.png" data-featherlight="image"><img class="report-img" src="file:///C:\Automation_28_Dec\wyndham-automation\screenshots\VerifyQuickLinksScenario_23 Jan 2018, 20.12.17.png"></a> 1.Click SignIn</td>
																</tr>
																<tr>
																	<td class='status info' title='info' alt='info'><i class='mdi-action-info-outline'></i></td>
																	<td class='timestamp'>20:12:22</td>
																	<td class='step-details'>VerifyQuickLinksScenario_23 Jan 2018, 20.12.20<a href="C:\Automation_28_Dec\wyndham-automation\screenshots\VerifyQuickLinksScenario_23 Jan 2018, 20.12.20.png" data-featherlight="image"><img class="report-img" src="file:///C:\Automation_28_Dec\wyndham-automation\screenshots\VerifyQuickLinksScenario_23 Jan 2018, 20.12.20.png"></a> 2.Enter Security Question</td>
																</tr>
																<tr>
																	<td class='status info' title='info' alt='info'><i class='mdi-action-info-outline'></i></td>
																	<td class='timestamp'>20:12:31</td>
																	<td class='step-details'>VerifyQuickLinksScenario_23 Jan 2018, 20.12.26<a href="C:\Automation_28_Dec\wyndham-automation\screenshots\VerifyQuickLinksScenario_23 Jan 2018, 20.12.26.png" data-featherlight="image"><img class="report-img" src="file:///C:\Automation_28_Dec\wyndham-automation\screenshots\VerifyQuickLinksScenario_23 Jan 2018, 20.12.26.png"></a> 3.Click MyAccount</td>
																</tr>
																<tr>
																	<td class='status info' title='info' alt='info'><i class='mdi-action-info-outline'></i></td>
																	<td class='timestamp'>20:12:48</td>
																	<td class='step-details'>VerifyQuickLinksScenario_23 Jan 2018, 20.12.46<a href="C:\Automation_28_Dec\wyndham-automation\screenshots\VerifyQuickLinksScenario_23 Jan 2018, 20.12.46.png" data-featherlight="image"><img class="report-img" src="file:///C:\Automation_28_Dec\wyndham-automation\screenshots\VerifyQuickLinksScenario_23 Jan 2018, 20.12.46.png"></a> 4.VerifyQuick Links</td>
																</tr>
																<tr>
																	<td class='status pass' title='pass' alt='pass'><i class='mdi-action-check-circle'></i></td>
																	<td class='timestamp'>20:18:19</td>
																	<td class='step-details'>Test passed</td>
																</tr>
																<tr>
																	<td class='status info' title='info' alt='info'><i class='mdi-action-info-outline'></i></td>
																	<td class='timestamp'>20:18:21</td>
																	<td class='step-details'>VerifyQuickLinksScenario1516718899295<a href="C:\Automation_28_Dec\wyndham-automation\screenshots\VerifyQuickLinksScenario1516718899295.png" data-featherlight="image"><img class="report-img" src="file:///C:\Automation_28_Dec\wyndham-automation\screenshots\VerifyQuickLinksScenario1516718899295.png"></a></td>
																</tr>
														</tbody>
													</table>
													<ul class='collapsible node-list' data-collapsible='accordion'>
													</ul>
												</div>
											</div>
										</li>
										<li class='collection-item test displayed active fail ' extentid='47cd0199-974b-4366-895a-8f7a3698338f'>
											<div class='test-head'>
												<span class='test-name'>TC_01 </span>
												<span class='test-status label right outline capitalize fail'>fail</span>
												<span class='category-assigned hide '></span>
											</div>
											<div class='test-body'>
												<div class='test-info'>
													<span title='Test started time' alt='Test started time' class='test-started-time label green lighten-1 text-white'>2018-01-23 20:18:24</span>
													<span title='Test ended time' alt='Test ended time' class='test-ended-time label red lighten-1 text-white'>2018-01-23 20:19:53</span>
													<span title='Time taken to finish' alt='Time taken to finish' class='test-time-taken label blue-grey lighten-3 text-white'>0h 1m 29s+6ms</span>
												</div>
												<div class='test-desc'></div>
												<div class='test-attributes'>
												</div>
												<div class='test-steps'>
													<table class='bordered table-results'>
														<thead>
															<tr>
																<th>Status</th>
																<th>Timestamp</th>
																<th>Details</th>
															</tr>
														</thead>
														<tbody>
																<tr>
																	<td class='status info' title='info' alt='info'><i class='mdi-action-info-outline'></i></td>
																	<td class='timestamp'>20:18:40</td>
																	<td class='step-details'>WrHomePageBooking_23 Jan 2018, 20.18.38<a href='C:\Automation_28_Dec\wyndham-automation\screenshots\WrHomePageBooking_23 Jan 2018, 20.18.38.png' data-featherlight='image'><img class='report-img' src='file:///C:\Automation_28_Dec\wyndham-automation\screenshots\WrHomePageBooking_23 Jan 2018, 20.18.38.png' /></a> 1.Click search button in homepage</td>
																</tr>
																<tr>
																	<td class='status info' title='info' alt='info'><i class='mdi-action-info-outline'></i></td>
																	<td class='timestamp'>20:18:44</td>
																	<td class='step-details'>WrHomePageBooking_23 Jan 2018, 20.18.43<a href='C:\Automation_28_Dec\wyndham-automation\screenshots\WrHomePageBooking_23 Jan 2018, 20.18.43.png' data-featherlight='image'><img class='report-img' src='file:///C:\Automation_28_Dec\wyndham-automation\screenshots\WrHomePageBooking_23 Jan 2018, 20.18.43.png' /></a> 2. Click first Availabule property in SearchResults page</td>
																</tr>
																<tr>
																	<td class='status info' title='info' alt='info'><i class='mdi-action-info-outline'></i></td>
																	<td class='timestamp'>20:18:54</td>
																	<td class='step-details'>WrHomePageBooking_23 Jan 2018, 20.18.52<a href='C:\Automation_28_Dec\wyndham-automation\screenshots\WrHomePageBooking_23 Jan 2018, 20.18.52.png' data-featherlight='image'><img class='report-img' src='file:///C:\Automation_28_Dec\wyndham-automation\screenshots\WrHomePageBooking_23 Jan 2018, 20.18.52.png' /></a> 3.Click Bar+Bonus button in RnR Page</td>
																</tr>
																<tr>
																	<td class='status info' title='info' alt='info'><i class='mdi-action-info-outline'></i></td>
																	<td class='timestamp'>20:19:14</td>
																	<td class='step-details'>WrHomePageBooking_23 Jan 2018, 20.19.12<a href='C:\Automation_28_Dec\wyndham-automation\screenshots\WrHomePageBooking_23 Jan 2018, 20.19.12.png' data-featherlight='image'><img class='report-img' src='file:///C:\Automation_28_Dec\wyndham-automation\screenshots\WrHomePageBooking_23 Jan 2018, 20.19.12.png' /></a> 4.Enter the information in Reservation page</td>
																</tr>
																<tr>
																	<td class='status fail' title='fail' alt='fail'><i class='mdi-navigation-cancel'></i></td>
																	<td class='timestamp'>20:19:52</td>
																	<td class='step-details'><pre>org.openqa.selenium.ElementNotVisibleException: element not visible
  (Session info: chrome=63.0.3239.132)
  (Driver info: chromedriver=2.34.522940 (1a76f96f66e3ca7b8e57d503b4dd3bccfba87af1),platform=Windows NT 10.0.10586 x86_64) (WARNING: The server did not provide any stacktrace information)
Command duration or timeout: 0 milliseconds
Build info: version: '3.5.3', revision: 'a88d25fe6b', time: '2017-08-29T12:42:44.417Z'
System info: host: 'HDC3-D-426QWJF', ip: '10.249.42.29', os.name: 'Windows 10', os.arch: 'amd64', os.version: '10.0', java.version: '1.8.0_121'
Driver info: org.openqa.selenium.chrome.ChromeDriver
Capabilities [{mobileEmulationEnabled=false, hasTouchScreen=false, platform=XP, acceptSslCerts=true, webStorageEnabled=true, browserName=chrome, takesScreenshot=true, javascriptEnabled=true, platformName=XP, setWindowRect=true, unexpectedAlertBehaviour=, applicationCacheEnabled=false, rotatable=false, networkConnectionEnabled=false, chrome={chromedriverVersion=2.34.522940 (1a76f96f66e3ca7b8e57d503b4dd3bccfba87af1), userDataDir=C:\Users\DUGGI~2.SAN\AppData\Local\Temp\scoped_dir17764_17513}, takesHeapSnapshot=true, pageLoadStrategy=normal, unhandledPromptBehavior=, databaseEnabled=false, handlesAlerts=true, version=63.0.3239.132, browserConnectionEnabled=false, nativeEvents=true, locationContextEnabled=true, cssSelectorsEnabled=true}]
Session ID: 217b30a9e9cabc85786fa02f0e2355b2
	at sun.reflect.NativeConstructorAccessorImpl.newInstance0(Native Method)
	at sun.reflect.NativeConstructorAccessorImpl.newInstance(NativeConstructorAccessorImpl.java:62)
	at sun.reflect.DelegatingConstructorAccessorImpl.newInstance(DelegatingConstructorAccessorImpl.java:45)
	at java.lang.reflect.Constructor.newInstance(Constructor.java:423)
	at org.openqa.selenium.remote.ErrorHandler.createThrowable(ErrorHandler.java:215)
	at org.openqa.selenium.remote.ErrorHandler.throwIfResponseFailed(ErrorHandler.java:167)
	at org.openqa.selenium.remote.http.JsonHttpResponseCodec.reconstructValue(JsonHttpResponseCodec.java:40)
	at org.openqa.selenium.remote.http.AbstractHttpResponseCodec.decode(AbstractHttpResponseCodec.java:82)
	at org.openqa.selenium.remote.http.AbstractHttpResponseCodec.decode(AbstractHttpResponseCodec.java:45)
	at org.openqa.selenium.remote.HttpCommandExecutor.execute(HttpCommandExecutor.java:164)
	at org.openqa.selenium.remote.service.DriverCommandExecutor.execute(DriverCommandExecutor.java:82)
	at org.openqa.selenium.remote.RemoteWebDriver.execute(RemoteWebDriver.java:646)
	at org.openqa.selenium.remote.RemoteWebElement.execute(RemoteWebElement.java:275)
	at org.openqa.selenium.remote.RemoteWebElement.sendKeys(RemoteWebElement.java:99)
	at sun.reflect.GeneratedMethodAccessor10.invoke(Unknown Source)
	at sun.reflect.DelegatingMethodAccessorImpl.invoke(DelegatingMethodAccessorImpl.java:43)
	at java.lang.reflect.Method.invoke(Method.java:498)
	at org.openqa.selenium.support.pagefactory.internal.LocatingElementHandler.invoke(LocatingElementHandler.java:41)
	at com.sun.proxy.$Proxy10.sendKeys(Unknown Source)
	at com.wr.automation.rewards.pages.WrReservationPage.populatedata2(WrReservationPage.java:249)
	at com.wr.automation.rewards.pages.WrReservationPage.completeReservation(WrReservationPage.java:107)
	at com.wr.automation.rewards.WrHomePageBooking.homePageBooking(WrHomePageBooking.java:33)
	at sun.reflect.NativeMethodAccessorImpl.invoke0(Native Method)
	at sun.reflect.NativeMethodAccessorImpl.invoke(NativeMethodAccessorImpl.java:62)
	at sun.reflect.DelegatingMethodAccessorImpl.invoke(DelegatingMethodAccessorImpl.java:43)
	at java.lang.reflect.Method.invoke(Method.java:498)
	at org.testng.internal.MethodInvocationHelper.invokeMethod(MethodInvocationHelper.java:80)
	at org.testng.internal.Invoker.invokeMethod(Invoker.java:714)
	at org.testng.internal.Invoker.invokeTestMethod(Invoker.java:901)
	at org.testng.internal.Invoker.invokeTestMethods(Invoker.java:1231)
	at org.testng.internal.TestMethodWorker.invokeTestMethods(TestMethodWorker.java:127)
	at org.testng.internal.TestMethodWorker.run(TestMethodWorker.java:111)
	at org.testng.TestRunner.privateRun(TestRunner.java:767)
	at org.testng.TestRunner.run(TestRunner.java:617)
	at org.testng.SuiteRunner.runTest(SuiteRunner.java:334)
	at org.testng.SuiteRunner.runSequentially(SuiteRunner.java:329)
	at org.testng.SuiteRunner.privateRun(SuiteRunner.java:291)
	at org.testng.SuiteRunner.run(SuiteRunner.java:240)
	at org.testng.SuiteRunnerWorker.runSuite(SuiteRunnerWorker.java:52)
	at org.testng.SuiteRunnerWorker.run(SuiteRunnerWorker.java:86)
	at org.testng.TestNG.runSuitesSequentially(TestNG.java:1198)
	at org.testng.TestNG.runSuitesLocally(TestNG.java:1123)
	at org.testng.TestNG.run(TestNG.java:1031)
	at org.testng.remote.AbstractRemoteTestNG.run(AbstractRemoteTestNG.java:132)
	at org.testng.remote.RemoteTestNG.initAndRun(RemoteTestNG.java:230)
	at org.testng.remote.RemoteTestNG.main(RemoteTestNG.java:76)
</pre></td>
																</tr>
																<tr>
																	<td class='status info' title='info' alt='info'><i class='mdi-action-info-outline'></i></td>
																	<td class='timestamp'>20:19:53</td>
																	<td class='step-details'>WrHomePageBooking1516718992248<a href='C:\Automation_28_Dec\wyndham-automation\screenshots\WrHomePageBooking1516718992248.png' data-featherlight='image'><img class='report-img' src='file:///C:\Automation_28_Dec\wyndham-automation\screenshots\WrHomePageBooking1516718992248.png' /></a></td>
																</tr>
														</tbody>
													</table>
													<ul class='collapsible node-list' data-collapsible='accordion'>
													</ul>
												</div>
											</div>
										</li>
								</ul>
							</div>
						</div>
					</div>
				</div>
				<div id='test-details-wrapper' class='col _addedCell2'>
					<div class='contents'>
						<div class='card-panel details-view'>
							<h5 class='details-name'></h5>
							<div class='step-filters right'>
								<span class='btn-floating btn-small waves-effect waves-light blue' status='info' alt='info' title='info'><i class='mdi-action-info-outline'></i></span>
								<span class='btn-floating btn-small waves-effect waves-light green' status='pass' alt='pass' title='pass'><i class='mdi-action-check-circle'></i></span>
								<span class='btn-floating btn-small waves-effect waves-light red' status='fail' alt='fail' title='fail'><i class='mdi-navigation-cancel'></i></span>
								<span class='btn-floating btn-small waves-effect waves-light red darken-4' status='fatal' alt='fatal' title='fatal'><i class='mdi-navigation-cancel'></i></span>
								<span class='btn-floating btn-small waves-effect waves-light red lighten-2' status='error' alt='error' title='error'><i class='mdi-alert-error'></i></span>
								<span class='btn-floating btn-small waves-effect waves-light orange' alt='warning' status='warning' title='warning'><i class='mdi-alert-warning'></i></span>
								<span class='btn-floating btn-small waves-effect waves-light cyan' status='skip' alt='skip' title='skip'><i class='mdi-content-redo'></i></span>
								<span class='btn-floating btn-small waves-effect waves-light grey darken-2' status='clear-step-filter' alt='Clear filters' title='Clear filters'><i class='mdi-content-clear'></i></span>
							</div>
							<div class='details-container'>
							</div>
						</div>
					</div>
				</div>
			</div>
			<!-- /tests -->
			
			<!-- categories -->
			<!-- /categories -->
			
			<!-- exceptions -->
				<div id='exceptions-view' class='row _addedTable hide'>
					<div class='col _addedCell1'>
						<div class='contents'>
							<div class='card-panel heading'>
								<h5>Defects</h5>
							</div>
							<div class='card-panel filters'>
								<div class='search' alt='Search tests' title='Search tests'>
									<div class='input-field left'>
										<input id='searchTests' type='text' class='validate' placeholder='Search tests...'>
									</div>
									<a href="#" class='btn-floating btn-small waves-effect waves-light blue lighten-1'>
										<i class='mdi-action-search'></i>
									</a>
								</div>
							</div>
							<div class='card-panel no-padding-h no-padding-v'>
								<div class='wrapper'>
									<ul id='exception-collection' class='exception-collection'>
											<li class='exception-item displayed'>
												<div class='exception-head'>
													<span class='exception-name'>java.lang.AssertionError</span>
												</div>
												<div class='exception-test-count'>
													<span class='fail label'>1</span>
												</div>
												<div class='exception-body'>
													<div class='exception-tests'>
														<table class='bordered'>
															<thead>
																<tr>
																	<th>RunDate</th>
																	<th>Test Name</th>
																	<th>Exception</th>
																</tr>
															</thead>
															<tbody>
                                                                   <tr class='fail'>
                                                                       <td>2018-01-23 20:09:49</td>
                                                                       <td><span class='exception-link linked' extentid='ebff5a70-5c8d-471b-a5c6-0fef15034993'>verifyMyReservation</span></td>
                                                                       <td><pre class='exception-message'>java.lang.AssertionError: expected [true] but found [false]
	at org.testng.Assert.fail(Assert.java:94)
	at org.testng.Assert.failNotEquals(Assert.java:494)
	at org.testng.Assert.assertTrue(Assert.java:42)
	at org.testng.Assert.assertTrue(Assert.java:52)
	at com.wr.automation.rewards.pages.MyReservation.checkCinfirmationNumber(MyReservation.java:82)
	at com.wr.automation.rewards.VerifyMyReservation.verifyMyReservation(VerifyMyReservation.java:56)
	at sun.reflect.NativeMethodAccessorImpl.invoke0(Native Method)
	at sun.reflect.NativeMethodAccessorImpl.invoke(NativeMethodAccessorImpl.java:62)
	at sun.reflect.DelegatingMethodAccessorImpl.invoke(DelegatingMethodAccessorImpl.java:43)
	at java.lang.reflect.Method.invoke(Method.java:498)
	at org.testng.internal.MethodInvocationHelper.invokeMethod(MethodInvocationHelper.java:80)
	at org.testng.internal.Invoker.invokeMethod(Invoker.java:714)
	at org.testng.internal.Invoker.invokeTestMethod(Invoker.java:901)
	at org.testng.internal.Invoker.invokeTestMethods(Invoker.java:1231)
	at org.testng.internal.TestMethodWorker.invokeTestMethods(TestMethodWorker.java:127)
	at org.testng.internal.TestMethodWorker.run(TestMethodWorker.java:111)
	at org.testng.TestRunner.privateRun(TestRunner.java:767)
	at org.testng.TestRunner.run(TestRunner.java:617)
	at org.testng.SuiteRunner.runTest(SuiteRunner.java:334)
	at org.testng.SuiteRunner.runSequentially(SuiteRunner.java:329)
	at org.testng.SuiteRunner.privateRun(SuiteRunner.java:291)
	at org.testng.SuiteRunner.run(SuiteRunner.java:240)
	at org.testng.SuiteRunnerWorker.runSuite(SuiteRunnerWorker.java:52)
	at org.testng.SuiteRunnerWorker.run(SuiteRunnerWorker.java:86)
	at org.testng.TestNG.runSuitesSequentially(TestNG.java:1198)
	at org.testng.TestNG.runSuitesLocally(TestNG.java:1123)
	at org.testng.TestNG.run(TestNG.java:1031)
	at org.testng.remote.AbstractRemoteTestNG.run(AbstractRemoteTestNG.java:132)
	at org.testng.remote.RemoteTestNG.initAndRun(RemoteTestNG.java:230)
	at org.testng.remote.RemoteTestNG.main(RemoteTestNG.java:76)</pre></td>
                                                                   </tr>
                                                            </tbody>
														</table>
													</div>
												</div> 
											</li>
											<li class='exception-item displayed'>
												<div class='exception-head'>
													<span class='exception-name'>org.openqa.selenium.ElementNotVisibleException</span>
												</div>
												<div class='exception-test-count'>
													<span class='fail label'>1</span>
												</div>
												<div class='exception-body'>
													<div class='exception-tests'>
														<table class='bordered'>
															<thead>
																<tr>
																	<th>RunDate</th>
																	<th>Test Name</th>
																	<th>Exception</th>
																</tr>
															</thead>
															<tbody>
                                                                   <tr class='fail'>
                                                                       <td>2018-01-23 20:18:24</td>
                                                                       <td><span class='exception-link linked' extentid='47cd0199-974b-4366-895a-8f7a3698338f'>TC_01</span></td>
                                                                       <td><pre class='exception-message'>org.openqa.selenium.ElementNotVisibleException: element not visible
  (Session info: chrome=63.0.3239.132)
  (Driver info: chromedriver=2.34.522940 (1a76f96f66e3ca7b8e57d503b4dd3bccfba87af1),platform=Windows NT 10.0.10586 x86_64) (WARNING: The server did not provide any stacktrace information)
Command duration or timeout: 0 milliseconds
Build info: version: '3.5.3', revision: 'a88d25fe6b', time: '2017-08-29T12:42:44.417Z'
System info: host: 'HDC3-D-426QWJF', ip: '10.249.42.29', os.name: 'Windows 10', os.arch: 'amd64', os.version: '10.0', java.version: '1.8.0_121'
Driver info: org.openqa.selenium.chrome.ChromeDriver
Capabilities [{mobileEmulationEnabled=false, hasTouchScreen=false, platform=XP, acceptSslCerts=true, webStorageEnabled=true, browserName=chrome, takesScreenshot=true, javascriptEnabled=true, platformName=XP, setWindowRect=true, unexpectedAlertBehaviour=, applicationCacheEnabled=false, rotatable=false, networkConnectionEnabled=false, chrome={chromedriverVersion=2.34.522940 (1a76f96f66e3ca7b8e57d503b4dd3bccfba87af1), userDataDir=C:\Users\DUGGI~2.SAN\AppData\Local\Temp\scoped_dir17764_17513}, takesHeapSnapshot=true, pageLoadStrategy=normal, unhandledPromptBehavior=, databaseEnabled=false, handlesAlerts=true, version=63.0.3239.132, browserConnectionEnabled=false, nativeEvents=true, locationContextEnabled=true, cssSelectorsEnabled=true}]
Session ID: 217b30a9e9cabc85786fa02f0e2355b2
	at sun.reflect.NativeConstructorAccessorImpl.newInstance0(Native Method)
	at sun.reflect.NativeConstructorAccessorImpl.newInstance(NativeConstructorAccessorImpl.java:62)
	at sun.reflect.DelegatingConstructorAccessorImpl.newInstance(DelegatingConstructorAccessorImpl.java:45)
	at java.lang.reflect.Constructor.newInstance(Constructor.java:423)
	at org.openqa.selenium.remote.ErrorHandler.createThrowable(ErrorHandler.java:215)
	at org.openqa.selenium.remote.ErrorHandler.throwIfResponseFailed(ErrorHandler.java:167)
	at org.openqa.selenium.remote.http.JsonHttpResponseCodec.reconstructValue(JsonHttpResponseCodec.java:40)
	at org.openqa.selenium.remote.http.AbstractHttpResponseCodec.decode(AbstractHttpResponseCodec.java:82)
	at org.openqa.selenium.remote.http.AbstractHttpResponseCodec.decode(AbstractHttpResponseCodec.java:45)
	at org.openqa.selenium.remote.HttpCommandExecutor.execute(HttpCommandExecutor.java:164)
	at org.openqa.selenium.remote.service.DriverCommandExecutor.execute(DriverCommandExecutor.java:82)
	at org.openqa.selenium.remote.RemoteWebDriver.execute(RemoteWebDriver.java:646)
	at org.openqa.selenium.remote.RemoteWebElement.execute(RemoteWebElement.java:275)
	at org.openqa.selenium.remote.RemoteWebElement.sendKeys(RemoteWebElement.java:99)
	at sun.reflect.GeneratedMethodAccessor10.invoke(Unknown Source)
	at sun.reflect.DelegatingMethodAccessorImpl.invoke(DelegatingMethodAccessorImpl.java:43)
	at java.lang.reflect.Method.invoke(Method.java:498)
	at org.openqa.selenium.support.pagefactory.internal.LocatingElementHandler.invoke(LocatingElementHandler.java:41)
	at com.sun.proxy.$Proxy10.sendKeys(Unknown Source)
	at com.wr.automation.rewards.pages.WrReservationPage.populatedata2(WrReservationPage.java:249)
	at com.wr.automation.rewards.pages.WrReservationPage.completeReservation(WrReservationPage.java:107)
	at com.wr.automation.rewards.WrHomePageBooking.homePageBooking(WrHomePageBooking.java:33)
	at sun.reflect.NativeMethodAccessorImpl.invoke0(Native Method)
	at sun.reflect.NativeMethodAccessorImpl.invoke(NativeMethodAccessorImpl.java:62)
	at sun.reflect.DelegatingMethodAccessorImpl.invoke(DelegatingMethodAccessorImpl.java:43)
	at java.lang.reflect.Method.invoke(Method.java:498)
	at org.testng.internal.MethodInvocationHelper.invokeMethod(MethodInvocationHelper.java:80)
	at org.testng.internal.Invoker.invokeMethod(Invoker.java:714)
	at org.testng.internal.Invoker.invokeTestMethod(Invoker.java:901)
	at org.testng.internal.Invoker.invokeTestMethods(Invoker.java:1231)
	at org.testng.internal.TestMethodWorker.invokeTestMethods(TestMethodWorker.java:127)
	at org.testng.internal.TestMethodWorker.run(TestMethodWorker.java:111)
	at org.testng.TestRunner.privateRun(TestRunner.java:767)
	at org.testng.TestRunner.run(TestRunner.java:617)
	at org.testng.SuiteRunner.runTest(SuiteRunner.java:334)
	at org.testng.SuiteRunner.runSequentially(SuiteRunner.java:329)
	at org.testng.SuiteRunner.privateRun(SuiteRunner.java:291)
	at org.testng.SuiteRunner.run(SuiteRunner.java:240)
	at org.testng.SuiteRunnerWorker.runSuite(SuiteRunnerWorker.java:52)
	at org.testng.SuiteRunnerWorker.run(SuiteRunnerWorker.java:86)
	at org.testng.TestNG.runSuitesSequentially(TestNG.java:1198)
	at org.testng.TestNG.runSuitesLocally(TestNG.java:1123)
	at org.testng.TestNG.run(TestNG.java:1031)
	at org.testng.remote.AbstractRemoteTestNG.run(AbstractRemoteTestNG.java:132)
	at org.testng.remote.RemoteTestNG.initAndRun(RemoteTestNG.java:230)
	at org.testng.remote.RemoteTestNG.main(RemoteTestNG.java:76)
</pre></td>
                                                                   </tr>
                                                            </tbody>
														</table>
													</div>
												</div> 
											</li>
											<li class='exception-item displayed'>
												<div class='exception-head'>
													<span class='exception-name'>org.openqa.selenium.NoSuchElementException</span>
												</div>
												<div class='exception-test-count'>
													<span class='fail label'>2</span>
												</div>
												<div class='exception-body'>
													<div class='exception-tests'>
														<table class='bordered'>
															<thead>
																<tr>
																	<th>RunDate</th>
																	<th>Test Name</th>
																	<th>Exception</th>
																</tr>
															</thead>
															<tbody>
                                                                   <tr class='fail'>
                                                                       <td>2018-01-23 20:01:10</td>
                                                                       <td><span class='exception-link linked' extentid='064b49e8-a897-46fa-a6ef-74e64d80fe11'>firstTimeSignIn</span></td>
                                                                       <td><pre class='exception-message'>org.openqa.selenium.NoSuchElementException: no such element: Unable to locate element: {"method":"id","selector":"firstName"}
  (Session info: chrome=63.0.3239.132)
  (Driver info: chromedriver=2.34.522940 (1a76f96f66e3ca7b8e57d503b4dd3bccfba87af1),platform=Windows NT 10.0.10586 x86_64) (WARNING: The server did not provide any stacktrace information)
Command duration or timeout: 0 milliseconds
For documentation on this error, please visit: http://seleniumhq.org/exceptions/no_such_element.html
Build info: version: '3.5.3', revision: 'a88d25fe6b', time: '2017-08-29T12:42:44.417Z'
System info: host: 'HDC3-D-426QWJF', ip: '10.249.42.29', os.name: 'Windows 10', os.arch: 'amd64', os.version: '10.0', java.version: '1.8.0_121'
Driver info: org.openqa.selenium.chrome.ChromeDriver
Capabilities [{mobileEmulationEnabled=false, hasTouchScreen=false, platform=XP, acceptSslCerts=true, webStorageEnabled=true, browserName=chrome, takesScreenshot=true, javascriptEnabled=true, platformName=XP, setWindowRect=true, unexpectedAlertBehaviour=, applicationCacheEnabled=false, rotatable=false, networkConnectionEnabled=false, chrome={chromedriverVersion=2.34.522940 (1a76f96f66e3ca7b8e57d503b4dd3bccfba87af1), userDataDir=C:\Users\DUGGI~2.SAN\AppData\Local\Temp\scoped_dir17764_17513}, takesHeapSnapshot=true, pageLoadStrategy=normal, unhandledPromptBehavior=, databaseEnabled=false, handlesAlerts=true, version=63.0.3239.132, browserConnectionEnabled=false, nativeEvents=true, locationContextEnabled=true, cssSelectorsEnabled=true}]
Session ID: 217b30a9e9cabc85786fa02f0e2355b2
*** Element info: {Using=id, value=firstName}
	at sun.reflect.NativeConstructorAccessorImpl.newInstance0(Native Method)
	at sun.reflect.NativeConstructorAccessorImpl.newInstance(NativeConstructorAccessorImpl.java:62)
	at sun.reflect.DelegatingConstructorAccessorImpl.newInstance(DelegatingConstructorAccessorImpl.java:45)
	at java.lang.reflect.Constructor.newInstance(Constructor.java:423)
	at org.openqa.selenium.remote.ErrorHandler.createThrowable(ErrorHandler.java:215)
	at org.openqa.selenium.remote.ErrorHandler.throwIfResponseFailed(ErrorHandler.java:167)
	at org.openqa.selenium.remote.http.JsonHttpResponseCodec.reconstructValue(JsonHttpResponseCodec.java:40)
	at org.openqa.selenium.remote.http.AbstractHttpResponseCodec.decode(AbstractHttpResponseCodec.java:82)
	at org.openqa.selenium.remote.http.AbstractHttpResponseCodec.decode(AbstractHttpResponseCodec.java:45)
	at org.openqa.selenium.remote.HttpCommandExecutor.execute(HttpCommandExecutor.java:164)
	at org.openqa.selenium.remote.service.DriverCommandExecutor.execute(DriverCommandExecutor.java:82)
	at org.openqa.selenium.remote.RemoteWebDriver.execute(RemoteWebDriver.java:646)
	at org.openqa.selenium.remote.RemoteWebDriver.findElement(RemoteWebDriver.java:416)
	at org.openqa.selenium.remote.RemoteWebDriver.findElementById(RemoteWebDriver.java:462)
	at org.openqa.selenium.By$ById.findElement(By.java:218)
	at org.openqa.selenium.remote.RemoteWebDriver.findElement(RemoteWebDriver.java:408)
	at org.openqa.selenium.support.pagefactory.DefaultElementLocator.findElement(DefaultElementLocator.java:59)
	at org.openqa.selenium.support.pagefactory.internal.LocatingElementHandler.invoke(LocatingElementHandler.java:34)
	at com.sun.proxy.$Proxy10.getTagName(Unknown Source)
	at com.wyn.automation.base.BasePage.sendKeys(BasePage.java:63)
	at com.wr.automation.rewards.pages.EnrollPage.popuateData(EnrollPage.java:148)
	at com.wr.automation.rewards.pages.EnrollPage.submitRecord(EnrollPage.java:141)
	at com.wr.automation.rewards.FirstTimeSignInScenario.firstTimeSignIn(FirstTimeSignInScenario.java:20)
	at sun.reflect.NativeMethodAccessorImpl.invoke0(Native Method)
	at sun.reflect.NativeMethodAccessorImpl.invoke(NativeMethodAccessorImpl.java:62)
	at sun.reflect.DelegatingMethodAccessorImpl.invoke(DelegatingMethodAccessorImpl.java:43)
	at java.lang.reflect.Method.invoke(Method.java:498)
	at org.testng.internal.MethodInvocationHelper.invokeMethod(MethodInvocationHelper.java:80)
	at org.testng.internal.Invoker.invokeMethod(Invoker.java:714)
	at org.testng.internal.Invoker.invokeTestMethod(Invoker.java:901)
	at org.testng.internal.Invoker.invokeTestMethods(Invoker.java:1231)
	at org.testng.internal.TestMethodWorker.invokeTestMethods(TestMethodWorker.java:127)
	at org.testng.internal.TestMethodWorker.run(TestMethodWorker.java:111)
	at org.testng.TestRunner.privateRun(TestRunner.java:767)
	at org.testng.TestRunner.run(TestRunner.java:617)
	at org.testng.SuiteRunner.runTest(SuiteRunner.java:334)
	at org.testng.SuiteRunner.runSequentially(SuiteRunner.java:329)
	at org.testng.SuiteRunner.privateRun(SuiteRunner.java:291)
	at org.testng.SuiteRunner.run(SuiteRunner.java:240)
	at org.testng.SuiteRunnerWorker.runSuite(SuiteRunnerWorker.java:52)
	at org.testng.SuiteRunnerWorker.run(SuiteRunnerWorker.java:86)
	at org.testng.TestNG.runSuitesSequentially(TestNG.java:1198)
	at org.testng.TestNG.runSuitesLocally(TestNG.java:1123)
	at org.testng.TestNG.run(TestNG.java:1031)
	at org.testng.remote.AbstractRemoteTestNG.run(AbstractRemoteTestNG.java:132)
	at org.testng.remote.RemoteTestNG.initAndRun(RemoteTestNG.java:230)
	at org.testng.remote.RemoteTestNG.main(RemoteTestNG.java:76)</pre></td>
                                                                   </tr>
                                                                   <tr class='fail'>
                                                                       <td>2018-01-23 20:03:28</td>
                                                                       <td><span class='exception-link linked' extentid='1f63ea26-db44-4169-97d9-59317e326512'>myProfile</span></td>
                                                                       <td><pre class='exception-message'>org.openqa.selenium.NoSuchElementException: no such element: Unable to locate element: {"method":"class name","selector":"question"}
  (Session info: chrome=63.0.3239.132)
  (Driver info: chromedriver=2.34.522940 (1a76f96f66e3ca7b8e57d503b4dd3bccfba87af1),platform=Windows NT 10.0.10586 x86_64) (WARNING: The server did not provide any stacktrace information)
Command duration or timeout: 0 milliseconds
For documentation on this error, please visit: http://seleniumhq.org/exceptions/no_such_element.html
Build info: version: '3.5.3', revision: 'a88d25fe6b', time: '2017-08-29T12:42:44.417Z'
System info: host: 'HDC3-D-426QWJF', ip: '10.249.42.29', os.name: 'Windows 10', os.arch: 'amd64', os.version: '10.0', java.version: '1.8.0_121'
Driver info: org.openqa.selenium.chrome.ChromeDriver
Capabilities [{mobileEmulationEnabled=false, hasTouchScreen=false, platform=XP, acceptSslCerts=true, webStorageEnabled=true, browserName=chrome, takesScreenshot=true, javascriptEnabled=true, platformName=XP, setWindowRect=true, unexpectedAlertBehaviour=, applicationCacheEnabled=false, rotatable=false, networkConnectionEnabled=false, chrome={chromedriverVersion=2.34.522940 (1a76f96f66e3ca7b8e57d503b4dd3bccfba87af1), userDataDir=C:\Users\DUGGI~2.SAN\AppData\Local\Temp\scoped_dir17764_17513}, takesHeapSnapshot=true, pageLoadStrategy=normal, unhandledPromptBehavior=, databaseEnabled=false, handlesAlerts=true, version=63.0.3239.132, browserConnectionEnabled=false, nativeEvents=true, locationContextEnabled=true, cssSelectorsEnabled=true}]
Session ID: 217b30a9e9cabc85786fa02f0e2355b2
*** Element info: {Using=class name, value=question}
	at sun.reflect.NativeConstructorAccessorImpl.newInstance0(Native Method)
	at sun.reflect.NativeConstructorAccessorImpl.newInstance(NativeConstructorAccessorImpl.java:62)
	at sun.reflect.DelegatingConstructorAccessorImpl.newInstance(DelegatingConstructorAccessorImpl.java:45)
	at java.lang.reflect.Constructor.newInstance(Constructor.java:423)
	at org.openqa.selenium.remote.ErrorHandler.createThrowable(ErrorHandler.java:215)
	at org.openqa.selenium.remote.ErrorHandler.throwIfResponseFailed(ErrorHandler.java:167)
	at org.openqa.selenium.remote.http.JsonHttpResponseCodec.reconstructValue(JsonHttpResponseCodec.java:40)
	at org.openqa.selenium.remote.http.AbstractHttpResponseCodec.decode(AbstractHttpResponseCodec.java:82)
	at org.openqa.selenium.remote.http.AbstractHttpResponseCodec.decode(AbstractHttpResponseCodec.java:45)
	at org.openqa.selenium.remote.HttpCommandExecutor.execute(HttpCommandExecutor.java:164)
	at org.openqa.selenium.remote.service.DriverCommandExecutor.execute(DriverCommandExecutor.java:82)
	at org.openqa.selenium.remote.RemoteWebDriver.execute(RemoteWebDriver.java:646)
	at org.openqa.selenium.remote.RemoteWebDriver.findElement(RemoteWebDriver.java:416)
	at org.openqa.selenium.remote.RemoteWebDriver.findElementByClassName(RemoteWebDriver.java:502)
	at org.openqa.selenium.By$ByClassName.findElement(By.java:391)
	at org.openqa.selenium.remote.RemoteWebDriver.findElement(RemoteWebDriver.java:408)
	at org.openqa.selenium.support.pagefactory.DefaultElementLocator.findElement(DefaultElementLocator.java:59)
	at org.openqa.selenium.support.pagefactory.internal.LocatingElementHandler.invoke(LocatingElementHandler.java:34)
	at com.sun.proxy.$Proxy10.toString(Unknown Source)
	at java.lang.String.valueOf(String.java:2994)
	at java.lang.StringBuilder.append(StringBuilder.java:131)
	at org.openqa.selenium.support.ui.ExpectedConditions$7.toString(ExpectedConditions.java:218)
	at org.openqa.selenium.support.ui.FluentWait.until(FluentWait.java:223)
	at com.wyn.automation.utils.AutomationUtils.waitVisibilityOf(AutomationUtils.java:113)
	at com.wr.automation.rewards.pages.LoginPage.validateSecurityQuestion(LoginPage.java:85)
	at com.wr.automation.rewards.MyProfileScenario.myProfile(MyProfileScenario.java:18)
	at sun.reflect.NativeMethodAccessorImpl.invoke0(Native Method)
	at sun.reflect.NativeMethodAccessorImpl.invoke(NativeMethodAccessorImpl.java:62)
	at sun.reflect.DelegatingMethodAccessorImpl.invoke(DelegatingMethodAccessorImpl.java:43)
	at java.lang.reflect.Method.invoke(Method.java:498)
	at org.testng.internal.MethodInvocationHelper.invokeMethod(MethodInvocationHelper.java:80)
	at org.testng.internal.Invoker.invokeMethod(Invoker.java:714)
	at org.testng.internal.Invoker.invokeTestMethod(Invoker.java:901)
	at org.testng.internal.Invoker.invokeTestMethods(Invoker.java:1231)
	at org.testng.internal.TestMethodWorker.invokeTestMethods(TestMethodWorker.java:127)
	at org.testng.internal.TestMethodWorker.run(TestMethodWorker.java:111)
	at org.testng.TestRunner.privateRun(TestRunner.java:767)
	at org.testng.TestRunner.run(TestRunner.java:617)
	at org.testng.SuiteRunner.runTest(SuiteRunner.java:334)
	at org.testng.SuiteRunner.runSequentially(SuiteRunner.java:329)
	at org.testng.SuiteRunner.privateRun(SuiteRunner.java:291)
	at org.testng.SuiteRunner.run(SuiteRunner.java:240)
	at org.testng.SuiteRunnerWorker.runSuite(SuiteRunnerWorker.java:52)
	at org.testng.SuiteRunnerWorker.run(SuiteRunnerWorker.java:86)
	at org.testng.TestNG.runSuitesSequentially(TestNG.java:1198)
	at org.testng.TestNG.runSuitesLocally(TestNG.java:1123)
	at org.testng.TestNG.run(TestNG.java:1031)
	at org.testng.remote.AbstractRemoteTestNG.run(AbstractRemoteTestNG.java:132)
	at org.testng.remote.RemoteTestNG.initAndRun(RemoteTestNG.java:230)
	at org.testng.remote.RemoteTestNG.main(RemoteTestNG.java:76)</pre></td>
                                                                   </tr>
                                                            </tbody>
														</table>
													</div>
												</div> 
											</li>
									</ul>
								</div>
							</div>
						</div>
					</div>
					<div id='exception-details-wrapper' class='col _addedCell2'>
						<div class='contents'>
							<div class='card-panel details-view'>
								<h5 class='exception-name'></h5>
								<div class='exception-container'>
								</div>
							</div>
						</div>
					</div>
				</div>
			<!-- /exceptions -->
			
			<!-- testrunner logs -->
			<!-- /testrunner logs -->
			
		</div>
		<!-- /container -->
		
		<!-- test dashboard counts setting -->
		<div id='test-count-setting' class='modal bottom-sheet'> 
			<div class='modal-content'> 
				<h5>Configure Tests Count Setting</h5> 
				<input name='test-count-setting' type='radio' id='parentWithoutNodes' class='with-gap'> 
				<label for='parentWithoutNodes'>Parent Tests Only (Does not include child nodes in counts)</label> 
				<br> 
				<input name='test-count-setting' type='radio' id='parentWithoutNodesAndNodes' class='with-gap'> 
				<label for='parentWithoutNodesAndNodes'>Parent Tests Without Child Tests + Child Tests</label> 
				<br> 
				<input name='test-count-setting' type='radio' id='childNodes' class='with-gap'> 
				<label for='childNodes'>Child Tests Only</label> 
			</div> 
			<div class='modal-footer'> 
				<a href='#!' class='modal-action modal-close waves-effect waves-green btn'>Save</a> 
			</div> 
		</div>
		<!-- /test dashboard counts setting -->
		
		<!-- filter for step status -->
		<div id='step-status-filter' class='modal bottom-sheet'> 
			<div class='modal-content'> 
				<h5>Select status</h5> 
				<input checked class='filled-in' type='checkbox' id='step-dashboard-filter-pass'> 
				<label for='step-dashboard-filter-pass'>Pass</label> 
				<br> 
				<input checked class='filled-in' type='checkbox' id='step-dashboard-filter-fail'> 
				<label for='step-dashboard-filter-fail'>Fail</label> 
				<br> 
				<input checked class='filled-in' type='checkbox' id='step-dashboard-filter-fatal'> 
				<label for='step-dashboard-filter-fatal'>Fatal</label> 
				<br> 
				<input checked class='filled-in' type='checkbox' id='step-dashboard-filter-error'> 
				<label for='step-dashboard-filter-error'>Error</label> 
				<br> 
				<input checked class='filled-in' type='checkbox' id='step-dashboard-filter-warning'> 
				<label for='step-dashboard-filter-warning'>Warning</label> 
				<br> 
				<input checked class='filled-in' type='checkbox' id='step-dashboard-filter-skip'> 
				<label for='step-dashboard-filter-skip'>Skipped</label> 
				<br> 
				<input checked class='filled-in' type='checkbox' id='step-dashboard-filter-info'> 
				<label for='step-dashboard-filter-info'>Info</label> 
				<br> 
				<input checked class='filled-in' type='checkbox' id='step-dashboard-filter-unknown'> 
				<label for='step-dashboard-filter-unknown'>Unknown</label> 
			</div>
			<div class='modal-footer'> 
				<a href='#!' class='modal-action modal-close waves-effect waves-green btn'>Save</a> 
			</div> 
		</div>
		<!-- /filter for step status -->
		
		<script src='https://cdn.rawgit.com/anshooarora/extentreports/6032d73243ba4fe4fb8769eb9c315d4fdf16fe68/cdn/extent.js' type='text/javascript'></script>

		<script>$(document).ready(function() { $('.logo span').html('ExtentReports'); });</script>
		<script>
				
            
                $(document).ready(function() {
                    
                });
            
        
		</script>
	</body>
</html>
