<?xml version="1.0" encoding="UTF-8"?>
<!-- Generated by org.testng.reporters.JUnitXMLReporter -->
<testsuite hostname="HDC3-D-426QWJF" name="ContactusWithLogin" tests="1" failures="1" timestamp="31 Jan 2018 13:16:39 GMT" time="224.181" errors="0">
  <testcase name="contactUsFormWithLogin" time="217.411" classname="com.wr.automation.rewards.ContactusWithLogin">
    <failure type="org.openqa.selenium.NoSuchElementException" message="Cannot locate element with text: February
For documentation on this error, please visit: http://seleniumhq.org/exceptions/no_such_element.html
Build info: version: &amp;apos;3.5.3&amp;apos;, revision: &amp;apos;a88d25fe6b&amp;apos;, time: &amp;apos;2017-08-29T12:42:44.417Z&amp;apos;
System info: host: &amp;apos;HDC3-D-426QWJF&amp;apos;, ip: &amp;apos;10.249.42.29&amp;apos;, os.name: &amp;apos;Windows 10&amp;apos;, os.arch: &amp;apos;amd64&amp;apos;, os.version: &amp;apos;10.0&amp;apos;, java.version: &amp;apos;1.8.0_121&amp;apos;
Driver info: driver.version: unknown">
      <![CDATA[org.openqa.selenium.NoSuchElementException: Cannot locate element with text: February
For documentation on this error, please visit: http://seleniumhq.org/exceptions/no_such_element.html
Build info: version: '3.5.3', revision: 'a88d25fe6b', time: '2017-08-29T12:42:44.417Z'
System info: host: 'HDC3-D-426QWJF', ip: '10.249.42.29', os.name: 'Windows 10', os.arch: 'amd64', os.version: '10.0', java.version: '1.8.0_121'
Driver info: driver.version: unknown
	at org.openqa.selenium.support.ui.Select.selectByVisibleText(Select.java:147)
	at com.wyn.automation.base.BasePage.selectDropDownText(BasePage.java:70)
	at com.wr.automation.rewards.pages.ContactUsPage.enterDetails(ContactUsPage.java:94)
	at com.wr.automation.rewards.ContactusWithLogin.contactUsFormWithLogin(ContactusWithLogin.java:24)
... Removed 24 stack frames]]>
    </failure>
  </testcase> <!-- contactUsFormWithLogin -->
</testsuite> <!-- ContactusWithLogin -->
