<?xml version="1.0" encoding="UTF-8"?>
<!-- Generated by org.testng.reporters.JUnitXMLReporter -->
<testsuite hostname="HDC3-D-426QWJF" name="GoFast" tests="1" failures="1" timestamp="4 Jan 2018 09:48:34 GMT" time="237.391" errors="0">
  <testcase name="@AfterTest endReport" time="0.0" classname="com.wyn.automaton.workflows.Gofastbooking">
    <failure type="org.openqa.selenium.NoSuchSessionException" message="Session ID is null. Using WebDriver after calling quit()?
Build info: version: &amp;apos;3.5.3&amp;apos;, revision: &amp;apos;a88d25fe6b&amp;apos;, time: &amp;apos;2017-08-29T12:42:44.417Z&amp;apos;
System info: host: &amp;apos;HDC3-D-426QWJF&amp;apos;, ip: &amp;apos;10.249.42.55&amp;apos;, os.name: &amp;apos;Windows 10&amp;apos;, os.arch: &amp;apos;amd64&amp;apos;, os.version: &amp;apos;10.0&amp;apos;, java.version: &amp;apos;1.8.0_121&amp;apos;
Driver info: driver.version: RemoteWebDriver">
      <![CDATA[org.openqa.selenium.NoSuchSessionException: Session ID is null. Using WebDriver after calling quit()?
Build info: version: '3.5.3', revision: 'a88d25fe6b', time: '2017-08-29T12:42:44.417Z'
System info: host: 'HDC3-D-426QWJF', ip: '10.249.42.55', os.name: 'Windows 10', os.arch: 'amd64', os.version: '10.0', java.version: '1.8.0_121'
Driver info: driver.version: RemoteWebDriver
	at org.openqa.selenium.remote.HttpCommandExecutor.execute(HttpCommandExecutor.java:131)
	at org.openqa.selenium.remote.service.DriverCommandExecutor.execute(DriverCommandExecutor.java:82)
	at org.openqa.selenium.remote.RemoteWebDriver.execute(RemoteWebDriver.java:646)
	at org.openqa.selenium.remote.RemoteWebDriver.get(RemoteWebDriver.java:370)
	at com.wyn.automation.base.BasePageTest.endReport(BasePageTest.java:77)
... Removed 22 stack frames]]>
    </failure>
  </testcase> <!-- @AfterTest endReport -->
  <testcase name="goFaskBookingFlow" time="221.778" classname="com.wyn.automaton.workflows.Gofastbooking">
    <failure type="java.lang.AssertionError" message="expected [true] but found [false]">
      <![CDATA[java.lang.AssertionError: expected [true] but found [false]
	at com.wyn.automation.pages.ReservationPage.SubmitgoFast(ReservationPage.java:179)
	at com.wyn.automaton.workflows.Gofastbooking.goFaskBookingFlow(Gofastbooking.java:36)
... Removed 28 stack frames]]>
    </failure>
  </testcase> <!-- goFaskBookingFlow -->
</testsuite> <!-- GoFast -->
